[*] Start mutation process:
   - targets: datasets.GPT_4.Chain_of_thought1.programs.program_096
   - tests: datasets.GPT_4.Chain_of_thought1.tests.test_096
[*] 12 tests passed:
   - datasets.GPT_4.Chain_of_thought1.tests.test_096 [0.00000 s]
[*] Start mutants generation and execution:
   - [#   1] AOR datasets.GPT_4.Chain_of_thought1.programs.program_096: [0.00000 s] killed by test_adjacent_std (datasets.GPT_4.Chain_of_thought1.tests.test_096.TestVersion)

Traceback (most recent call last):
  File "C:\Users\skaspers\OneDrive - Capgemini\Documents\Prompted Testsuite Analysis\.\datasets\GPT_4\Chain_of_thought1\tests\test_096.py", line 15, in test_adjacent_std
    def test_adjacent_std(self): self.assertEqual(count_occurance('stdstd'), 2)
  File "datasets.GPT_4.Chain_of_thought1.programs.program_096", line 4, in count_occurance
IndexError: string index out of range

   - [#   2] AOR datasets.GPT_4.Chain_of_thought1.programs.program_096: [0.00000 s] killed by test_adjacent_std (datasets.GPT_4.Chain_of_thought1.tests.test_096.TestVersion)

Traceback (most recent call last):
  File "C:\Users\skaspers\OneDrive - Capgemini\Documents\Prompted Testsuite Analysis\.\datasets\GPT_4\Chain_of_thought1\tests\test_096.py", line 15, in test_adjacent_std
    def test_adjacent_std(self): self.assertEqual(count_occurance('stdstd'), 2)
AssertionError: 0 != 2

   - [#   3] AOR datasets.GPT_4.Chain_of_thought1.programs.program_096: [0.00000 s] killed by test_adjacent_std (datasets.GPT_4.Chain_of_thought1.tests.test_096.TestVersion)

Traceback (most recent call last):
  File "C:\Users\skaspers\OneDrive - Capgemini\Documents\Prompted Testsuite Analysis\.\datasets\GPT_4\Chain_of_thought1\tests\test_096.py", line 15, in test_adjacent_std
    def test_adjacent_std(self): self.assertEqual(count_occurance('stdstd'), 2)
AssertionError: 0 != 2

   - [#   4] AOR datasets.GPT_4.Chain_of_thought1.programs.program_096: [0.00000 s] killed by test_adjacent_std (datasets.GPT_4.Chain_of_thought1.tests.test_096.TestVersion)

Traceback (most recent call last):
  File "C:\Users\skaspers\OneDrive - Capgemini\Documents\Prompted Testsuite Analysis\.\datasets\GPT_4\Chain_of_thought1\tests\test_096.py", line 15, in test_adjacent_std
    def test_adjacent_std(self): self.assertEqual(count_occurance('stdstd'), 2)
AssertionError: -2 != 2

   - [#   5] COI datasets.GPT_4.Chain_of_thought1.programs.program_096: [0.00000 s] killed by test_case_sensitivity (datasets.GPT_4.Chain_of_thought1.tests.test_096.TestVersion)

Traceback (most recent call last):
  File "C:\Users\skaspers\OneDrive - Capgemini\Documents\Prompted Testsuite Analysis\.\datasets\GPT_4\Chain_of_thought1\tests\test_096.py", line 21, in test_case_sensitivity
    def test_case_sensitivity(self): self.assertEqual(count_occurance('STD'), 0)
AssertionError: 1 != 0

   - [#   6] LCR datasets.GPT_4.Chain_of_thought1.programs.program_096: [0.00000 s] killed by test_no_occurrence (datasets.GPT_4.Chain_of_thought1.tests.test_096.TestVersion)

Traceback (most recent call last):
  File "C:\Users\skaspers\OneDrive - Capgemini\Documents\Prompted Testsuite Analysis\.\datasets\GPT_4\Chain_of_thought1\tests\test_096.py", line 13, in test_no_occurrence
    def test_no_occurrence(self): self.assertEqual(count_occurance('abcdefg'), 0)
AssertionError: 1 != 0

   - [#   7] ROR datasets.GPT_4.Chain_of_thought1.programs.program_096: [0.00000 s] killed by test_adjacent_std (datasets.GPT_4.Chain_of_thought1.tests.test_096.TestVersion)

Traceback (most recent call last):
  File "C:\Users\skaspers\OneDrive - Capgemini\Documents\Prompted Testsuite Analysis\.\datasets\GPT_4\Chain_of_thought1\tests\test_096.py", line 15, in test_adjacent_std
    def test_adjacent_std(self): self.assertEqual(count_occurance('stdstd'), 2)
AssertionError: 0 != 2

   - [#   8] ROR datasets.GPT_4.Chain_of_thought1.programs.program_096: [0.00000 s] killed by test_adjacent_std (datasets.GPT_4.Chain_of_thought1.tests.test_096.TestVersion)

Traceback (most recent call last):
  File "C:\Users\skaspers\OneDrive - Capgemini\Documents\Prompted Testsuite Analysis\.\datasets\GPT_4\Chain_of_thought1\tests\test_096.py", line 15, in test_adjacent_std
    def test_adjacent_std(self): self.assertEqual(count_occurance('stdstd'), 2)
AssertionError: 0 != 2

   - [#   9] ROR datasets.GPT_4.Chain_of_thought1.programs.program_096: [0.00000 s] killed by test_adjacent_std (datasets.GPT_4.Chain_of_thought1.tests.test_096.TestVersion)

Traceback (most recent call last):
  File "C:\Users\skaspers\OneDrive - Capgemini\Documents\Prompted Testsuite Analysis\.\datasets\GPT_4\Chain_of_thought1\tests\test_096.py", line 15, in test_adjacent_std
    def test_adjacent_std(self): self.assertEqual(count_occurance('stdstd'), 2)
AssertionError: 0 != 2

[*] Mutation score [0.07965 s]: 100.0%
   - all: 9
   - killed: 9 (100.0%)
   - survived: 0 (0.0%)
   - incompetent: 0 (0.0%)
   - timeout: 0 (0.0%)
HI SANDER, RUNNING MUTPY FROM: C:\Users\skaspers\OneDrive - Capgemini\Documents\Prompted Testsuite Analysis\.venv38\lib\site-packages\mutpy\commandline.py
