[*] Start mutation process:
   - targets: datasets.GPT_4.Chain_of_thought1.programs.program_030
   - tests: datasets.GPT_4.Chain_of_thought1.tests.test_030
[*] 9 tests passed:
   - datasets.GPT_4.Chain_of_thought1.tests.test_030 [0.00000 s]
[*] Start mutants generation and execution:
   - [#   1] AOR datasets.GPT_4.Chain_of_thought1.programs.program_030: [0.00000 s] killed by test_float_radius (datasets.GPT_4.Chain_of_thought1.tests.test_030.TestVersion)

Traceback (most recent call last):
  File "C:\Users\skaspers\OneDrive - Capgemini\Documents\Prompted Testsuite Analysis\.\datasets\GPT_4\Chain_of_thought1\tests\test_030.py", line 13, in test_float_radius
    def test_float_radius(self): self.assertAlmostEqual(volume_sphere(1.5), (4.0 / 3.0) * math.pi * (1.5 ** 3), places=6)
AssertionError: 10.602875205865551 != 14.137166941154067 within 6 places (3.534291735288516 difference)

   - [#   2] AOR datasets.GPT_4.Chain_of_thought1.programs.program_030: [0.00259 s] killed by test_float_radius (datasets.GPT_4.Chain_of_thought1.tests.test_030.TestVersion)

Traceback (most recent call last):
  File "C:\Users\skaspers\OneDrive - Capgemini\Documents\Prompted Testsuite Analysis\.\datasets\GPT_4\Chain_of_thought1\tests\test_030.py", line 13, in test_float_radius
    def test_float_radius(self): self.assertAlmostEqual(volume_sphere(1.5), (4.0 / 3.0) * math.pi * (1.5 ** 3), places=6)
AssertionError: 127.23450247038662 != 14.137166941154067 within 6 places (113.09733552923255 difference)

   - [#   3] AOR datasets.GPT_4.Chain_of_thought1.programs.program_030: [0.00000 s] killed by test_float_radius (datasets.GPT_4.Chain_of_thought1.tests.test_030.TestVersion)

Traceback (most recent call last):
  File "C:\Users\skaspers\OneDrive - Capgemini\Documents\Prompted Testsuite Analysis\.\datasets\GPT_4\Chain_of_thought1\tests\test_030.py", line 13, in test_float_radius
    def test_float_radius(self): self.assertAlmostEqual(volume_sphere(1.5), (4.0 / 3.0) * math.pi * (1.5 ** 3), places=6)
AssertionError: 1.4323944878270578 != 14.137166941154067 within 6 places (12.70477245332701 difference)

   - [#   4] AOR datasets.GPT_4.Chain_of_thought1.programs.program_030: [0.00000 s] killed by test_float_radius (datasets.GPT_4.Chain_of_thought1.tests.test_030.TestVersion)

Traceback (most recent call last):
  File "C:\Users\skaspers\OneDrive - Capgemini\Documents\Prompted Testsuite Analysis\.\datasets\GPT_4\Chain_of_thought1\tests\test_030.py", line 13, in test_float_radius
    def test_float_radius(self): self.assertAlmostEqual(volume_sphere(1.5), (4.0 / 3.0) * math.pi * (1.5 ** 3), places=6)
AssertionError: 0.0 != 14.137166941154067 within 6 places (14.137166941154067 difference)

   - [#   5] AOR datasets.GPT_4.Chain_of_thought1.programs.program_030: [0.00000 s] killed by test_float_radius (datasets.GPT_4.Chain_of_thought1.tests.test_030.TestVersion)

Traceback (most recent call last):
  File "C:\Users\skaspers\OneDrive - Capgemini\Documents\Prompted Testsuite Analysis\.\datasets\GPT_4\Chain_of_thought1\tests\test_030.py", line 13, in test_float_radius
    def test_float_radius(self): self.assertAlmostEqual(volume_sphere(1.5), (4.0 / 3.0) * math.pi * (1.5 ** 3), places=6)
AssertionError: 8.332597311742276 != 14.137166941154067 within 6 places (5.804569629411791 difference)

   - [#   6] AOR datasets.GPT_4.Chain_of_thought1.programs.program_030: [0.00000 s] killed by test_float_radius (datasets.GPT_4.Chain_of_thought1.tests.test_030.TestVersion)

Traceback (most recent call last):
  File "C:\Users\skaspers\OneDrive - Capgemini\Documents\Prompted Testsuite Analysis\.\datasets\GPT_4\Chain_of_thought1\tests\test_030.py", line 13, in test_float_radius
    def test_float_radius(self): self.assertAlmostEqual(volume_sphere(1.5), (4.0 / 3.0) * math.pi * (1.5 ** 3), places=6)
AssertionError: 6.283185307179586 != 14.137166941154067 within 6 places (7.853981633974481 difference)

   - [#   7] AOR datasets.GPT_4.Chain_of_thought1.programs.program_030: [0.00000 s] killed by test_float_radius (datasets.GPT_4.Chain_of_thought1.tests.test_030.TestVersion)

Traceback (most recent call last):
  File "C:\Users\skaspers\OneDrive - Capgemini\Documents\Prompted Testsuite Analysis\.\datasets\GPT_4\Chain_of_thought1\tests\test_030.py", line 13, in test_float_radius
    def test_float_radius(self): self.assertAlmostEqual(volume_sphere(1.5), (4.0 / 3.0) * math.pi * (1.5 ** 3), places=6)
AssertionError: 4.5 != 14.137166941154067 within 6 places (9.637166941154067 difference)

   - [#   8] AOR datasets.GPT_4.Chain_of_thought1.programs.program_030: [0.00000 s] killed by test_float_radius (datasets.GPT_4.Chain_of_thought1.tests.test_030.TestVersion)

Traceback (most recent call last):
  File "C:\Users\skaspers\OneDrive - Capgemini\Documents\Prompted Testsuite Analysis\.\datasets\GPT_4\Chain_of_thought1\tests\test_030.py", line 13, in test_float_radius
    def test_float_radius(self): self.assertAlmostEqual(volume_sphere(1.5), (4.0 / 3.0) * math.pi * (1.5 ** 3), places=6)
AssertionError: 19.289254007441492 != 14.137166941154067 within 6 places (5.152087066287425 difference)

   - [#   9] AOR datasets.GPT_4.Chain_of_thought1.programs.program_030: [0.00000 s] killed by test_float_radius (datasets.GPT_4.Chain_of_thought1.tests.test_030.TestVersion)

Traceback (most recent call last):
  File "C:\Users\skaspers\OneDrive - Capgemini\Documents\Prompted Testsuite Analysis\.\datasets\GPT_4\Chain_of_thought1\tests\test_030.py", line 13, in test_float_radius
    def test_float_radius(self): self.assertAlmostEqual(volume_sphere(1.5), (4.0 / 3.0) * math.pi * (1.5 ** 3), places=6)
AssertionError: 6.283185307179586 != 14.137166941154067 within 6 places (7.853981633974481 difference)

   - [#  10] AOR datasets.GPT_4.Chain_of_thought1.programs.program_030: [0.00000 s] killed by test_float_radius (datasets.GPT_4.Chain_of_thought1.tests.test_030.TestVersion)

Traceback (most recent call last):
  File "C:\Users\skaspers\OneDrive - Capgemini\Documents\Prompted Testsuite Analysis\.\datasets\GPT_4\Chain_of_thought1\tests\test_030.py", line 13, in test_float_radius
    def test_float_radius(self): self.assertAlmostEqual(volume_sphere(1.5), (4.0 / 3.0) * math.pi * (1.5 ** 3), places=6)
AssertionError: 6.0 != 14.137166941154067 within 6 places (8.137166941154067 difference)

   - [#  11] AOR datasets.GPT_4.Chain_of_thought1.programs.program_030: [0.00000 s] killed by test_float_radius (datasets.GPT_4.Chain_of_thought1.tests.test_030.TestVersion)

Traceback (most recent call last):
  File "C:\Users\skaspers\OneDrive - Capgemini\Documents\Prompted Testsuite Analysis\.\datasets\GPT_4\Chain_of_thought1\tests\test_030.py", line 13, in test_float_radius
    def test_float_radius(self): self.assertAlmostEqual(volume_sphere(1.5), (4.0 / 3.0) * math.pi * (1.5 ** 3), places=6)
AssertionError: 23.62441491858363 != 14.137166941154067 within 6 places (9.487247977429561 difference)

   - [#  12] AOR datasets.GPT_4.Chain_of_thought1.programs.program_030: [0.00000 s] killed by test_float_radius (datasets.GPT_4.Chain_of_thought1.tests.test_030.TestVersion)

Traceback (most recent call last):
  File "C:\Users\skaspers\OneDrive - Capgemini\Documents\Prompted Testsuite Analysis\.\datasets\GPT_4\Chain_of_thought1\tests\test_030.py", line 13, in test_float_radius
    def test_float_radius(self): self.assertAlmostEqual(volume_sphere(1.5), (4.0 / 3.0) * math.pi * (1.5 ** 3), places=6)
AssertionError: 6.283185307179586 != 14.137166941154067 within 6 places (7.853981633974481 difference)

   - [#  13] AOR datasets.GPT_4.Chain_of_thought1.programs.program_030: [0.01572 s] killed by test_float_radius (datasets.GPT_4.Chain_of_thought1.tests.test_030.TestVersion)

Traceback (most recent call last):
  File "C:\Users\skaspers\OneDrive - Capgemini\Documents\Prompted Testsuite Analysis\.\datasets\GPT_4\Chain_of_thought1\tests\test_030.py", line 13, in test_float_radius
    def test_float_radius(self): self.assertAlmostEqual(volume_sphere(1.5), (4.0 / 3.0) * math.pi * (1.5 ** 3), places=6)
AssertionError: 6.0 != 14.137166941154067 within 6 places (8.137166941154067 difference)

   - [#  14] AOR datasets.GPT_4.Chain_of_thought1.programs.program_030: [0.00000 s] killed by test_float_radius (datasets.GPT_4.Chain_of_thought1.tests.test_030.TestVersion)

Traceback (most recent call last):
  File "C:\Users\skaspers\OneDrive - Capgemini\Documents\Prompted Testsuite Analysis\.\datasets\GPT_4\Chain_of_thought1\tests\test_030.py", line 13, in test_float_radius
    def test_float_radius(self): self.assertAlmostEqual(volume_sphere(1.5), (4.0 / 3.0) * math.pi * (1.5 ** 3), places=6)
AssertionError: 28.933881011162242 != 14.137166941154067 within 6 places (14.796714070008175 difference)

[*] Mutation score [0.04771 s]: 100.0%
   - all: 14
   - killed: 14 (100.0%)
   - survived: 0 (0.0%)
   - incompetent: 0 (0.0%)
   - timeout: 0 (0.0%)
HI SANDER, RUNNING MUTPY FROM: C:\Users\skaspers\OneDrive - Capgemini\Documents\Prompted Testsuite Analysis\.venv38\lib\site-packages\mutpy\commandline.py
