[*] Start mutation process:
   - targets: datasets.GPT_4.Chain_of_thought1.programs.program_094
   - tests: datasets.GPT_4.Chain_of_thought1.tests.test_094
[*] 8 tests passed:
   - datasets.GPT_4.Chain_of_thought1.tests.test_094 [0.00000 s]
[*] Start mutants generation and execution:
   - [#   1] AOR datasets.GPT_4.Chain_of_thought1.programs.program_094: [0.00000 s] killed by test_boolean_elements (datasets.GPT_4.Chain_of_thought1.tests.test_094.TestVersion)

Traceback (most recent call last):
  File "C:\Users\skaspers\OneDrive - Capgemini\Documents\Prompted Testsuite Analysis\.\datasets\GPT_4\Chain_of_thought1\tests\test_094.py", line 19, in test_boolean_elements
    def test_boolean_elements(self): self.assertEqual(sum_range_list([True, False, True], 0, 2), 2)
AssertionError: 1 != 2

   - [#   2] ASR datasets.GPT_4.Chain_of_thought1.programs.program_094: [0.00000 s] killed by test_boolean_elements (datasets.GPT_4.Chain_of_thought1.tests.test_094.TestVersion)

Traceback (most recent call last):
  File "C:\Users\skaspers\OneDrive - Capgemini\Documents\Prompted Testsuite Analysis\.\datasets\GPT_4\Chain_of_thought1\tests\test_094.py", line 19, in test_boolean_elements
    def test_boolean_elements(self): self.assertEqual(sum_range_list([True, False, True], 0, 2), 2)
AssertionError: -2 != 2

[*] Mutation score [0.03164 s]: 100.0%
   - all: 2
   - killed: 2 (100.0%)
   - survived: 0 (0.0%)
   - incompetent: 0 (0.0%)
   - timeout: 0 (0.0%)
HI SANDER, RUNNING MUTPY FROM: C:\Users\skaspers\OneDrive - Capgemini\Documents\Prompted Testsuite Analysis\.venv38\lib\site-packages\mutpy\commandline.py
