[*] Start mutation process:
   - targets: datasets.GPT_4.Chain_of_thought1.programs.program_020
   - tests: datasets.GPT_4.Chain_of_thought1.tests.test_020
[*] 10 tests passed:
   - datasets.GPT_4.Chain_of_thought1.tests.test_020 [0.00100 s]
[*] Start mutants generation and execution:
   - [#   1] AOR datasets.GPT_4.Chain_of_thought1.programs.program_020: [0.00103 s] killed by test_booleans (datasets.GPT_4.Chain_of_thought1.tests.test_020.TestVersion)

Traceback (most recent call last):
  File "C:\Users\skaspers\OneDrive - Capgemini\Documents\Prompted Testsuite Analysis\.\datasets\GPT_4\Chain_of_thought1\tests\test_020.py", line 23, in test_booleans
    def test_booleans(self): self.assertTrue(is_Monotonic([False, True, True]))
AssertionError: False is not true

   - [#   2] AOR datasets.GPT_4.Chain_of_thought1.programs.program_020: [0.00209 s] killed by test_booleans (datasets.GPT_4.Chain_of_thought1.tests.test_020.TestVersion)

Traceback (most recent call last):
  File "C:\Users\skaspers\OneDrive - Capgemini\Documents\Prompted Testsuite Analysis\.\datasets\GPT_4\Chain_of_thought1\tests\test_020.py", line 23, in test_booleans
    def test_booleans(self): self.assertTrue(is_Monotonic([False, True, True]))
  File "datasets.GPT_4.Chain_of_thought1.programs.program_020", line 2, in is_Monotonic
  File "datasets.GPT_4.Chain_of_thought1.programs.program_020", line 2, in <genexpr>
IndexError: list index out of range

   - [#   3] AOR datasets.GPT_4.Chain_of_thought1.programs.program_020: [0.00099 s] killed by test_decreasing (datasets.GPT_4.Chain_of_thought1.tests.test_020.TestVersion)

Traceback (most recent call last):
  File "C:\Users\skaspers\OneDrive - Capgemini\Documents\Prompted Testsuite Analysis\.\datasets\GPT_4\Chain_of_thought1\tests\test_020.py", line 7, in test_decreasing
    def test_decreasing(self): self.assertTrue(is_Monotonic([5, 4, 3, 2, 1]))
AssertionError: False is not true

   - [#   4] AOR datasets.GPT_4.Chain_of_thought1.programs.program_020: [0.00200 s] killed by test_decreasing (datasets.GPT_4.Chain_of_thought1.tests.test_020.TestVersion)

Traceback (most recent call last):
  File "C:\Users\skaspers\OneDrive - Capgemini\Documents\Prompted Testsuite Analysis\.\datasets\GPT_4\Chain_of_thought1\tests\test_020.py", line 7, in test_decreasing
    def test_decreasing(self): self.assertTrue(is_Monotonic([5, 4, 3, 2, 1]))
  File "datasets.GPT_4.Chain_of_thought1.programs.program_020", line 3, in is_Monotonic
  File "datasets.GPT_4.Chain_of_thought1.programs.program_020", line 3, in <genexpr>
IndexError: list index out of range

   - [#   5] LCR datasets.GPT_4.Chain_of_thought1.programs.program_020: [0.00100 s] killed by test_booleans (datasets.GPT_4.Chain_of_thought1.tests.test_020.TestVersion)

Traceback (most recent call last):
  File "C:\Users\skaspers\OneDrive - Capgemini\Documents\Prompted Testsuite Analysis\.\datasets\GPT_4\Chain_of_thought1\tests\test_020.py", line 23, in test_booleans
    def test_booleans(self): self.assertTrue(is_Monotonic([False, True, True]))
AssertionError: False is not true

   - [#   6] ROR datasets.GPT_4.Chain_of_thought1.programs.program_020: [0.00099 s] killed by test_booleans (datasets.GPT_4.Chain_of_thought1.tests.test_020.TestVersion)

Traceback (most recent call last):
  File "C:\Users\skaspers\OneDrive - Capgemini\Documents\Prompted Testsuite Analysis\.\datasets\GPT_4\Chain_of_thought1\tests\test_020.py", line 23, in test_booleans
    def test_booleans(self): self.assertTrue(is_Monotonic([False, True, True]))
AssertionError: False is not true

   - [#   7] ROR datasets.GPT_4.Chain_of_thought1.programs.program_020: [0.00108 s] killed by test_booleans (datasets.GPT_4.Chain_of_thought1.tests.test_020.TestVersion)

Traceback (most recent call last):
  File "C:\Users\skaspers\OneDrive - Capgemini\Documents\Prompted Testsuite Analysis\.\datasets\GPT_4\Chain_of_thought1\tests\test_020.py", line 23, in test_booleans
    def test_booleans(self): self.assertTrue(is_Monotonic([False, True, True]))
AssertionError: False is not true

   - [#   8] ROR datasets.GPT_4.Chain_of_thought1.programs.program_020: [0.00151 s] killed by test_decreasing (datasets.GPT_4.Chain_of_thought1.tests.test_020.TestVersion)

Traceback (most recent call last):
  File "C:\Users\skaspers\OneDrive - Capgemini\Documents\Prompted Testsuite Analysis\.\datasets\GPT_4\Chain_of_thought1\tests\test_020.py", line 7, in test_decreasing
    def test_decreasing(self): self.assertTrue(is_Monotonic([5, 4, 3, 2, 1]))
AssertionError: False is not true

   - [#   9] ROR datasets.GPT_4.Chain_of_thought1.programs.program_020: [0.00000 s] survived
[*] Mutation score [0.07540 s]: 88.9%
   - all: 9
   - killed: 8 (88.9%)
   - survived: 1 (11.1%)
   - incompetent: 0 (0.0%)
   - timeout: 0 (0.0%)
HI SANDER, RUNNING MUTPY FROM: C:\Users\skaspers\OneDrive - Capgemini\Documents\Prompted Testsuite Analysis\.venv38\lib\site-packages\mutpy\commandline.py
