[*] Start mutation process:
   - targets: datasets.GPT_4.Chain_of_thought1.programs.program_007
   - tests: datasets.GPT_4.Chain_of_thought1.tests.test_007
[*] 9 tests passed:
   - datasets.GPT_4.Chain_of_thought1.tests.test_007 [0.00100 s]
[*] Start mutants generation and execution:
   - [#   1] ROR datasets.GPT_4.Chain_of_thought1.programs.program_007: [0.00100 s] killed by test_all_same_elements (datasets.GPT_4.Chain_of_thought1.tests.test_007.TestVersion)

Traceback (most recent call last):
  File "C:\Users\skaspers\OneDrive - Capgemini\Documents\Prompted Testsuite Analysis\.\datasets\GPT_4\Chain_of_thought1\tests\test_007.py", line 11, in test_all_same_elements
    def test_all_same_elements(self): self.assertTrue(test_duplicate([9, 9, 9, 9]))
AssertionError: False is not true

[*] Mutation score [0.02670 s]: 100.0%
   - all: 1
   - killed: 1 (100.0%)
   - survived: 0 (0.0%)
   - incompetent: 0 (0.0%)
   - timeout: 0 (0.0%)
HI SANDER, RUNNING MUTPY FROM: C:\Users\skaspers\OneDrive - Capgemini\Documents\Prompted Testsuite Analysis\.venv38\lib\site-packages\mutpy\commandline.py
