[*] Start mutation process:
   - targets: datasets.GPT_4.Chain_of_thought1.programs.program_033
   - tests: datasets.GPT_4.Chain_of_thought1.tests.test_033
[*] 6 tests passed:
   - datasets.GPT_4.Chain_of_thought1.tests.test_033 [0.00000 s]
[*] Start mutants generation and execution:
   - [#   1] AOR datasets.GPT_4.Chain_of_thought1.programs.program_033: [0.00000 s] killed by test_float_radius (datasets.GPT_4.Chain_of_thought1.tests.test_033.TestVersion)

Traceback (most recent call last):
  File "C:\Users\skaspers\OneDrive - Capgemini\Documents\Prompted Testsuite Analysis\.\datasets\GPT_4\Chain_of_thought1\tests\test_033.py", line 13, in test_float_radius
    def test_float_radius(self): self.assertAlmostEqual(surfacearea_sphere(1.5), 4 * math.pi * (1.5**2), places=6)
AssertionError: 2.864788975654116 != 28.274333882308138 within 6 places (25.409544906654023 difference)

   - [#   2] AOR datasets.GPT_4.Chain_of_thought1.programs.program_033: [0.00000 s] killed by test_float_radius (datasets.GPT_4.Chain_of_thought1.tests.test_033.TestVersion)

Traceback (most recent call last):
  File "C:\Users\skaspers\OneDrive - Capgemini\Documents\Prompted Testsuite Analysis\.\datasets\GPT_4\Chain_of_thought1\tests\test_033.py", line 13, in test_float_radius
    def test_float_radius(self): self.assertAlmostEqual(surfacearea_sphere(1.5), 4 * math.pi * (1.5**2), places=6)
AssertionError: 2.25 != 28.274333882308138 within 6 places (26.024333882308138 difference)

   - [#   3] AOR datasets.GPT_4.Chain_of_thought1.programs.program_033: [0.00000 s] killed by test_float_radius (datasets.GPT_4.Chain_of_thought1.tests.test_033.TestVersion)

Traceback (most recent call last):
  File "C:\Users\skaspers\OneDrive - Capgemini\Documents\Prompted Testsuite Analysis\.\datasets\GPT_4\Chain_of_thought1\tests\test_033.py", line 13, in test_float_radius
    def test_float_radius(self): self.assertAlmostEqual(surfacearea_sphere(1.5), 4 * math.pi * (1.5**2), places=6)
AssertionError: 175.23052570887322 != 28.274333882308138 within 6 places (146.9561918265651 difference)

   - [#   4] AOR datasets.GPT_4.Chain_of_thought1.programs.program_033: [0.01009 s] killed by test_float_radius (datasets.GPT_4.Chain_of_thought1.tests.test_033.TestVersion)

Traceback (most recent call last):
  File "C:\Users\skaspers\OneDrive - Capgemini\Documents\Prompted Testsuite Analysis\.\datasets\GPT_4\Chain_of_thought1\tests\test_033.py", line 13, in test_float_radius
    def test_float_radius(self): self.assertAlmostEqual(surfacearea_sphere(1.5), 4 * math.pi * (1.5**2), places=6)
AssertionError: 12.566370614359172 != 28.274333882308138 within 6 places (15.707963267948966 difference)

   - [#   5] AOR datasets.GPT_4.Chain_of_thought1.programs.program_033: [0.00000 s] killed by test_float_radius (datasets.GPT_4.Chain_of_thought1.tests.test_033.TestVersion)

Traceback (most recent call last):
  File "C:\Users\skaspers\OneDrive - Capgemini\Documents\Prompted Testsuite Analysis\.\datasets\GPT_4\Chain_of_thought1\tests\test_033.py", line 13, in test_float_radius
    def test_float_radius(self): self.assertAlmostEqual(surfacearea_sphere(1.5), 4 * math.pi * (1.5**2), places=6)
AssertionError: 12.0 != 28.274333882308138 within 6 places (16.274333882308138 difference)

   - [#   6] AOR datasets.GPT_4.Chain_of_thought1.programs.program_033: [0.00000 s] killed by test_float_radius (datasets.GPT_4.Chain_of_thought1.tests.test_033.TestVersion)

Traceback (most recent call last):
  File "C:\Users\skaspers\OneDrive - Capgemini\Documents\Prompted Testsuite Analysis\.\datasets\GPT_4\Chain_of_thought1\tests\test_033.py", line 13, in test_float_radius
    def test_float_radius(self): self.assertAlmostEqual(surfacearea_sphere(1.5), 4 * math.pi * (1.5**2), places=6)
AssertionError: 66.81993596198049 != 28.274333882308138 within 6 places (38.54560207967235 difference)

   - [#   7] AOR datasets.GPT_4.Chain_of_thought1.programs.program_033: [0.00000 s] killed by test_float_radius (datasets.GPT_4.Chain_of_thought1.tests.test_033.TestVersion)

Traceback (most recent call last):
  File "C:\Users\skaspers\OneDrive - Capgemini\Documents\Prompted Testsuite Analysis\.\datasets\GPT_4\Chain_of_thought1\tests\test_033.py", line 13, in test_float_radius
    def test_float_radius(self): self.assertAlmostEqual(surfacearea_sphere(1.5), 4 * math.pi * (1.5**2), places=6)
AssertionError: 12.566370614359172 != 28.274333882308138 within 6 places (15.707963267948966 difference)

   - [#   8] AOR datasets.GPT_4.Chain_of_thought1.programs.program_033: [0.00000 s] killed by test_float_radius (datasets.GPT_4.Chain_of_thought1.tests.test_033.TestVersion)

Traceback (most recent call last):
  File "C:\Users\skaspers\OneDrive - Capgemini\Documents\Prompted Testsuite Analysis\.\datasets\GPT_4\Chain_of_thought1\tests\test_033.py", line 13, in test_float_radius
    def test_float_radius(self): self.assertAlmostEqual(surfacearea_sphere(1.5), 4 * math.pi * (1.5**2), places=6)
AssertionError: 12.0 != 28.274333882308138 within 6 places (16.274333882308138 difference)

   - [#   9] AOR datasets.GPT_4.Chain_of_thought1.programs.program_033: [0.00000 s] killed by test_float_radius (datasets.GPT_4.Chain_of_thought1.tests.test_033.TestVersion)

Traceback (most recent call last):
  File "C:\Users\skaspers\OneDrive - Capgemini\Documents\Prompted Testsuite Analysis\.\datasets\GPT_4\Chain_of_thought1\tests\test_033.py", line 13, in test_float_radius
    def test_float_radius(self): self.assertAlmostEqual(surfacearea_sphere(1.5), 4 * math.pi * (1.5**2), places=6)
AssertionError: 81.83737387615001 != 28.274333882308138 within 6 places (53.56303999384187 difference)

[*] Mutation score [0.06331 s]: 100.0%
   - all: 9
   - killed: 9 (100.0%)
   - survived: 0 (0.0%)
   - incompetent: 0 (0.0%)
   - timeout: 0 (0.0%)
HI SANDER, RUNNING MUTPY FROM: C:\Users\skaspers\OneDrive - Capgemini\Documents\Prompted Testsuite Analysis\.venv38\lib\site-packages\mutpy\commandline.py
