[*] Start mutation process:
   - targets: datasets.GPT_4.Chain_of_thought1.programs.program_023
   - tests: datasets.GPT_4.Chain_of_thought1.tests.test_023
[*] 10 tests passed:
   - datasets.GPT_4.Chain_of_thought1.tests.test_023 [0.00000 s]
[*] Start mutants generation and execution:
   - [#   1] AOR datasets.GPT_4.Chain_of_thought1.programs.program_023: [0.00100 s] survived
   - [#   2] AOR datasets.GPT_4.Chain_of_thought1.programs.program_023: [5.02249 s] timeout
   - [#   3] AOR datasets.GPT_4.Chain_of_thought1.programs.program_023: [0.00000 s] killed by test_all_same (datasets.GPT_4.Chain_of_thought1.tests.test_023.TestVersion)

Traceback (most recent call last):
  File "C:\Users\skaspers\OneDrive - Capgemini\Documents\Prompted Testsuite Analysis\.\datasets\GPT_4\Chain_of_thought1\tests\test_023.py", line 13, in test_all_same
    def test_all_same(self): self.assertEqual(comb_sort([5, 5, 5]), [5, 5, 5])
  File "datasets.GPT_4.Chain_of_thought1.programs.program_023", line 11, in comb_sort
IndexError: list index out of range

   - [#   4] AOR datasets.GPT_4.Chain_of_thought1.programs.program_023: [0.00000 s] killed by test_boolean_values (datasets.GPT_4.Chain_of_thought1.tests.test_023.TestVersion)

Traceback (most recent call last):
  File "C:\Users\skaspers\OneDrive - Capgemini\Documents\Prompted Testsuite Analysis\.\datasets\GPT_4\Chain_of_thought1\tests\test_023.py", line 21, in test_boolean_values
    def test_boolean_values(self): self.assertEqual(comb_sort([True, False, True]), [False, True, True])
AssertionError: Lists differ: [True, False, True] != [False, True, True]

First differing element 0:
True
False

- [True, False, True]
+ [False, True, True]

   - [#   5] AOR datasets.GPT_4.Chain_of_thought1.programs.program_023: [0.00000 s] killed by test_boolean_values (datasets.GPT_4.Chain_of_thought1.tests.test_023.TestVersion)

Traceback (most recent call last):
  File "C:\Users\skaspers\OneDrive - Capgemini\Documents\Prompted Testsuite Analysis\.\datasets\GPT_4\Chain_of_thought1\tests\test_023.py", line 21, in test_boolean_values
    def test_boolean_values(self): self.assertEqual(comb_sort([True, False, True]), [False, True, True])
AssertionError: Lists differ: [False, False, True] != [False, True, True]

First differing element 1:
False
True

- [False, False, True]
?         ^^^^

+ [False, True, True]
?         ^^^


   - [#   6] AOR datasets.GPT_4.Chain_of_thought1.programs.program_023: [0.00000 s] killed by test_boolean_values (datasets.GPT_4.Chain_of_thought1.tests.test_023.TestVersion)

Traceback (most recent call last):
  File "C:\Users\skaspers\OneDrive - Capgemini\Documents\Prompted Testsuite Analysis\.\datasets\GPT_4\Chain_of_thought1\tests\test_023.py", line 21, in test_boolean_values
    def test_boolean_values(self): self.assertEqual(comb_sort([True, False, True]), [False, True, True])
AssertionError: Lists differ: [True, True, True] != [False, True, True]

First differing element 0:
True
False

- [True, True, True]
+ [False, True, True]

   - [#   7] ASR datasets.GPT_4.Chain_of_thought1.programs.program_023: [0.00000 s] killed by test_all_same (datasets.GPT_4.Chain_of_thought1.tests.test_023.TestVersion)

Traceback (most recent call last):
  File "C:\Users\skaspers\OneDrive - Capgemini\Documents\Prompted Testsuite Analysis\.\datasets\GPT_4\Chain_of_thought1\tests\test_023.py", line 13, in test_all_same
    def test_all_same(self): self.assertEqual(comb_sort([5, 5, 5]), [5, 5, 5])
  File "datasets.GPT_4.Chain_of_thought1.programs.program_023", line 11, in comb_sort
IndexError: list index out of range

   - [#   8] COI datasets.GPT_4.Chain_of_thought1.programs.program_023: [0.00311 s] killed by test_boolean_values (datasets.GPT_4.Chain_of_thought1.tests.test_023.TestVersion)

Traceback (most recent call last):
  File "C:\Users\skaspers\OneDrive - Capgemini\Documents\Prompted Testsuite Analysis\.\datasets\GPT_4\Chain_of_thought1\tests\test_023.py", line 21, in test_boolean_values
    def test_boolean_values(self): self.assertEqual(comb_sort([True, False, True]), [False, True, True])
AssertionError: Lists differ: [True, False, True] != [False, True, True]

First differing element 0:
True
False

- [True, False, True]
+ [False, True, True]

   - [#   9] COI datasets.GPT_4.Chain_of_thought1.programs.program_023: [0.00000 s] killed by test_boolean_values (datasets.GPT_4.Chain_of_thought1.tests.test_023.TestVersion)

Traceback (most recent call last):
  File "C:\Users\skaspers\OneDrive - Capgemini\Documents\Prompted Testsuite Analysis\.\datasets\GPT_4\Chain_of_thought1\tests\test_023.py", line 21, in test_boolean_values
    def test_boolean_values(self): self.assertEqual(comb_sort([True, False, True]), [False, True, True])
AssertionError: Lists differ: [True, False, True] != [False, True, True]

First differing element 0:
True
False

- [True, False, True]
+ [False, True, True]

   - [#  10] COI datasets.GPT_4.Chain_of_thought1.programs.program_023: [5.03511 s] timeout
   - [#  11] LCR datasets.GPT_4.Chain_of_thought1.programs.program_023: [0.00000 s] killed by test_boolean_values (datasets.GPT_4.Chain_of_thought1.tests.test_023.TestVersion)

Traceback (most recent call last):
  File "C:\Users\skaspers\OneDrive - Capgemini\Documents\Prompted Testsuite Analysis\.\datasets\GPT_4\Chain_of_thought1\tests\test_023.py", line 21, in test_boolean_values
    def test_boolean_values(self): self.assertEqual(comb_sort([True, False, True]), [False, True, True])
AssertionError: Lists differ: [True, False, True] != [False, True, True]

First differing element 0:
True
False

- [True, False, True]
+ [False, True, True]

   - [#  12] ROR datasets.GPT_4.Chain_of_thought1.programs.program_023: [0.00000 s] killed by test_boolean_values (datasets.GPT_4.Chain_of_thought1.tests.test_023.TestVersion)

Traceback (most recent call last):
  File "C:\Users\skaspers\OneDrive - Capgemini\Documents\Prompted Testsuite Analysis\.\datasets\GPT_4\Chain_of_thought1\tests\test_023.py", line 21, in test_boolean_values
    def test_boolean_values(self): self.assertEqual(comb_sort([True, False, True]), [False, True, True])
AssertionError: Lists differ: [True, False, True] != [False, True, True]

First differing element 0:
True
False

- [True, False, True]
+ [False, True, True]

   - [#  13] ROR datasets.GPT_4.Chain_of_thought1.programs.program_023: [0.00000 s] survived
   - [#  14] ROR datasets.GPT_4.Chain_of_thought1.programs.program_023: [0.00000 s] killed by test_boolean_values (datasets.GPT_4.Chain_of_thought1.tests.test_023.TestVersion)

Traceback (most recent call last):
  File "C:\Users\skaspers\OneDrive - Capgemini\Documents\Prompted Testsuite Analysis\.\datasets\GPT_4\Chain_of_thought1\tests\test_023.py", line 21, in test_boolean_values
    def test_boolean_values(self): self.assertEqual(comb_sort([True, False, True]), [False, True, True])
AssertionError: Lists differ: [True, False, True] != [False, True, True]

First differing element 0:
True
False

- [True, False, True]
+ [False, True, True]

   - [#  15] ROR datasets.GPT_4.Chain_of_thought1.programs.program_023: [0.00260 s] killed by test_all_same (datasets.GPT_4.Chain_of_thought1.tests.test_023.TestVersion)

Traceback (most recent call last):
  File "C:\Users\skaspers\OneDrive - Capgemini\Documents\Prompted Testsuite Analysis\.\datasets\GPT_4\Chain_of_thought1\tests\test_023.py", line 13, in test_all_same
    def test_all_same(self): self.assertEqual(comb_sort([5, 5, 5]), [5, 5, 5])
  File "datasets.GPT_4.Chain_of_thought1.programs.program_023", line 11, in comb_sort
IndexError: list index out of range

   - [#  16] ROR datasets.GPT_4.Chain_of_thought1.programs.program_023: [0.00000 s] killed by test_boolean_values (datasets.GPT_4.Chain_of_thought1.tests.test_023.TestVersion)

Traceback (most recent call last):
  File "C:\Users\skaspers\OneDrive - Capgemini\Documents\Prompted Testsuite Analysis\.\datasets\GPT_4\Chain_of_thought1\tests\test_023.py", line 21, in test_boolean_values
    def test_boolean_values(self): self.assertEqual(comb_sort([True, False, True]), [False, True, True])
AssertionError: Lists differ: [True, True, False] != [False, True, True]

First differing element 0:
True
False

- [True, True, False]
+ [False, True, True]

   - [#  17] ROR datasets.GPT_4.Chain_of_thought1.programs.program_023: [5.02906 s] timeout
[*] Mutation score [15.21703 s]: 88.2%
   - all: 17
   - killed: 12 (70.6%)
   - survived: 2 (11.8%)
   - incompetent: 0 (0.0%)
   - timeout: 3 (17.6%)
HI SANDER, RUNNING MUTPY FROM: C:\Users\skaspers\OneDrive - Capgemini\Documents\Prompted Testsuite Analysis\.venv38\lib\site-packages\mutpy\commandline.py
