[*] Start mutation process:
   - targets: datasets.pynguin.programs.program_093
   - tests: datasets.pynguin.tests.test_093
[*] 2 tests passed:
   - datasets.pynguin.tests.test_093 [0.00000 s]
[*] Start mutants generation and execution:
   - [#   1] ASR datasets.pynguin.programs.program_093: [0.01072 s] killed by test_case_1 (datasets.pynguin.tests.test_093.TestAll)

Traceback (most recent call last):
  File "C:\Users\skaspers\OneDrive - Capgemini\Documents\Prompted Testsuite Analysis\.\datasets\pynguin\tests\test_093.py", line 35, in test_case_1
    assert var_2 == 2
AssertionError

   - [#   2] COI datasets.pynguin.programs.program_093: [0.00000 s] killed by test_case_0 (datasets.pynguin.tests.test_093.TestAll)

Traceback (most recent call last):
  File "C:\Users\skaspers\OneDrive - Capgemini\Documents\Prompted Testsuite Analysis\.\datasets\pynguin\tests\test_093.py", line 9, in test_case_0
    assert var_0 == 0
AssertionError

   - [#   3] ROR datasets.pynguin.programs.program_093: [0.00000 s] killed by test_case_0 (datasets.pynguin.tests.test_093.TestAll)

Traceback (most recent call last):
  File "C:\Users\skaspers\OneDrive - Capgemini\Documents\Prompted Testsuite Analysis\.\datasets\pynguin\tests\test_093.py", line 9, in test_case_0
    assert var_0 == 0
AssertionError

[*] Mutation score [0.04293 s]: 100.0%
   - all: 3
   - killed: 3 (100.0%)
   - survived: 0 (0.0%)
   - incompetent: 0 (0.0%)
   - timeout: 0 (0.0%)
