[*] Start mutation process:
   - targets: datasets.pynguin.programs.program_040
   - tests: datasets.pynguin.tests.test_040
[*] 3 tests passed:
   - datasets.pynguin.tests.test_040 [0.00000 s]
[*] Start mutants generation and execution:
   - [#   1] AOR datasets.pynguin.programs.program_040: [0.00200 s] killed by test_case_2 (datasets.pynguin.tests.test_040.TestAll)

Traceback (most recent call last):
  File "C:\Users\skaspers\OneDrive - Capgemini\Documents\Prompted Testsuite Analysis\.\datasets\pynguin\tests\test_040.py", line 22, in test_case_2
    var_0 = module_0.is_undulating(bool_0)
  File "datasets.pynguin.programs.program_040", line 6, in is_undulating
IndexError: string index out of range

   - [#   2] COI datasets.pynguin.programs.program_040: [0.00000 s] killed by test_case_0 (datasets.pynguin.tests.test_040.TestAll)

Traceback (most recent call last):
  File "C:\Users\skaspers\OneDrive - Capgemini\Documents\Prompted Testsuite Analysis\.\datasets\pynguin\tests\test_040.py", line 8, in test_case_0
    assert var_0 is False
AssertionError

   - [#   3] COI datasets.pynguin.programs.program_040: [0.00100 s] killed by test_case_1 (datasets.pynguin.tests.test_040.TestAll)

Traceback (most recent call last):
  File "C:\Users\skaspers\OneDrive - Capgemini\Documents\Prompted Testsuite Analysis\.\datasets\pynguin\tests\test_040.py", line 15, in test_case_1
    assert var_0 is False
AssertionError

   - [#   4] ROR datasets.pynguin.programs.program_040: [0.00100 s] killed by test_case_2 (datasets.pynguin.tests.test_040.TestAll)

Traceback (most recent call last):
  File "C:\Users\skaspers\OneDrive - Capgemini\Documents\Prompted Testsuite Analysis\.\datasets\pynguin\tests\test_040.py", line 25, in test_case_2
    assert var_1 is True
AssertionError

   - [#   5] ROR datasets.pynguin.programs.program_040: [0.00000 s] killed by test_case_0 (datasets.pynguin.tests.test_040.TestAll)

Traceback (most recent call last):
  File "C:\Users\skaspers\OneDrive - Capgemini\Documents\Prompted Testsuite Analysis\.\datasets\pynguin\tests\test_040.py", line 8, in test_case_0
    assert var_0 is False
AssertionError

   - [#   6] ROR datasets.pynguin.programs.program_040: [0.00100 s] killed by test_case_1 (datasets.pynguin.tests.test_040.TestAll)

Traceback (most recent call last):
  File "C:\Users\skaspers\OneDrive - Capgemini\Documents\Prompted Testsuite Analysis\.\datasets\pynguin\tests\test_040.py", line 15, in test_case_1
    assert var_0 is False
AssertionError

[*] Mutation score [0.06080 s]: 100.0%
   - all: 6
   - killed: 6 (100.0%)
   - survived: 0 (0.0%)
   - incompetent: 0 (0.0%)
   - timeout: 0 (0.0%)
