[*] Start mutation process:
   - targets: datasets.pynguin.programs.program_004
   - tests: datasets.pynguin.tests.test_004
[*] 2 tests passed:
   - datasets.pynguin.tests.test_004 [0.00000 s]
[*] Start mutants generation and execution:
   - [#   1] COI datasets.pynguin.programs.program_004: [0.00000 s] killed by test_case_0 (datasets.pynguin.tests.test_004.TestAll)

Traceback (most recent call last):
  File "C:\Users\skaspers\OneDrive - Capgemini\Documents\Prompted Testsuite Analysis\.\datasets\pynguin\tests\test_004.py", line 8, in test_case_0
    assert var_0 is False
AssertionError

[*] Mutation score [0.02678 s]: 100.0%
   - all: 1
   - killed: 1 (100.0%)
   - survived: 0 (0.0%)
   - incompetent: 0 (0.0%)
   - timeout: 0 (0.0%)
