[*] Start mutation process:
   - targets: datasets.pynguin.programs.program_018
   - tests: datasets.pynguin.tests.test_018
[*] 2 tests passed:
   - datasets.pynguin.tests.test_018 [0.00000 s]
[*] Start mutants generation and execution:
   - [#   1] ASR datasets.pynguin.programs.program_018: [0.00000 s] killed by test_case_0 (datasets.pynguin.tests.test_018.TestAll)

Traceback (most recent call last):
  File "C:\Users\skaspers\OneDrive - Capgemini\Documents\Prompted Testsuite Analysis\.\datasets\pynguin\tests\test_018.py", line 8, in test_case_0
    assert var_0 == 15
AssertionError

   - [#   2] COI datasets.pynguin.programs.program_018: [0.01010 s] killed by test_case_0 (datasets.pynguin.tests.test_018.TestAll)

Traceback (most recent call last):
  File "C:\Users\skaspers\OneDrive - Capgemini\Documents\Prompted Testsuite Analysis\.\datasets\pynguin\tests\test_018.py", line 8, in test_case_0
    assert var_0 == 15
AssertionError

   - [#   3] ROR datasets.pynguin.programs.program_018: [0.00000 s] killed by test_case_0 (datasets.pynguin.tests.test_018.TestAll)

Traceback (most recent call last):
  File "C:\Users\skaspers\OneDrive - Capgemini\Documents\Prompted Testsuite Analysis\.\datasets\pynguin\tests\test_018.py", line 8, in test_case_0
    assert var_0 == 15
AssertionError

   - [#   4] ROR datasets.pynguin.programs.program_018: [0.00000 s] killed by test_case_0 (datasets.pynguin.tests.test_018.TestAll)

Traceback (most recent call last):
  File "C:\Users\skaspers\OneDrive - Capgemini\Documents\Prompted Testsuite Analysis\.\datasets\pynguin\tests\test_018.py", line 8, in test_case_0
    assert var_0 == 15
AssertionError

[*] Mutation score [0.04796 s]: 100.0%
   - all: 4
   - killed: 4 (100.0%)
   - survived: 0 (0.0%)
   - incompetent: 0 (0.0%)
   - timeout: 0 (0.0%)
