[*] Start mutation process:
   - targets: datasets.pynguin.programs.program_086
   - tests: datasets.pynguin.tests.test_086
[*] 1 tests passed:
   - datasets.pynguin.tests.test_086 [0.00000 s]
[*] Start mutants generation and execution:
   - [#   1] COD datasets.pynguin.programs.program_086: [0.00000 s] killed by test_case_0 (datasets.pynguin.tests.test_086.TestAll)

Traceback (most recent call last):
  File "C:\Users\skaspers\OneDrive - Capgemini\Documents\Prompted Testsuite Analysis\.\datasets\pynguin\tests\test_086.py", line 11, in test_case_0
    assert var_0 == ['U', 'H', '^', '-', 'f', '$']
AssertionError

[*] Mutation score [0.03179 s]: 100.0%
   - all: 1
   - killed: 1 (100.0%)
   - survived: 0 (0.0%)
   - incompetent: 0 (0.0%)
   - timeout: 0 (0.0%)
HI SANDER, RUNNING MUTPY FROM: C:\Users\skaspers\OneDrive - Capgemini\Documents\Prompted Testsuite Analysis\.venv38\lib\site-packages\mutpy\commandline.py
