[*] Start mutation process:
   - targets: datasets.pynguin.programs.program_077
   - tests: datasets.pynguin.tests.test_077
[*] 1 tests passed:
   - datasets.pynguin.tests.test_077 [0.00000 s]
[*] Start mutants generation and execution:
   - [#   1] AOR datasets.pynguin.programs.program_077: [0.00000 s] killed by test_case_0 (datasets.pynguin.tests.test_077.TestAll)

Traceback (most recent call last):
  File "C:\Users\skaspers\OneDrive - Capgemini\Documents\Prompted Testsuite Analysis\.\datasets\pynguin\tests\test_077.py", line 11, in test_case_0
    assert var_0 == pytest.approx(0.07142857142857142, abs=0.01, rel=0.01)
AssertionError

   - [#   2] AOR datasets.pynguin.programs.program_077: [0.00000 s] killed by test_case_0 (datasets.pynguin.tests.test_077.TestAll)

Traceback (most recent call last):
  File "C:\Users\skaspers\OneDrive - Capgemini\Documents\Prompted Testsuite Analysis\.\datasets\pynguin\tests\test_077.py", line 11, in test_case_0
    assert var_0 == pytest.approx(0.07142857142857142, abs=0.01, rel=0.01)
AssertionError

   - [#   3] AOR datasets.pynguin.programs.program_077: [0.00000 s] survived
   - [#   4] ASR datasets.pynguin.programs.program_077: [0.00000 s] killed by test_case_0 (datasets.pynguin.tests.test_077.TestAll)

Traceback (most recent call last):
  File "C:\Users\skaspers\OneDrive - Capgemini\Documents\Prompted Testsuite Analysis\.\datasets\pynguin\tests\test_077.py", line 11, in test_case_0
    assert var_0 == pytest.approx(0.07142857142857142, abs=0.01, rel=0.01)
AssertionError

   - [#   5] COI datasets.pynguin.programs.program_077: [0.00000 s] killed by test_case_0 (datasets.pynguin.tests.test_077.TestAll)

Traceback (most recent call last):
  File "C:\Users\skaspers\OneDrive - Capgemini\Documents\Prompted Testsuite Analysis\.\datasets\pynguin\tests\test_077.py", line 11, in test_case_0
    assert var_0 == pytest.approx(0.07142857142857142, abs=0.01, rel=0.01)
AssertionError

   - [#   6] ROR datasets.pynguin.programs.program_077: [0.00000 s] killed by test_case_0 (datasets.pynguin.tests.test_077.TestAll)

Traceback (most recent call last):
  File "C:\Users\skaspers\OneDrive - Capgemini\Documents\Prompted Testsuite Analysis\.\datasets\pynguin\tests\test_077.py", line 11, in test_case_0
    assert var_0 == pytest.approx(0.07142857142857142, abs=0.01, rel=0.01)
AssertionError

[*] Mutation score [0.05982 s]: 83.3%
   - all: 6
   - killed: 5 (83.3%)
   - survived: 1 (16.7%)
   - incompetent: 0 (0.0%)
   - timeout: 0 (0.0%)
HI SANDER, RUNNING MUTPY FROM: C:\Users\skaspers\OneDrive - Capgemini\Documents\Prompted Testsuite Analysis\.venv38\lib\site-packages\mutpy\commandline.py
