[*] Start mutation process:
   - targets: datasets.pynguin.programs.program_091
   - tests: datasets.pynguin.tests.test_091
[*] 2 tests passed:
   - datasets.pynguin.tests.test_091 [0.00000 s]
[*] Start mutants generation and execution:
   - [#   1] AOR datasets.pynguin.programs.program_091: [0.00092 s] killed by test_case_0 (datasets.pynguin.tests.test_091.TestAll)

Traceback (most recent call last):
  File "C:\Users\skaspers\OneDrive - Capgemini\Documents\Prompted Testsuite Analysis\.\datasets\pynguin\tests\test_091.py", line 8, in test_case_0
    assert var_0 == 51
AssertionError

   - [#   2] AOR datasets.pynguin.programs.program_091: [0.00000 s] killed by test_case_0 (datasets.pynguin.tests.test_091.TestAll)

Traceback (most recent call last):
  File "C:\Users\skaspers\OneDrive - Capgemini\Documents\Prompted Testsuite Analysis\.\datasets\pynguin\tests\test_091.py", line 8, in test_case_0
    assert var_0 == 51
AssertionError

   - [#   3] ASR datasets.pynguin.programs.program_091: [0.00000 s] killed by test_case_0 (datasets.pynguin.tests.test_091.TestAll)

Traceback (most recent call last):
  File "C:\Users\skaspers\OneDrive - Capgemini\Documents\Prompted Testsuite Analysis\.\datasets\pynguin\tests\test_091.py", line 8, in test_case_0
    assert var_0 == 51
AssertionError

   - [#   4] COI datasets.pynguin.programs.program_091: [0.00000 s] killed by test_case_0 (datasets.pynguin.tests.test_091.TestAll)

Traceback (most recent call last):
  File "C:\Users\skaspers\OneDrive - Capgemini\Documents\Prompted Testsuite Analysis\.\datasets\pynguin\tests\test_091.py", line 8, in test_case_0
    assert var_0 == 51
AssertionError

   - [#   5] LOR datasets.pynguin.programs.program_091: [0.00101 s] killed by test_case_0 (datasets.pynguin.tests.test_091.TestAll)

Traceback (most recent call last):
  File "C:\Users\skaspers\OneDrive - Capgemini\Documents\Prompted Testsuite Analysis\.\datasets\pynguin\tests\test_091.py", line 8, in test_case_0
    assert var_0 == 51
AssertionError

   - [#   6] ROR datasets.pynguin.programs.program_091: [0.00000 s] killed by test_case_0 (datasets.pynguin.tests.test_091.TestAll)

Traceback (most recent call last):
  File "C:\Users\skaspers\OneDrive - Capgemini\Documents\Prompted Testsuite Analysis\.\datasets\pynguin\tests\test_091.py", line 8, in test_case_0
    assert var_0 == 51
AssertionError

[*] Mutation score [0.06533 s]: 100.0%
   - all: 6
   - killed: 6 (100.0%)
   - survived: 0 (0.0%)
   - incompetent: 0 (0.0%)
   - timeout: 0 (0.0%)
