[*] Start mutation process:
   - targets: datasets.pynguin.programs.program_024
   - tests: datasets.pynguin.tests.test_024
[*] 1 tests passed:
   - datasets.pynguin.tests.test_024 [0.00000 s]
[*] Start mutants generation and execution:
   - [#   1] AOR datasets.pynguin.programs.program_024: [0.00102 s] killed by test_case_0 (datasets.pynguin.tests.test_024.TestAll)

Traceback (most recent call last):
  File "C:\Users\skaspers\OneDrive - Capgemini\Documents\Prompted Testsuite Analysis\.\datasets\pynguin\tests\test_024.py", line 13, in test_case_0
    assert var_1 is False
AssertionError

   - [#   2] COI datasets.pynguin.programs.program_024: [0.00100 s] killed by test_case_0 (datasets.pynguin.tests.test_024.TestAll)

Traceback (most recent call last):
  File "C:\Users\skaspers\OneDrive - Capgemini\Documents\Prompted Testsuite Analysis\.\datasets\pynguin\tests\test_024.py", line 11, in test_case_0
    assert var_0 is True
AssertionError

   - [#   3] ROR datasets.pynguin.programs.program_024: [0.00100 s] killed by test_case_0 (datasets.pynguin.tests.test_024.TestAll)

Traceback (most recent call last):
  File "C:\Users\skaspers\OneDrive - Capgemini\Documents\Prompted Testsuite Analysis\.\datasets\pynguin\tests\test_024.py", line 11, in test_case_0
    assert var_0 is True
AssertionError

[*] Mutation score [0.02808 s]: 100.0%
   - all: 3
   - killed: 3 (100.0%)
   - survived: 0 (0.0%)
   - incompetent: 0 (0.0%)
   - timeout: 0 (0.0%)
HI SANDER, RUNNING MUTPY FROM: C:\Users\skaspers\OneDrive - Capgemini\Documents\Prompted Testsuite Analysis\.venv38\lib\site-packages\mutpy\commandline.py
