[*] Start mutation process:
   - targets: datasets.GPT_4.Zero_shot1.programs.program_077
   - tests: datasets.GPT_4.Zero_shot1.tests.test_077
[*] 7 tests passed:
   - datasets.GPT_4.Zero_shot1.tests.test_077 [0.00100 s]
[*] Start mutants generation and execution:
   - [#   1] AOR datasets.GPT_4.Zero_shot1.programs.program_077: [0.00100 s] killed by test_7 (datasets.GPT_4.Zero_shot1.tests.test_077.TestVersion)

Traceback (most recent call last):
  File "C:\Users\skaspers\OneDrive - Capgemini\Documents\Prompted Testsuite Analysis\.\datasets\GPT_4\Zero_shot1\tests\test_077.py", line 25, in test_7
    self.assertIsInstance(zero_count([0, 1]), float)
AssertionError: 1 is not an instance of <class 'float'>

   - [#   2] AOR datasets.GPT_4.Zero_shot1.programs.program_077: [0.00000 s] killed by test_6 (datasets.GPT_4.Zero_shot1.tests.test_077.TestVersion)

Traceback (most recent call last):
  File "C:\Users\skaspers\OneDrive - Capgemini\Documents\Prompted Testsuite Analysis\.\datasets\GPT_4\Zero_shot1\tests\test_077.py", line 22, in test_6
    self.assertEqual(zero_count([0, 2, 2.0, 0.0]), 2 / 2)
AssertionError: 4 != 1.0

   - [#   3] AOR datasets.GPT_4.Zero_shot1.programs.program_077: [0.00000 s] killed by test_2 (datasets.GPT_4.Zero_shot1.tests.test_077.TestVersion)

Traceback (most recent call last):
  File "C:\Users\skaspers\OneDrive - Capgemini\Documents\Prompted Testsuite Analysis\.\datasets\GPT_4\Zero_shot1\tests\test_077.py", line 9, in test_2
    self.assertEqual(zero_count([0, 5]), 1.0)
AssertionError: 0.3333333333333333 != 1.0

   - [#   4] ASR datasets.GPT_4.Zero_shot1.programs.program_077: [0.00100 s] killed by test_2 (datasets.GPT_4.Zero_shot1.tests.test_077.TestVersion)

Traceback (most recent call last):
  File "C:\Users\skaspers\OneDrive - Capgemini\Documents\Prompted Testsuite Analysis\.\datasets\GPT_4\Zero_shot1\tests\test_077.py", line 9, in test_2
    self.assertEqual(zero_count([0, 5]), 1.0)
AssertionError: -0.3333333333333333 != 1.0

   - [#   5] COI datasets.GPT_4.Zero_shot1.programs.program_077: [0.00100 s] killed by test_1 (datasets.GPT_4.Zero_shot1.tests.test_077.TestVersion)

Traceback (most recent call last):
  File "C:\Users\skaspers\OneDrive - Capgemini\Documents\Prompted Testsuite Analysis\.\datasets\GPT_4\Zero_shot1\tests\test_077.py", line 6, in test_1
    self.assertEqual(zero_count([1, 2, 3]), 0.0)
  File "datasets.GPT_4.Zero_shot1.programs.program_077", line 10, in zero_count
ZeroDivisionError: division by zero

   - [#   6] ROR datasets.GPT_4.Zero_shot1.programs.program_077: [0.00152 s] killed by test_1 (datasets.GPT_4.Zero_shot1.tests.test_077.TestVersion)

Traceback (most recent call last):
  File "C:\Users\skaspers\OneDrive - Capgemini\Documents\Prompted Testsuite Analysis\.\datasets\GPT_4\Zero_shot1\tests\test_077.py", line 6, in test_1
    self.assertEqual(zero_count([1, 2, 3]), 0.0)
  File "datasets.GPT_4.Zero_shot1.programs.program_077", line 10, in zero_count
ZeroDivisionError: division by zero

[*] Mutation score [0.04854 s]: 100.0%
   - all: 6
   - killed: 6 (100.0%)
   - survived: 0 (0.0%)
   - incompetent: 0 (0.0%)
   - timeout: 0 (0.0%)
HI SANDER, RUNNING MUTPY FROM: C:\Users\skaspers\OneDrive - Capgemini\Documents\Prompted Testsuite Analysis\.venv38\lib\site-packages\mutpy\commandline.py
