[*] Start mutation process:
   - targets: datasets.GPT_4.Zero_shot1.programs.program_021
   - tests: datasets.GPT_4.Zero_shot1.tests.test_021
[*] 8 tests passed:
   - datasets.GPT_4.Zero_shot1.tests.test_021 [0.00000 s]
[*] Start mutants generation and execution:
   - [#   1] AOR datasets.GPT_4.Zero_shot1.programs.program_021: [0.00095 s] killed by test_2 (datasets.GPT_4.Zero_shot1.tests.test_021.TestVersion)

Traceback (most recent call last):
  File "C:\Users\skaspers\OneDrive - Capgemini\Documents\Prompted Testsuite Analysis\.\datasets\GPT_4\Zero_shot1\tests\test_021.py", line 9, in test_2
    self.assertEqual(is_sublist([1, 2, 3], [1, 2]), True)
AssertionError: False != True

   - [#   2] ASR datasets.GPT_4.Zero_shot1.programs.program_021: [0.00100 s] killed by test_2 (datasets.GPT_4.Zero_shot1.tests.test_021.TestVersion)

Traceback (most recent call last):
  File "C:\Users\skaspers\OneDrive - Capgemini\Documents\Prompted Testsuite Analysis\.\datasets\GPT_4\Zero_shot1\tests\test_021.py", line 9, in test_2
    self.assertEqual(is_sublist([1, 2, 3], [1, 2]), True)
AssertionError: False != True

   - [#   3] COI datasets.GPT_4.Zero_shot1.programs.program_021: [0.00100 s] killed by test_1 (datasets.GPT_4.Zero_shot1.tests.test_021.TestVersion)

Traceback (most recent call last):
  File "C:\Users\skaspers\OneDrive - Capgemini\Documents\Prompted Testsuite Analysis\.\datasets\GPT_4\Zero_shot1\tests\test_021.py", line 6, in test_1
    self.assertEqual(is_sublist([1, 2, 3, 4], [3, 5]), False)
AssertionError: True != False

   - [#   4] COI datasets.GPT_4.Zero_shot1.programs.program_021: [0.00100 s] killed by test_1 (datasets.GPT_4.Zero_shot1.tests.test_021.TestVersion)

Traceback (most recent call last):
  File "C:\Users\skaspers\OneDrive - Capgemini\Documents\Prompted Testsuite Analysis\.\datasets\GPT_4\Zero_shot1\tests\test_021.py", line 6, in test_1
    self.assertEqual(is_sublist([1, 2, 3, 4], [3, 5]), False)
AssertionError: True != False

   - [#   5] COI datasets.GPT_4.Zero_shot1.programs.program_021: [0.00109 s] killed by test_2 (datasets.GPT_4.Zero_shot1.tests.test_021.TestVersion)

Traceback (most recent call last):
  File "C:\Users\skaspers\OneDrive - Capgemini\Documents\Prompted Testsuite Analysis\.\datasets\GPT_4\Zero_shot1\tests\test_021.py", line 9, in test_2
    self.assertEqual(is_sublist([1, 2, 3], [1, 2]), True)
AssertionError: False != True

   - [#   6] COI datasets.GPT_4.Zero_shot1.programs.program_021: [0.00100 s] killed by test_1 (datasets.GPT_4.Zero_shot1.tests.test_021.TestVersion)

Traceback (most recent call last):
  File "C:\Users\skaspers\OneDrive - Capgemini\Documents\Prompted Testsuite Analysis\.\datasets\GPT_4\Zero_shot1\tests\test_021.py", line 6, in test_1
    self.assertEqual(is_sublist([1, 2, 3, 4], [3, 5]), False)
  File "datasets.GPT_4.Zero_shot1.programs.program_021", line 13, in is_sublist
IndexError: list index out of range

   - [#   7] COI datasets.GPT_4.Zero_shot1.programs.program_021: [5.05545 s] timeout
   - [#   8] COI datasets.GPT_4.Zero_shot1.programs.program_021: [0.00000 s] killed by test_1 (datasets.GPT_4.Zero_shot1.tests.test_021.TestVersion)

Traceback (most recent call last):
  File "C:\Users\skaspers\OneDrive - Capgemini\Documents\Prompted Testsuite Analysis\.\datasets\GPT_4\Zero_shot1\tests\test_021.py", line 6, in test_1
    self.assertEqual(is_sublist([1, 2, 3, 4], [3, 5]), False)
AssertionError: True != False

   - [#   9] LCR datasets.GPT_4.Zero_shot1.programs.program_021: [0.00109 s] killed by test_1 (datasets.GPT_4.Zero_shot1.tests.test_021.TestVersion)

Traceback (most recent call last):
  File "C:\Users\skaspers\OneDrive - Capgemini\Documents\Prompted Testsuite Analysis\.\datasets\GPT_4\Zero_shot1\tests\test_021.py", line 6, in test_1
    self.assertEqual(is_sublist([1, 2, 3, 4], [3, 5]), False)
  File "datasets.GPT_4.Zero_shot1.programs.program_021", line 13, in is_sublist
IndexError: list index out of range

   - [#  10] ROR datasets.GPT_4.Zero_shot1.programs.program_021: [0.00093 s] killed by test_1 (datasets.GPT_4.Zero_shot1.tests.test_021.TestVersion)

Traceback (most recent call last):
  File "C:\Users\skaspers\OneDrive - Capgemini\Documents\Prompted Testsuite Analysis\.\datasets\GPT_4\Zero_shot1\tests\test_021.py", line 6, in test_1
    self.assertEqual(is_sublist([1, 2, 3, 4], [3, 5]), False)
AssertionError: True != False

   - [#  11] ROR datasets.GPT_4.Zero_shot1.programs.program_021: [0.00099 s] killed by test_1 (datasets.GPT_4.Zero_shot1.tests.test_021.TestVersion)

Traceback (most recent call last):
  File "C:\Users\skaspers\OneDrive - Capgemini\Documents\Prompted Testsuite Analysis\.\datasets\GPT_4\Zero_shot1\tests\test_021.py", line 6, in test_1
    self.assertEqual(is_sublist([1, 2, 3, 4], [3, 5]), False)
AssertionError: True != False

   - [#  12] ROR datasets.GPT_4.Zero_shot1.programs.program_021: [0.00000 s] killed by test_2 (datasets.GPT_4.Zero_shot1.tests.test_021.TestVersion)

Traceback (most recent call last):
  File "C:\Users\skaspers\OneDrive - Capgemini\Documents\Prompted Testsuite Analysis\.\datasets\GPT_4\Zero_shot1\tests\test_021.py", line 9, in test_2
    self.assertEqual(is_sublist([1, 2, 3], [1, 2]), True)
AssertionError: False != True

   - [#  13] ROR datasets.GPT_4.Zero_shot1.programs.program_021: [0.00000 s] survived
   - [#  14] ROR datasets.GPT_4.Zero_shot1.programs.program_021: [0.00100 s] killed by test_1 (datasets.GPT_4.Zero_shot1.tests.test_021.TestVersion)

Traceback (most recent call last):
  File "C:\Users\skaspers\OneDrive - Capgemini\Documents\Prompted Testsuite Analysis\.\datasets\GPT_4\Zero_shot1\tests\test_021.py", line 6, in test_1
    self.assertEqual(is_sublist([1, 2, 3, 4], [3, 5]), False)
  File "datasets.GPT_4.Zero_shot1.programs.program_021", line 13, in is_sublist
IndexError: list index out of range

   - [#  15] ROR datasets.GPT_4.Zero_shot1.programs.program_021: [0.00099 s] killed by test_2 (datasets.GPT_4.Zero_shot1.tests.test_021.TestVersion)

Traceback (most recent call last):
  File "C:\Users\skaspers\OneDrive - Capgemini\Documents\Prompted Testsuite Analysis\.\datasets\GPT_4\Zero_shot1\tests\test_021.py", line 9, in test_2
    self.assertEqual(is_sublist([1, 2, 3], [1, 2]), True)
AssertionError: False != True

   - [#  16] ROR datasets.GPT_4.Zero_shot1.programs.program_021: [0.00105 s] killed by test_2 (datasets.GPT_4.Zero_shot1.tests.test_021.TestVersion)

Traceback (most recent call last):
  File "C:\Users\skaspers\OneDrive - Capgemini\Documents\Prompted Testsuite Analysis\.\datasets\GPT_4\Zero_shot1\tests\test_021.py", line 9, in test_2
    self.assertEqual(is_sublist([1, 2, 3], [1, 2]), True)
  File "datasets.GPT_4.Zero_shot1.programs.program_021", line 13, in is_sublist
IndexError: list index out of range

   - [#  17] ROR datasets.GPT_4.Zero_shot1.programs.program_021: [0.00100 s] killed by test_1 (datasets.GPT_4.Zero_shot1.tests.test_021.TestVersion)

Traceback (most recent call last):
  File "C:\Users\skaspers\OneDrive - Capgemini\Documents\Prompted Testsuite Analysis\.\datasets\GPT_4\Zero_shot1\tests\test_021.py", line 6, in test_1
    self.assertEqual(is_sublist([1, 2, 3, 4], [3, 5]), False)
AssertionError: True != False

   - [#  18] ROR datasets.GPT_4.Zero_shot1.programs.program_021: [0.00100 s] killed by test_1 (datasets.GPT_4.Zero_shot1.tests.test_021.TestVersion)

Traceback (most recent call last):
  File "C:\Users\skaspers\OneDrive - Capgemini\Documents\Prompted Testsuite Analysis\.\datasets\GPT_4\Zero_shot1\tests\test_021.py", line 6, in test_1
    self.assertEqual(is_sublist([1, 2, 3, 4], [3, 5]), False)
AssertionError: True != False

[*] Mutation score [5.18649 s]: 94.4%
   - all: 18
   - killed: 16 (88.9%)
   - survived: 1 (5.6%)
   - incompetent: 0 (0.0%)
   - timeout: 1 (5.6%)
HI SANDER, RUNNING MUTPY FROM: C:\Users\skaspers\OneDrive - Capgemini\Documents\Prompted Testsuite Analysis\.venv38\lib\site-packages\mutpy\commandline.py
