[*] Start mutation process:
   - targets: datasets.GPT_4.Zero_shot1.programs.program_092
   - tests: datasets.GPT_4.Zero_shot1.tests.test_092
[*] 8 tests passed:
   - datasets.GPT_4.Zero_shot1.tests.test_092 [0.00000 s]
[*] Start mutants generation and execution:
   - [#   1] AOR datasets.GPT_4.Zero_shot1.programs.program_092: [0.00201 s] killed by test_3 (datasets.GPT_4.Zero_shot1.tests.test_092.TestVersion)

Traceback (most recent call last):
  File "C:\Users\skaspers\OneDrive - Capgemini\Documents\Prompted Testsuite Analysis\.\datasets\GPT_4\Zero_shot1\tests\test_092.py", line 9, in test_3
    self.assertEqual(next_power_of_2(2), 2)
AssertionError: 4 != 2

   - [#   2] ASR datasets.GPT_4.Zero_shot1.programs.program_092: [0.00108 s] killed by test_12 (datasets.GPT_4.Zero_shot1.tests.test_092.TestVersion)

Traceback (most recent call last):
  File "C:\Users\skaspers\OneDrive - Capgemini\Documents\Prompted Testsuite Analysis\.\datasets\GPT_4\Zero_shot1\tests\test_092.py", line 33, in test_12
    self.assertIsInstance(next_power_of_2(2047), int)
  File "datasets.GPT_4.Zero_shot1.programs.program_092", line 10, in next_power_of_2
ValueError: negative shift count

   - [#   3] COD datasets.GPT_4.Zero_shot1.programs.program_092: [0.00101 s] killed by test_2 (datasets.GPT_4.Zero_shot1.tests.test_092.TestVersion)

Traceback (most recent call last):
  File "C:\Users\skaspers\OneDrive - Capgemini\Documents\Prompted Testsuite Analysis\.\datasets\GPT_4\Zero_shot1\tests\test_092.py", line 6, in test_2
    self.assertEqual(next_power_of_2(1), 1)
AssertionError: 2 != 1

   - [#   4] COI datasets.GPT_4.Zero_shot1.programs.program_092: [0.00100 s] killed by test_2 (datasets.GPT_4.Zero_shot1.tests.test_092.TestVersion)

Traceback (most recent call last):
  File "C:\Users\skaspers\OneDrive - Capgemini\Documents\Prompted Testsuite Analysis\.\datasets\GPT_4\Zero_shot1\tests\test_092.py", line 6, in test_2
    self.assertEqual(next_power_of_2(1), 1)
AssertionError: 2 != 1

   - [#   5] COI datasets.GPT_4.Zero_shot1.programs.program_092: [0.00104 s] killed by test_4 (datasets.GPT_4.Zero_shot1.tests.test_092.TestVersion)

Traceback (most recent call last):
  File "C:\Users\skaspers\OneDrive - Capgemini\Documents\Prompted Testsuite Analysis\.\datasets\GPT_4\Zero_shot1\tests\test_092.py", line 12, in test_4
    self.assertEqual(next_power_of_2(3), 4)
AssertionError: 1 != 4

   - [#   6] LCR datasets.GPT_4.Zero_shot1.programs.program_092: [0.00103 s] killed by test_4 (datasets.GPT_4.Zero_shot1.tests.test_092.TestVersion)

Traceback (most recent call last):
  File "C:\Users\skaspers\OneDrive - Capgemini\Documents\Prompted Testsuite Analysis\.\datasets\GPT_4\Zero_shot1\tests\test_092.py", line 12, in test_4
    self.assertEqual(next_power_of_2(3), 4)
AssertionError: 3 != 4

   - [#   7] LOR datasets.GPT_4.Zero_shot1.programs.program_092: [0.00000 s] killed by test_2 (datasets.GPT_4.Zero_shot1.tests.test_092.TestVersion)

Traceback (most recent call last):
  File "C:\Users\skaspers\OneDrive - Capgemini\Documents\Prompted Testsuite Analysis\.\datasets\GPT_4\Zero_shot1\tests\test_092.py", line 6, in test_2
    self.assertEqual(next_power_of_2(1), 1)
AssertionError: 2 != 1

   - [#   8] LOR datasets.GPT_4.Zero_shot1.programs.program_092: [5.04629 s] timeout
   - [#   9] LOR datasets.GPT_4.Zero_shot1.programs.program_092: [0.00090 s] killed by test_4 (datasets.GPT_4.Zero_shot1.tests.test_092.TestVersion)

Traceback (most recent call last):
  File "C:\Users\skaspers\OneDrive - Capgemini\Documents\Prompted Testsuite Analysis\.\datasets\GPT_4\Zero_shot1\tests\test_092.py", line 12, in test_4
    self.assertEqual(next_power_of_2(3), 4)
AssertionError: 0 != 4

   - [#  10] ROR datasets.GPT_4.Zero_shot1.programs.program_092: [0.00102 s] killed by test_4 (datasets.GPT_4.Zero_shot1.tests.test_092.TestVersion)

Traceback (most recent call last):
  File "C:\Users\skaspers\OneDrive - Capgemini\Documents\Prompted Testsuite Analysis\.\datasets\GPT_4\Zero_shot1\tests\test_092.py", line 12, in test_4
    self.assertEqual(next_power_of_2(3), 4)
AssertionError: 1 != 4

[*] Mutation score [5.10984 s]: 100.0%
   - all: 10
   - killed: 9 (90.0%)
   - survived: 0 (0.0%)
   - incompetent: 0 (0.0%)
   - timeout: 1 (10.0%)
HI SANDER, RUNNING MUTPY FROM: C:\Users\skaspers\OneDrive - Capgemini\Documents\Prompted Testsuite Analysis\.venv38\lib\site-packages\mutpy\commandline.py
