[*] Start mutation process:
   - targets: datasets.GPT_4.Zero_shot1.programs.program_024
   - tests: datasets.GPT_4.Zero_shot1.tests.test_024
[*] 7 tests passed:
   - datasets.GPT_4.Zero_shot1.tests.test_024 [0.00000 s]
[*] Start mutants generation and execution:
   - [#   1] AOR datasets.GPT_4.Zero_shot1.programs.program_024: [0.00101 s] killed by test_2 (datasets.GPT_4.Zero_shot1.tests.test_024.TestVersion)

Traceback (most recent call last):
  File "C:\Users\skaspers\OneDrive - Capgemini\Documents\Prompted Testsuite Analysis\.\datasets\GPT_4\Zero_shot1\tests\test_024.py", line 9, in test_2
    self.assertEqual(dif_Square(2), False)
AssertionError: True != False

   - [#   2] COI datasets.GPT_4.Zero_shot1.programs.program_024: [0.00000 s] killed by test_1 (datasets.GPT_4.Zero_shot1.tests.test_024.TestVersion)

Traceback (most recent call last):
  File "C:\Users\skaspers\OneDrive - Capgemini\Documents\Prompted Testsuite Analysis\.\datasets\GPT_4\Zero_shot1\tests\test_024.py", line 6, in test_1
    self.assertEqual(dif_Square(1), True)
AssertionError: False != True

   - [#   3] ROR datasets.GPT_4.Zero_shot1.programs.program_024: [0.00100 s] killed by test_1 (datasets.GPT_4.Zero_shot1.tests.test_024.TestVersion)

Traceback (most recent call last):
  File "C:\Users\skaspers\OneDrive - Capgemini\Documents\Prompted Testsuite Analysis\.\datasets\GPT_4\Zero_shot1\tests\test_024.py", line 6, in test_1
    self.assertEqual(dif_Square(1), True)
AssertionError: False != True

[*] Mutation score [0.02900 s]: 100.0%
   - all: 3
   - killed: 3 (100.0%)
   - survived: 0 (0.0%)
   - incompetent: 0 (0.0%)
   - timeout: 0 (0.0%)
HI SANDER, RUNNING MUTPY FROM: C:\Users\skaspers\OneDrive - Capgemini\Documents\Prompted Testsuite Analysis\.venv38\lib\site-packages\mutpy\commandline.py
