[*] Start mutation process:
   - targets: datasets.GPT_4.Zero_shot1.programs.program_025
   - tests: datasets.GPT_4.Zero_shot1.tests.test_025
[*] 8 tests passed:
   - datasets.GPT_4.Zero_shot1.tests.test_025 [0.00000 s]
[*] Start mutants generation and execution:
   - [#   1] AOR datasets.GPT_4.Zero_shot1.programs.program_025: [0.00200 s] killed by test_2 (datasets.GPT_4.Zero_shot1.tests.test_025.TestVersion)

Traceback (most recent call last):
  File "C:\Users\skaspers\OneDrive - Capgemini\Documents\Prompted Testsuite Analysis\.\datasets\GPT_4\Zero_shot1\tests\test_025.py", line 9, in test_2
    self.assertEqual(is_samepatterns(['x', 'y', 'z'], ['a', 'b', 'c']), True)
  File "datasets.GPT_4.Zero_shot1.programs.program_025", line 23, in is_samepatterns
IndexError: list index out of range

   - [#   2] AOR datasets.GPT_4.Zero_shot1.programs.program_025: [0.00100 s] survived
   - [#   3] COD datasets.GPT_4.Zero_shot1.programs.program_025: [0.00099 s] killed by test_1 (datasets.GPT_4.Zero_shot1.tests.test_025.TestVersion)

Traceback (most recent call last):
  File "C:\Users\skaspers\OneDrive - Capgemini\Documents\Prompted Testsuite Analysis\.\datasets\GPT_4\Zero_shot1\tests\test_025.py", line 6, in test_1
    self.assertEqual(is_samepatterns(['red', 'green', 'red'], ['a', 'b', 'c']), False)
  File "datasets.GPT_4.Zero_shot1.programs.program_025", line 13, in is_samepatterns
KeyError: 'a'

   - [#   4] COI datasets.GPT_4.Zero_shot1.programs.program_025: [0.00100 s] killed by test_2 (datasets.GPT_4.Zero_shot1.tests.test_025.TestVersion)

Traceback (most recent call last):
  File "C:\Users\skaspers\OneDrive - Capgemini\Documents\Prompted Testsuite Analysis\.\datasets\GPT_4\Zero_shot1\tests\test_025.py", line 9, in test_2
    self.assertEqual(is_samepatterns(['x', 'y', 'z'], ['a', 'b', 'c']), True)
AssertionError: False != True

   - [#   5] COI datasets.GPT_4.Zero_shot1.programs.program_025: [0.00100 s] killed by test_1 (datasets.GPT_4.Zero_shot1.tests.test_025.TestVersion)

Traceback (most recent call last):
  File "C:\Users\skaspers\OneDrive - Capgemini\Documents\Prompted Testsuite Analysis\.\datasets\GPT_4\Zero_shot1\tests\test_025.py", line 6, in test_1
    self.assertEqual(is_samepatterns(['red', 'green', 'red'], ['a', 'b', 'c']), False)
  File "datasets.GPT_4.Zero_shot1.programs.program_025", line 13, in is_samepatterns
KeyError: 'a'

   - [#   6] COI datasets.GPT_4.Zero_shot1.programs.program_025: [0.00000 s] killed by test_1 (datasets.GPT_4.Zero_shot1.tests.test_025.TestVersion)

Traceback (most recent call last):
  File "C:\Users\skaspers\OneDrive - Capgemini\Documents\Prompted Testsuite Analysis\.\datasets\GPT_4\Zero_shot1\tests\test_025.py", line 6, in test_1
    self.assertEqual(is_samepatterns(['red', 'green', 'red'], ['a', 'b', 'c']), False)
AssertionError: True != False

   - [#   7] COI datasets.GPT_4.Zero_shot1.programs.program_025: [0.00000 s] killed by test_3 (datasets.GPT_4.Zero_shot1.tests.test_025.TestVersion)

Traceback (most recent call last):
  File "C:\Users\skaspers\OneDrive - Capgemini\Documents\Prompted Testsuite Analysis\.\datasets\GPT_4\Zero_shot1\tests\test_025.py", line 12, in test_3
    self.assertEqual(is_samepatterns(['x', 'x', 'y'], ['a', 'b', 'a']), False)
AssertionError: True != False

   - [#   8] ROR datasets.GPT_4.Zero_shot1.programs.program_025: [0.00101 s] killed by test_2 (datasets.GPT_4.Zero_shot1.tests.test_025.TestVersion)

Traceback (most recent call last):
  File "C:\Users\skaspers\OneDrive - Capgemini\Documents\Prompted Testsuite Analysis\.\datasets\GPT_4\Zero_shot1\tests\test_025.py", line 9, in test_2
    self.assertEqual(is_samepatterns(['x', 'y', 'z'], ['a', 'b', 'c']), True)
AssertionError: False != True

   - [#   9] ROR datasets.GPT_4.Zero_shot1.programs.program_025: [0.00098 s] killed by test_1 (datasets.GPT_4.Zero_shot1.tests.test_025.TestVersion)

Traceback (most recent call last):
  File "C:\Users\skaspers\OneDrive - Capgemini\Documents\Prompted Testsuite Analysis\.\datasets\GPT_4\Zero_shot1\tests\test_025.py", line 6, in test_1
    self.assertEqual(is_samepatterns(['red', 'green', 'red'], ['a', 'b', 'c']), False)
AssertionError: True != False

   - [#  10] ROR datasets.GPT_4.Zero_shot1.programs.program_025: [0.00119 s] killed by test_3 (datasets.GPT_4.Zero_shot1.tests.test_025.TestVersion)

Traceback (most recent call last):
  File "C:\Users\skaspers\OneDrive - Capgemini\Documents\Prompted Testsuite Analysis\.\datasets\GPT_4\Zero_shot1\tests\test_025.py", line 12, in test_3
    self.assertEqual(is_samepatterns(['x', 'x', 'y'], ['a', 'b', 'a']), False)
AssertionError: True != False

[*] Mutation score [0.12492 s]: 90.0%
   - all: 10
   - killed: 9 (90.0%)
   - survived: 1 (10.0%)
   - incompetent: 0 (0.0%)
   - timeout: 0 (0.0%)
HI SANDER, RUNNING MUTPY FROM: C:\Users\skaspers\OneDrive - Capgemini\Documents\Prompted Testsuite Analysis\.venv38\lib\site-packages\mutpy\commandline.py
