[*] Start mutation process:
   - targets: datasets.GPT_4.Zero_shot1.programs.program_099
   - tests: datasets.GPT_4.Zero_shot1.tests.test_099
[*] 6 tests passed:
   - datasets.GPT_4.Zero_shot1.tests.test_099 [0.00000 s]
[*] Start mutants generation and execution:
   - [#   1] ASR datasets.GPT_4.Zero_shot1.programs.program_099: [0.00000 s] killed by test_1 (datasets.GPT_4.Zero_shot1.tests.test_099.TestVersion)

Traceback (most recent call last):
  File "C:\Users\skaspers\OneDrive - Capgemini\Documents\Prompted Testsuite Analysis\.\datasets\GPT_4\Zero_shot1\tests\test_099.py", line 6, in test_1
    self.assertEqual(count_Set_Bits(1), 1)
AssertionError: -1 != 1

   - [#   2] COI datasets.GPT_4.Zero_shot1.programs.program_099: [0.00000 s] killed by test_1 (datasets.GPT_4.Zero_shot1.tests.test_099.TestVersion)

Traceback (most recent call last):
  File "C:\Users\skaspers\OneDrive - Capgemini\Documents\Prompted Testsuite Analysis\.\datasets\GPT_4\Zero_shot1\tests\test_099.py", line 6, in test_1
    self.assertEqual(count_Set_Bits(1), 1)
AssertionError: 0 != 1

   - [#   3] LOR datasets.GPT_4.Zero_shot1.programs.program_099: [0.00000 s] killed by test_2 (datasets.GPT_4.Zero_shot1.tests.test_099.TestVersion)

Traceback (most recent call last):
  File "C:\Users\skaspers\OneDrive - Capgemini\Documents\Prompted Testsuite Analysis\.\datasets\GPT_4\Zero_shot1\tests\test_099.py", line 9, in test_2
    self.assertEqual(count_Set_Bits(2), 1)
AssertionError: 4 != 1

   - [#   4] LOR datasets.GPT_4.Zero_shot1.programs.program_099: [5.05577 s] timeout
[*] Mutation score [5.07786 s]: 100.0%
   - all: 4
   - killed: 3 (75.0%)
   - survived: 0 (0.0%)
   - incompetent: 0 (0.0%)
   - timeout: 1 (25.0%)
HI SANDER, RUNNING MUTPY FROM: C:\Users\skaspers\OneDrive - Capgemini\Documents\Prompted Testsuite Analysis\.venv38\lib\site-packages\mutpy\commandline.py
