[*] Start mutation process:
   - targets: datasets.GPT_4.Zero_shot1.programs.program_059
   - tests: datasets.GPT_4.Zero_shot1.tests.test_059
[*] 7 tests passed:
   - datasets.GPT_4.Zero_shot1.tests.test_059 [0.00000 s]
[*] Start mutants generation and execution:
   - [#   1] COD datasets.GPT_4.Zero_shot1.programs.program_059: [0.00753 s] killed by test_1 (datasets.GPT_4.Zero_shot1.tests.test_059.TestVersion)

Traceback (most recent call last):
  File "C:\Users\skaspers\OneDrive - Capgemini\Documents\Prompted Testsuite Analysis\.\datasets\GPT_4\Zero_shot1\tests\test_059.py", line 6, in test_1
    self.assertTrue(empty_dit([{}, {}, {}]))
AssertionError: False is not true

[*] Mutation score [0.03251 s]: 100.0%
   - all: 1
   - killed: 1 (100.0%)
   - survived: 0 (0.0%)
   - incompetent: 0 (0.0%)
   - timeout: 0 (0.0%)
HI SANDER, RUNNING MUTPY FROM: C:\Users\skaspers\OneDrive - Capgemini\Documents\Prompted Testsuite Analysis\.venv38\lib\site-packages\mutpy\commandline.py
