[*] Start mutation process:
   - targets: datasets.GPT_4.Zero_shot1.programs.program_034
   - tests: datasets.GPT_4.Zero_shot1.tests.test_034
[*] 8 tests passed:
   - datasets.GPT_4.Zero_shot1.tests.test_034 [0.00000 s]
[*] Start mutants generation and execution:
   - [#   1] AOR datasets.GPT_4.Zero_shot1.programs.program_034: [0.00100 s] killed by test_2 (datasets.GPT_4.Zero_shot1.tests.test_034.TestVersion)

Traceback (most recent call last):
  File "C:\Users\skaspers\OneDrive - Capgemini\Documents\Prompted Testsuite Analysis\.\datasets\GPT_4\Zero_shot1\tests\test_034.py", line 9, in test_2
    self.assertEqual(centered_hexagonal_number(2), 7)
AssertionError: 2.5 != 7

   - [#   2] AOR datasets.GPT_4.Zero_shot1.programs.program_034: [0.00100 s] killed by test_2 (datasets.GPT_4.Zero_shot1.tests.test_034.TestVersion)

Traceback (most recent call last):
  File "C:\Users\skaspers\OneDrive - Capgemini\Documents\Prompted Testsuite Analysis\.\datasets\GPT_4\Zero_shot1\tests\test_034.py", line 9, in test_2
    self.assertEqual(centered_hexagonal_number(2), 7)
AssertionError: 2 != 7

   - [#   3] AOR datasets.GPT_4.Zero_shot1.programs.program_034: [0.00000 s] killed by test_2 (datasets.GPT_4.Zero_shot1.tests.test_034.TestVersion)

Traceback (most recent call last):
  File "C:\Users\skaspers\OneDrive - Capgemini\Documents\Prompted Testsuite Analysis\.\datasets\GPT_4\Zero_shot1\tests\test_034.py", line 9, in test_2
    self.assertEqual(centered_hexagonal_number(2), 7)
AssertionError: 10 != 7

   - [#   4] AOR datasets.GPT_4.Zero_shot1.programs.program_034: [0.00100 s] killed by test_1 (datasets.GPT_4.Zero_shot1.tests.test_034.TestVersion)

Traceback (most recent call last):
  File "C:\Users\skaspers\OneDrive - Capgemini\Documents\Prompted Testsuite Analysis\.\datasets\GPT_4\Zero_shot1\tests\test_034.py", line 6, in test_1
    self.assertEqual(centered_hexagonal_number(1), 1)
  File "datasets.GPT_4.Zero_shot1.programs.program_034", line 2, in centered_hexagonal_number
ZeroDivisionError: division by zero

   - [#   5] AOR datasets.GPT_4.Zero_shot1.programs.program_034: [0.00100 s] killed by test_1 (datasets.GPT_4.Zero_shot1.tests.test_034.TestVersion)

Traceback (most recent call last):
  File "C:\Users\skaspers\OneDrive - Capgemini\Documents\Prompted Testsuite Analysis\.\datasets\GPT_4\Zero_shot1\tests\test_034.py", line 6, in test_1
    self.assertEqual(centered_hexagonal_number(1), 1)
  File "datasets.GPT_4.Zero_shot1.programs.program_034", line 2, in centered_hexagonal_number
ZeroDivisionError: integer division or modulo by zero

   - [#   6] AOR datasets.GPT_4.Zero_shot1.programs.program_034: [0.00000 s] killed by test_1 (datasets.GPT_4.Zero_shot1.tests.test_034.TestVersion)

Traceback (most recent call last):
  File "C:\Users\skaspers\OneDrive - Capgemini\Documents\Prompted Testsuite Analysis\.\datasets\GPT_4\Zero_shot1\tests\test_034.py", line 6, in test_1
    self.assertEqual(centered_hexagonal_number(1), 1)
AssertionError: 2 != 1

   - [#   7] AOR datasets.GPT_4.Zero_shot1.programs.program_034: [0.00100 s] killed by test_1 (datasets.GPT_4.Zero_shot1.tests.test_034.TestVersion)

Traceback (most recent call last):
  File "C:\Users\skaspers\OneDrive - Capgemini\Documents\Prompted Testsuite Analysis\.\datasets\GPT_4\Zero_shot1\tests\test_034.py", line 6, in test_1
    self.assertEqual(centered_hexagonal_number(1), 1)
AssertionError: 7 != 1

   - [#   8] AOR datasets.GPT_4.Zero_shot1.programs.program_034: [0.00100 s] killed by test_1 (datasets.GPT_4.Zero_shot1.tests.test_034.TestVersion)

Traceback (most recent call last):
  File "C:\Users\skaspers\OneDrive - Capgemini\Documents\Prompted Testsuite Analysis\.\datasets\GPT_4\Zero_shot1\tests\test_034.py", line 6, in test_1
    self.assertEqual(centered_hexagonal_number(1), 1)
AssertionError: -1 != 1

[*] Mutation score [0.04044 s]: 100.0%
   - all: 8
   - killed: 8 (100.0%)
   - survived: 0 (0.0%)
   - incompetent: 0 (0.0%)
   - timeout: 0 (0.0%)
HI SANDER, RUNNING MUTPY FROM: C:\Users\skaspers\OneDrive - Capgemini\Documents\Prompted Testsuite Analysis\.venv38\lib\site-packages\mutpy\commandline.py
