[*] Start mutation process:
   - targets: datasets.GPT_4.Zero_shot1.programs.program_072
   - tests: datasets.GPT_4.Zero_shot1.tests.test_072
[*] 6 tests passed:
   - datasets.GPT_4.Zero_shot1.tests.test_072 [0.00000 s]
[*] Start mutants generation and execution:
   - [#   1] ASR datasets.GPT_4.Zero_shot1.programs.program_072: [0.00000 s] killed by test_4 (datasets.GPT_4.Zero_shot1.tests.test_072.TestVersion)

Traceback (most recent call last):
  File "C:\Users\skaspers\OneDrive - Capgemini\Documents\Prompted Testsuite Analysis\.\datasets\GPT_4\Zero_shot1\tests\test_072.py", line 15, in test_4
    self.assertEqual(max_occurrences(["a", "b", "a"]), "a")
AssertionError: 'b' != 'a'
- b
+ a


[*] Mutation score [0.01915 s]: 100.0%
   - all: 1
   - killed: 1 (100.0%)
   - survived: 0 (0.0%)
   - incompetent: 0 (0.0%)
   - timeout: 0 (0.0%)
HI SANDER, RUNNING MUTPY FROM: C:\Users\skaspers\OneDrive - Capgemini\Documents\Prompted Testsuite Analysis\.venv38\lib\site-packages\mutpy\commandline.py
