<!DOCTYPE html>
<html>
<head>
    <title>MutPy mutation report - mutation #3</title>
    <meta name="viewport" content="width=device-width, initial-scale=1.0">
    <link rel="stylesheet" href="https://netdna.bootstrapcdn.com/bootstrap/3.0.3/css/bootstrap.min.css">
    
<link href="http://alexgorbatchev.com/pub/sh/current/styles/shCore.css" rel="stylesheet" type="text/css" />
<link href="http://alexgorbatchev.com/pub/sh/current/styles/shThemeDefault.css" rel="stylesheet" type="text/css" />

    <script src="https://code.jquery.com/jquery.js"></script>
    <script src="https://netdna.bootstrapcdn.com/bootstrap/3.0.3/js/bootstrap.min.js"></script>
    <!--[if lt IE 9]>
    <script src="https://oss.maxcdn.com/libs/html5shiv/3.7.0/html5shiv.js"></script>
    <script src="https://oss.maxcdn.com/libs/respond.js/1.3.0/respond.min.js"></script>
    <![endif]-->
    
<script src="http://alexgorbatchev.com/pub/sh/current/scripts/shCore.js" type="text/javascript"></script>
<script src="http://alexgorbatchev.com/pub/sh/current/scripts/shBrushPython.js" type="text/javascript"></script>
<script type="text/javascript">
    SyntaxHighlighter.all();
    window.setTimeout(function () {
        
        $('.line.number2').attr('title', 'AOR');
        
    }, 0);
</script>

</head>
<body>
    <div class="container">
        
<div class="page-header">
    <h1>Mutation #3</h1>
</div>
<h3>Details</h3>
<ul>
    <li>module - <code><module 'datasets.GPT_4.Chain_of_thought1.programs.program_079' from 'C:\\Users\\skaspers\\OneDrive - Capgemini\\Documents\\Prompted Testsuite Analysis\\.\\datasets\\GPT_4\\Chain_of_thought1\\programs\\program_079.py'></code></li>
    <li><span class="label label-success">killed</span> by <code>test_boolean_input (datasets.GPT_4.Chain_of_thought1.tests.test_079.TestVersion)</code></li>
    
    <li>duration - 0.001 s</li>
    
    
    <li>tests run - 1</li>
    
</ul>

<h3>Exception traceback</h3>
<pre>Traceback (most recent call last):
  File "C:\Users\skaspers\OneDrive - Capgemini\Documents\Prompted Testsuite Analysis\.\datasets\GPT_4\Chain_of_thought1\tests\test_079.py", line 17, in test_boolean_input
    def test_boolean_input(self): self.assertAlmostEqual(circle_circumference(True), 6.283, places=3)
AssertionError: 8.824411082479122 != 6.283 within 3 places (2.5414110824791214 difference)
</pre>

<h3>Mutations</h3>
<ul>
    
    <li>AOR - line 2</li>
    
</ul>
<h3>Mutant</h3>
<pre class="brush: python; first-line: 1; highlight: [2]; toolbar: false;">def circle_circumference(r):
    perimeter = (2 ** 3.1415) * r
    return perimeter</pre>

    </div>
</body>
</html>