Traceback (most recent call last):
  File "C:\Users\skaspers\AppData\Local\Programs\Python\Python38\lib\runpy.py", line 194, in _run_module_as_main
    return _run_code(code, main_globals, None,
  File "C:\Users\skaspers\AppData\Local\Programs\Python\Python38\lib\runpy.py", line 87, in _run_code
    exec(code, run_globals)
  File "C:\Users\skaspers\OneDrive - Capgemini\Documents\Prompted Testsuite Analysis\.venv38\lib\site-packages\mutpy\commandline.py", line 184, in <module>
    main(sys.argv[1:])
  File "C:\Users\skaspers\OneDrive - Capgemini\Documents\Prompted Testsuite Analysis\.venv38\lib\site-packages\mutpy\commandline.py", line 10, in main
    run_mutpy(parser)
  File "C:\Users\skaspers\OneDrive - Capgemini\Documents\Prompted Testsuite Analysis\.venv38\lib\site-packages\mutpy\commandline.py", line 63, in run_mutpy
    mutation_controller.run()
  File "C:\Users\skaspers\OneDrive - Capgemini\Documents\Prompted Testsuite Analysis\.venv38\lib\site-packages\mutpy\controller.py", line 66, in run
    self.run_mutation_process()
  File "C:\Users\skaspers\OneDrive - Capgemini\Documents\Prompted Testsuite Analysis\.venv38\lib\site-packages\mutpy\controller.py", line 85, in run_mutation_process
    self.mutate_module(target_module, to_mutate, total_duration)
  File "C:\Users\skaspers\OneDrive - Capgemini\Documents\Prompted Testsuite Analysis\.venv38\lib\site-packages\mutpy\utils.py", line 304, in __call__
    result = self.method(*args, **kwargs)
  File "C:\Users\skaspers\OneDrive - Capgemini\Documents\Prompted Testsuite Analysis\.venv38\lib\site-packages\mutpy\controller.py", line 122, in mutate_module
    self.run_tests_with_mutant(total_duration, mutant_module, mutations, coverage_result)
  File "C:\Users\skaspers\OneDrive - Capgemini\Documents\Prompted Testsuite Analysis\.venv38\lib\site-packages\mutpy\controller.py", line 148, in run_tests_with_mutant
    self.update_score_and_notify_views(result, duration)
  File "C:\Users\skaspers\OneDrive - Capgemini\Documents\Prompted Testsuite Analysis\.venv38\lib\site-packages\mutpy\controller.py", line 158, in update_score_and_notify_views
    self.update_killed_mutant(result, mutant_duration)
  File "C:\Users\skaspers\OneDrive - Capgemini\Documents\Prompted Testsuite Analysis\.venv38\lib\site-packages\mutpy\controller.py", line 173, in update_killed_mutant
    self.notify_killed(duration, result.killer, result.exception_traceback, result.tests_run)
  File "C:\Users\skaspers\OneDrive - Capgemini\Documents\Prompted Testsuite Analysis\.venv38\lib\site-packages\mutpy\views.py", line 35, in <lambda>
    return lambda *args, **kwargs: self.notify_all_views(notify, *args, **kwargs)
  File "C:\Users\skaspers\OneDrive - Capgemini\Documents\Prompted Testsuite Analysis\.venv38\lib\site-packages\mutpy\views.py", line 30, in notify_all_views
    attr(*args, **kwargs)
  File "C:\Users\skaspers\OneDrive - Capgemini\Documents\Prompted Testsuite Analysis\.venv38\lib\site-packages\mutpy\views.py", line 208, in killed
    self.end_mutation(
  File "C:\Users\skaspers\OneDrive - Capgemini\Documents\Prompted Testsuite Analysis\.venv38\lib\site-packages\mutpy\views.py", line 281, in end_mutation
    report_file.write(report)
  File "C:\Users\skaspers\AppData\Local\Programs\Python\Python38\lib\encodings\cp1252.py", line 19, in encode
    return codecs.charmap_encode(input,self.errors,encoding_table)[0]
UnicodeEncodeError: 'charmap' codec can't encode character '\u2406' in position 2169: character maps to <undefined>
[*] Start mutation process:
   - targets: datasets.o3.programs.program_031
   - tests: datasets.o3.tests.test_031
[*] 5 tests passed:
   - datasets.o3.tests.test_031 [0.00000 s]
[*] Start mutants generation and execution:
   - [#   1] AOR datasets.o3.programs.program_031: [0.00000 s] killed by test_get_char_multiple_wrap (datasets.o3.tests.test_031.TestVersion)

Traceback (most recent call last):
  File "C:\Users\skaspers\OneDrive - Capgemini\Documents\Prompted Testsuite Analysis\.\datasets\o3\tests\test_031.py", line 12, in test_get_char_multiple_wrap
    self.assertEqual(get_Char("zzz"), 122)
AssertionError: 'j' != 122

   - [#   2] AOR datasets.o3.programs.program_031: [0.00000 s] killed by test_get_char_multiple_wrap (datasets.o3.tests.test_031.TestVersion)

Traceback (most recent call last):
  File "C:\Users\skaspers\OneDrive - Capgemini\Documents\Prompted Testsuite Analysis\.\datasets\o3\tests\test_031.py", line 12, in test_get_char_multiple_wrap
    self.assertEqual(get_Char("zzz"), 122)
AssertionError: 't' != 122

   - [#   3] AOR datasets.o3.programs.program_031: [0.00000 s] killed by test_get_char_multiple_wrap (datasets.o3.tests.test_031.TestVersion)

Traceback (most recent call last):
  File "C:\Users\skaspers\OneDrive - Capgemini\Documents\Prompted Testsuite Analysis\.\datasets\o3\tests\test_031.py", line 12, in test_get_char_multiple_wrap
    self.assertEqual(get_Char("zzz"), 122)
AssertionError: '`' != 122

   - [#   4] AOR datasets.o3.programs.program_031: [0.00000 s] killed by test_get_char_long_string (datasets.o3.tests.test_031.TestVersion)
