[*] Start mutation process:
   - targets: datasets.o3.programs.program_012
   - tests: datasets.o3.tests.test_012
[*] 4 tests passed:
   - datasets.o3.tests.test_012 [0.00000 s]
[*] Start mutants generation and execution:
   - [#   1] AOR datasets.o3.programs.program_012: [0.00000 s] killed by test_octagonal_negative (datasets.o3.tests.test_012.TestVersion)

Traceback (most recent call last):
  File "C:\Users\skaspers\OneDrive - Capgemini\Documents\Prompted Testsuite Analysis\.\datasets\o3\tests\test_012.py", line 15, in test_octagonal_negative
    self.assertEqual(is_octagonal(-3), 3 * (-3) * (-3) - 2 * (-3))
AssertionError: 9.0 != 33

   - [#   2] AOR datasets.o3.programs.program_012: [0.00000 s] killed by test_octagonal_negative (datasets.o3.tests.test_012.TestVersion)

Traceback (most recent call last):
  File "C:\Users\skaspers\OneDrive - Capgemini\Documents\Prompted Testsuite Analysis\.\datasets\o3\tests\test_012.py", line 15, in test_octagonal_negative
    self.assertEqual(is_octagonal(-3), 3 * (-3) * (-3) - 2 * (-3))
AssertionError: 9 != 33

   - [#   3] AOR datasets.o3.programs.program_012: [0.00000 s] killed by test_octagonal_negative (datasets.o3.tests.test_012.TestVersion)

Traceback (most recent call last):
  File "C:\Users\skaspers\OneDrive - Capgemini\Documents\Prompted Testsuite Analysis\.\datasets\o3\tests\test_012.py", line 15, in test_octagonal_negative
    self.assertEqual(is_octagonal(-3), 3 * (-3) * (-3) - 2 * (-3))
AssertionError: 5.888888888888889 != 33

   - [#   4] AOR datasets.o3.programs.program_012: [0.00000 s] killed by test_octagonal_negative (datasets.o3.tests.test_012.TestVersion)

Traceback (most recent call last):
  File "C:\Users\skaspers\OneDrive - Capgemini\Documents\Prompted Testsuite Analysis\.\datasets\o3\tests\test_012.py", line 15, in test_octagonal_negative
    self.assertEqual(is_octagonal(-3), 3 * (-3) * (-3) - 2 * (-3))
AssertionError: 9.0 != 33

   - [#   5] AOR datasets.o3.programs.program_012: [0.00000 s] killed by test_octagonal_negative (datasets.o3.tests.test_012.TestVersion)

Traceback (most recent call last):
  File "C:\Users\skaspers\OneDrive - Capgemini\Documents\Prompted Testsuite Analysis\.\datasets\o3\tests\test_012.py", line 15, in test_octagonal_negative
    self.assertEqual(is_octagonal(-3), 3 * (-3) * (-3) - 2 * (-3))
AssertionError: 9 != 33

   - [#   6] AOR datasets.o3.programs.program_012: [0.00000 s] killed by test_octagonal_negative (datasets.o3.tests.test_012.TestVersion)

Traceback (most recent call last):
  File "C:\Users\skaspers\OneDrive - Capgemini\Documents\Prompted Testsuite Analysis\.\datasets\o3\tests\test_012.py", line 15, in test_octagonal_negative
    self.assertEqual(is_octagonal(-3), 3 * (-3) * (-3) - 2 * (-3))
AssertionError: 5.998628257887517 != 33

   - [#   7] AOR datasets.o3.programs.program_012: [0.00000 s] killed by test_octagonal_first (datasets.o3.tests.test_012.TestVersion)

Traceback (most recent call last):
  File "C:\Users\skaspers\OneDrive - Capgemini\Documents\Prompted Testsuite Analysis\.\datasets\o3\tests\test_012.py", line 6, in test_octagonal_first
    self.assertEqual(is_octagonal(1), 1)
AssertionError: 5 != 1

   - [#   8] AOR datasets.o3.programs.program_012: [0.00000 s] killed by test_octagonal_negative (datasets.o3.tests.test_012.TestVersion)

Traceback (most recent call last):
  File "C:\Users\skaspers\OneDrive - Capgemini\Documents\Prompted Testsuite Analysis\.\datasets\o3\tests\test_012.py", line 15, in test_octagonal_negative
    self.assertEqual(is_octagonal(-3), 3 * (-3) * (-3) - 2 * (-3))
AssertionError: 27.666666666666668 != 33

   - [#   9] AOR datasets.o3.programs.program_012: [0.00000 s] killed by test_octagonal_negative (datasets.o3.tests.test_012.TestVersion)

Traceback (most recent call last):
  File "C:\Users\skaspers\OneDrive - Capgemini\Documents\Prompted Testsuite Analysis\.\datasets\o3\tests\test_012.py", line 15, in test_octagonal_negative
    self.assertEqual(is_octagonal(-3), 3 * (-3) * (-3) - 2 * (-3))
AssertionError: 28 != 33

   - [#  10] AOR datasets.o3.programs.program_012: [0.00000 s] killed by test_octagonal_negative (datasets.o3.tests.test_012.TestVersion)

Traceback (most recent call last):
  File "C:\Users\skaspers\OneDrive - Capgemini\Documents\Prompted Testsuite Analysis\.\datasets\o3\tests\test_012.py", line 15, in test_octagonal_negative
    self.assertEqual(is_octagonal(-3), 3 * (-3) * (-3) - 2 * (-3))
AssertionError: 26.875 != 33

[*] Mutation score [0.05833 s]: 100.0%
   - all: 10
   - killed: 10 (100.0%)
   - survived: 0 (0.0%)
   - incompetent: 0 (0.0%)
   - timeout: 0 (0.0%)
HI SANDER, RUNNING MUTPY FROM: C:\Users\skaspers\OneDrive - Capgemini\Documents\Prompted Testsuite Analysis\.venv38\lib\site-packages\mutpy\commandline.py
