[*] Start mutation process:
   - targets: datasets.o3.programs.program_009
   - tests: datasets.o3.tests.test_009
[*] 6 tests passed:
   - datasets.o3.tests.test_009 [0.00000 s]
[*] Start mutants generation and execution:
   - [#   1] AOR datasets.o3.programs.program_009: [0.00191 s] killed by test_property_true_large (datasets.o3.tests.test_009.TestVersion)

Traceback (most recent call last):
  File "C:\Users\skaspers\OneDrive - Capgemini\Documents\Prompted Testsuite Analysis\.\datasets\o3\tests\test_009.py", line 12, in test_property_true_large
    self.assertTrue(check(793))
AssertionError: False is not true

   - [#   2] AOR datasets.o3.programs.program_009: [0.00000 s] killed by test_property_true_large (datasets.o3.tests.test_009.TestVersion)

Traceback (most recent call last):
  File "C:\Users\skaspers\OneDrive - Capgemini\Documents\Prompted Testsuite Analysis\.\datasets\o3\tests\test_009.py", line 12, in test_property_true_large
    self.assertTrue(check(793))
AssertionError: False is not true

   - [#   3] AOR datasets.o3.programs.program_009: [0.00105 s] killed by test_property_true_large (datasets.o3.tests.test_009.TestVersion)

Traceback (most recent call last):
  File "C:\Users\skaspers\OneDrive - Capgemini\Documents\Prompted Testsuite Analysis\.\datasets\o3\tests\test_009.py", line 12, in test_property_true_large
    self.assertTrue(check(793))
AssertionError: False is not true

   - [#   4] AOR datasets.o3.programs.program_009: [0.00151 s] killed by test_property_true_large (datasets.o3.tests.test_009.TestVersion)

Traceback (most recent call last):
  File "C:\Users\skaspers\OneDrive - Capgemini\Documents\Prompted Testsuite Analysis\.\datasets\o3\tests\test_009.py", line 12, in test_property_true_large
    self.assertTrue(check(793))
AssertionError: False is not true

   - [#   5] AOR datasets.o3.programs.program_009: [0.00095 s] killed by test_property_true_large (datasets.o3.tests.test_009.TestVersion)

Traceback (most recent call last):
  File "C:\Users\skaspers\OneDrive - Capgemini\Documents\Prompted Testsuite Analysis\.\datasets\o3\tests\test_009.py", line 12, in test_property_true_large
    self.assertTrue(check(793))
AssertionError: False is not true

   - [#   6] AOR datasets.o3.programs.program_009: [0.00100 s] killed by test_property_true_large (datasets.o3.tests.test_009.TestVersion)

Traceback (most recent call last):
  File "C:\Users\skaspers\OneDrive - Capgemini\Documents\Prompted Testsuite Analysis\.\datasets\o3\tests\test_009.py", line 12, in test_property_true_large
    self.assertTrue(check(793))
AssertionError: False is not true

   - [#   7] AOR datasets.o3.programs.program_009: [5.03605 s] timeout
   - [#   8] AOR datasets.o3.programs.program_009: [0.00000 s] killed by test_property_false_zero (datasets.o3.tests.test_009.TestVersion)

Traceback (most recent call last):
  File "C:\Users\skaspers\OneDrive - Capgemini\Documents\Prompted Testsuite Analysis\.\datasets\o3\tests\test_009.py", line 21, in test_property_false_zero
    self.assertFalse(check(0))
  File "datasets.o3.programs.program_009", line 8, in check
ZeroDivisionError: division by zero

   - [#   9] AOR datasets.o3.programs.program_009: [0.00000 s] killed by test_property_false_zero (datasets.o3.tests.test_009.TestVersion)

Traceback (most recent call last):
  File "C:\Users\skaspers\OneDrive - Capgemini\Documents\Prompted Testsuite Analysis\.\datasets\o3\tests\test_009.py", line 21, in test_property_false_zero
    self.assertFalse(check(0))
  File "datasets.o3.programs.program_009", line 8, in check
ZeroDivisionError: integer division or modulo by zero

   - [#  10] AOR datasets.o3.programs.program_009: [0.00000 s] killed by test_property_false_zero (datasets.o3.tests.test_009.TestVersion)

Traceback (most recent call last):
  File "C:\Users\skaspers\OneDrive - Capgemini\Documents\Prompted Testsuite Analysis\.\datasets\o3\tests\test_009.py", line 21, in test_property_false_zero
    self.assertFalse(check(0))
AssertionError: True is not false

   - [#  11] AOR datasets.o3.programs.program_009: [0.00000 s] killed by test_property_true_large (datasets.o3.tests.test_009.TestVersion)

Traceback (most recent call last):
  File "C:\Users\skaspers\OneDrive - Capgemini\Documents\Prompted Testsuite Analysis\.\datasets\o3\tests\test_009.py", line 12, in test_property_true_large
    self.assertTrue(check(793))
AssertionError: False is not true

   - [#  12] COI datasets.o3.programs.program_009: [5.03449 s] timeout
   - [#  13] ROR datasets.o3.programs.program_009: [0.00000 s] killed by test_property_true_large (datasets.o3.tests.test_009.TestVersion)

Traceback (most recent call last):
  File "C:\Users\skaspers\OneDrive - Capgemini\Documents\Prompted Testsuite Analysis\.\datasets\o3\tests\test_009.py", line 12, in test_property_true_large
    self.assertTrue(check(793))
AssertionError: False is not true

   - [#  14] ROR datasets.o3.programs.program_009: [5.03607 s] timeout
   - [#  15] ROR datasets.o3.programs.program_009: [0.00000 s] killed by test_property_false (datasets.o3.tests.test_009.TestVersion)

Traceback (most recent call last):
  File "C:\Users\skaspers\OneDrive - Capgemini\Documents\Prompted Testsuite Analysis\.\datasets\o3\tests\test_009.py", line 15, in test_property_false
    self.assertFalse(check(12))
AssertionError: True is not false

[*] Mutation score [15.17821 s]: 100.0%
   - all: 15
   - killed: 12 (80.0%)
   - survived: 0 (0.0%)
   - incompetent: 0 (0.0%)
   - timeout: 3 (20.0%)
HI SANDER, RUNNING MUTPY FROM: C:\Users\skaspers\OneDrive - Capgemini\Documents\Prompted Testsuite Analysis\.venv38\lib\site-packages\mutpy\commandline.py
