[*] Start mutation process:
   - targets: datasets.o3.programs.program_097
   - tests: datasets.o3.tests.test_097
[*] 5 tests passed:
   - datasets.o3.tests.test_097 [0.00000 s]
[*] Start mutants generation and execution:
   - [#   1] BCR datasets.o3.programs.program_097: [0.00101 s] survived
   - [#   2] COD datasets.o3.programs.program_097: [0.00103 s] killed by test_all_floats (datasets.o3.tests.test_097.TestVersion)

Traceback (most recent call last):
  File "C:\Users\skaspers\OneDrive - Capgemini\Documents\Prompted Testsuite Analysis\.\datasets\o3\tests\test_097.py", line 9, in test_all_floats
    self.assertTrue(check_type((1.0, 2.5, 3.14)))
AssertionError: False is not true

   - [#   3] COI datasets.o3.programs.program_097: [0.00060 s] killed by test_all_floats (datasets.o3.tests.test_097.TestVersion)

Traceback (most recent call last):
  File "C:\Users\skaspers\OneDrive - Capgemini\Documents\Prompted Testsuite Analysis\.\datasets\o3\tests\test_097.py", line 9, in test_all_floats
    self.assertTrue(check_type((1.0, 2.5, 3.14)))
AssertionError: False is not true

[*] Mutation score [0.03474 s]: 66.7%
   - all: 3
   - killed: 2 (66.7%)
   - survived: 1 (33.3%)
   - incompetent: 0 (0.0%)
   - timeout: 0 (0.0%)
HI SANDER, RUNNING MUTPY FROM: C:\Users\skaspers\OneDrive - Capgemini\Documents\Prompted Testsuite Analysis\.venv38\lib\site-packages\mutpy\commandline.py
