[*] Start mutation process:
   - targets: datasets.o3.programs.program_067
   - tests: datasets.o3.tests.test_067
[*] 5 tests passed:
   - datasets.o3.tests.test_067 [0.00000 s]
[*] Start mutants generation and execution:
   - [#   1] AOD datasets.o3.programs.program_067: [0.00000 s] killed by test_alternating (datasets.o3.tests.test_067.TestVersion)

Traceback (most recent call last):
  File "C:\Users\skaspers\OneDrive - Capgemini\Documents\Prompted Testsuite Analysis\.\datasets\o3\tests\test_067.py", line 9, in test_alternating
    self.assertEqual(find_length("010101"), 1)
AssertionError: 6 != 1

   - [#   2] AOR datasets.o3.programs.program_067: [0.00000 s] killed by test_alternating (datasets.o3.tests.test_067.TestVersion)

Traceback (most recent call last):
  File "C:\Users\skaspers\OneDrive - Capgemini\Documents\Prompted Testsuite Analysis\.\datasets\o3\tests\test_067.py", line 9, in test_alternating
    self.assertEqual(find_length("010101"), 1)
AssertionError: 6 != 1

   - [#   3] ASR datasets.o3.programs.program_067: [0.00000 s] killed by test_all_zeroes (datasets.o3.tests.test_067.TestVersion)

Traceback (most recent call last):
  File "C:\Users\skaspers\OneDrive - Capgemini\Documents\Prompted Testsuite Analysis\.\datasets\o3\tests\test_067.py", line 6, in test_all_zeroes
    self.assertEqual(find_length("00000"), 5)
AssertionError: 0 != 5

   - [#   4] COI datasets.o3.programs.program_067: [0.00000 s] killed by test_all_zeroes (datasets.o3.tests.test_067.TestVersion)

Traceback (most recent call last):
  File "C:\Users\skaspers\OneDrive - Capgemini\Documents\Prompted Testsuite Analysis\.\datasets\o3\tests\test_067.py", line 6, in test_all_zeroes
    self.assertEqual(find_length("00000"), 5)
AssertionError: 0 != 5

   - [#   5] ROR datasets.o3.programs.program_067: [0.00000 s] killed by test_all_zeroes (datasets.o3.tests.test_067.TestVersion)

Traceback (most recent call last):
  File "C:\Users\skaspers\OneDrive - Capgemini\Documents\Prompted Testsuite Analysis\.\datasets\o3\tests\test_067.py", line 6, in test_all_zeroes
    self.assertEqual(find_length("00000"), 5)
AssertionError: 0 != 5

   - [#   6] ROR datasets.o3.programs.program_067: [0.00000 s] killed by test_all_zeroes (datasets.o3.tests.test_067.TestVersion)

Traceback (most recent call last):
  File "C:\Users\skaspers\OneDrive - Capgemini\Documents\Prompted Testsuite Analysis\.\datasets\o3\tests\test_067.py", line 6, in test_all_zeroes
    self.assertEqual(find_length("00000"), 5)
AssertionError: 0 != 5

   - [#   7] ROR datasets.o3.programs.program_067: [0.00000 s] survived
[*] Mutation score [0.06051 s]: 85.7%
   - all: 7
   - killed: 6 (85.7%)
   - survived: 1 (14.3%)
   - incompetent: 0 (0.0%)
   - timeout: 0 (0.0%)
HI SANDER, RUNNING MUTPY FROM: C:\Users\skaspers\OneDrive - Capgemini\Documents\Prompted Testsuite Analysis\.venv38\lib\site-packages\mutpy\commandline.py
