[*] Start mutation process:
   - targets: datasets.o3.programs.program_015
   - tests: datasets.o3.tests.test_015
[*] 5 tests passed:
   - datasets.o3.tests.test_015 [0.00000 s]
[*] Start mutants generation and execution:
   - [#   1] AOR datasets.o3.programs.program_015: [0.00000 s] killed by test_max_difference_identical_pairs (datasets.o3.tests.test_015.TestVersion)

Traceback (most recent call last):
  File "C:\Users\skaspers\OneDrive - Capgemini\Documents\Prompted Testsuite Analysis\.\datasets\o3\tests\test_015.py", line 12, in test_max_difference_identical_pairs
    self.assertEqual(max_difference([(7, 7), (2, 2)]), 0)
AssertionError: 14 != 0

[*] Mutation score [0.04733 s]: 100.0%
   - all: 1
   - killed: 1 (100.0%)
   - survived: 0 (0.0%)
   - incompetent: 0 (0.0%)
   - timeout: 0 (0.0%)
HI SANDER, RUNNING MUTPY FROM: C:\Users\skaspers\OneDrive - Capgemini\Documents\Prompted Testsuite Analysis\.venv38\lib\site-packages\mutpy\commandline.py
