[*] Start mutation process:
   - targets: datasets.o3.programs.program_023
   - tests: datasets.o3.tests.test_023
[*] 7 tests passed:
   - datasets.o3.tests.test_023 [0.00000 s]
[*] Start mutants generation and execution:
   - [#   1] AOR datasets.o3.programs.program_023: [0.00000 s] survived
   - [#   2] AOR datasets.o3.programs.program_023: [0.00000 s] killed by test_already_sorted (datasets.o3.tests.test_023.TestVersion)

Traceback (most recent call last):
  File "C:\Users\skaspers\OneDrive - Capgemini\Documents\Prompted Testsuite Analysis\.\datasets\o3\tests\test_023.py", line 12, in test_already_sorted
    self.assertEqual(comb_sort([1,2,3,4]), [1,2,3,4])
  File "datasets.o3.programs.program_023", line 7, in comb_sort
OverflowError: cannot convert float infinity to integer

   - [#   3] AOR datasets.o3.programs.program_023: [0.00000 s] killed by test_already_sorted (datasets.o3.tests.test_023.TestVersion)

Traceback (most recent call last):
  File "C:\Users\skaspers\OneDrive - Capgemini\Documents\Prompted Testsuite Analysis\.\datasets\o3\tests\test_023.py", line 12, in test_already_sorted
    self.assertEqual(comb_sort([1,2,3,4]), [1,2,3,4])
  File "datasets.o3.programs.program_023", line 11, in comb_sort
IndexError: list index out of range

   - [#   4] AOR datasets.o3.programs.program_023: [0.00105 s] killed by test_already_sorted (datasets.o3.tests.test_023.TestVersion)

Traceback (most recent call last):
  File "C:\Users\skaspers\OneDrive - Capgemini\Documents\Prompted Testsuite Analysis\.\datasets\o3\tests\test_023.py", line 12, in test_already_sorted
    self.assertEqual(comb_sort([1,2,3,4]), [1,2,3,4])
AssertionError: Lists differ: [1, 3, 2, 4] != [1, 2, 3, 4]

First differing element 1:
3
2

- [1, 3, 2, 4]
?        ---

+ [1, 2, 3, 4]
?     +++


   - [#   5] AOR datasets.o3.programs.program_023: [0.00000 s] killed by test_duplicates (datasets.o3.tests.test_023.TestVersion)

Traceback (most recent call last):
  File "C:\Users\skaspers\OneDrive - Capgemini\Documents\Prompted Testsuite Analysis\.\datasets\o3\tests\test_023.py", line 18, in test_duplicates
    self.assertEqual(comb_sort([3,1,2,3]), [1,2,3,3])
AssertionError: Lists differ: [1, 3, 2, 2] != [1, 2, 3, 3]

First differing element 1:
3
2

- [1, 3, 2, 2]
+ [1, 2, 3, 3]

   - [#   6] AOR datasets.o3.programs.program_023: [0.00000 s] killed by test_duplicates (datasets.o3.tests.test_023.TestVersion)

Traceback (most recent call last):
  File "C:\Users\skaspers\OneDrive - Capgemini\Documents\Prompted Testsuite Analysis\.\datasets\o3\tests\test_023.py", line 18, in test_duplicates
    self.assertEqual(comb_sort([3,1,2,3]), [1,2,3,3])
AssertionError: Lists differ: [3, 2, 3, 3] != [1, 2, 3, 3]

First differing element 0:
3
1

- [3, 2, 3, 3]
+ [1, 2, 3, 3]

   - [#   7] ASR datasets.o3.programs.program_023: [0.01362 s] killed by test_already_sorted (datasets.o3.tests.test_023.TestVersion)

Traceback (most recent call last):
  File "C:\Users\skaspers\OneDrive - Capgemini\Documents\Prompted Testsuite Analysis\.\datasets\o3\tests\test_023.py", line 12, in test_already_sorted
    self.assertEqual(comb_sort([1,2,3,4]), [1,2,3,4])
  File "datasets.o3.programs.program_023", line 11, in comb_sort
IndexError: list index out of range

   - [#   8] COI datasets.o3.programs.program_023: [0.00000 s] killed by test_duplicates (datasets.o3.tests.test_023.TestVersion)

Traceback (most recent call last):
  File "C:\Users\skaspers\OneDrive - Capgemini\Documents\Prompted Testsuite Analysis\.\datasets\o3\tests\test_023.py", line 18, in test_duplicates
    self.assertEqual(comb_sort([3,1,2,3]), [1,2,3,3])
AssertionError: Lists differ: [3, 1, 2, 3] != [1, 2, 3, 3]

First differing element 0:
3
1

- [3, 1, 2, 3]
+ [1, 2, 3, 3]

   - [#   9] COI datasets.o3.programs.program_023: [0.00000 s] killed by test_duplicates (datasets.o3.tests.test_023.TestVersion)

Traceback (most recent call last):
  File "C:\Users\skaspers\OneDrive - Capgemini\Documents\Prompted Testsuite Analysis\.\datasets\o3\tests\test_023.py", line 18, in test_duplicates
    self.assertEqual(comb_sort([3,1,2,3]), [1,2,3,3])
AssertionError: Lists differ: [3, 1, 2, 3] != [1, 2, 3, 3]

First differing element 0:
3
1

- [3, 1, 2, 3]
+ [1, 2, 3, 3]

   - [#  10] COI datasets.o3.programs.program_023: [5.05561 s] timeout
   - [#  11] LCR datasets.o3.programs.program_023: [0.00000 s] killed by test_duplicates (datasets.o3.tests.test_023.TestVersion)

Traceback (most recent call last):
  File "C:\Users\skaspers\OneDrive - Capgemini\Documents\Prompted Testsuite Analysis\.\datasets\o3\tests\test_023.py", line 18, in test_duplicates
    self.assertEqual(comb_sort([3,1,2,3]), [1,2,3,3])
AssertionError: Lists differ: [3, 1, 2, 3] != [1, 2, 3, 3]

First differing element 0:
3
1

- [3, 1, 2, 3]
+ [1, 2, 3, 3]

   - [#  12] ROR datasets.o3.programs.program_023: [0.00100 s] killed by test_duplicates (datasets.o3.tests.test_023.TestVersion)

Traceback (most recent call last):
  File "C:\Users\skaspers\OneDrive - Capgemini\Documents\Prompted Testsuite Analysis\.\datasets\o3\tests\test_023.py", line 18, in test_duplicates
    self.assertEqual(comb_sort([3,1,2,3]), [1,2,3,3])
AssertionError: Lists differ: [3, 1, 2, 3] != [1, 2, 3, 3]

First differing element 0:
3
1

- [3, 1, 2, 3]
+ [1, 2, 3, 3]

   - [#  13] ROR datasets.o3.programs.program_023: [0.00099 s] survived
   - [#  14] ROR datasets.o3.programs.program_023: [0.00100 s] killed by test_duplicates (datasets.o3.tests.test_023.TestVersion)

Traceback (most recent call last):
  File "C:\Users\skaspers\OneDrive - Capgemini\Documents\Prompted Testsuite Analysis\.\datasets\o3\tests\test_023.py", line 18, in test_duplicates
    self.assertEqual(comb_sort([3,1,2,3]), [1,2,3,3])
AssertionError: Lists differ: [3, 1, 2, 3] != [1, 2, 3, 3]

First differing element 0:
3
1

- [3, 1, 2, 3]
+ [1, 2, 3, 3]

   - [#  15] ROR datasets.o3.programs.program_023: [0.00100 s] killed by test_already_sorted (datasets.o3.tests.test_023.TestVersion)

Traceback (most recent call last):
  File "C:\Users\skaspers\OneDrive - Capgemini\Documents\Prompted Testsuite Analysis\.\datasets\o3\tests\test_023.py", line 12, in test_already_sorted
    self.assertEqual(comb_sort([1,2,3,4]), [1,2,3,4])
  File "datasets.o3.programs.program_023", line 11, in comb_sort
IndexError: list index out of range

   - [#  16] ROR datasets.o3.programs.program_023: [0.00100 s] killed by test_already_sorted (datasets.o3.tests.test_023.TestVersion)

Traceback (most recent call last):
  File "C:\Users\skaspers\OneDrive - Capgemini\Documents\Prompted Testsuite Analysis\.\datasets\o3\tests\test_023.py", line 12, in test_already_sorted
    self.assertEqual(comb_sort([1,2,3,4]), [1,2,3,4])
AssertionError: Lists differ: [4, 3, 2, 1] != [1, 2, 3, 4]

First differing element 0:
4
1

- [4, 3, 2, 1]
+ [1, 2, 3, 4]

   - [#  17] ROR datasets.o3.programs.program_023: [5.02894 s] timeout
[*] Mutation score [10.22727 s]: 88.2%
   - all: 17
   - killed: 13 (76.5%)
   - survived: 2 (11.8%)
   - incompetent: 0 (0.0%)
   - timeout: 2 (11.8%)
HI SANDER, RUNNING MUTPY FROM: C:\Users\skaspers\OneDrive - Capgemini\Documents\Prompted Testsuite Analysis\.venv38\lib\site-packages\mutpy\commandline.py
