[*] Start mutation process:
   - targets: datasets.o3.programs.program_044
   - tests: datasets.o3.tests.test_044
[*] 6 tests passed:
   - datasets.o3.tests.test_044 [0.00000 s]
[*] Start mutants generation and execution:
   - [#   1] AOR datasets.o3.programs.program_044: [5.05910 s] timeout
   - [#   2] AOR datasets.o3.programs.program_044: [5.03351 s] timeout
   - [#   3] AOR datasets.o3.programs.program_044: [0.00000 s] killed by test_large_number (datasets.o3.tests.test_044.TestVersion)

Traceback (most recent call last):
  File "C:\Users\skaspers\OneDrive - Capgemini\Documents\Prompted Testsuite Analysis\.\datasets\o3\tests\test_044.py", line 15, in test_large_number
    self.assertEqual(count_divisors(100), 9)
AssertionError: 4 != 9

   - [#   4] AOR datasets.o3.programs.program_044: [0.00000 s] killed by test_large_number (datasets.o3.tests.test_044.TestVersion)

Traceback (most recent call last):
  File "C:\Users\skaspers\OneDrive - Capgemini\Documents\Prompted Testsuite Analysis\.\datasets\o3\tests\test_044.py", line 15, in test_large_number
    self.assertEqual(count_divisors(100), 9)
AssertionError: 0 != 9

   - [#   5] AOR datasets.o3.programs.program_044: [0.00000 s] killed by test_large_number (datasets.o3.tests.test_044.TestVersion)

Traceback (most recent call last):
  File "C:\Users\skaspers\OneDrive - Capgemini\Documents\Prompted Testsuite Analysis\.\datasets\o3\tests\test_044.py", line 15, in test_large_number
    self.assertEqual(count_divisors(100), 9)
AssertionError: 10 != 9

   - [#   6] AOR datasets.o3.programs.program_044: [0.00000 s] killed by test_large_number (datasets.o3.tests.test_044.TestVersion)

Traceback (most recent call last):
  File "C:\Users\skaspers\OneDrive - Capgemini\Documents\Prompted Testsuite Analysis\.\datasets\o3\tests\test_044.py", line 15, in test_large_number
    self.assertEqual(count_divisors(100), 9)
AssertionError: 10 != 9

   - [#   7] AOR datasets.o3.programs.program_044: [0.00000 s] killed by test_large_number (datasets.o3.tests.test_044.TestVersion)

Traceback (most recent call last):
  File "C:\Users\skaspers\OneDrive - Capgemini\Documents\Prompted Testsuite Analysis\.\datasets\o3\tests\test_044.py", line 15, in test_large_number
    self.assertEqual(count_divisors(100), 9)
AssertionError: 10 != 9

   - [#   8] ASR datasets.o3.programs.program_044: [0.00000 s] killed by test_large_number (datasets.o3.tests.test_044.TestVersion)

Traceback (most recent call last):
  File "C:\Users\skaspers\OneDrive - Capgemini\Documents\Prompted Testsuite Analysis\.\datasets\o3\tests\test_044.py", line 15, in test_large_number
    self.assertEqual(count_divisors(100), 9)
AssertionError: -9 != 9

   - [#   9] ASR datasets.o3.programs.program_044: [0.00907 s] killed by test_large_number (datasets.o3.tests.test_044.TestVersion)

Traceback (most recent call last):
  File "C:\Users\skaspers\OneDrive - Capgemini\Documents\Prompted Testsuite Analysis\.\datasets\o3\tests\test_044.py", line 15, in test_large_number
    self.assertEqual(count_divisors(100), 9)
  File "datasets.o3.programs.program_044", line 8, in count_divisors
ZeroDivisionError: integer division or modulo by zero

   - [#  10] COI datasets.o3.programs.program_044: [0.00000 s] killed by test_large_number (datasets.o3.tests.test_044.TestVersion)

Traceback (most recent call last):
  File "C:\Users\skaspers\OneDrive - Capgemini\Documents\Prompted Testsuite Analysis\.\datasets\o3\tests\test_044.py", line 15, in test_large_number
    self.assertEqual(count_divisors(100), 9)
  File "datasets.o3.programs.program_044", line 4, in count_divisors
ValueError: n must be a positive integer

   - [#  11] COI datasets.o3.programs.program_044: [0.00000 s] killed by test_large_number (datasets.o3.tests.test_044.TestVersion)

Traceback (most recent call last):
  File "C:\Users\skaspers\OneDrive - Capgemini\Documents\Prompted Testsuite Analysis\.\datasets\o3\tests\test_044.py", line 15, in test_large_number
    self.assertEqual(count_divisors(100), 9)
AssertionError: 0 != 9

   - [#  12] COI datasets.o3.programs.program_044: [0.00000 s] killed by test_large_number (datasets.o3.tests.test_044.TestVersion)

Traceback (most recent call last):
  File "C:\Users\skaspers\OneDrive - Capgemini\Documents\Prompted Testsuite Analysis\.\datasets\o3\tests\test_044.py", line 15, in test_large_number
    self.assertEqual(count_divisors(100), 9)
AssertionError: 10 != 9

   - [#  13] ROR datasets.o3.programs.program_044: [0.00000 s] killed by test_large_number (datasets.o3.tests.test_044.TestVersion)

Traceback (most recent call last):
  File "C:\Users\skaspers\OneDrive - Capgemini\Documents\Prompted Testsuite Analysis\.\datasets\o3\tests\test_044.py", line 15, in test_large_number
    self.assertEqual(count_divisors(100), 9)
  File "datasets.o3.programs.program_044", line 4, in count_divisors
ValueError: n must be a positive integer

   - [#  14] ROR datasets.o3.programs.program_044: [0.00000 s] killed by test_zero_input_raises (datasets.o3.tests.test_044.TestVersion)

Traceback (most recent call last):
  File "C:\Users\skaspers\OneDrive - Capgemini\Documents\Prompted Testsuite Analysis\.\datasets\o3\tests\test_044.py", line 23, in test_zero_input_raises
    count_divisors(0)
AssertionError: ValueError not raised

   - [#  15] ROR datasets.o3.programs.program_044: [0.00000 s] killed by test_large_number (datasets.o3.tests.test_044.TestVersion)

Traceback (most recent call last):
  File "C:\Users\skaspers\OneDrive - Capgemini\Documents\Prompted Testsuite Analysis\.\datasets\o3\tests\test_044.py", line 15, in test_large_number
    self.assertEqual(count_divisors(100), 9)
AssertionError: 0 != 9

   - [#  16] ROR datasets.o3.programs.program_044: [0.00000 s] killed by test_large_number (datasets.o3.tests.test_044.TestVersion)

Traceback (most recent call last):
  File "C:\Users\skaspers\OneDrive - Capgemini\Documents\Prompted Testsuite Analysis\.\datasets\o3\tests\test_044.py", line 15, in test_large_number
    self.assertEqual(count_divisors(100), 9)
AssertionError: 8 != 9

   - [#  17] ROR datasets.o3.programs.program_044: [0.00000 s] killed by test_large_number (datasets.o3.tests.test_044.TestVersion)

Traceback (most recent call last):
  File "C:\Users\skaspers\OneDrive - Capgemini\Documents\Prompted Testsuite Analysis\.\datasets\o3\tests\test_044.py", line 15, in test_large_number
    self.assertEqual(count_divisors(100), 9)
AssertionError: 10 != 9

   - [#  18] ROR datasets.o3.programs.program_044: [0.00000 s] killed by test_large_number (datasets.o3.tests.test_044.TestVersion)

Traceback (most recent call last):
  File "C:\Users\skaspers\OneDrive - Capgemini\Documents\Prompted Testsuite Analysis\.\datasets\o3\tests\test_044.py", line 15, in test_large_number
    self.assertEqual(count_divisors(100), 9)
AssertionError: 6 != 9

[*] Mutation score [10.15826 s]: 100.0%
   - all: 18
   - killed: 16 (88.9%)
   - survived: 0 (0.0%)
   - incompetent: 0 (0.0%)
   - timeout: 2 (11.1%)
HI SANDER, RUNNING MUTPY FROM: C:\Users\skaspers\OneDrive - Capgemini\Documents\Prompted Testsuite Analysis\.venv38\lib\site-packages\mutpy\commandline.py
