[*] Start mutation process:
   - targets: datasets.o3.programs.program_077
   - tests: datasets.o3.tests.test_077
[*] 6 tests passed:
   - datasets.o3.tests.test_077 [0.00000 s]
[*] Start mutants generation and execution:
   - [#   1] AOR datasets.o3.programs.program_077: [0.00000 s] survived
   - [#   2] AOR datasets.o3.programs.program_077: [0.00000 s] killed by test_all_zeros_raises (datasets.o3.tests.test_077.TestVersion)

Traceback (most recent call last):
  File "C:\Users\skaspers\OneDrive - Capgemini\Documents\Prompted Testsuite Analysis\.\datasets\o3\tests\test_077.py", line 13, in test_all_zeros_raises
    zero_count([0, 0, 0])
AssertionError: ZeroDivisionError not raised

   - [#   3] AOR datasets.o3.programs.program_077: [0.00000 s] killed by test_all_zeros_raises (datasets.o3.tests.test_077.TestVersion)

Traceback (most recent call last):
  File "C:\Users\skaspers\OneDrive - Capgemini\Documents\Prompted Testsuite Analysis\.\datasets\o3\tests\test_077.py", line 13, in test_all_zeros_raises
    zero_count([0, 0, 0])
AssertionError: ZeroDivisionError not raised

   - [#   4] ASR datasets.o3.programs.program_077: [0.00000 s] killed by test_all_zeros_raises (datasets.o3.tests.test_077.TestVersion)

Traceback (most recent call last):
  File "C:\Users\skaspers\OneDrive - Capgemini\Documents\Prompted Testsuite Analysis\.\datasets\o3\tests\test_077.py", line 13, in test_all_zeros_raises
    zero_count([0, 0, 0])
AssertionError: ZeroDivisionError not raised

   - [#   5] COI datasets.o3.programs.program_077: [0.00000 s] killed by test_all_zeros_raises (datasets.o3.tests.test_077.TestVersion)

Traceback (most recent call last):
  File "C:\Users\skaspers\OneDrive - Capgemini\Documents\Prompted Testsuite Analysis\.\datasets\o3\tests\test_077.py", line 13, in test_all_zeros_raises
    zero_count([0, 0, 0])
AssertionError: ZeroDivisionError not raised

   - [#   6] ROR datasets.o3.programs.program_077: [0.00000 s] killed by test_all_zeros_raises (datasets.o3.tests.test_077.TestVersion)

Traceback (most recent call last):
  File "C:\Users\skaspers\OneDrive - Capgemini\Documents\Prompted Testsuite Analysis\.\datasets\o3\tests\test_077.py", line 13, in test_all_zeros_raises
    zero_count([0, 0, 0])
AssertionError: ZeroDivisionError not raised

[*] Mutation score [0.04189 s]: 83.3%
   - all: 6
   - killed: 5 (83.3%)
   - survived: 1 (16.7%)
   - incompetent: 0 (0.0%)
   - timeout: 0 (0.0%)
HI SANDER, RUNNING MUTPY FROM: C:\Users\skaspers\OneDrive - Capgemini\Documents\Prompted Testsuite Analysis\.venv38\lib\site-packages\mutpy\commandline.py
