[*] Start mutation process:
   - targets: datasets.o3.programs.program_084
   - tests: datasets.o3.tests.test_084
[*] 7 tests passed:
   - datasets.o3.tests.test_084 [0.00000 s]
[*] Start mutants generation and execution:
   - [#   1] AOR datasets.o3.programs.program_084: [0.00000 s] killed by test_max_Abs_Diff_ascending (datasets.o3.tests.test_084.TestVersion)

Traceback (most recent call last):
  File "C:\Users\skaspers\OneDrive - Capgemini\Documents\Prompted Testsuite Analysis\.\datasets\o3\tests\test_084.py", line 6, in test_max_Abs_Diff_ascending
    self.assertEqual(max_Abs_Diff([1,2,3,4]), 3)
AssertionError: 5 != 3

[*] Mutation score [0.03185 s]: 100.0%
   - all: 1
   - killed: 1 (100.0%)
   - survived: 0 (0.0%)
   - incompetent: 0 (0.0%)
   - timeout: 0 (0.0%)
HI SANDER, RUNNING MUTPY FROM: C:\Users\skaspers\OneDrive - Capgemini\Documents\Prompted Testsuite Analysis\.venv38\lib\site-packages\mutpy\commandline.py
