[*] Start mutation process:
   - targets: datasets.o3.programs.program_078
   - tests: datasets.o3.tests.test_078
[*] 5 tests passed:
   - datasets.o3.tests.test_078 [0.00000 s]
[*] Start mutants generation and execution:
   - [#   1] AOR datasets.o3.programs.program_078: [0.00000 s] killed by test_negative_odd_returns_false (datasets.o3.tests.test_078.TestVersion)

Traceback (most recent call last):
  File "C:\Users\skaspers\OneDrive - Capgemini\Documents\Prompted Testsuite Analysis\.\datasets\o3\tests\test_078.py", line 18, in test_negative_odd_returns_false
    self.assertFalse(is_Sum_Of_Powers_Of_Two(-3))
AssertionError: True is not false

   - [#   2] COI datasets.o3.programs.program_078: [0.00000 s] killed by test_even_number_returns_true (datasets.o3.tests.test_078.TestVersion)

Traceback (most recent call last):
  File "C:\Users\skaspers\OneDrive - Capgemini\Documents\Prompted Testsuite Analysis\.\datasets\o3\tests\test_078.py", line 6, in test_even_number_returns_true
    self.assertTrue(is_Sum_Of_Powers_Of_Two(10))
AssertionError: False is not true

   - [#   3] ROR datasets.o3.programs.program_078: [0.00000 s] killed by test_even_number_returns_true (datasets.o3.tests.test_078.TestVersion)

Traceback (most recent call last):
  File "C:\Users\skaspers\OneDrive - Capgemini\Documents\Prompted Testsuite Analysis\.\datasets\o3\tests\test_078.py", line 6, in test_even_number_returns_true
    self.assertTrue(is_Sum_Of_Powers_Of_Two(10))
AssertionError: False is not true

[*] Mutation score [0.03132 s]: 100.0%
   - all: 3
   - killed: 3 (100.0%)
   - survived: 0 (0.0%)
   - incompetent: 0 (0.0%)
   - timeout: 0 (0.0%)
HI SANDER, RUNNING MUTPY FROM: C:\Users\skaspers\OneDrive - Capgemini\Documents\Prompted Testsuite Analysis\.venv38\lib\site-packages\mutpy\commandline.py
