[*] Start mutation process:
   - targets: datasets.o3.programs.program_029
   - tests: datasets.o3.tests.test_029
[*] 5 tests passed:
   - datasets.o3.tests.test_029 [0.00000 s]
[*] Start mutants generation and execution:
   - [#   1] AOR datasets.o3.programs.program_029: [0.00000 s] killed by test_five (datasets.o3.tests.test_029.TestVersion)

Traceback (most recent call last):
  File "C:\Users\skaspers\OneDrive - Capgemini\Documents\Prompted Testsuite Analysis\.\datasets\o3\tests\test_029.py", line 15, in test_five
    self.assertEqual(tetrahedral_number(5), 35)
AssertionError: 0.9722222222222223 != 35

   - [#   2] AOR datasets.o3.programs.program_029: [0.00000 s] killed by test_five (datasets.o3.tests.test_029.TestVersion)

Traceback (most recent call last):
  File "C:\Users\skaspers\OneDrive - Capgemini\Documents\Prompted Testsuite Analysis\.\datasets\o3\tests\test_029.py", line 15, in test_five
    self.assertEqual(tetrahedral_number(5), 35)
AssertionError: 0.0 != 35

   - [#   3] AOR datasets.o3.programs.program_029: [0.00000 s] killed by test_five (datasets.o3.tests.test_029.TestVersion)

Traceback (most recent call last):
  File "C:\Users\skaspers\OneDrive - Capgemini\Documents\Prompted Testsuite Analysis\.\datasets\o3\tests\test_029.py", line 15, in test_five
    self.assertEqual(tetrahedral_number(5), 35)
AssertionError: 18229.166666666668 != 35

   - [#   4] AOR datasets.o3.programs.program_029: [0.00656 s] killed by test_five (datasets.o3.tests.test_029.TestVersion)

Traceback (most recent call last):
  File "C:\Users\skaspers\OneDrive - Capgemini\Documents\Prompted Testsuite Analysis\.\datasets\o3\tests\test_029.py", line 15, in test_five
    self.assertEqual(tetrahedral_number(5), 35)
AssertionError: 23.333333333333332 != 35

   - [#   5] AOR datasets.o3.programs.program_029: [0.00000 s] killed by test_five (datasets.o3.tests.test_029.TestVersion)

Traceback (most recent call last):
  File "C:\Users\skaspers\OneDrive - Capgemini\Documents\Prompted Testsuite Analysis\.\datasets\o3\tests\test_029.py", line 15, in test_five
    self.assertEqual(tetrahedral_number(5), 35)
AssertionError: 0.7142857142857143 != 35

   - [#   6] AOR datasets.o3.programs.program_029: [0.00000 s] killed by test_five (datasets.o3.tests.test_029.TestVersion)

Traceback (most recent call last):
  File "C:\Users\skaspers\OneDrive - Capgemini\Documents\Prompted Testsuite Analysis\.\datasets\o3\tests\test_029.py", line 15, in test_five
    self.assertEqual(tetrahedral_number(5), 35)
AssertionError: 0.6666666666666666 != 35

   - [#   7] AOR datasets.o3.programs.program_029: [0.00000 s] killed by test_five (datasets.o3.tests.test_029.TestVersion)

Traceback (most recent call last):
  File "C:\Users\skaspers\OneDrive - Capgemini\Documents\Prompted Testsuite Analysis\.\datasets\o3\tests\test_029.py", line 15, in test_five
    self.assertEqual(tetrahedral_number(5), 35)
AssertionError: 3645000000.0 != 35

   - [#   8] AOR datasets.o3.programs.program_029: [0.00000 s] killed by test_five (datasets.o3.tests.test_029.TestVersion)

Traceback (most recent call last):
  File "C:\Users\skaspers\OneDrive - Capgemini\Documents\Prompted Testsuite Analysis\.\datasets\o3\tests\test_029.py", line 15, in test_five
    self.assertEqual(tetrahedral_number(5), 35)
AssertionError: 15.0 != 35

   - [#   9] AOR datasets.o3.programs.program_029: [0.00000 s] survived
   - [#  10] AOR datasets.o3.programs.program_029: [0.00000 s] killed by test_five (datasets.o3.tests.test_029.TestVersion)

Traceback (most recent call last):
  File "C:\Users\skaspers\OneDrive - Capgemini\Documents\Prompted Testsuite Analysis\.\datasets\o3\tests\test_029.py", line 15, in test_five
    self.assertEqual(tetrahedral_number(5), 35)
AssertionError: 1260 != 35

[*] Mutation score [0.05124 s]: 90.0%
   - all: 10
   - killed: 9 (90.0%)
   - survived: 1 (10.0%)
   - incompetent: 0 (0.0%)
   - timeout: 0 (0.0%)
HI SANDER, RUNNING MUTPY FROM: C:\Users\skaspers\OneDrive - Capgemini\Documents\Prompted Testsuite Analysis\.venv38\lib\site-packages\mutpy\commandline.py
