[*] Start mutation process:
   - targets: datasets.o3.programs.program_080
   - tests: datasets.o3.tests.test_080
[*] 7 tests passed:
   - datasets.o3.tests.test_080 [0.00000 s]
[*] Start mutants generation and execution:
   - [#   1] COD datasets.o3.programs.program_080: [0.00000 s] killed by test_basic_duplicate_removal (datasets.o3.tests.test_080.TestVersion)

Traceback (most recent call last):
  File "C:\Users\skaspers\OneDrive - Capgemini\Documents\Prompted Testsuite Analysis\.\datasets\o3\tests\test_080.py", line 7, in test_basic_duplicate_removal
    self.assertEqual(extract_singly(data), [1,2,3,4,5,6])
AssertionError: Lists differ: [] != [1, 2, 3, 4, 5, 6]

Second list contains 6 additional elements.
First extra element 0:
1

- []
+ [1, 2, 3, 4, 5, 6]

   - [#   2] COI datasets.o3.programs.program_080: [0.00000 s] killed by test_basic_duplicate_removal (datasets.o3.tests.test_080.TestVersion)

Traceback (most recent call last):
  File "C:\Users\skaspers\OneDrive - Capgemini\Documents\Prompted Testsuite Analysis\.\datasets\o3\tests\test_080.py", line 7, in test_basic_duplicate_removal
    self.assertEqual(extract_singly(data), [1,2,3,4,5,6])
AssertionError: Lists differ: [] != [1, 2, 3, 4, 5, 6]

Second list contains 6 additional elements.
First extra element 0:
1

- []
+ [1, 2, 3, 4, 5, 6]

   - [#   3] COI datasets.o3.programs.program_080: [0.00000 s] killed by test_basic_duplicate_removal (datasets.o3.tests.test_080.TestVersion)

Traceback (most recent call last):
  File "C:\Users\skaspers\OneDrive - Capgemini\Documents\Prompted Testsuite Analysis\.\datasets\o3\tests\test_080.py", line 7, in test_basic_duplicate_removal
    self.assertEqual(extract_singly(data), [1,2,3,4,5,6])
AssertionError: Lists differ: [] != [1, 2, 3, 4, 5, 6]

Second list contains 6 additional elements.
First extra element 0:
1

- []
+ [1, 2, 3, 4, 5, 6]

[*] Mutation score [0.04349 s]: 100.0%
   - all: 3
   - killed: 3 (100.0%)
   - survived: 0 (0.0%)
   - incompetent: 0 (0.0%)
   - timeout: 0 (0.0%)
HI SANDER, RUNNING MUTPY FROM: C:\Users\skaspers\OneDrive - Capgemini\Documents\Prompted Testsuite Analysis\.venv38\lib\site-packages\mutpy\commandline.py
