[*] Start mutation process:
   - targets: datasets.o3.programs.program_076
   - tests: datasets.o3.tests.test_076
[*] 5 tests passed:
   - datasets.o3.tests.test_076 [0.00000 s]
[*] Start mutants generation and execution:
   - [#   1] AOR datasets.o3.programs.program_076: [0.00000 s] killed by test_general_value (datasets.o3.tests.test_076.TestVersion)

Traceback (most recent call last):
  File "C:\Users\skaspers\OneDrive - Capgemini\Documents\Prompted Testsuite Analysis\.\datasets\o3\tests\test_076.py", line 9, in test_general_value
    self.assertEqual(hexagonal_num(3), 15)
AssertionError: 0.6 != 15

   - [#   2] AOR datasets.o3.programs.program_076: [0.00000 s] killed by test_general_value (datasets.o3.tests.test_076.TestVersion)

Traceback (most recent call last):
  File "C:\Users\skaspers\OneDrive - Capgemini\Documents\Prompted Testsuite Analysis\.\datasets\o3\tests\test_076.py", line 9, in test_general_value
    self.assertEqual(hexagonal_num(3), 15)
AssertionError: 0 != 15

   - [#   3] AOR datasets.o3.programs.program_076: [0.00000 s] killed by test_general_value (datasets.o3.tests.test_076.TestVersion)

Traceback (most recent call last):
  File "C:\Users\skaspers\OneDrive - Capgemini\Documents\Prompted Testsuite Analysis\.\datasets\o3\tests\test_076.py", line 9, in test_general_value
    self.assertEqual(hexagonal_num(3), 15)
AssertionError: 243 != 15

   - [#   4] AOR datasets.o3.programs.program_076: [0.00000 s] killed by test_general_value (datasets.o3.tests.test_076.TestVersion)

Traceback (most recent call last):
  File "C:\Users\skaspers\OneDrive - Capgemini\Documents\Prompted Testsuite Analysis\.\datasets\o3\tests\test_076.py", line 9, in test_general_value
    self.assertEqual(hexagonal_num(3), 15)
AssertionError: -1.0 != 15

   - [#   5] AOR datasets.o3.programs.program_076: [0.01569 s] killed by test_general_value (datasets.o3.tests.test_076.TestVersion)

Traceback (most recent call last):
  File "C:\Users\skaspers\OneDrive - Capgemini\Documents\Prompted Testsuite Analysis\.\datasets\o3\tests\test_076.py", line 9, in test_general_value
    self.assertEqual(hexagonal_num(3), 15)
AssertionError: -3 != 15

   - [#   6] AOR datasets.o3.programs.program_076: [0.00000 s] killed by test_general_value (datasets.o3.tests.test_076.TestVersion)

Traceback (most recent call last):
  File "C:\Users\skaspers\OneDrive - Capgemini\Documents\Prompted Testsuite Analysis\.\datasets\o3\tests\test_076.py", line 9, in test_general_value
    self.assertEqual(hexagonal_num(3), 15)
AssertionError: 21 != 15

   - [#   7] AOR datasets.o3.programs.program_076: [0.00000 s] killed by test_first_hexagonal_number (datasets.o3.tests.test_076.TestVersion)

Traceback (most recent call last):
  File "C:\Users\skaspers\OneDrive - Capgemini\Documents\Prompted Testsuite Analysis\.\datasets\o3\tests\test_076.py", line 6, in test_first_hexagonal_number
    self.assertEqual(hexagonal_num(1), 1)
AssertionError: 3 != 1

[*] Mutation score [0.03183 s]: 100.0%
   - all: 7
   - killed: 7 (100.0%)
   - survived: 0 (0.0%)
   - incompetent: 0 (0.0%)
   - timeout: 0 (0.0%)
HI SANDER, RUNNING MUTPY FROM: C:\Users\skaspers\OneDrive - Capgemini\Documents\Prompted Testsuite Analysis\.venv38\lib\site-packages\mutpy\commandline.py
