[*] Start mutation process:
   - targets: datasets.o3.programs.program_024
   - tests: datasets.o3.tests.test_024
[*] 5 tests passed:
   - datasets.o3.tests.test_024 [0.00000 s]
[*] Start mutants generation and execution:
   - [#   1] AOR datasets.o3.programs.program_024: [0.01565 s] killed by test_mod_two (datasets.o3.tests.test_024.TestVersion)

Traceback (most recent call last):
  File "C:\Users\skaspers\OneDrive - Capgemini\Documents\Prompted Testsuite Analysis\.\datasets\o3\tests\test_024.py", line 12, in test_mod_two
    self.assertFalse(dif_Square(6))
AssertionError: True is not false

   - [#   2] COI datasets.o3.programs.program_024: [0.00000 s] killed by test_mod_one (datasets.o3.tests.test_024.TestVersion)

Traceback (most recent call last):
  File "C:\Users\skaspers\OneDrive - Capgemini\Documents\Prompted Testsuite Analysis\.\datasets\o3\tests\test_024.py", line 9, in test_mod_one
    self.assertTrue(dif_Square(5))
AssertionError: False is not true

   - [#   3] ROR datasets.o3.programs.program_024: [0.00000 s] killed by test_mod_one (datasets.o3.tests.test_024.TestVersion)

Traceback (most recent call last):
  File "C:\Users\skaspers\OneDrive - Capgemini\Documents\Prompted Testsuite Analysis\.\datasets\o3\tests\test_024.py", line 9, in test_mod_one
    self.assertTrue(dif_Square(5))
AssertionError: False is not true

[*] Mutation score [0.03176 s]: 100.0%
   - all: 3
   - killed: 3 (100.0%)
   - survived: 0 (0.0%)
   - incompetent: 0 (0.0%)
   - timeout: 0 (0.0%)
HI SANDER, RUNNING MUTPY FROM: C:\Users\skaspers\OneDrive - Capgemini\Documents\Prompted Testsuite Analysis\.venv38\lib\site-packages\mutpy\commandline.py
