[*] Start mutation process:
   - targets: datasets.o3.programs.program_095
   - tests: datasets.o3.tests.test_095
[*] 4 tests passed:
   - datasets.o3.tests.test_095 [0.00000 s]
[*] Start mutants generation and execution:
   - [#   1] AOR datasets.o3.programs.program_095: [0.00101 s] killed by test_float_side (datasets.o3.tests.test_095.TestVersion)

Traceback (most recent call last):
  File "C:\Users\skaspers\OneDrive - Capgemini\Documents\Prompted Testsuite Analysis\.\datasets\o3\tests\test_095.py", line 12, in test_float_side
    self.assertAlmostEqual(perimeter_pentagon(2.5), 12.5)
AssertionError: 2.0 != 12.5 within 7 places (10.5 difference)

   - [#   2] AOR datasets.o3.programs.program_095: [0.00102 s] killed by test_float_side (datasets.o3.tests.test_095.TestVersion)

Traceback (most recent call last):
  File "C:\Users\skaspers\OneDrive - Capgemini\Documents\Prompted Testsuite Analysis\.\datasets\o3\tests\test_095.py", line 12, in test_float_side
    self.assertAlmostEqual(perimeter_pentagon(2.5), 12.5)
AssertionError: 2.0 != 12.5 within 7 places (10.5 difference)

   - [#   3] AOR datasets.o3.programs.program_095: [0.00100 s] killed by test_float_side (datasets.o3.tests.test_095.TestVersion)

Traceback (most recent call last):
  File "C:\Users\skaspers\OneDrive - Capgemini\Documents\Prompted Testsuite Analysis\.\datasets\o3\tests\test_095.py", line 12, in test_float_side
    self.assertAlmostEqual(perimeter_pentagon(2.5), 12.5)
AssertionError: 55.90169943749474 != 12.5 within 7 places (43.40169943749474 difference)

[*] Mutation score [0.02819 s]: 100.0%
   - all: 3
   - killed: 3 (100.0%)
   - survived: 0 (0.0%)
   - incompetent: 0 (0.0%)
   - timeout: 0 (0.0%)
HI SANDER, RUNNING MUTPY FROM: C:\Users\skaspers\OneDrive - Capgemini\Documents\Prompted Testsuite Analysis\.venv38\lib\site-packages\mutpy\commandline.py
