[*] Start mutation process:
   - targets: datasets.o3.programs.program_010
   - tests: datasets.o3.tests.test_010
[*] 6 tests passed:
   - datasets.o3.tests.test_010 [0.00000 s]
[*] Start mutants generation and execution:
   - [#   1] AOR datasets.o3.programs.program_010: [0.00000 s] killed by test_all_same_digits (datasets.o3.tests.test_010.TestVersion)

Traceback (most recent call last):
  File "C:\Users\skaspers\OneDrive - Capgemini\Documents\Prompted Testsuite Analysis\.\datasets\o3\tests\test_010.py", line 15, in test_all_same_digits
    self.assertEqual(find_Max_Num([9, 9, 9]), 999)
AssertionError: 9.99 != 999

   - [#   2] AOR datasets.o3.programs.program_010: [0.00000 s] killed by test_all_same_digits (datasets.o3.tests.test_010.TestVersion)

Traceback (most recent call last):
  File "C:\Users\skaspers\OneDrive - Capgemini\Documents\Prompted Testsuite Analysis\.\datasets\o3\tests\test_010.py", line 15, in test_all_same_digits
    self.assertEqual(find_Max_Num([9, 9, 9]), 999)
AssertionError: 9 != 999

   - [#   3] AOR datasets.o3.programs.program_010: [0.00000 s] killed by test_all_same_digits (datasets.o3.tests.test_010.TestVersion)

Traceback (most recent call last):
  File "C:\Users\skaspers\OneDrive - Capgemini\Documents\Prompted Testsuite Analysis\.\datasets\o3\tests\test_010.py", line 15, in test_all_same_digits
    self.assertEqual(find_Max_Num([9, 9, 9]), 999)
AssertionError: 26561399573183617310071262330187655387299[50 chars]00009 != 999

   - [#   4] AOR datasets.o3.programs.program_010: [0.00000 s] killed by test_all_same_digits (datasets.o3.tests.test_010.TestVersion)

Traceback (most recent call last):
  File "C:\Users\skaspers\OneDrive - Capgemini\Documents\Prompted Testsuite Analysis\.\datasets\o3\tests\test_010.py", line 15, in test_all_same_digits
    self.assertEqual(find_Max_Num([9, 9, 9]), 999)
AssertionError: 801 != 999

[*] Mutation score [0.04457 s]: 100.0%
   - all: 4
   - killed: 4 (100.0%)
   - survived: 0 (0.0%)
   - incompetent: 0 (0.0%)
   - timeout: 0 (0.0%)
HI SANDER, RUNNING MUTPY FROM: C:\Users\skaspers\OneDrive - Capgemini\Documents\Prompted Testsuite Analysis\.venv38\lib\site-packages\mutpy\commandline.py
