[*] Start mutation process:
   - targets: datasets.o3.programs.program_051
   - tests: datasets.o3.tests.test_051
[*] 6 tests passed:
   - datasets.o3.tests.test_051 [0.00000 s]
[*] Start mutants generation and execution:
   - [#   1] AOR datasets.o3.programs.program_051: [0.00963 s] killed by test_large_input (datasets.o3.tests.test_051.TestVersion)

Traceback (most recent call last):
  File "C:\Users\skaspers\OneDrive - Capgemini\Documents\Prompted Testsuite Analysis\.\datasets\o3\tests\test_051.py", line 21, in test_large_input
    self.assertEqual(eulerian_num(5, 3), 26)
AssertionError: 1260 != 26

   - [#   2] AOR datasets.o3.programs.program_051: [0.00557 s] killed by test_large_input (datasets.o3.tests.test_051.TestVersion)

Traceback (most recent call last):
  File "C:\Users\skaspers\OneDrive - Capgemini\Documents\Prompted Testsuite Analysis\.\datasets\o3\tests\test_051.py", line 21, in test_large_input
    self.assertEqual(eulerian_num(5, 3), 26)
AssertionError: 4.571428571428571 != 26

   - [#   3] AOR datasets.o3.programs.program_051: [0.00000 s] killed by test_large_input (datasets.o3.tests.test_051.TestVersion)

Traceback (most recent call last):
  File "C:\Users\skaspers\OneDrive - Capgemini\Documents\Prompted Testsuite Analysis\.\datasets\o3\tests\test_051.py", line 21, in test_large_input
    self.assertEqual(eulerian_num(5, 3), 26)
AssertionError: 4 != 26

   - [#   4] AOR datasets.o3.programs.program_051: [0.00000 s] killed by test_large_input (datasets.o3.tests.test_051.TestVersion)

Traceback (most recent call last):
  File "C:\Users\skaspers\OneDrive - Capgemini\Documents\Prompted Testsuite Analysis\.\datasets\o3\tests\test_051.py", line 21, in test_large_input
    self.assertEqual(eulerian_num(5, 3), 26)
AssertionError: 524292 != 26

   - [#   5] AOR datasets.o3.programs.program_051: [0.00506 s] killed by test_large_input (datasets.o3.tests.test_051.TestVersion)

Traceback (most recent call last):
  File "C:\Users\skaspers\OneDrive - Capgemini\Documents\Prompted Testsuite Analysis\.\datasets\o3\tests\test_051.py", line 21, in test_large_input
    self.assertEqual(eulerian_num(5, 3), 26)
AssertionError: 5220 != 26

   - [#   6] AOR datasets.o3.programs.program_051: [0.00000 s] killed by test_large_input (datasets.o3.tests.test_051.TestVersion)

Traceback (most recent call last):
  File "C:\Users\skaspers\OneDrive - Capgemini\Documents\Prompted Testsuite Analysis\.\datasets\o3\tests\test_051.py", line 21, in test_large_input
    self.assertEqual(eulerian_num(5, 3), 26)
AssertionError: 0 != 26

   - [#   7] AOR datasets.o3.programs.program_051: [0.00000 s] killed by test_large_input (datasets.o3.tests.test_051.TestVersion)

Traceback (most recent call last):
  File "C:\Users\skaspers\OneDrive - Capgemini\Documents\Prompted Testsuite Analysis\.\datasets\o3\tests\test_051.py", line 21, in test_large_input
    self.assertEqual(eulerian_num(5, 3), 26)
AssertionError: -10 != 26

   - [#   8] AOR datasets.o3.programs.program_051: [0.00000 s] killed by test_large_input (datasets.o3.tests.test_051.TestVersion)

Traceback (most recent call last):
  File "C:\Users\skaspers\OneDrive - Capgemini\Documents\Prompted Testsuite Analysis\.\datasets\o3\tests\test_051.py", line 21, in test_large_input
    self.assertEqual(eulerian_num(5, 3), 26)
AssertionError: 12 != 26

   - [#   9] AOR datasets.o3.programs.program_051: [0.00000 s] killed by test_large_input (datasets.o3.tests.test_051.TestVersion)

Traceback (most recent call last):
  File "C:\Users\skaspers\OneDrive - Capgemini\Documents\Prompted Testsuite Analysis\.\datasets\o3\tests\test_051.py", line 21, in test_large_input
    self.assertEqual(eulerian_num(5, 3), 26)
  File "datasets.o3.programs.program_051", line 6, in eulerian_num
  File "datasets.o3.programs.program_051", line 6, in eulerian_num
  File "datasets.o3.programs.program_051", line 6, in eulerian_num
  [Previous line repeated 1 more time]
ZeroDivisionError: division by zero

   - [#  10] AOR datasets.o3.programs.program_051: [0.00000 s] killed by test_large_input (datasets.o3.tests.test_051.TestVersion)

Traceback (most recent call last):
  File "C:\Users\skaspers\OneDrive - Capgemini\Documents\Prompted Testsuite Analysis\.\datasets\o3\tests\test_051.py", line 21, in test_large_input
    self.assertEqual(eulerian_num(5, 3), 26)
  File "datasets.o3.programs.program_051", line 6, in eulerian_num
  File "datasets.o3.programs.program_051", line 6, in eulerian_num
  File "datasets.o3.programs.program_051", line 6, in eulerian_num
  [Previous line repeated 1 more time]
ZeroDivisionError: integer division or modulo by zero

   - [#  11] AOR datasets.o3.programs.program_051: [0.00000 s] killed by test_large_input (datasets.o3.tests.test_051.TestVersion)

Traceback (most recent call last):
  File "C:\Users\skaspers\OneDrive - Capgemini\Documents\Prompted Testsuite Analysis\.\datasets\o3\tests\test_051.py", line 21, in test_large_input
    self.assertEqual(eulerian_num(5, 3), 26)
AssertionError: 334 != 26

   - [#  12] AOR datasets.o3.programs.program_051: [0.23521 s] killed by test_large_input (datasets.o3.tests.test_051.TestVersion)

Traceback (most recent call last):
  File "C:\Users\skaspers\OneDrive - Capgemini\Documents\Prompted Testsuite Analysis\.\datasets\o3\tests\test_051.py", line 21, in test_large_input
    self.assertEqual(eulerian_num(5, 3), 26)
  File "datasets.o3.programs.program_051", line 6, in eulerian_num
  File "datasets.o3.programs.program_051", line 6, in eulerian_num
  File "datasets.o3.programs.program_051", line 6, in eulerian_num
  [Previous line repeated 983 more times]
  File "datasets.o3.programs.program_051", line 2, in eulerian_num
RecursionError: maximum recursion depth exceeded in comparison

   - [#  13] COI datasets.o3.programs.program_051: [0.00000 s] killed by test_base_case_n_zero (datasets.o3.tests.test_051.TestVersion)

Traceback (most recent call last):
  File "C:\Users\skaspers\OneDrive - Capgemini\Documents\Prompted Testsuite Analysis\.\datasets\o3\tests\test_051.py", line 6, in test_base_case_n_zero
    self.assertEqual(eulerian_num(0, 0), 0)
AssertionError: 1 != 0

   - [#  14] COI datasets.o3.programs.program_051: [0.00000 s] killed by test_large_input (datasets.o3.tests.test_051.TestVersion)

Traceback (most recent call last):
  File "C:\Users\skaspers\OneDrive - Capgemini\Documents\Prompted Testsuite Analysis\.\datasets\o3\tests\test_051.py", line 21, in test_large_input
    self.assertEqual(eulerian_num(5, 3), 26)
AssertionError: 1 != 26

   - [#  15] LCR datasets.o3.programs.program_051: [0.00000 s] survived
   - [#  16] ROR datasets.o3.programs.program_051: [0.00000 s] killed by test_large_input (datasets.o3.tests.test_051.TestVersion)

Traceback (most recent call last):
  File "C:\Users\skaspers\OneDrive - Capgemini\Documents\Prompted Testsuite Analysis\.\datasets\o3\tests\test_051.py", line 21, in test_large_input
    self.assertEqual(eulerian_num(5, 3), 26)
AssertionError: 0 != 26

   - [#  17] ROR datasets.o3.programs.program_051: [0.00000 s] survived
   - [#  18] ROR datasets.o3.programs.program_051: [0.00000 s] killed by test_large_input (datasets.o3.tests.test_051.TestVersion)

Traceback (most recent call last):
  File "C:\Users\skaspers\OneDrive - Capgemini\Documents\Prompted Testsuite Analysis\.\datasets\o3\tests\test_051.py", line 21, in test_large_input
    self.assertEqual(eulerian_num(5, 3), 26)
AssertionError: 0 != 26

   - [#  19] ROR datasets.o3.programs.program_051: [0.00000 s] killed by test_large_input (datasets.o3.tests.test_051.TestVersion)

Traceback (most recent call last):
  File "C:\Users\skaspers\OneDrive - Capgemini\Documents\Prompted Testsuite Analysis\.\datasets\o3\tests\test_051.py", line 21, in test_large_input
    self.assertEqual(eulerian_num(5, 3), 26)
AssertionError: 1 != 26

[*] Mutation score [0.32511 s]: 89.5%
   - all: 19
   - killed: 17 (89.5%)
   - survived: 2 (10.5%)
   - incompetent: 0 (0.0%)
   - timeout: 0 (0.0%)
HI SANDER, RUNNING MUTPY FROM: C:\Users\skaspers\OneDrive - Capgemini\Documents\Prompted Testsuite Analysis\.venv38\lib\site-packages\mutpy\commandline.py
