[*] Start mutation process:
   - targets: datasets.o3.programs.program_022
   - tests: datasets.o3.tests.test_022
[*] 6 tests passed:
   - datasets.o3.tests.test_022 [0.00000 s]
[*] Start mutants generation and execution:
   - [#   1] BCR datasets.o3.programs.program_022: [0.00000 s] survived
   - [#   2] COD datasets.o3.programs.program_022: [0.00000 s] killed by test_all_equal_length (datasets.o3.tests.test_022.TestVersion)

Traceback (most recent call last):
  File "C:\Users\skaspers\OneDrive - Capgemini\Documents\Prompted Testsuite Analysis\.\datasets\o3\tests\test_022.py", line 6, in test_all_equal_length
    self.assertTrue(get_equal([(1,2), (3,4), (5,6)]))
AssertionError: False is not true

   - [#   3] COI datasets.o3.programs.program_022: [0.00000 s] killed by test_all_equal_length (datasets.o3.tests.test_022.TestVersion)

Traceback (most recent call last):
  File "C:\Users\skaspers\OneDrive - Capgemini\Documents\Prompted Testsuite Analysis\.\datasets\o3\tests\test_022.py", line 6, in test_all_equal_length
    self.assertTrue(get_equal([(1,2), (3,4), (5,6)]))
AssertionError: False is not true

   - [#   4] ROR datasets.o3.programs.program_022: [0.00000 s] killed by test_all_equal_length (datasets.o3.tests.test_022.TestVersion)

Traceback (most recent call last):
  File "C:\Users\skaspers\OneDrive - Capgemini\Documents\Prompted Testsuite Analysis\.\datasets\o3\tests\test_022.py", line 6, in test_all_equal_length
    self.assertTrue(get_equal([(1,2), (3,4), (5,6)]))
AssertionError: False is not true

   - [#   5] ROR datasets.o3.programs.program_022: [0.00000 s] killed by test_all_equal_length (datasets.o3.tests.test_022.TestVersion)

Traceback (most recent call last):
  File "C:\Users\skaspers\OneDrive - Capgemini\Documents\Prompted Testsuite Analysis\.\datasets\o3\tests\test_022.py", line 6, in test_all_equal_length
    self.assertTrue(get_equal([(1,2), (3,4), (5,6)]))
AssertionError: False is not true

[*] Mutation score [0.04532 s]: 80.0%
   - all: 5
   - killed: 4 (80.0%)
   - survived: 1 (20.0%)
   - incompetent: 0 (0.0%)
   - timeout: 0 (0.0%)
HI SANDER, RUNNING MUTPY FROM: C:\Users\skaspers\OneDrive - Capgemini\Documents\Prompted Testsuite Analysis\.venv38\lib\site-packages\mutpy\commandline.py
