[*] Start mutation process:
   - targets: datasets.o3.programs.program_011
   - tests: datasets.o3.tests.test_011
[*] 6 tests passed:
   - datasets.o3.tests.test_011 [0.00000 s]
[*] Start mutants generation and execution:
   - [#   1] LOR datasets.o3.programs.program_011: [0.00000 s] killed by test_opposite_signs_both_negative (datasets.o3.tests.test_011.TestVersion)

Traceback (most recent call last):
  File "C:\Users\skaspers\OneDrive - Capgemini\Documents\Prompted Testsuite Analysis\.\datasets\o3\tests\test_011.py", line 12, in test_opposite_signs_both_negative
    self.assertFalse(opposite_Signs(-4, -9))
AssertionError: True is not false

   - [#   2] ROR datasets.o3.programs.program_011: [0.00000 s] killed by test_opposite_signs_both_negative (datasets.o3.tests.test_011.TestVersion)

Traceback (most recent call last):
  File "C:\Users\skaspers\OneDrive - Capgemini\Documents\Prompted Testsuite Analysis\.\datasets\o3\tests\test_011.py", line 12, in test_opposite_signs_both_negative
    self.assertFalse(opposite_Signs(-4, -9))
AssertionError: True is not false

   - [#   3] ROR datasets.o3.programs.program_011: [0.00000 s] killed by test_opposite_signs_both_zero (datasets.o3.tests.test_011.TestVersion)

Traceback (most recent call last):
  File "C:\Users\skaspers\OneDrive - Capgemini\Documents\Prompted Testsuite Analysis\.\datasets\o3\tests\test_011.py", line 21, in test_opposite_signs_both_zero
    self.assertFalse(opposite_Signs(0, 0))
AssertionError: True is not false

[*] Mutation score [0.02563 s]: 100.0%
   - all: 3
   - killed: 3 (100.0%)
   - survived: 0 (0.0%)
   - incompetent: 0 (0.0%)
   - timeout: 0 (0.0%)
HI SANDER, RUNNING MUTPY FROM: C:\Users\skaspers\OneDrive - Capgemini\Documents\Prompted Testsuite Analysis\.venv38\lib\site-packages\mutpy\commandline.py
