[*] Start mutation process:
   - targets: datasets.GPT_4.Chain_of_thought2.programs.program_063
   - tests: datasets.GPT_4.Chain_of_thought2.tests.test_063
[*] 9 tests passed:
   - datasets.GPT_4.Chain_of_thought2.tests.test_063 [0.00000 s]
[*] Start mutants generation and execution:
   - [#   1] LOR datasets.GPT_4.Chain_of_thought2.programs.program_063: [0.01562 s] killed by test_large_numbers (datasets.GPT_4.Chain_of_thought2.tests.test_063.TestVersion)

Traceback (most recent call last):
  File "C:\Users\skaspers\OneDrive - Capgemini\Documents\Prompted Testsuite Analysis\.\datasets\GPT_4\Chain_of_thought2\tests\test_063.py", line 17, in test_large_numbers
    def test_large_numbers(self): self.assertEqual(search([999999, 888888, 999999]), 888888)
AssertionError: 0 != 888888

[*] Mutation score [0.03882 s]: 100.0%
   - all: 1
   - killed: 1 (100.0%)
   - survived: 0 (0.0%)
   - incompetent: 0 (0.0%)
   - timeout: 0 (0.0%)
HI SANDER, RUNNING MUTPY FROM: C:\Users\skaspers\OneDrive - Capgemini\Documents\Prompted Testsuite Analysis\.venv38\lib\site-packages\mutpy\commandline.py
