[*] Start mutation process:
   - targets: datasets.GPT_4.Chain_of_thought2.programs.program_084
   - tests: datasets.GPT_4.Chain_of_thought2.tests.test_084
[*] 9 tests passed:
   - datasets.GPT_4.Chain_of_thought2.tests.test_084 [0.00000 s]
[*] Start mutants generation and execution:
   - [#   1] AOR datasets.GPT_4.Chain_of_thought2.programs.program_084: [0.00000 s] killed by test_all_identical_elements (datasets.GPT_4.Chain_of_thought2.tests.test_084.TestVersion)

Traceback (most recent call last):
  File "C:\Users\skaspers\OneDrive - Capgemini\Documents\Prompted Testsuite Analysis\.\datasets\GPT_4\Chain_of_thought2\tests\test_084.py", line 7, in test_all_identical_elements
    def test_all_identical_elements(self): self.assertEqual(max_Abs_Diff([4, 4, 4, 4]), 0)
AssertionError: 8 != 0

[*] Mutation score [0.04738 s]: 100.0%
   - all: 1
   - killed: 1 (100.0%)
   - survived: 0 (0.0%)
   - incompetent: 0 (0.0%)
   - timeout: 0 (0.0%)
HI SANDER, RUNNING MUTPY FROM: C:\Users\skaspers\OneDrive - Capgemini\Documents\Prompted Testsuite Analysis\.venv38\lib\site-packages\mutpy\commandline.py
