[*] Start mutation process:
   - targets: datasets.GPT_4.Chain_of_thought2.programs.program_091
   - tests: datasets.GPT_4.Chain_of_thought2.tests.test_091
[*] 10 tests passed:
   - datasets.GPT_4.Chain_of_thought2.tests.test_091 [0.00000 s]
[*] Start mutants generation and execution:
   - [#   1] AOR datasets.GPT_4.Chain_of_thought2.programs.program_091: [0.00000 s] killed by test_all_even (datasets.GPT_4.Chain_of_thought2.tests.test_091.TestVersion)

Traceback (most recent call last):
  File "C:\Users\skaspers\OneDrive - Capgemini\Documents\Prompted Testsuite Analysis\.\datasets\GPT_4\Chain_of_thought2\tests\test_091.py", line 5, in test_all_even
    def test_all_even(self): self.assertEqual(find_even_pair([2, 4, 6, 8]), 6)
AssertionError: 14 != 6

   - [#   2] AOR datasets.GPT_4.Chain_of_thought2.programs.program_091: [0.00000 s] killed by test_all_even (datasets.GPT_4.Chain_of_thought2.tests.test_091.TestVersion)

Traceback (most recent call last):
  File "C:\Users\skaspers\OneDrive - Capgemini\Documents\Prompted Testsuite Analysis\.\datasets\GPT_4\Chain_of_thought2\tests\test_091.py", line 5, in test_all_even
    def test_all_even(self): self.assertEqual(find_even_pair([2, 4, 6, 8]), 6)
AssertionError: 0 != 6

   - [#   3] ASR datasets.GPT_4.Chain_of_thought2.programs.program_091: [0.01555 s] killed by test_all_even (datasets.GPT_4.Chain_of_thought2.tests.test_091.TestVersion)

Traceback (most recent call last):
  File "C:\Users\skaspers\OneDrive - Capgemini\Documents\Prompted Testsuite Analysis\.\datasets\GPT_4\Chain_of_thought2\tests\test_091.py", line 5, in test_all_even
    def test_all_even(self): self.assertEqual(find_even_pair([2, 4, 6, 8]), 6)
AssertionError: -6 != 6

   - [#   4] COI datasets.GPT_4.Chain_of_thought2.programs.program_091: [0.00000 s] killed by test_all_even (datasets.GPT_4.Chain_of_thought2.tests.test_091.TestVersion)

Traceback (most recent call last):
  File "C:\Users\skaspers\OneDrive - Capgemini\Documents\Prompted Testsuite Analysis\.\datasets\GPT_4\Chain_of_thought2\tests\test_091.py", line 5, in test_all_even
    def test_all_even(self): self.assertEqual(find_even_pair([2, 4, 6, 8]), 6)
AssertionError: 0 != 6

   - [#   5] LOR datasets.GPT_4.Chain_of_thought2.programs.program_091: [0.00000 s] killed by test_all_odd (datasets.GPT_4.Chain_of_thought2.tests.test_091.TestVersion)

Traceback (most recent call last):
  File "C:\Users\skaspers\OneDrive - Capgemini\Documents\Prompted Testsuite Analysis\.\datasets\GPT_4\Chain_of_thought2\tests\test_091.py", line 7, in test_all_odd
    def test_all_odd(self): self.assertEqual(find_even_pair([1, 3, 5]), 3)
AssertionError: 0 != 3

   - [#   6] ROR datasets.GPT_4.Chain_of_thought2.programs.program_091: [0.00000 s] killed by test_all_even (datasets.GPT_4.Chain_of_thought2.tests.test_091.TestVersion)

Traceback (most recent call last):
  File "C:\Users\skaspers\OneDrive - Capgemini\Documents\Prompted Testsuite Analysis\.\datasets\GPT_4\Chain_of_thought2\tests\test_091.py", line 5, in test_all_even
    def test_all_even(self): self.assertEqual(find_even_pair([2, 4, 6, 8]), 6)
AssertionError: 0 != 6

[*] Mutation score [0.05759 s]: 100.0%
   - all: 6
   - killed: 6 (100.0%)
   - survived: 0 (0.0%)
   - incompetent: 0 (0.0%)
   - timeout: 0 (0.0%)
HI SANDER, RUNNING MUTPY FROM: C:\Users\skaspers\OneDrive - Capgemini\Documents\Prompted Testsuite Analysis\.venv38\lib\site-packages\mutpy\commandline.py
