[*] Start mutation process:
   - targets: datasets.GPT_4.Chain_of_thought2.programs.program_032
   - tests: datasets.GPT_4.Chain_of_thought2.tests.test_032
[*] 6 tests passed:
   - datasets.GPT_4.Chain_of_thought2.tests.test_032 [0.00000 s]
[*] Start mutants generation and execution:
   - [#   1] AOR datasets.GPT_4.Chain_of_thought2.programs.program_032: [0.22046 s] killed by test_n_equals_10 (datasets.GPT_4.Chain_of_thought2.tests.test_032.TestVersion)

Traceback (most recent call last):
  File "C:\Users\skaspers\OneDrive - Capgemini\Documents\Prompted Testsuite Analysis\.\datasets\GPT_4\Chain_of_thought2\tests\test_032.py", line 15, in test_n_equals_10
    def test_n_equals_10(self): self.assertEqual(sequence(10), 6)
  File "datasets.GPT_4.Chain_of_thought2.programs.program_032", line 5, in sequence
  File "datasets.GPT_4.Chain_of_thought2.programs.program_032", line 5, in sequence
  File "datasets.GPT_4.Chain_of_thought2.programs.program_032", line 5, in sequence
  [Previous line repeated 983 more times]
  File "datasets.GPT_4.Chain_of_thought2.programs.program_032", line 2, in sequence
RecursionError: maximum recursion depth exceeded in comparison

   - [#   2] AOR datasets.GPT_4.Chain_of_thought2.programs.program_032: [0.23111 s] killed by test_n_equals_10 (datasets.GPT_4.Chain_of_thought2.tests.test_032.TestVersion)

Traceback (most recent call last):
  File "C:\Users\skaspers\OneDrive - Capgemini\Documents\Prompted Testsuite Analysis\.\datasets\GPT_4\Chain_of_thought2\tests\test_032.py", line 15, in test_n_equals_10
    def test_n_equals_10(self): self.assertEqual(sequence(10), 6)
  File "datasets.GPT_4.Chain_of_thought2.programs.program_032", line 5, in sequence
  File "datasets.GPT_4.Chain_of_thought2.programs.program_032", line 5, in sequence
  File "datasets.GPT_4.Chain_of_thought2.programs.program_032", line 5, in sequence
  [Previous line repeated 983 more times]
  File "datasets.GPT_4.Chain_of_thought2.programs.program_032", line 2, in sequence
RecursionError: maximum recursion depth exceeded in comparison

   - [#   3] AOR datasets.GPT_4.Chain_of_thought2.programs.program_032: [0.22036 s] killed by test_n_equals_10 (datasets.GPT_4.Chain_of_thought2.tests.test_032.TestVersion)

Traceback (most recent call last):
  File "C:\Users\skaspers\OneDrive - Capgemini\Documents\Prompted Testsuite Analysis\.\datasets\GPT_4\Chain_of_thought2\tests\test_032.py", line 15, in test_n_equals_10
    def test_n_equals_10(self): self.assertEqual(sequence(10), 6)
  File "datasets.GPT_4.Chain_of_thought2.programs.program_032", line 5, in sequence
  File "datasets.GPT_4.Chain_of_thought2.programs.program_032", line 5, in sequence
  File "datasets.GPT_4.Chain_of_thought2.programs.program_032", line 5, in sequence
  [Previous line repeated 983 more times]
  File "datasets.GPT_4.Chain_of_thought2.programs.program_032", line 2, in sequence
RecursionError: maximum recursion depth exceeded in comparison

   - [#   4] AOR datasets.GPT_4.Chain_of_thought2.programs.program_032: [0.25522 s] killed by test_n_equals_10 (datasets.GPT_4.Chain_of_thought2.tests.test_032.TestVersion)

Traceback (most recent call last):
  File "C:\Users\skaspers\OneDrive - Capgemini\Documents\Prompted Testsuite Analysis\.\datasets\GPT_4\Chain_of_thought2\tests\test_032.py", line 15, in test_n_equals_10
    def test_n_equals_10(self): self.assertEqual(sequence(10), 6)
  File "datasets.GPT_4.Chain_of_thought2.programs.program_032", line 5, in sequence
  File "datasets.GPT_4.Chain_of_thought2.programs.program_032", line 5, in sequence
  File "datasets.GPT_4.Chain_of_thought2.programs.program_032", line 5, in sequence
  [Previous line repeated 983 more times]
  File "datasets.GPT_4.Chain_of_thought2.programs.program_032", line 2, in sequence
RecursionError: maximum recursion depth exceeded in comparison

   - [#   5] COI datasets.GPT_4.Chain_of_thought2.programs.program_032: [0.22543 s] killed by test_n_equals_1 (datasets.GPT_4.Chain_of_thought2.tests.test_032.TestVersion)

Traceback (most recent call last):
  File "C:\Users\skaspers\OneDrive - Capgemini\Documents\Prompted Testsuite Analysis\.\datasets\GPT_4\Chain_of_thought2\tests\test_032.py", line 5, in test_n_equals_1
    def test_n_equals_1(self): self.assertEqual(sequence(1), 1)
  File "datasets.GPT_4.Chain_of_thought2.programs.program_032", line 5, in sequence
  File "datasets.GPT_4.Chain_of_thought2.programs.program_032", line 5, in sequence
  File "datasets.GPT_4.Chain_of_thought2.programs.program_032", line 5, in sequence
  [Previous line repeated 983 more times]
  File "datasets.GPT_4.Chain_of_thought2.programs.program_032", line 2, in sequence
RecursionError: maximum recursion depth exceeded in comparison

   - [#   6] LCR datasets.GPT_4.Chain_of_thought2.programs.program_032: [0.22067 s] killed by test_n_equals_1 (datasets.GPT_4.Chain_of_thought2.tests.test_032.TestVersion)

Traceback (most recent call last):
  File "C:\Users\skaspers\OneDrive - Capgemini\Documents\Prompted Testsuite Analysis\.\datasets\GPT_4\Chain_of_thought2\tests\test_032.py", line 5, in test_n_equals_1
    def test_n_equals_1(self): self.assertEqual(sequence(1), 1)
  File "datasets.GPT_4.Chain_of_thought2.programs.program_032", line 5, in sequence
  File "datasets.GPT_4.Chain_of_thought2.programs.program_032", line 5, in sequence
  File "datasets.GPT_4.Chain_of_thought2.programs.program_032", line 5, in sequence
  [Previous line repeated 983 more times]
  File "datasets.GPT_4.Chain_of_thought2.programs.program_032", line 2, in sequence
RecursionError: maximum recursion depth exceeded in comparison

   - [#   7] ROR datasets.GPT_4.Chain_of_thought2.programs.program_032: [0.23648 s] killed by test_n_equals_1 (datasets.GPT_4.Chain_of_thought2.tests.test_032.TestVersion)

Traceback (most recent call last):
  File "C:\Users\skaspers\OneDrive - Capgemini\Documents\Prompted Testsuite Analysis\.\datasets\GPT_4\Chain_of_thought2\tests\test_032.py", line 5, in test_n_equals_1
    def test_n_equals_1(self): self.assertEqual(sequence(1), 1)
  File "datasets.GPT_4.Chain_of_thought2.programs.program_032", line 5, in sequence
  File "datasets.GPT_4.Chain_of_thought2.programs.program_032", line 5, in sequence
  File "datasets.GPT_4.Chain_of_thought2.programs.program_032", line 5, in sequence
  [Previous line repeated 983 more times]
  File "datasets.GPT_4.Chain_of_thought2.programs.program_032", line 2, in sequence
RecursionError: maximum recursion depth exceeded in comparison

   - [#   8] ROR datasets.GPT_4.Chain_of_thought2.programs.program_032: [0.00000 s] killed by test_n_equals_10 (datasets.GPT_4.Chain_of_thought2.tests.test_032.TestVersion)

Traceback (most recent call last):
  File "C:\Users\skaspers\OneDrive - Capgemini\Documents\Prompted Testsuite Analysis\.\datasets\GPT_4\Chain_of_thought2\tests\test_032.py", line 15, in test_n_equals_10
    def test_n_equals_10(self): self.assertEqual(sequence(10), 6)
AssertionError: 1 != 6

[*] Mutation score [1.70222 s]: 100.0%
   - all: 8
   - killed: 8 (100.0%)
   - survived: 0 (0.0%)
   - incompetent: 0 (0.0%)
   - timeout: 0 (0.0%)
HI SANDER, RUNNING MUTPY FROM: C:\Users\skaspers\OneDrive - Capgemini\Documents\Prompted Testsuite Analysis\.venv38\lib\site-packages\mutpy\commandline.py
