<!DOCTYPE html>
<html>
<head>
    <title>MutPy mutation report - mutation #18</title>
    <meta name="viewport" content="width=device-width, initial-scale=1.0">
    <link rel="stylesheet" href="https://netdna.bootstrapcdn.com/bootstrap/3.0.3/css/bootstrap.min.css">
    
<link href="http://alexgorbatchev.com/pub/sh/current/styles/shCore.css" rel="stylesheet" type="text/css" />
<link href="http://alexgorbatchev.com/pub/sh/current/styles/shThemeDefault.css" rel="stylesheet" type="text/css" />

    <script src="https://code.jquery.com/jquery.js"></script>
    <script src="https://netdna.bootstrapcdn.com/bootstrap/3.0.3/js/bootstrap.min.js"></script>
    <!--[if lt IE 9]>
    <script src="https://oss.maxcdn.com/libs/html5shiv/3.7.0/html5shiv.js"></script>
    <script src="https://oss.maxcdn.com/libs/respond.js/1.3.0/respond.min.js"></script>
    <![endif]-->
    
<script src="http://alexgorbatchev.com/pub/sh/current/scripts/shCore.js" type="text/javascript"></script>
<script src="http://alexgorbatchev.com/pub/sh/current/scripts/shBrushPython.js" type="text/javascript"></script>
<script type="text/javascript">
    SyntaxHighlighter.all();
    window.setTimeout(function () {
        
        $('.line.number3').attr('title', 'ROR');
        
    }, 0);
</script>

</head>
<body>
    <div class="container">
        
<div class="page-header">
    <h1>Mutation #18</h1>
</div>
<h3>Details</h3>
<ul>
    <li>module - <code><module 'datasets.GPT_4.Few_shot2.programs.program_085' from 'C:\\Users\\skaspers\\OneDrive - Capgemini\\Documents\\Prompted Testsuite Analysis\\.\\datasets\\GPT_4\\Few_shot2\\programs\\program_085.py'></code></li>
    <li><span class="label label-success">killed</span> by <code>test_find_solution_exact_multiple (datasets.GPT_4.Few_shot2.tests.test_085.TestVersion)</code></li>
    
    <li>duration - 0.014 s</li>
    
    
    <li>tests run - 1</li>
    
</ul>

<h3>Exception traceback</h3>
<pre>Traceback (most recent call last):
  File "C:\Users\skaspers\OneDrive - Capgemini\Documents\Prompted Testsuite Analysis\.\datasets\GPT_4\Few_shot2\tests\test_085.py", line 7, in test_find_solution_exact_multiple
    def test_find_solution_exact_multiple(self): self.assertTrue(find_solution(4, 6, 12))
AssertionError: None is not true
</pre>

<h3>Mutations</h3>
<ul>
    
    <li>ROR - line 3</li>
    
</ul>
<h3>Mutant</h3>
<pre class="brush: python; first-line: 1; highlight: [3]; toolbar: false;">def find_solution(a, b, n):
    i = 0
    while i * a >= n:
        if (n - (i * a)) % b == 0:
            return (i, (n - (i * a)) // b)
        i = i + 1
    return None</pre>

    </div>
</body>
</html>