<!DOCTYPE html>
<html>
<head>
    <title>MutPy mutation report - mutation #2</title>
    <meta name="viewport" content="width=device-width, initial-scale=1.0">
    <link rel="stylesheet" href="https://netdna.bootstrapcdn.com/bootstrap/3.0.3/css/bootstrap.min.css">
    
<link href="http://alexgorbatchev.com/pub/sh/current/styles/shCore.css" rel="stylesheet" type="text/css" />
<link href="http://alexgorbatchev.com/pub/sh/current/styles/shThemeDefault.css" rel="stylesheet" type="text/css" />

    <script src="https://code.jquery.com/jquery.js"></script>
    <script src="https://netdna.bootstrapcdn.com/bootstrap/3.0.3/js/bootstrap.min.js"></script>
    <!--[if lt IE 9]>
    <script src="https://oss.maxcdn.com/libs/html5shiv/3.7.0/html5shiv.js"></script>
    <script src="https://oss.maxcdn.com/libs/respond.js/1.3.0/respond.min.js"></script>
    <![endif]-->
    
<script src="http://alexgorbatchev.com/pub/sh/current/scripts/shCore.js" type="text/javascript"></script>
<script src="http://alexgorbatchev.com/pub/sh/current/scripts/shBrushPython.js" type="text/javascript"></script>
<script type="text/javascript">
    SyntaxHighlighter.all();
    window.setTimeout(function () {
        
        $('.line.number2').attr('title', 'ROR');
        
    }, 0);
</script>

</head>
<body>
    <div class="container">
        
<div class="page-header">
    <h1>Mutation #2</h1>
</div>
<h3>Details</h3>
<ul>
    <li>module - <code><module 'datasets.GPT_4.Chain_of_thought.programs.program_026' from 'C:\\Users\\skaspers\\OneDrive - Capgemini\\Documents\\Prompted Testsuite Analysis\\.\\datasets\\GPT_4\\Chain_of_thought\\programs\\program_026.py'></code></li>
    <li><span class="label label-success">killed</span> by <code>test_all_tuples_matching (datasets.GPT_4.Chain_of_thought.tests.test_026.TestVersion)</code></li>
    
    <li>duration - 0.001 s</li>
    
    
    <li>tests run - 1</li>
    
</ul>

<h3>Exception traceback</h3>
<pre>Traceback (most recent call last):
  File "C:\Users\skaspers\OneDrive - Capgemini\Documents\Prompted Testsuite Analysis\.\datasets\GPT_4\Chain_of_thought\tests\test_026.py", line 12, in test_all_tuples_matching
    self.assertEqual(find_tuples([(4, 8), (2, 6)], 2), [(4, 8), (2, 6)])
AssertionError: Lists differ: [] != [(4, 8), (2, 6)]

Second list contains 2 additional elements.
First extra element 0:
(4, 8)

- []
+ [(4, 8), (2, 6)]
</pre>

<h3>Mutations</h3>
<ul>
    
    <li>ROR - line 2</li>
    
</ul>
<h3>Mutant</h3>
<pre class="brush: python; first-line: 1; highlight: [2]; toolbar: false;">def find_tuples(test_list, K):
    res = [sub for sub in test_list if all((ele % K != 0 for ele in sub))]
    return res</pre>

    </div>
</body>
</html>