[*] Start mutation process:
   - targets: datasets.GPT_4.Zero_shot2.programs.program_005
   - tests: datasets.GPT_4.Zero_shot2.tests.test_005
[*] 6 tests passed:
   - datasets.GPT_4.Zero_shot2.tests.test_005 [0.00000 s]
[*] Start mutants generation and execution:
   - [#   1] AOR datasets.GPT_4.Zero_shot2.programs.program_005: [0.00000 s] killed by test_perimeter_1 (datasets.GPT_4.Zero_shot2.tests.test_005.TestVersion)

Traceback (most recent call last):
  File "C:\Users\skaspers\OneDrive - Capgemini\Documents\Prompted Testsuite Analysis\.\datasets\GPT_4\Zero_shot2\tests\test_005.py", line 6, in test_perimeter_1
    self.assertEqual(square_perimeter(5), 20)
AssertionError: 0.8 != 20

   - [#   2] AOR datasets.GPT_4.Zero_shot2.programs.program_005: [0.00000 s] killed by test_perimeter_1 (datasets.GPT_4.Zero_shot2.tests.test_005.TestVersion)

Traceback (most recent call last):
  File "C:\Users\skaspers\OneDrive - Capgemini\Documents\Prompted Testsuite Analysis\.\datasets\GPT_4\Zero_shot2\tests\test_005.py", line 6, in test_perimeter_1
    self.assertEqual(square_perimeter(5), 20)
AssertionError: 0 != 20

   - [#   3] AOR datasets.GPT_4.Zero_shot2.programs.program_005: [0.00000 s] killed by test_perimeter_1 (datasets.GPT_4.Zero_shot2.tests.test_005.TestVersion)

Traceback (most recent call last):
  File "C:\Users\skaspers\OneDrive - Capgemini\Documents\Prompted Testsuite Analysis\.\datasets\GPT_4\Zero_shot2\tests\test_005.py", line 6, in test_perimeter_1
    self.assertEqual(square_perimeter(5), 20)
AssertionError: 1024 != 20

[*] Mutation score [0.03186 s]: 100.0%
   - all: 3
   - killed: 3 (100.0%)
   - survived: 0 (0.0%)
   - incompetent: 0 (0.0%)
   - timeout: 0 (0.0%)
HI SANDER, RUNNING MUTPY FROM: C:\Users\skaspers\OneDrive - Capgemini\Documents\Prompted Testsuite Analysis\.venv38\lib\site-packages\mutpy\commandline.py
