[*] Start mutation process:
   - targets: datasets.GPT_4.Zero_shot2.programs.program_075
   - tests: datasets.GPT_4.Zero_shot2.tests.test_075
[*] 8 tests passed:
   - datasets.GPT_4.Zero_shot2.tests.test_075 [0.00000 s]
[*] Start mutants generation and execution:
   - [#   1] ROR datasets.GPT_4.Zero_shot2.programs.program_075: [0.00000 s] killed by test_neg_1 (datasets.GPT_4.Zero_shot2.tests.test_075.TestVersion)

Traceback (most recent call last):
  File "C:\Users\skaspers\OneDrive - Capgemini\Documents\Prompted Testsuite Analysis\.\datasets\GPT_4\Zero_shot2\tests\test_075.py", line 6, in test_neg_1
    self.assertEqual(sum_negativenum([1, -2, 3, -4]), -6)
AssertionError: 4 != -6

   - [#   2] ROR datasets.GPT_4.Zero_shot2.programs.program_075: [0.00000 s] survived
[*] Mutation score [0.01558 s]: 50.0%
   - all: 2
   - killed: 1 (50.0%)
   - survived: 1 (50.0%)
   - incompetent: 0 (0.0%)
   - timeout: 0 (0.0%)
HI SANDER, RUNNING MUTPY FROM: C:\Users\skaspers\OneDrive - Capgemini\Documents\Prompted Testsuite Analysis\.venv38\lib\site-packages\mutpy\commandline.py
