[*] Start mutation process:
   - targets: datasets.GPT_4.Zero_shot2.programs.program_099
   - tests: datasets.GPT_4.Zero_shot2.tests.test_099
[*] 9 tests passed:
   - datasets.GPT_4.Zero_shot2.tests.test_099 [0.00000 s]
[*] Start mutants generation and execution:
   - [#   1] ASR datasets.GPT_4.Zero_shot2.programs.program_099: [0.00102 s] killed by test_bits_10 (datasets.GPT_4.Zero_shot2.tests.test_099.TestVersion)

Traceback (most recent call last):
  File "C:\Users\skaspers\OneDrive - Capgemini\Documents\Prompted Testsuite Analysis\.\datasets\GPT_4\Zero_shot2\tests\test_099.py", line 35, in test_bits_10
    self.assertEqual(count_Set_Bits(42), 3)
AssertionError: -3 != 3

   - [#   2] COI datasets.GPT_4.Zero_shot2.programs.program_099: [5.03126 s] timeout
   - [#   3] LOR datasets.GPT_4.Zero_shot2.programs.program_099: [0.00101 s] killed by test_bits_10 (datasets.GPT_4.Zero_shot2.tests.test_099.TestVersion)

Traceback (most recent call last):
  File "C:\Users\skaspers\OneDrive - Capgemini\Documents\Prompted Testsuite Analysis\.\datasets\GPT_4\Zero_shot2\tests\test_099.py", line 35, in test_bits_10
    self.assertEqual(count_Set_Bits(42), 3)
AssertionError: 84 != 3

   - [#   4] LOR datasets.GPT_4.Zero_shot2.programs.program_099: [5.03349 s] timeout
[*] Mutation score [10.09879 s]: 100.0%
   - all: 4
   - killed: 2 (50.0%)
   - survived: 0 (0.0%)
   - incompetent: 0 (0.0%)
   - timeout: 2 (50.0%)
HI SANDER, RUNNING MUTPY FROM: C:\Users\skaspers\OneDrive - Capgemini\Documents\Prompted Testsuite Analysis\.venv38\lib\site-packages\mutpy\commandline.py
