[*] Start mutation process:
   - targets: datasets.GPT_4.Zero_shot2.programs.program_041
   - tests: datasets.GPT_4.Zero_shot2.tests.test_041
[*] 17 tests passed:
   - datasets.GPT_4.Zero_shot2.tests.test_041 [0.00000 s]
[*] Start mutants generation and execution:
   - [#   1] AOR datasets.GPT_4.Zero_shot2.programs.program_041: [0.00000 s] killed by test_pow_12 (datasets.GPT_4.Zero_shot2.tests.test_041.TestVersion)

Traceback (most recent call last):
  File "C:\Users\skaspers\OneDrive - Capgemini\Documents\Prompted Testsuite Analysis\.\datasets\GPT_4\Zero_shot2\tests\test_041.py", line 40, in test_pow_12
    self.assertEqual(power(2, 10), 1024)
AssertionError: 1.0 != 1024

   - [#   2] AOR datasets.GPT_4.Zero_shot2.programs.program_041: [0.00000 s] killed by test_pow_12 (datasets.GPT_4.Zero_shot2.tests.test_041.TestVersion)

Traceback (most recent call last):
  File "C:\Users\skaspers\OneDrive - Capgemini\Documents\Prompted Testsuite Analysis\.\datasets\GPT_4\Zero_shot2\tests\test_041.py", line 40, in test_pow_12
    self.assertEqual(power(2, 10), 1024)
AssertionError: 1 != 1024

   - [#   3] AOR datasets.GPT_4.Zero_shot2.programs.program_041: [0.00000 s] killed by test_pow_11 (datasets.GPT_4.Zero_shot2.tests.test_041.TestVersion)

Traceback (most recent call last):
  File "C:\Users\skaspers\OneDrive - Capgemini\Documents\Prompted Testsuite Analysis\.\datasets\GPT_4\Zero_shot2\tests\test_041.py", line 36, in test_pow_11
    self.assertEqual(power(-1, 4), 1)
AssertionError: -1.0 != 1

   - [#   4] AOR datasets.GPT_4.Zero_shot2.programs.program_041: [0.24707 s] killed by test_pow_10 (datasets.GPT_4.Zero_shot2.tests.test_041.TestVersion)

Traceback (most recent call last):
  File "C:\Users\skaspers\OneDrive - Capgemini\Documents\Prompted Testsuite Analysis\.\datasets\GPT_4\Zero_shot2\tests\test_041.py", line 33, in test_pow_10
    self.assertEqual(power(1, 100), 1)
  File "datasets.GPT_4.Zero_shot2.programs.program_041", line 9, in power
  File "datasets.GPT_4.Zero_shot2.programs.program_041", line 9, in power
  File "datasets.GPT_4.Zero_shot2.programs.program_041", line 9, in power
  [Previous line repeated 983 more times]
  File "datasets.GPT_4.Zero_shot2.programs.program_041", line 2, in power
RecursionError: maximum recursion depth exceeded in comparison

   - [#   5] COI datasets.GPT_4.Zero_shot2.programs.program_041: [0.00000 s] killed by test_pow_1 (datasets.GPT_4.Zero_shot2.tests.test_041.TestVersion)

Traceback (most recent call last):
  File "C:\Users\skaspers\OneDrive - Capgemini\Documents\Prompted Testsuite Analysis\.\datasets\GPT_4\Zero_shot2\tests\test_041.py", line 6, in test_pow_1
    self.assertEqual(power(2, 0), 1)
AssertionError: 2 != 1

   - [#   6] COI datasets.GPT_4.Zero_shot2.programs.program_041: [0.00000 s] killed by test_pow_10 (datasets.GPT_4.Zero_shot2.tests.test_041.TestVersion)

Traceback (most recent call last):
  File "C:\Users\skaspers\OneDrive - Capgemini\Documents\Prompted Testsuite Analysis\.\datasets\GPT_4\Zero_shot2\tests\test_041.py", line 33, in test_pow_10
    self.assertEqual(power(1, 100), 1)
AssertionError: 0 != 1

   - [#   7] COI datasets.GPT_4.Zero_shot2.programs.program_041: [0.00000 s] killed by test_pow_11 (datasets.GPT_4.Zero_shot2.tests.test_041.TestVersion)

Traceback (most recent call last):
  File "C:\Users\skaspers\OneDrive - Capgemini\Documents\Prompted Testsuite Analysis\.\datasets\GPT_4\Zero_shot2\tests\test_041.py", line 36, in test_pow_11
    self.assertEqual(power(-1, 4), 1)
AssertionError: -1 != 1

   - [#   8] ROR datasets.GPT_4.Zero_shot2.programs.program_041: [0.00000 s] killed by test_pow_1 (datasets.GPT_4.Zero_shot2.tests.test_041.TestVersion)

Traceback (most recent call last):
  File "C:\Users\skaspers\OneDrive - Capgemini\Documents\Prompted Testsuite Analysis\.\datasets\GPT_4\Zero_shot2\tests\test_041.py", line 6, in test_pow_1
    self.assertEqual(power(2, 0), 1)
AssertionError: 2 != 1

   - [#   9] ROR datasets.GPT_4.Zero_shot2.programs.program_041: [0.00000 s] killed by test_pow_10 (datasets.GPT_4.Zero_shot2.tests.test_041.TestVersion)

Traceback (most recent call last):
  File "C:\Users\skaspers\OneDrive - Capgemini\Documents\Prompted Testsuite Analysis\.\datasets\GPT_4\Zero_shot2\tests\test_041.py", line 33, in test_pow_10
    self.assertEqual(power(1, 100), 1)
AssertionError: 0 != 1

   - [#  10] ROR datasets.GPT_4.Zero_shot2.programs.program_041: [0.00000 s] killed by test_pow_11 (datasets.GPT_4.Zero_shot2.tests.test_041.TestVersion)

Traceback (most recent call last):
  File "C:\Users\skaspers\OneDrive - Capgemini\Documents\Prompted Testsuite Analysis\.\datasets\GPT_4\Zero_shot2\tests\test_041.py", line 36, in test_pow_11
    self.assertEqual(power(-1, 4), 1)
AssertionError: -1 != 1

[*] Mutation score [0.31589 s]: 100.0%
   - all: 10
   - killed: 10 (100.0%)
   - survived: 0 (0.0%)
   - incompetent: 0 (0.0%)
   - timeout: 0 (0.0%)
HI SANDER, RUNNING MUTPY FROM: C:\Users\skaspers\OneDrive - Capgemini\Documents\Prompted Testsuite Analysis\.venv38\lib\site-packages\mutpy\commandline.py
