[*] Start mutation process:
   - targets: datasets.GPT_4.Zero_shot2.programs.program_037
   - tests: datasets.GPT_4.Zero_shot2.tests.test_037
[*] 8 tests passed:
   - datasets.GPT_4.Zero_shot2.tests.test_037 [0.00000 s]
[*] Start mutants generation and execution:
   - [#   1] AOR datasets.GPT_4.Zero_shot2.programs.program_037: [0.00000 s] killed by test_close_1 (datasets.GPT_4.Zero_shot2.tests.test_037.TestVersion)

Traceback (most recent call last):
  File "C:\Users\skaspers\OneDrive - Capgemini\Documents\Prompted Testsuite Analysis\.\datasets\GPT_4\Zero_shot2\tests\test_037.py", line 6, in test_close_1
    self.assertEqual(closest_num(10), 9)
AssertionError: 11 != 9

[*] Mutation score [0.03198 s]: 100.0%
   - all: 1
   - killed: 1 (100.0%)
   - survived: 0 (0.0%)
   - incompetent: 0 (0.0%)
   - timeout: 0 (0.0%)
HI SANDER, RUNNING MUTPY FROM: C:\Users\skaspers\OneDrive - Capgemini\Documents\Prompted Testsuite Analysis\.venv38\lib\site-packages\mutpy\commandline.py
