[*] Start mutation process:
   - targets: datasets.GPT_4.Zero_shot2.programs.program_095
   - tests: datasets.GPT_4.Zero_shot2.tests.test_095
[*] 7 tests passed:
   - datasets.GPT_4.Zero_shot2.tests.test_095 [0.00000 s]
[*] Start mutants generation and execution:
   - [#   1] AOR datasets.GPT_4.Zero_shot2.programs.program_095: [0.00000 s] killed by test_pent_2 (datasets.GPT_4.Zero_shot2.tests.test_095.TestVersion)

Traceback (most recent call last):
  File "C:\Users\skaspers\OneDrive - Capgemini\Documents\Prompted Testsuite Analysis\.\datasets\GPT_4\Zero_shot2\tests\test_095.py", line 9, in test_pent_2
    self.assertEqual(perimeter_pentagon(2.5), 12.5)
AssertionError: 2.0 != 12.5

   - [#   2] AOR datasets.GPT_4.Zero_shot2.programs.program_095: [0.00000 s] killed by test_pent_2 (datasets.GPT_4.Zero_shot2.tests.test_095.TestVersion)

Traceback (most recent call last):
  File "C:\Users\skaspers\OneDrive - Capgemini\Documents\Prompted Testsuite Analysis\.\datasets\GPT_4\Zero_shot2\tests\test_095.py", line 9, in test_pent_2
    self.assertEqual(perimeter_pentagon(2.5), 12.5)
AssertionError: 2.0 != 12.5

   - [#   3] AOR datasets.GPT_4.Zero_shot2.programs.program_095: [0.00000 s] killed by test_pent_2 (datasets.GPT_4.Zero_shot2.tests.test_095.TestVersion)

Traceback (most recent call last):
  File "C:\Users\skaspers\OneDrive - Capgemini\Documents\Prompted Testsuite Analysis\.\datasets\GPT_4\Zero_shot2\tests\test_095.py", line 9, in test_pent_2
    self.assertEqual(perimeter_pentagon(2.5), 12.5)
AssertionError: 55.90169943749474 != 12.5

[*] Mutation score [0.03134 s]: 100.0%
   - all: 3
   - killed: 3 (100.0%)
   - survived: 0 (0.0%)
   - incompetent: 0 (0.0%)
   - timeout: 0 (0.0%)
HI SANDER, RUNNING MUTPY FROM: C:\Users\skaspers\OneDrive - Capgemini\Documents\Prompted Testsuite Analysis\.venv38\lib\site-packages\mutpy\commandline.py
