[*] Start mutation process:
   - targets: datasets.GPT_4.Zero_shot2.programs.program_029
   - tests: datasets.GPT_4.Zero_shot2.tests.test_029
[*] 6 tests passed:
   - datasets.GPT_4.Zero_shot2.tests.test_029 [0.00000 s]
[*] Start mutants generation and execution:
   - [#   1] AOR datasets.GPT_4.Zero_shot2.programs.program_029: [0.00000 s] killed by test_tetra_2 (datasets.GPT_4.Zero_shot2.tests.test_029.TestVersion)

Traceback (most recent call last):
  File "C:\Users\skaspers\OneDrive - Capgemini\Documents\Prompted Testsuite Analysis\.\datasets\GPT_4\Zero_shot2\tests\test_029.py", line 9, in test_tetra_2
    self.assertEqual(tetrahedral_number(1), 1)
AssertionError: 0.25 != 1

   - [#   2] AOR datasets.GPT_4.Zero_shot2.programs.program_029: [0.00000 s] killed by test_tetra_2 (datasets.GPT_4.Zero_shot2.tests.test_029.TestVersion)

Traceback (most recent call last):
  File "C:\Users\skaspers\OneDrive - Capgemini\Documents\Prompted Testsuite Analysis\.\datasets\GPT_4\Zero_shot2\tests\test_029.py", line 9, in test_tetra_2
    self.assertEqual(tetrahedral_number(1), 1)
AssertionError: 0.0 != 1

   - [#   3] AOR datasets.GPT_4.Zero_shot2.programs.program_029: [0.00000 s] killed by test_tetra_2 (datasets.GPT_4.Zero_shot2.tests.test_029.TestVersion)

Traceback (most recent call last):
  File "C:\Users\skaspers\OneDrive - Capgemini\Documents\Prompted Testsuite Analysis\.\datasets\GPT_4\Zero_shot2\tests\test_029.py", line 9, in test_tetra_2
    self.assertEqual(tetrahedral_number(1), 1)
AssertionError: 0.5 != 1

   - [#   4] AOR datasets.GPT_4.Zero_shot2.programs.program_029: [0.00000 s] killed by test_tetra_2 (datasets.GPT_4.Zero_shot2.tests.test_029.TestVersion)

Traceback (most recent call last):
  File "C:\Users\skaspers\OneDrive - Capgemini\Documents\Prompted Testsuite Analysis\.\datasets\GPT_4\Zero_shot2\tests\test_029.py", line 9, in test_tetra_2
    self.assertEqual(tetrahedral_number(1), 1)
AssertionError: 0.0 != 1

   - [#   5] AOR datasets.GPT_4.Zero_shot2.programs.program_029: [0.00000 s] killed by test_tetra_2 (datasets.GPT_4.Zero_shot2.tests.test_029.TestVersion)

Traceback (most recent call last):
  File "C:\Users\skaspers\OneDrive - Capgemini\Documents\Prompted Testsuite Analysis\.\datasets\GPT_4\Zero_shot2\tests\test_029.py", line 9, in test_tetra_2
    self.assertEqual(tetrahedral_number(1), 1)
AssertionError: 0.1111111111111111 != 1

   - [#   6] AOR datasets.GPT_4.Zero_shot2.programs.program_029: [0.00000 s] killed by test_tetra_2 (datasets.GPT_4.Zero_shot2.tests.test_029.TestVersion)

Traceback (most recent call last):
  File "C:\Users\skaspers\OneDrive - Capgemini\Documents\Prompted Testsuite Analysis\.\datasets\GPT_4\Zero_shot2\tests\test_029.py", line 9, in test_tetra_2
    self.assertEqual(tetrahedral_number(1), 1)
AssertionError: 0.0 != 1

   - [#   7] AOR datasets.GPT_4.Zero_shot2.programs.program_029: [0.00000 s] killed by test_tetra_2 (datasets.GPT_4.Zero_shot2.tests.test_029.TestVersion)

Traceback (most recent call last):
  File "C:\Users\skaspers\OneDrive - Capgemini\Documents\Prompted Testsuite Analysis\.\datasets\GPT_4\Zero_shot2\tests\test_029.py", line 9, in test_tetra_2
    self.assertEqual(tetrahedral_number(1), 1)
AssertionError: 1.3333333333333333 != 1

   - [#   8] AOR datasets.GPT_4.Zero_shot2.programs.program_029: [0.00000 s] killed by test_tetra_2 (datasets.GPT_4.Zero_shot2.tests.test_029.TestVersion)

Traceback (most recent call last):
  File "C:\Users\skaspers\OneDrive - Capgemini\Documents\Prompted Testsuite Analysis\.\datasets\GPT_4\Zero_shot2\tests\test_029.py", line 9, in test_tetra_2
    self.assertEqual(tetrahedral_number(1), 1)
AssertionError: -0.3333333333333333 != 1

   - [#   9] AOR datasets.GPT_4.Zero_shot2.programs.program_029: [0.00000 s] survived
   - [#  10] AOR datasets.GPT_4.Zero_shot2.programs.program_029: [0.00000 s] killed by test_tetra_2 (datasets.GPT_4.Zero_shot2.tests.test_029.TestVersion)

Traceback (most recent call last):
  File "C:\Users\skaspers\OneDrive - Capgemini\Documents\Prompted Testsuite Analysis\.\datasets\GPT_4\Zero_shot2\tests\test_029.py", line 9, in test_tetra_2
    self.assertEqual(tetrahedral_number(1), 1)
AssertionError: 36 != 1

[*] Mutation score [0.04694 s]: 90.0%
   - all: 10
   - killed: 9 (90.0%)
   - survived: 1 (10.0%)
   - incompetent: 0 (0.0%)
   - timeout: 0 (0.0%)
HI SANDER, RUNNING MUTPY FROM: C:\Users\skaspers\OneDrive - Capgemini\Documents\Prompted Testsuite Analysis\.venv38\lib\site-packages\mutpy\commandline.py
