[*] Start mutation process:
   - targets: datasets.GPT_4.Zero_shot2.programs.program_093
   - tests: datasets.GPT_4.Zero_shot2.tests.test_093
[*] 11 tests passed:
   - datasets.GPT_4.Zero_shot2.tests.test_093 [0.00000 s]
[*] Start mutants generation and execution:
   - [#   1] ASR datasets.GPT_4.Zero_shot2.programs.program_093: [0.00000 s] killed by test_freq_1 (datasets.GPT_4.Zero_shot2.tests.test_093.TestVersion)

Traceback (most recent call last):
  File "C:\Users\skaspers\OneDrive - Capgemini\Documents\Prompted Testsuite Analysis\.\datasets\GPT_4\Zero_shot2\tests\test_093.py", line 6, in test_freq_1
    self.assertEqual(frequency([1, 2, 3, 2, 2], 2), 3)
AssertionError: -3 != 3

   - [#   2] COI datasets.GPT_4.Zero_shot2.programs.program_093: [0.00000 s] killed by test_freq_1 (datasets.GPT_4.Zero_shot2.tests.test_093.TestVersion)

Traceback (most recent call last):
  File "C:\Users\skaspers\OneDrive - Capgemini\Documents\Prompted Testsuite Analysis\.\datasets\GPT_4\Zero_shot2\tests\test_093.py", line 6, in test_freq_1
    self.assertEqual(frequency([1, 2, 3, 2, 2], 2), 3)
AssertionError: 2 != 3

   - [#   3] ROR datasets.GPT_4.Zero_shot2.programs.program_093: [0.00000 s] killed by test_freq_1 (datasets.GPT_4.Zero_shot2.tests.test_093.TestVersion)

Traceback (most recent call last):
  File "C:\Users\skaspers\OneDrive - Capgemini\Documents\Prompted Testsuite Analysis\.\datasets\GPT_4\Zero_shot2\tests\test_093.py", line 6, in test_freq_1
    self.assertEqual(frequency([1, 2, 3, 2, 2], 2), 3)
AssertionError: 2 != 3

[*] Mutation score [0.03185 s]: 100.0%
   - all: 3
   - killed: 3 (100.0%)
   - survived: 0 (0.0%)
   - incompetent: 0 (0.0%)
   - timeout: 0 (0.0%)
HI SANDER, RUNNING MUTPY FROM: C:\Users\skaspers\OneDrive - Capgemini\Documents\Prompted Testsuite Analysis\.venv38\lib\site-packages\mutpy\commandline.py
