[*] Start mutation process:
   - targets: datasets.GPT_4.Few_shot1.programs.program_069
   - tests: datasets.GPT_4.Few_shot1.tests.test_069
[*] 10 tests passed:
   - datasets.GPT_4.Few_shot1.tests.test_069 [0.00000 s]
[*] Start mutants generation and execution:
   - [#   1] AOD datasets.GPT_4.Few_shot1.programs.program_069: [0.00092 s] killed by test_multiply_int_both_negatives (datasets.GPT_4.Few_shot1.tests.test_069.TestVersion)

Traceback (most recent call last):
  File "C:\Users\skaspers\OneDrive - Capgemini\Documents\Prompted Testsuite Analysis\.\datasets\GPT_4\Few_shot1\tests\test_069.py", line 17, in test_multiply_int_both_negatives
    def test_multiply_int_both_negatives(self): self.assertEqual(multiply_int(-2, -3), 6)
AssertionError: -6 != 6

   - [#   2] AOD datasets.GPT_4.Few_shot1.programs.program_069: [0.24511 s] killed by test_multiply_int_both_negatives (datasets.GPT_4.Few_shot1.tests.test_069.TestVersion)

Traceback (most recent call last):
  File "C:\Users\skaspers\OneDrive - Capgemini\Documents\Prompted Testsuite Analysis\.\datasets\GPT_4\Few_shot1\tests\test_069.py", line 17, in test_multiply_int_both_negatives
    def test_multiply_int_both_negatives(self): self.assertEqual(multiply_int(-2, -3), 6)
  File "datasets.GPT_4.Few_shot1.programs.program_069", line 3, in multiply_int
  File "datasets.GPT_4.Few_shot1.programs.program_069", line 3, in multiply_int
  File "datasets.GPT_4.Few_shot1.programs.program_069", line 3, in multiply_int
  [Previous line repeated 983 more times]
  File "datasets.GPT_4.Few_shot1.programs.program_069", line 2, in multiply_int
RecursionError: maximum recursion depth exceeded in comparison

   - [#   3] AOR datasets.GPT_4.Few_shot1.programs.program_069: [0.00000 s] killed by test_multiply_int_both_negatives (datasets.GPT_4.Few_shot1.tests.test_069.TestVersion)

Traceback (most recent call last):
  File "C:\Users\skaspers\OneDrive - Capgemini\Documents\Prompted Testsuite Analysis\.\datasets\GPT_4\Few_shot1\tests\test_069.py", line 17, in test_multiply_int_both_negatives
    def test_multiply_int_both_negatives(self): self.assertEqual(multiply_int(-2, -3), 6)
AssertionError: -6 != 6

   - [#   4] AOR datasets.GPT_4.Few_shot1.programs.program_069: [0.24278 s] killed by test_multiply_int_both_negatives (datasets.GPT_4.Few_shot1.tests.test_069.TestVersion)

Traceback (most recent call last):
  File "C:\Users\skaspers\OneDrive - Capgemini\Documents\Prompted Testsuite Analysis\.\datasets\GPT_4\Few_shot1\tests\test_069.py", line 17, in test_multiply_int_both_negatives
    def test_multiply_int_both_negatives(self): self.assertEqual(multiply_int(-2, -3), 6)
  File "datasets.GPT_4.Few_shot1.programs.program_069", line 3, in multiply_int
  File "datasets.GPT_4.Few_shot1.programs.program_069", line 3, in multiply_int
  File "datasets.GPT_4.Few_shot1.programs.program_069", line 3, in multiply_int
  [Previous line repeated 983 more times]
  File "datasets.GPT_4.Few_shot1.programs.program_069", line 2, in multiply_int
RecursionError: maximum recursion depth exceeded in comparison

   - [#   5] AOR datasets.GPT_4.Few_shot1.programs.program_069: [0.00000 s] killed by test_multiply_int_both_negatives (datasets.GPT_4.Few_shot1.tests.test_069.TestVersion)

Traceback (most recent call last):
  File "C:\Users\skaspers\OneDrive - Capgemini\Documents\Prompted Testsuite Analysis\.\datasets\GPT_4\Few_shot1\tests\test_069.py", line 17, in test_multiply_int_both_negatives
    def test_multiply_int_both_negatives(self): self.assertEqual(multiply_int(-2, -3), 6)
AssertionError: 2 != 6

   - [#   6] AOR datasets.GPT_4.Few_shot1.programs.program_069: [0.22852 s] killed by test_multiply_int_both_negatives (datasets.GPT_4.Few_shot1.tests.test_069.TestVersion)

Traceback (most recent call last):
  File "C:\Users\skaspers\OneDrive - Capgemini\Documents\Prompted Testsuite Analysis\.\datasets\GPT_4\Few_shot1\tests\test_069.py", line 17, in test_multiply_int_both_negatives
    def test_multiply_int_both_negatives(self): self.assertEqual(multiply_int(-2, -3), 6)
  File "datasets.GPT_4.Few_shot1.programs.program_069", line 3, in multiply_int
  File "datasets.GPT_4.Few_shot1.programs.program_069", line 9, in multiply_int
  File "datasets.GPT_4.Few_shot1.programs.program_069", line 9, in multiply_int
  File "datasets.GPT_4.Few_shot1.programs.program_069", line 9, in multiply_int
  [Previous line repeated 982 more times]
  File "datasets.GPT_4.Few_shot1.programs.program_069", line 2, in multiply_int
RecursionError: maximum recursion depth exceeded in comparison

   - [#   7] COI datasets.GPT_4.Few_shot1.programs.program_069: [0.23345 s] killed by test_multiply_int_both_negatives (datasets.GPT_4.Few_shot1.tests.test_069.TestVersion)

Traceback (most recent call last):
  File "C:\Users\skaspers\OneDrive - Capgemini\Documents\Prompted Testsuite Analysis\.\datasets\GPT_4\Few_shot1\tests\test_069.py", line 17, in test_multiply_int_both_negatives
    def test_multiply_int_both_negatives(self): self.assertEqual(multiply_int(-2, -3), 6)
  File "datasets.GPT_4.Few_shot1.programs.program_069", line 9, in multiply_int
  File "datasets.GPT_4.Few_shot1.programs.program_069", line 9, in multiply_int
  File "datasets.GPT_4.Few_shot1.programs.program_069", line 9, in multiply_int
  [Previous line repeated 983 more times]
  File "datasets.GPT_4.Few_shot1.programs.program_069", line 2, in multiply_int
RecursionError: maximum recursion depth exceeded in comparison

   - [#   8] COI datasets.GPT_4.Few_shot1.programs.program_069: [0.00000 s] killed by test_multiply_int_both_negatives (datasets.GPT_4.Few_shot1.tests.test_069.TestVersion)

Traceback (most recent call last):
  File "C:\Users\skaspers\OneDrive - Capgemini\Documents\Prompted Testsuite Analysis\.\datasets\GPT_4\Few_shot1\tests\test_069.py", line 17, in test_multiply_int_both_negatives
    def test_multiply_int_both_negatives(self): self.assertEqual(multiply_int(-2, -3), 6)
AssertionError: 0 != 6

   - [#   9] COI datasets.GPT_4.Few_shot1.programs.program_069: [0.00104 s] killed by test_multiply_int_both_negatives (datasets.GPT_4.Few_shot1.tests.test_069.TestVersion)

Traceback (most recent call last):
  File "C:\Users\skaspers\OneDrive - Capgemini\Documents\Prompted Testsuite Analysis\.\datasets\GPT_4\Few_shot1\tests\test_069.py", line 17, in test_multiply_int_both_negatives
    def test_multiply_int_both_negatives(self): self.assertEqual(multiply_int(-2, -3), 6)
AssertionError: 2 != 6

   - [#  10] ROR datasets.GPT_4.Few_shot1.programs.program_069: [0.23322 s] killed by test_multiply_int_both_negatives (datasets.GPT_4.Few_shot1.tests.test_069.TestVersion)

Traceback (most recent call last):
  File "C:\Users\skaspers\OneDrive - Capgemini\Documents\Prompted Testsuite Analysis\.\datasets\GPT_4\Few_shot1\tests\test_069.py", line 17, in test_multiply_int_both_negatives
    def test_multiply_int_both_negatives(self): self.assertEqual(multiply_int(-2, -3), 6)
  File "datasets.GPT_4.Few_shot1.programs.program_069", line 9, in multiply_int
  File "datasets.GPT_4.Few_shot1.programs.program_069", line 9, in multiply_int
  File "datasets.GPT_4.Few_shot1.programs.program_069", line 9, in multiply_int
  [Previous line repeated 983 more times]
  File "datasets.GPT_4.Few_shot1.programs.program_069", line 2, in multiply_int
RecursionError: maximum recursion depth exceeded in comparison

   - [#  11] ROR datasets.GPT_4.Few_shot1.programs.program_069: [0.24969 s] killed by test_multiply_int_zero_y (datasets.GPT_4.Few_shot1.tests.test_069.TestVersion)

Traceback (most recent call last):
  File "C:\Users\skaspers\OneDrive - Capgemini\Documents\Prompted Testsuite Analysis\.\datasets\GPT_4\Few_shot1\tests\test_069.py", line 7, in test_multiply_int_zero_y
    def test_multiply_int_zero_y(self): self.assertEqual(multiply_int(5, 0), 0)
  File "datasets.GPT_4.Few_shot1.programs.program_069", line 3, in multiply_int
  File "datasets.GPT_4.Few_shot1.programs.program_069", line 3, in multiply_int
  File "datasets.GPT_4.Few_shot1.programs.program_069", line 3, in multiply_int
  [Previous line repeated 983 more times]
  File "datasets.GPT_4.Few_shot1.programs.program_069", line 2, in multiply_int
RecursionError: maximum recursion depth exceeded in comparison

   - [#  12] ROR datasets.GPT_4.Few_shot1.programs.program_069: [0.00000 s] killed by test_multiply_int_both_negatives (datasets.GPT_4.Few_shot1.tests.test_069.TestVersion)

Traceback (most recent call last):
  File "C:\Users\skaspers\OneDrive - Capgemini\Documents\Prompted Testsuite Analysis\.\datasets\GPT_4\Few_shot1\tests\test_069.py", line 17, in test_multiply_int_both_negatives
    def test_multiply_int_both_negatives(self): self.assertEqual(multiply_int(-2, -3), 6)
AssertionError: 0 != 6

   - [#  13] ROR datasets.GPT_4.Few_shot1.programs.program_069: [0.00000 s] killed by test_multiply_int_both_negatives (datasets.GPT_4.Few_shot1.tests.test_069.TestVersion)

Traceback (most recent call last):
  File "C:\Users\skaspers\OneDrive - Capgemini\Documents\Prompted Testsuite Analysis\.\datasets\GPT_4\Few_shot1\tests\test_069.py", line 17, in test_multiply_int_both_negatives
    def test_multiply_int_both_negatives(self): self.assertEqual(multiply_int(-2, -3), 6)
AssertionError: 2 != 6

[*] Mutation score [1.50802 s]: 100.0%
   - all: 13
   - killed: 13 (100.0%)
   - survived: 0 (0.0%)
   - incompetent: 0 (0.0%)
   - timeout: 0 (0.0%)
HI SANDER, RUNNING MUTPY FROM: C:\Users\skaspers\OneDrive - Capgemini\Documents\Prompted Testsuite Analysis\.venv38\lib\site-packages\mutpy\commandline.py
