[*] Start mutation process:
   - targets: datasets.GPT_4.Few_shot1.programs.program_077
   - tests: datasets.GPT_4.Few_shot1.tests.test_077
[*] 8 tests passed:
   - datasets.GPT_4.Few_shot1.tests.test_077 [0.00000 s]
[*] Start mutants generation and execution:
   - [#   1] AOR datasets.GPT_4.Few_shot1.programs.program_077: [0.00100 s] survived
   - [#   2] AOR datasets.GPT_4.Few_shot1.programs.program_077: [0.00100 s] killed by test_zero_count_basic (datasets.GPT_4.Few_shot1.tests.test_077.TestVersion)

Traceback (most recent call last):
  File "C:\Users\skaspers\OneDrive - Capgemini\Documents\Prompted Testsuite Analysis\.\datasets\GPT_4\Few_shot1\tests\test_077.py", line 5, in test_zero_count_basic
    def test_zero_count_basic(self): self.assertEqual(zero_count([0, 1, 0, 2]), 1.0)
AssertionError: 4 != 1.0

   - [#   3] AOR datasets.GPT_4.Few_shot1.programs.program_077: [0.00025 s] killed by test_zero_count_basic (datasets.GPT_4.Few_shot1.tests.test_077.TestVersion)

Traceback (most recent call last):
  File "C:\Users\skaspers\OneDrive - Capgemini\Documents\Prompted Testsuite Analysis\.\datasets\GPT_4\Few_shot1\tests\test_077.py", line 5, in test_zero_count_basic
    def test_zero_count_basic(self): self.assertEqual(zero_count([0, 1, 0, 2]), 1.0)
AssertionError: 0.3333333333333333 != 1.0

   - [#   4] ASR datasets.GPT_4.Few_shot1.programs.program_077: [0.00000 s] killed by test_zero_count_basic (datasets.GPT_4.Few_shot1.tests.test_077.TestVersion)

Traceback (most recent call last):
  File "C:\Users\skaspers\OneDrive - Capgemini\Documents\Prompted Testsuite Analysis\.\datasets\GPT_4\Few_shot1\tests\test_077.py", line 5, in test_zero_count_basic
    def test_zero_count_basic(self): self.assertEqual(zero_count([0, 1, 0, 2]), 1.0)
AssertionError: -0.3333333333333333 != 1.0

   - [#   5] COI datasets.GPT_4.Few_shot1.programs.program_077: [0.00100 s] killed by test_zero_count_all_non_zero (datasets.GPT_4.Few_shot1.tests.test_077.TestVersion)

Traceback (most recent call last):
  File "C:\Users\skaspers\OneDrive - Capgemini\Documents\Prompted Testsuite Analysis\.\datasets\GPT_4\Few_shot1\tests\test_077.py", line 7, in test_zero_count_all_non_zero
    def test_zero_count_all_non_zero(self): self.assertEqual(zero_count([1, 2, 3]), 0.0)
  File "datasets.GPT_4.Few_shot1.programs.program_077", line 10, in zero_count
ZeroDivisionError: division by zero

   - [#   6] ROR datasets.GPT_4.Few_shot1.programs.program_077: [0.00100 s] killed by test_zero_count_all_non_zero (datasets.GPT_4.Few_shot1.tests.test_077.TestVersion)

Traceback (most recent call last):
  File "C:\Users\skaspers\OneDrive - Capgemini\Documents\Prompted Testsuite Analysis\.\datasets\GPT_4\Few_shot1\tests\test_077.py", line 7, in test_zero_count_all_non_zero
    def test_zero_count_all_non_zero(self): self.assertEqual(zero_count([1, 2, 3]), 0.0)
  File "datasets.GPT_4.Few_shot1.programs.program_077", line 10, in zero_count
ZeroDivisionError: division by zero

[*] Mutation score [0.05895 s]: 83.3%
   - all: 6
   - killed: 5 (83.3%)
   - survived: 1 (16.7%)
   - incompetent: 0 (0.0%)
   - timeout: 0 (0.0%)
HI SANDER, RUNNING MUTPY FROM: C:\Users\skaspers\OneDrive - Capgemini\Documents\Prompted Testsuite Analysis\.venv38\lib\site-packages\mutpy\commandline.py
