[*] Start mutation process:
   - targets: datasets.GPT_4.Few_shot1.programs.program_027
   - tests: datasets.GPT_4.Few_shot1.tests.test_027
[*] 8 tests passed:
   - datasets.GPT_4.Few_shot1.tests.test_027 [0.00000 s]
[*] Start mutants generation and execution:
   - [#   1] AOR datasets.GPT_4.Few_shot1.programs.program_027: [0.00100 s] killed by test_is_diff_divisible_negative (datasets.GPT_4.Few_shot1.tests.test_027.TestVersion)

Traceback (most recent call last):
  File "C:\Users\skaspers\OneDrive - Capgemini\Documents\Prompted Testsuite Analysis\.\datasets\GPT_4\Few_shot1\tests\test_027.py", line 7, in test_is_diff_divisible_negative
    def test_is_diff_divisible_negative(self): self.assertEqual(is_Diff(-33), True)
AssertionError: False != True

   - [#   2] ROR datasets.GPT_4.Few_shot1.programs.program_027: [0.00000 s] killed by test_is_diff_divisible_negative (datasets.GPT_4.Few_shot1.tests.test_027.TestVersion)

Traceback (most recent call last):
  File "C:\Users\skaspers\OneDrive - Capgemini\Documents\Prompted Testsuite Analysis\.\datasets\GPT_4\Few_shot1\tests\test_027.py", line 7, in test_is_diff_divisible_negative
    def test_is_diff_divisible_negative(self): self.assertEqual(is_Diff(-33), True)
AssertionError: False != True

[*] Mutation score [0.02559 s]: 100.0%
   - all: 2
   - killed: 2 (100.0%)
   - survived: 0 (0.0%)
   - incompetent: 0 (0.0%)
   - timeout: 0 (0.0%)
HI SANDER, RUNNING MUTPY FROM: C:\Users\skaspers\OneDrive - Capgemini\Documents\Prompted Testsuite Analysis\.venv38\lib\site-packages\mutpy\commandline.py
