[*] Start mutation process:
   - targets: datasets.GPT_4.Few_shot1.programs.program_079
   - tests: datasets.GPT_4.Few_shot1.tests.test_079
[*] 10 tests passed:
   - datasets.GPT_4.Few_shot1.tests.test_079 [0.00000 s]
[*] Start mutants generation and execution:
   - [#   1] AOR datasets.GPT_4.Few_shot1.programs.program_079: [0.00113 s] killed by test_circle_circumference_expression_input (datasets.GPT_4.Few_shot1.tests.test_079.TestVersion)

Traceback (most recent call last):
  File "C:\Users\skaspers\OneDrive - Capgemini\Documents\Prompted Testsuite Analysis\.\datasets\GPT_4\Few_shot1\tests\test_079.py", line 23, in test_circle_circumference_expression_input
    def test_circle_circumference_expression_input(self): self.assertAlmostEqual(circle_circumference(2 + 3), 31.415)
AssertionError: 3.1831927423205473 != 31.415 within 7 places (28.231807257679453 difference)

   - [#   2] AOR datasets.GPT_4.Few_shot1.programs.program_079: [0.00000 s] killed by test_circle_circumference_expression_input (datasets.GPT_4.Few_shot1.tests.test_079.TestVersion)

Traceback (most recent call last):
  File "C:\Users\skaspers\OneDrive - Capgemini\Documents\Prompted Testsuite Analysis\.\datasets\GPT_4\Few_shot1\tests\test_079.py", line 23, in test_circle_circumference_expression_input
    def test_circle_circumference_expression_input(self): self.assertAlmostEqual(circle_circumference(2 + 3), 31.415)
AssertionError: 0.0 != 31.415 within 7 places (31.415 difference)

   - [#   3] AOR datasets.GPT_4.Few_shot1.programs.program_079: [0.00000 s] killed by test_circle_circumference_expression_input (datasets.GPT_4.Few_shot1.tests.test_079.TestVersion)

Traceback (most recent call last):
  File "C:\Users\skaspers\OneDrive - Capgemini\Documents\Prompted Testsuite Analysis\.\datasets\GPT_4\Few_shot1\tests\test_079.py", line 23, in test_circle_circumference_expression_input
    def test_circle_circumference_expression_input(self): self.assertAlmostEqual(circle_circumference(2 + 3), 31.415)
AssertionError: 44.12205541239561 != 31.415 within 7 places (12.707055412395611 difference)

   - [#   4] AOR datasets.GPT_4.Few_shot1.programs.program_079: [0.00136 s] killed by test_circle_circumference_expression_input (datasets.GPT_4.Few_shot1.tests.test_079.TestVersion)

Traceback (most recent call last):
  File "C:\Users\skaspers\OneDrive - Capgemini\Documents\Prompted Testsuite Analysis\.\datasets\GPT_4\Few_shot1\tests\test_079.py", line 23, in test_circle_circumference_expression_input
    def test_circle_circumference_expression_input(self): self.assertAlmostEqual(circle_circumference(2 + 3), 31.415)
AssertionError: 1.2566000000000002 != 31.415 within 7 places (30.1584 difference)

   - [#   5] AOR datasets.GPT_4.Few_shot1.programs.program_079: [0.00100 s] killed by test_circle_circumference_expression_input (datasets.GPT_4.Few_shot1.tests.test_079.TestVersion)

Traceback (most recent call last):
  File "C:\Users\skaspers\OneDrive - Capgemini\Documents\Prompted Testsuite Analysis\.\datasets\GPT_4\Few_shot1\tests\test_079.py", line 23, in test_circle_circumference_expression_input
    def test_circle_circumference_expression_input(self): self.assertAlmostEqual(circle_circumference(2 + 3), 31.415)
AssertionError: 1.0 != 31.415 within 7 places (30.415 difference)

   - [#   6] AOR datasets.GPT_4.Few_shot1.programs.program_079: [0.00100 s] killed by test_circle_circumference_expression_input (datasets.GPT_4.Few_shot1.tests.test_079.TestVersion)

Traceback (most recent call last):
  File "C:\Users\skaspers\OneDrive - Capgemini\Documents\Prompted Testsuite Analysis\.\datasets\GPT_4\Few_shot1\tests\test_079.py", line 23, in test_circle_circumference_expression_input
    def test_circle_circumference_expression_input(self): self.assertAlmostEqual(circle_circumference(2 + 3), 31.415)
AssertionError: 9791.185949989795 != 31.415 within 7 places (9759.770949989794 difference)

[*] Mutation score [0.04031 s]: 100.0%
   - all: 6
   - killed: 6 (100.0%)
   - survived: 0 (0.0%)
   - incompetent: 0 (0.0%)
   - timeout: 0 (0.0%)
HI SANDER, RUNNING MUTPY FROM: C:\Users\skaspers\OneDrive - Capgemini\Documents\Prompted Testsuite Analysis\.venv38\lib\site-packages\mutpy\commandline.py
