[*] Start mutation process:
   - targets: datasets.GPT_4.Few_shot1.programs.program_093
   - tests: datasets.GPT_4.Few_shot1.tests.test_093
[*] 15 tests passed:
   - datasets.GPT_4.Few_shot1.tests.test_093 [0.00000 s]
[*] Start mutants generation and execution:
   - [#   1] ASR datasets.GPT_4.Few_shot1.programs.program_093: [0.00000 s] killed by test_frequency_all_match (datasets.GPT_4.Few_shot1.tests.test_093.TestVersion)

Traceback (most recent call last):
  File "C:\Users\skaspers\OneDrive - Capgemini\Documents\Prompted Testsuite Analysis\.\datasets\GPT_4\Few_shot1\tests\test_093.py", line 9, in test_frequency_all_match
    def test_frequency_all_match(self): self.assertEqual(frequency([5, 5, 5, 5], 5), 4)
AssertionError: -4 != 4

   - [#   2] COI datasets.GPT_4.Few_shot1.programs.program_093: [0.00681 s] killed by test_frequency_all_match (datasets.GPT_4.Few_shot1.tests.test_093.TestVersion)

Traceback (most recent call last):
  File "C:\Users\skaspers\OneDrive - Capgemini\Documents\Prompted Testsuite Analysis\.\datasets\GPT_4\Few_shot1\tests\test_093.py", line 9, in test_frequency_all_match
    def test_frequency_all_match(self): self.assertEqual(frequency([5, 5, 5, 5], 5), 4)
AssertionError: 0 != 4

   - [#   3] ROR datasets.GPT_4.Few_shot1.programs.program_093: [0.00122 s] killed by test_frequency_all_match (datasets.GPT_4.Few_shot1.tests.test_093.TestVersion)

Traceback (most recent call last):
  File "C:\Users\skaspers\OneDrive - Capgemini\Documents\Prompted Testsuite Analysis\.\datasets\GPT_4\Few_shot1\tests\test_093.py", line 9, in test_frequency_all_match
    def test_frequency_all_match(self): self.assertEqual(frequency([5, 5, 5, 5], 5), 4)
AssertionError: 0 != 4

[*] Mutation score [0.03095 s]: 100.0%
   - all: 3
   - killed: 3 (100.0%)
   - survived: 0 (0.0%)
   - incompetent: 0 (0.0%)
   - timeout: 0 (0.0%)
HI SANDER, RUNNING MUTPY FROM: C:\Users\skaspers\OneDrive - Capgemini\Documents\Prompted Testsuite Analysis\.venv38\lib\site-packages\mutpy\commandline.py
