[*] Start mutation process:
   - targets: datasets.GPT_4.Few_shot1.programs.program_095
   - tests: datasets.GPT_4.Few_shot1.tests.test_095
[*] 12 tests passed:
   - datasets.GPT_4.Few_shot1.tests.test_095 [0.00000 s]
[*] Start mutants generation and execution:
   - [#   1] AOR datasets.GPT_4.Few_shot1.programs.program_095: [0.00000 s] killed by test_perimeter_pentagon_boolean_false (datasets.GPT_4.Few_shot1.tests.test_095.TestVersion)

Traceback (most recent call last):
  File "C:\Users\skaspers\OneDrive - Capgemini\Documents\Prompted Testsuite Analysis\.\datasets\GPT_4\Few_shot1\tests\test_095.py", line 23, in test_perimeter_pentagon_boolean_false
    def test_perimeter_pentagon_boolean_false(self): self.assertEqual(perimeter_pentagon(False), 0)
  File "datasets.GPT_4.Few_shot1.programs.program_095", line 3, in perimeter_pentagon
ZeroDivisionError: division by zero

   - [#   2] AOR datasets.GPT_4.Few_shot1.programs.program_095: [0.00000 s] killed by test_perimeter_pentagon_boolean_false (datasets.GPT_4.Few_shot1.tests.test_095.TestVersion)

Traceback (most recent call last):
  File "C:\Users\skaspers\OneDrive - Capgemini\Documents\Prompted Testsuite Analysis\.\datasets\GPT_4\Few_shot1\tests\test_095.py", line 23, in test_perimeter_pentagon_boolean_false
    def test_perimeter_pentagon_boolean_false(self): self.assertEqual(perimeter_pentagon(False), 0)
  File "datasets.GPT_4.Few_shot1.programs.program_095", line 3, in perimeter_pentagon
ZeroDivisionError: integer division or modulo by zero

   - [#   3] AOR datasets.GPT_4.Few_shot1.programs.program_095: [0.00510 s] killed by test_perimeter_pentagon_boolean_false (datasets.GPT_4.Few_shot1.tests.test_095.TestVersion)

Traceback (most recent call last):
  File "C:\Users\skaspers\OneDrive - Capgemini\Documents\Prompted Testsuite Analysis\.\datasets\GPT_4\Few_shot1\tests\test_095.py", line 23, in test_perimeter_pentagon_boolean_false
    def test_perimeter_pentagon_boolean_false(self): self.assertEqual(perimeter_pentagon(False), 0)
AssertionError: 1 != 0

[*] Mutation score [0.02952 s]: 100.0%
   - all: 3
   - killed: 3 (100.0%)
   - survived: 0 (0.0%)
   - incompetent: 0 (0.0%)
   - timeout: 0 (0.0%)
HI SANDER, RUNNING MUTPY FROM: C:\Users\skaspers\OneDrive - Capgemini\Documents\Prompted Testsuite Analysis\.venv38\lib\site-packages\mutpy\commandline.py
