[*] Start mutation process:
   - targets: datasets.GPT_4.Few_shot1.programs.program_045
   - tests: datasets.GPT_4.Few_shot1.tests.test_045
[*] 6 tests passed:
   - datasets.GPT_4.Few_shot1.tests.test_045 [0.00000 s]
[*] Start mutants generation and execution:
   - [#   1] ASR datasets.GPT_4.Few_shot1.programs.program_045: [0.00207 s] killed by test_frequency_lists_basic (datasets.GPT_4.Few_shot1.tests.test_045.TestVersion)

Traceback (most recent call last):
  File "C:\Users\skaspers\OneDrive - Capgemini\Documents\Prompted Testsuite Analysis\.\datasets\GPT_4\Few_shot1\tests\test_045.py", line 5, in test_frequency_lists_basic
    def test_frequency_lists_basic(self): self.assertEqual(frequency_lists([[1, 2], [2, 3]]), {1: 1, 2: 2, 3: 1})
AssertionError: {1: 1, 2: 0, 3: 1} != {1: 1, 2: 2, 3: 1}
- {1: 1, 2: 0, 3: 1}
?           ^

+ {1: 1, 2: 2, 3: 1}
?           ^


   - [#   2] COI datasets.GPT_4.Few_shot1.programs.program_045: [0.00060 s] killed by test_frequency_lists_basic (datasets.GPT_4.Few_shot1.tests.test_045.TestVersion)

Traceback (most recent call last):
  File "C:\Users\skaspers\OneDrive - Capgemini\Documents\Prompted Testsuite Analysis\.\datasets\GPT_4\Few_shot1\tests\test_045.py", line 5, in test_frequency_lists_basic
    def test_frequency_lists_basic(self): self.assertEqual(frequency_lists([[1, 2], [2, 3]]), {1: 1, 2: 2, 3: 1})
  File "datasets.GPT_4.Few_shot1.programs.program_045", line 6, in frequency_lists
KeyError: 1

   - [#   3] COI datasets.GPT_4.Few_shot1.programs.program_045: [0.00195 s] killed by test_frequency_lists_basic (datasets.GPT_4.Few_shot1.tests.test_045.TestVersion)

Traceback (most recent call last):
  File "C:\Users\skaspers\OneDrive - Capgemini\Documents\Prompted Testsuite Analysis\.\datasets\GPT_4\Few_shot1\tests\test_045.py", line 5, in test_frequency_lists_basic
    def test_frequency_lists_basic(self): self.assertEqual(frequency_lists([[1, 2], [2, 3]]), {1: 1, 2: 2, 3: 1})
  File "datasets.GPT_4.Few_shot1.programs.program_045", line 6, in frequency_lists
KeyError: 1

[*] Mutation score [0.04543 s]: 100.0%
   - all: 3
   - killed: 3 (100.0%)
   - survived: 0 (0.0%)
   - incompetent: 0 (0.0%)
   - timeout: 0 (0.0%)
HI SANDER, RUNNING MUTPY FROM: C:\Users\skaspers\OneDrive - Capgemini\Documents\Prompted Testsuite Analysis\.venv38\lib\site-packages\mutpy\commandline.py
