[*] Start mutation process:
   - targets: datasets.GPT_4.Few_shot1.programs.program_005
   - tests: datasets.GPT_4.Few_shot1.tests.test_005
[*] 5 tests passed:
   - datasets.GPT_4.Few_shot1.tests.test_005 [0.00000 s]
[*] Start mutants generation and execution:
   - [#   1] AOR datasets.GPT_4.Few_shot1.programs.program_005: [0.00100 s] killed by test_square_perimeter_float_input (datasets.GPT_4.Few_shot1.tests.test_005.TestVersion)

Traceback (most recent call last):
  File "C:\Users\skaspers\OneDrive - Capgemini\Documents\Prompted Testsuite Analysis\.\datasets\GPT_4\Few_shot1\tests\test_005.py", line 11, in test_square_perimeter_float_input
    def test_square_perimeter_float_input(self): self.assertEqual(square_perimeter(2.5), 10.0)
AssertionError: 1.6 != 10.0

   - [#   2] AOR datasets.GPT_4.Few_shot1.programs.program_005: [0.00100 s] killed by test_square_perimeter_float_input (datasets.GPT_4.Few_shot1.tests.test_005.TestVersion)

Traceback (most recent call last):
  File "C:\Users\skaspers\OneDrive - Capgemini\Documents\Prompted Testsuite Analysis\.\datasets\GPT_4\Few_shot1\tests\test_005.py", line 11, in test_square_perimeter_float_input
    def test_square_perimeter_float_input(self): self.assertEqual(square_perimeter(2.5), 10.0)
AssertionError: 1.0 != 10.0

   - [#   3] AOR datasets.GPT_4.Few_shot1.programs.program_005: [0.00099 s] killed by test_square_perimeter_float_input (datasets.GPT_4.Few_shot1.tests.test_005.TestVersion)

Traceback (most recent call last):
  File "C:\Users\skaspers\OneDrive - Capgemini\Documents\Prompted Testsuite Analysis\.\datasets\GPT_4\Few_shot1\tests\test_005.py", line 11, in test_square_perimeter_float_input
    def test_square_perimeter_float_input(self): self.assertEqual(square_perimeter(2.5), 10.0)
AssertionError: 32.0 != 10.0

[*] Mutation score [0.03200 s]: 100.0%
   - all: 3
   - killed: 3 (100.0%)
   - survived: 0 (0.0%)
   - incompetent: 0 (0.0%)
   - timeout: 0 (0.0%)
HI SANDER, RUNNING MUTPY FROM: C:\Users\skaspers\OneDrive - Capgemini\Documents\Prompted Testsuite Analysis\.venv38\lib\site-packages\mutpy\commandline.py
