[*] Start mutation process:
   - targets: datasets.GPT_4.Few_shot1.programs.program_063
   - tests: datasets.GPT_4.Few_shot1.tests.test_063
[*] 7 tests passed:
   - datasets.GPT_4.Few_shot1.tests.test_063 [0.00000 s]
[*] Start mutants generation and execution:
   - [#   1] LOR datasets.GPT_4.Few_shot1.programs.program_063: [0.00092 s] killed by test_search_large_values (datasets.GPT_4.Few_shot1.tests.test_063.TestVersion)

Traceback (most recent call last):
  File "C:\Users\skaspers\OneDrive - Capgemini\Documents\Prompted Testsuite Analysis\.\datasets\GPT_4\Few_shot1\tests\test_063.py", line 15, in test_search_large_values
    def test_search_large_values(self): self.assertEqual(search([1024, 1024, 2048]), 2048)
AssertionError: 0 != 2048

[*] Mutation score [0.03000 s]: 100.0%
   - all: 1
   - killed: 1 (100.0%)
   - survived: 0 (0.0%)
   - incompetent: 0 (0.0%)
   - timeout: 0 (0.0%)
HI SANDER, RUNNING MUTPY FROM: C:\Users\skaspers\OneDrive - Capgemini\Documents\Prompted Testsuite Analysis\.venv38\lib\site-packages\mutpy\commandline.py
