[*] Start mutation process:
   - targets: datasets.GPT_4.Few_shot1.programs.program_087
   - tests: datasets.GPT_4.Few_shot1.tests.test_087
[*] 14 tests passed:
   - datasets.GPT_4.Few_shot1.tests.test_087 [0.00000 s]
[*] Start mutants generation and execution:
   - [#   1] AOR datasets.GPT_4.Few_shot1.programs.program_087: [0.00000 s] killed by test_sum_series_eight (datasets.GPT_4.Few_shot1.tests.test_087.TestVersion)

Traceback (most recent call last):
  File "C:\Users\skaspers\OneDrive - Capgemini\Documents\Prompted Testsuite Analysis\.\datasets\GPT_4\Few_shot1\tests\test_087.py", line 23, in test_sum_series_eight
    def test_sum_series_eight(self): self.assertEqual(sum_series(8), 20)
AssertionError: 4 != 20

   - [#   2] AOR datasets.GPT_4.Few_shot1.programs.program_087: [0.22223 s] killed by test_sum_series_eight (datasets.GPT_4.Few_shot1.tests.test_087.TestVersion)

Traceback (most recent call last):
  File "C:\Users\skaspers\OneDrive - Capgemini\Documents\Prompted Testsuite Analysis\.\datasets\GPT_4\Few_shot1\tests\test_087.py", line 23, in test_sum_series_eight
    def test_sum_series_eight(self): self.assertEqual(sum_series(8), 20)
  File "datasets.GPT_4.Few_shot1.programs.program_087", line 5, in sum_series
  File "datasets.GPT_4.Few_shot1.programs.program_087", line 5, in sum_series
  File "datasets.GPT_4.Few_shot1.programs.program_087", line 5, in sum_series
  [Previous line repeated 983 more times]
  File "datasets.GPT_4.Few_shot1.programs.program_087", line 2, in sum_series
RecursionError: maximum recursion depth exceeded in comparison

   - [#   3] COI datasets.GPT_4.Few_shot1.programs.program_087: [0.00000 s] killed by test_sum_series_eight (datasets.GPT_4.Few_shot1.tests.test_087.TestVersion)

Traceback (most recent call last):
  File "C:\Users\skaspers\OneDrive - Capgemini\Documents\Prompted Testsuite Analysis\.\datasets\GPT_4\Few_shot1\tests\test_087.py", line 23, in test_sum_series_eight
    def test_sum_series_eight(self): self.assertEqual(sum_series(8), 20)
AssertionError: 0 != 20

   - [#   4] ROR datasets.GPT_4.Few_shot1.programs.program_087: [0.00000 s] killed by test_sum_series_eight (datasets.GPT_4.Few_shot1.tests.test_087.TestVersion)

Traceback (most recent call last):
  File "C:\Users\skaspers\OneDrive - Capgemini\Documents\Prompted Testsuite Analysis\.\datasets\GPT_4\Few_shot1\tests\test_087.py", line 23, in test_sum_series_eight
    def test_sum_series_eight(self): self.assertEqual(sum_series(8), 20)
AssertionError: 0 != 20

   - [#   5] ROR datasets.GPT_4.Few_shot1.programs.program_087: [0.00000 s] killed by test_sum_series_five (datasets.GPT_4.Few_shot1.tests.test_087.TestVersion)

Traceback (most recent call last):
  File "C:\Users\skaspers\OneDrive - Capgemini\Documents\Prompted Testsuite Analysis\.\datasets\GPT_4\Few_shot1\tests\test_087.py", line 17, in test_sum_series_five
    def test_sum_series_five(self): self.assertEqual(sum_series(5), 9)
AssertionError: 8 != 9

[*] Mutation score [0.26978 s]: 100.0%
   - all: 5
   - killed: 5 (100.0%)
   - survived: 0 (0.0%)
   - incompetent: 0 (0.0%)
   - timeout: 0 (0.0%)
HI SANDER, RUNNING MUTPY FROM: C:\Users\skaspers\OneDrive - Capgemini\Documents\Prompted Testsuite Analysis\.venv38\lib\site-packages\mutpy\commandline.py
