<!DOCTYPE html>
<html>
<head>
    <title>MutPy mutation report - mutation #7</title>
    <meta name="viewport" content="width=device-width, initial-scale=1.0">
    <link rel="stylesheet" href="https://netdna.bootstrapcdn.com/bootstrap/3.0.3/css/bootstrap.min.css">
    
<link href="http://alexgorbatchev.com/pub/sh/current/styles/shCore.css" rel="stylesheet" type="text/css" />
<link href="http://alexgorbatchev.com/pub/sh/current/styles/shThemeDefault.css" rel="stylesheet" type="text/css" />

    <script src="https://code.jquery.com/jquery.js"></script>
    <script src="https://netdna.bootstrapcdn.com/bootstrap/3.0.3/js/bootstrap.min.js"></script>
    <!--[if lt IE 9]>
    <script src="https://oss.maxcdn.com/libs/html5shiv/3.7.0/html5shiv.js"></script>
    <script src="https://oss.maxcdn.com/libs/respond.js/1.3.0/respond.min.js"></script>
    <![endif]-->
    
<script src="http://alexgorbatchev.com/pub/sh/current/scripts/shCore.js" type="text/javascript"></script>
<script src="http://alexgorbatchev.com/pub/sh/current/scripts/shBrushPython.js" type="text/javascript"></script>
<script type="text/javascript">
    SyntaxHighlighter.all();
    window.setTimeout(function () {
        
        $('.line.number23').attr('title', 'COI');
        
    }, 0);
</script>

</head>
<body>
    <div class="container">
        
<div class="page-header">
    <h1>Mutation #7</h1>
</div>
<h3>Details</h3>
<ul>
    <li>module - <code><module 'datasets.GPT_4.Chain_of_thought.programs.program_025' from 'C:\\Users\\skaspers\\OneDrive - Capgemini\\Documents\\Prompted Testsuite Analysis\\.\\datasets\\GPT_4\\Chain_of_thought\\programs\\program_025.py'></code></li>
    <li><span class="label label-success">killed</span> by <code>test_boundary_values_large_sequences (datasets.GPT_4.Chain_of_thought.tests.test_025.TestVersion)</code></li>
    
    <li>duration - 0.001 s</li>
    
    
    <li>tests run - 1</li>
    
</ul>

<h3>Exception traceback</h3>
<pre>Traceback (most recent call last):
  File "C:\Users\skaspers\OneDrive - Capgemini\Documents\Prompted Testsuite Analysis\.\datasets\GPT_4\Chain_of_thought\tests\test_025.py", line 41, in test_boundary_values_large_sequences
    self.assertTrue(is_samepatterns(colors, patterns))
AssertionError: False is not true
</pre>

<h3>Mutations</h3>
<ul>
    
    <li>COI - line 23</li>
    
</ul>
<h3>Mutant</h3>
<pre class="brush: python; first-line: 1; highlight: [23]; toolbar: false;">def is_samepatterns(colors, patterns):
    if len(colors) != len(patterns):
        return False
    sdict = {}
    pset = set()
    sset = set()
    for i in range(len(patterns)):
        pset.add(patterns[i])
        sset.add(colors[i])
        if patterns[i] not in sdict.keys():
            sdict[patterns[i]] = []
        
        keys = sdict[patterns[i]]
        keys.append(colors[i])
        sdict[patterns[i]] = keys
    
    if len(pset) != len(sset):
        return False
    
    for values in sdict.values():
        
        for i in range(len(values) - 1):
            if not (values[i] != values[i + 1]):
                return False
    
    return True</pre>

    </div>
</body>
</html>