[*] Start mutation process:
   - targets: datasets.GPT_4.Zero_shot.programs.program_018
   - tests: datasets.GPT_4.Zero_shot.tests.test_018
[*] 8 tests passed:
   - datasets.GPT_4.Zero_shot.tests.test_018 [0.00000 s]
[*] Start mutants generation and execution:
   - [#   1] ASR datasets.GPT_4.Zero_shot.programs.program_018: [0.00000 s] killed by test_multiple_spaces (datasets.GPT_4.Zero_shot.tests.test_018.TestVersion)

Traceback (most recent call last):
  File "C:\Users\skaspers\OneDrive - Capgemini\Documents\Prompted Testsuite Analysis\.\datasets\GPT_4\Zero_shot\tests\test_018.py", line 8, in test_multiple_spaces
    assert pos_count(list) == expected_output
AssertionError

   - [#   2] COI datasets.GPT_4.Zero_shot.programs.program_018: [0.00000 s] killed by test_multiple_spaces (datasets.GPT_4.Zero_shot.tests.test_018.TestVersion)

Traceback (most recent call last):
  File "C:\Users\skaspers\OneDrive - Capgemini\Documents\Prompted Testsuite Analysis\.\datasets\GPT_4\Zero_shot\tests\test_018.py", line 8, in test_multiple_spaces
    assert pos_count(list) == expected_output
AssertionError

   - [#   3] ROR datasets.GPT_4.Zero_shot.programs.program_018: [0.00000 s] killed by test_multiple_spaces (datasets.GPT_4.Zero_shot.tests.test_018.TestVersion)

Traceback (most recent call last):
  File "C:\Users\skaspers\OneDrive - Capgemini\Documents\Prompted Testsuite Analysis\.\datasets\GPT_4\Zero_shot\tests\test_018.py", line 8, in test_multiple_spaces
    assert pos_count(list) == expected_output
AssertionError

   - [#   4] ROR datasets.GPT_4.Zero_shot.programs.program_018: [0.00000 s] killed by test_multiple_spaces (datasets.GPT_4.Zero_shot.tests.test_018.TestVersion)

Traceback (most recent call last):
  File "C:\Users\skaspers\OneDrive - Capgemini\Documents\Prompted Testsuite Analysis\.\datasets\GPT_4\Zero_shot\tests\test_018.py", line 8, in test_multiple_spaces
    assert pos_count(list) == expected_output
AssertionError

[*] Mutation score [0.03222 s]: 100.0%
   - all: 4
   - killed: 4 (100.0%)
   - survived: 0 (0.0%)
   - incompetent: 0 (0.0%)
   - timeout: 0 (0.0%)
HI SANDER, RUNNING MUTPY FROM: C:\Users\skaspers\OneDrive - Capgemini\Documents\Prompted Testsuite Analysis\.venv38\lib\site-packages\mutpy\commandline.py
