[*] Start mutation process:
   - targets: datasets.GPT_4.Zero_shot.programs.program_034
   - tests: datasets.GPT_4.Zero_shot.tests.test_034
[*] 8 tests passed:
   - datasets.GPT_4.Zero_shot.tests.test_034 [0.00000 s]
[*] Start mutants generation and execution:
   - [#   1] AOR datasets.GPT_4.Zero_shot.programs.program_034: [0.00242 s] killed by test_multiple_spaces (datasets.GPT_4.Zero_shot.tests.test_034.TestVersion)

Traceback (most recent call last):
  File "C:\Users\skaspers\OneDrive - Capgemini\Documents\Prompted Testsuite Analysis\.\datasets\GPT_4\Zero_shot\tests\test_034.py", line 8, in test_multiple_spaces
    assert centered_hexagonal_number(n) == expected_output
  File "datasets.GPT_4.Zero_shot.programs.program_034", line 2, in centered_hexagonal_number
ZeroDivisionError: division by zero

   - [#   2] AOR datasets.GPT_4.Zero_shot.programs.program_034: [0.00000 s] killed by test_multiple_spaces (datasets.GPT_4.Zero_shot.tests.test_034.TestVersion)

Traceback (most recent call last):
  File "C:\Users\skaspers\OneDrive - Capgemini\Documents\Prompted Testsuite Analysis\.\datasets\GPT_4\Zero_shot\tests\test_034.py", line 8, in test_multiple_spaces
    assert centered_hexagonal_number(n) == expected_output
  File "datasets.GPT_4.Zero_shot.programs.program_034", line 2, in centered_hexagonal_number
ZeroDivisionError: integer division or modulo by zero

   - [#   3] AOR datasets.GPT_4.Zero_shot.programs.program_034: [0.00000 s] killed by test_multiple_spaces (datasets.GPT_4.Zero_shot.tests.test_034.TestVersion)

Traceback (most recent call last):
  File "C:\Users\skaspers\OneDrive - Capgemini\Documents\Prompted Testsuite Analysis\.\datasets\GPT_4\Zero_shot\tests\test_034.py", line 8, in test_multiple_spaces
    assert centered_hexagonal_number(n) == expected_output
AssertionError

   - [#   4] AOR datasets.GPT_4.Zero_shot.programs.program_034: [0.00104 s] killed by test_multiple_spaces_2 (datasets.GPT_4.Zero_shot.tests.test_034.TestVersion)

Traceback (most recent call last):
  File "C:\Users\skaspers\OneDrive - Capgemini\Documents\Prompted Testsuite Analysis\.\datasets\GPT_4\Zero_shot\tests\test_034.py", line 13, in test_multiple_spaces_2
    assert centered_hexagonal_number(n) == expected_output
  File "datasets.GPT_4.Zero_shot.programs.program_034", line 2, in centered_hexagonal_number
ZeroDivisionError: division by zero

   - [#   5] AOR datasets.GPT_4.Zero_shot.programs.program_034: [0.00100 s] killed by test_multiple_spaces_2 (datasets.GPT_4.Zero_shot.tests.test_034.TestVersion)

Traceback (most recent call last):
  File "C:\Users\skaspers\OneDrive - Capgemini\Documents\Prompted Testsuite Analysis\.\datasets\GPT_4\Zero_shot\tests\test_034.py", line 13, in test_multiple_spaces_2
    assert centered_hexagonal_number(n) == expected_output
  File "datasets.GPT_4.Zero_shot.programs.program_034", line 2, in centered_hexagonal_number
ZeroDivisionError: integer division or modulo by zero

   - [#   6] AOR datasets.GPT_4.Zero_shot.programs.program_034: [0.00200 s] killed by test_multiple_spaces (datasets.GPT_4.Zero_shot.tests.test_034.TestVersion)

Traceback (most recent call last):
  File "C:\Users\skaspers\OneDrive - Capgemini\Documents\Prompted Testsuite Analysis\.\datasets\GPT_4\Zero_shot\tests\test_034.py", line 8, in test_multiple_spaces
    assert centered_hexagonal_number(n) == expected_output
  File "datasets.GPT_4.Zero_shot.programs.program_034", line 2, in centered_hexagonal_number
ZeroDivisionError: 0.0 cannot be raised to a negative power

   - [#   7] AOR datasets.GPT_4.Zero_shot.programs.program_034: [0.00100 s] killed by test_multiple_spaces_2 (datasets.GPT_4.Zero_shot.tests.test_034.TestVersion)

Traceback (most recent call last):
  File "C:\Users\skaspers\OneDrive - Capgemini\Documents\Prompted Testsuite Analysis\.\datasets\GPT_4\Zero_shot\tests\test_034.py", line 13, in test_multiple_spaces_2
    assert centered_hexagonal_number(n) == expected_output
AssertionError

   - [#   8] AOR datasets.GPT_4.Zero_shot.programs.program_034: [0.00095 s] killed by test_multiple_spaces (datasets.GPT_4.Zero_shot.tests.test_034.TestVersion)

Traceback (most recent call last):
  File "C:\Users\skaspers\OneDrive - Capgemini\Documents\Prompted Testsuite Analysis\.\datasets\GPT_4\Zero_shot\tests\test_034.py", line 8, in test_multiple_spaces
    assert centered_hexagonal_number(n) == expected_output
AssertionError

[*] Mutation score [0.06166 s]: 100.0%
   - all: 8
   - killed: 8 (100.0%)
   - survived: 0 (0.0%)
   - incompetent: 0 (0.0%)
   - timeout: 0 (0.0%)
