[*] Start mutation process:
   - targets: datasets.GPT_4.Zero_shot.programs.program_038
   - tests: datasets.GPT_4.Zero_shot.tests.test_038
[*] 7 tests passed:
   - datasets.GPT_4.Zero_shot.tests.test_038 [0.00000 s]
[*] Start mutants generation and execution:
   - [#   1] COI datasets.GPT_4.Zero_shot.programs.program_038: [0.00000 s] killed by test_multiple_spaces (datasets.GPT_4.Zero_shot.tests.test_038.TestVersion)

Traceback (most recent call last):
  File "C:\Users\skaspers\OneDrive - Capgemini\Documents\Prompted Testsuite Analysis\.\datasets\GPT_4\Zero_shot\tests\test_038.py", line 8, in test_multiple_spaces
    assert len_log(list1) == expected_output
AssertionError

   - [#   2] ROR datasets.GPT_4.Zero_shot.programs.program_038: [0.00000 s] killed by test_multiple_spaces (datasets.GPT_4.Zero_shot.tests.test_038.TestVersion)

Traceback (most recent call last):
  File "C:\Users\skaspers\OneDrive - Capgemini\Documents\Prompted Testsuite Analysis\.\datasets\GPT_4\Zero_shot\tests\test_038.py", line 8, in test_multiple_spaces
    assert len_log(list1) == expected_output
AssertionError

   - [#   3] ROR datasets.GPT_4.Zero_shot.programs.program_038: [0.00000 s] survived
[*] Mutation score [0.04729 s]: 66.7%
   - all: 3
   - killed: 2 (66.7%)
   - survived: 1 (33.3%)
   - incompetent: 0 (0.0%)
   - timeout: 0 (0.0%)
HI SANDER, RUNNING MUTPY FROM: C:\Users\skaspers\OneDrive - Capgemini\Documents\Prompted Testsuite Analysis\.venv38\lib\site-packages\mutpy\commandline.py
