[*] Start mutation process:
   - targets: datasets.GPT_4.Zero_shot.programs.program_023
   - tests: datasets.GPT_4.Zero_shot.tests.test_023
[*] 9 tests passed:
   - datasets.GPT_4.Zero_shot.tests.test_023 [0.00000 s]
[*] Start mutants generation and execution:
   - [#   1] AOR datasets.GPT_4.Zero_shot.programs.program_023: [0.00099 s] survived
   - [#   2] AOR datasets.GPT_4.Zero_shot.programs.program_023: [0.00200 s] killed by test_multiple_spaces_7 (datasets.GPT_4.Zero_shot.tests.test_023.TestVersion)

Traceback (most recent call last):
  File "C:\Users\skaspers\OneDrive - Capgemini\Documents\Prompted Testsuite Analysis\.\datasets\GPT_4\Zero_shot\tests\test_023.py", line 38, in test_multiple_spaces_7
    assert comb_sort(nums) == expected_output
  File "datasets.GPT_4.Zero_shot.programs.program_023", line 7, in comb_sort
OverflowError: cannot convert float infinity to integer

   - [#   3] AOR datasets.GPT_4.Zero_shot.programs.program_023: [0.00101 s] killed by test_multiple_spaces_7 (datasets.GPT_4.Zero_shot.tests.test_023.TestVersion)

Traceback (most recent call last):
  File "C:\Users\skaspers\OneDrive - Capgemini\Documents\Prompted Testsuite Analysis\.\datasets\GPT_4\Zero_shot\tests\test_023.py", line 38, in test_multiple_spaces_7
    assert comb_sort(nums) == expected_output
  File "datasets.GPT_4.Zero_shot.programs.program_023", line 11, in comb_sort
IndexError: list index out of range

   - [#   4] AOR datasets.GPT_4.Zero_shot.programs.program_023: [0.00100 s] killed by test_multiple_spaces_7 (datasets.GPT_4.Zero_shot.tests.test_023.TestVersion)

Traceback (most recent call last):
  File "C:\Users\skaspers\OneDrive - Capgemini\Documents\Prompted Testsuite Analysis\.\datasets\GPT_4\Zero_shot\tests\test_023.py", line 38, in test_multiple_spaces_7
    assert comb_sort(nums) == expected_output
AssertionError

   - [#   5] AOR datasets.GPT_4.Zero_shot.programs.program_023: [0.00000 s] killed by test_multiple_spaces_7 (datasets.GPT_4.Zero_shot.tests.test_023.TestVersion)

Traceback (most recent call last):
  File "C:\Users\skaspers\OneDrive - Capgemini\Documents\Prompted Testsuite Analysis\.\datasets\GPT_4\Zero_shot\tests\test_023.py", line 38, in test_multiple_spaces_7
    assert comb_sort(nums) == expected_output
AssertionError

   - [#   6] AOR datasets.GPT_4.Zero_shot.programs.program_023: [0.00000 s] killed by test_multiple_spaces_7 (datasets.GPT_4.Zero_shot.tests.test_023.TestVersion)

Traceback (most recent call last):
  File "C:\Users\skaspers\OneDrive - Capgemini\Documents\Prompted Testsuite Analysis\.\datasets\GPT_4\Zero_shot\tests\test_023.py", line 38, in test_multiple_spaces_7
    assert comb_sort(nums) == expected_output
AssertionError

   - [#   7] ASR datasets.GPT_4.Zero_shot.programs.program_023: [0.00100 s] killed by test_multiple_spaces_7 (datasets.GPT_4.Zero_shot.tests.test_023.TestVersion)

Traceback (most recent call last):
  File "C:\Users\skaspers\OneDrive - Capgemini\Documents\Prompted Testsuite Analysis\.\datasets\GPT_4\Zero_shot\tests\test_023.py", line 38, in test_multiple_spaces_7
    assert comb_sort(nums) == expected_output
  File "datasets.GPT_4.Zero_shot.programs.program_023", line 11, in comb_sort
IndexError: list index out of range

   - [#   8] COI datasets.GPT_4.Zero_shot.programs.program_023: [0.00102 s] killed by test_multiple_spaces_7 (datasets.GPT_4.Zero_shot.tests.test_023.TestVersion)

Traceback (most recent call last):
  File "C:\Users\skaspers\OneDrive - Capgemini\Documents\Prompted Testsuite Analysis\.\datasets\GPT_4\Zero_shot\tests\test_023.py", line 38, in test_multiple_spaces_7
    assert comb_sort(nums) == expected_output
AssertionError

   - [#   9] COI datasets.GPT_4.Zero_shot.programs.program_023: [0.00100 s] killed by test_multiple_spaces_2 (datasets.GPT_4.Zero_shot.tests.test_023.TestVersion)

Traceback (most recent call last):
  File "C:\Users\skaspers\OneDrive - Capgemini\Documents\Prompted Testsuite Analysis\.\datasets\GPT_4\Zero_shot\tests\test_023.py", line 13, in test_multiple_spaces_2
    assert comb_sort(nums) == expected_output
  File "datasets.GPT_4.Zero_shot.programs.program_023", line 11, in comb_sort
IndexError: list index out of range

   - [#  10] COI datasets.GPT_4.Zero_shot.programs.program_023: [5.04872 s] timeout
   - [#  11] LCR datasets.GPT_4.Zero_shot.programs.program_023: [0.00000 s] killed by test_write_all_the__cases_for_this__to_sort_3 (datasets.GPT_4.Zero_shot.tests.test_023.TestVersion)

Traceback (most recent call last):
  File "C:\Users\skaspers\OneDrive - Capgemini\Documents\Prompted Testsuite Analysis\.\datasets\GPT_4\Zero_shot\tests\test_023.py", line 28, in test_write_all_the__cases_for_this__to_sort_3
    assert comb_sort(nums) == expected_output
AssertionError

   - [#  12] ROR datasets.GPT_4.Zero_shot.programs.program_023: [5.04373 s] timeout
   - [#  13] ROR datasets.GPT_4.Zero_shot.programs.program_023: [0.00000 s] survived
   - [#  14] ROR datasets.GPT_4.Zero_shot.programs.program_023: [0.00107 s] killed by test_multiple_spaces_7 (datasets.GPT_4.Zero_shot.tests.test_023.TestVersion)

Traceback (most recent call last):
  File "C:\Users\skaspers\OneDrive - Capgemini\Documents\Prompted Testsuite Analysis\.\datasets\GPT_4\Zero_shot\tests\test_023.py", line 38, in test_multiple_spaces_7
    assert comb_sort(nums) == expected_output
AssertionError

   - [#  15] ROR datasets.GPT_4.Zero_shot.programs.program_023: [0.00204 s] killed by test_multiple_spaces_2 (datasets.GPT_4.Zero_shot.tests.test_023.TestVersion)

Traceback (most recent call last):
  File "C:\Users\skaspers\OneDrive - Capgemini\Documents\Prompted Testsuite Analysis\.\datasets\GPT_4\Zero_shot\tests\test_023.py", line 13, in test_multiple_spaces_2
    assert comb_sort(nums) == expected_output
  File "datasets.GPT_4.Zero_shot.programs.program_023", line 11, in comb_sort
IndexError: list index out of range

   - [#  16] ROR datasets.GPT_4.Zero_shot.programs.program_023: [0.00100 s] killed by test_multiple_spaces_7 (datasets.GPT_4.Zero_shot.tests.test_023.TestVersion)

Traceback (most recent call last):
  File "C:\Users\skaspers\OneDrive - Capgemini\Documents\Prompted Testsuite Analysis\.\datasets\GPT_4\Zero_shot\tests\test_023.py", line 38, in test_multiple_spaces_7
    assert comb_sort(nums) == expected_output
AssertionError

   - [#  17] ROR datasets.GPT_4.Zero_shot.programs.program_023: [5.03631 s] timeout
[*] Mutation score [15.26161 s]: 88.2%
   - all: 17
   - killed: 12 (70.6%)
   - survived: 2 (11.8%)
   - incompetent: 0 (0.0%)
   - timeout: 3 (17.6%)
HI SANDER, RUNNING MUTPY FROM: C:\Users\skaspers\OneDrive - Capgemini\Documents\Prompted Testsuite Analysis\.venv38\lib\site-packages\mutpy\commandline.py
