[*] Start mutation process:
   - targets: datasets.GPT_4.Zero_shot.programs.program_020
   - tests: datasets.GPT_4.Zero_shot.tests.test_020
[*] 9 tests passed:
   - datasets.GPT_4.Zero_shot.tests.test_020 [0.00000 s]
[*] Start mutants generation and execution:
   - [#   1] AOR datasets.GPT_4.Zero_shot.programs.program_020: [0.00000 s] killed by test_multiple_spaces_8 (datasets.GPT_4.Zero_shot.tests.test_020.TestVersion)

Traceback (most recent call last):
  File "C:\Users\skaspers\OneDrive - Capgemini\Documents\Prompted Testsuite Analysis\.\datasets\GPT_4\Zero_shot\tests\test_020.py", line 43, in test_multiple_spaces_8
    assert is_Monotonic(A) == expected_output
AssertionError

   - [#   2] AOR datasets.GPT_4.Zero_shot.programs.program_020: [0.00000 s] killed by test_multiple_spaces_3 (datasets.GPT_4.Zero_shot.tests.test_020.TestVersion)

Traceback (most recent call last):
  File "C:\Users\skaspers\OneDrive - Capgemini\Documents\Prompted Testsuite Analysis\.\datasets\GPT_4\Zero_shot\tests\test_020.py", line 18, in test_multiple_spaces_3
    assert is_Monotonic(A) == expected_output
  File "datasets.GPT_4.Zero_shot.programs.program_020", line 2, in is_Monotonic
  File "datasets.GPT_4.Zero_shot.programs.program_020", line 2, in <genexpr>
IndexError: list index out of range

   - [#   3] AOR datasets.GPT_4.Zero_shot.programs.program_020: [0.00000 s] killed by test_multiple_spaces_9 (datasets.GPT_4.Zero_shot.tests.test_020.TestVersion)

Traceback (most recent call last):
  File "C:\Users\skaspers\OneDrive - Capgemini\Documents\Prompted Testsuite Analysis\.\datasets\GPT_4\Zero_shot\tests\test_020.py", line 48, in test_multiple_spaces_9
    assert is_Monotonic(A) == expected_output
AssertionError

   - [#   4] AOR datasets.GPT_4.Zero_shot.programs.program_020: [0.00000 s] killed by test_multiple_spaces_9 (datasets.GPT_4.Zero_shot.tests.test_020.TestVersion)

Traceback (most recent call last):
  File "C:\Users\skaspers\OneDrive - Capgemini\Documents\Prompted Testsuite Analysis\.\datasets\GPT_4\Zero_shot\tests\test_020.py", line 48, in test_multiple_spaces_9
    assert is_Monotonic(A) == expected_output
  File "datasets.GPT_4.Zero_shot.programs.program_020", line 3, in is_Monotonic
  File "datasets.GPT_4.Zero_shot.programs.program_020", line 3, in <genexpr>
IndexError: list index out of range

   - [#   5] LCR datasets.GPT_4.Zero_shot.programs.program_020: [0.00000 s] killed by test_multiple_spaces_8 (datasets.GPT_4.Zero_shot.tests.test_020.TestVersion)

Traceback (most recent call last):
  File "C:\Users\skaspers\OneDrive - Capgemini\Documents\Prompted Testsuite Analysis\.\datasets\GPT_4\Zero_shot\tests\test_020.py", line 43, in test_multiple_spaces_8
    assert is_Monotonic(A) == expected_output
AssertionError

   - [#   6] ROR datasets.GPT_4.Zero_shot.programs.program_020: [0.00000 s] killed by test_multiple_spaces_8 (datasets.GPT_4.Zero_shot.tests.test_020.TestVersion)

Traceback (most recent call last):
  File "C:\Users\skaspers\OneDrive - Capgemini\Documents\Prompted Testsuite Analysis\.\datasets\GPT_4\Zero_shot\tests\test_020.py", line 43, in test_multiple_spaces_8
    assert is_Monotonic(A) == expected_output
AssertionError

   - [#   7] ROR datasets.GPT_4.Zero_shot.programs.program_020: [0.00000 s] killed by test_multiple_spaces_8 (datasets.GPT_4.Zero_shot.tests.test_020.TestVersion)

Traceback (most recent call last):
  File "C:\Users\skaspers\OneDrive - Capgemini\Documents\Prompted Testsuite Analysis\.\datasets\GPT_4\Zero_shot\tests\test_020.py", line 43, in test_multiple_spaces_8
    assert is_Monotonic(A) == expected_output
AssertionError

   - [#   8] ROR datasets.GPT_4.Zero_shot.programs.program_020: [0.00000 s] killed by test_multiple_spaces_9 (datasets.GPT_4.Zero_shot.tests.test_020.TestVersion)

Traceback (most recent call last):
  File "C:\Users\skaspers\OneDrive - Capgemini\Documents\Prompted Testsuite Analysis\.\datasets\GPT_4\Zero_shot\tests\test_020.py", line 48, in test_multiple_spaces_9
    assert is_Monotonic(A) == expected_output
AssertionError

   - [#   9] ROR datasets.GPT_4.Zero_shot.programs.program_020: [0.00818 s] killed by test_multiple_spaces_9 (datasets.GPT_4.Zero_shot.tests.test_020.TestVersion)

Traceback (most recent call last):
  File "C:\Users\skaspers\OneDrive - Capgemini\Documents\Prompted Testsuite Analysis\.\datasets\GPT_4\Zero_shot\tests\test_020.py", line 48, in test_multiple_spaces_9
    assert is_Monotonic(A) == expected_output
AssertionError

[*] Mutation score [0.06809 s]: 100.0%
   - all: 9
   - killed: 9 (100.0%)
   - survived: 0 (0.0%)
   - incompetent: 0 (0.0%)
   - timeout: 0 (0.0%)
HI SANDER, RUNNING MUTPY FROM: C:\Users\skaspers\OneDrive - Capgemini\Documents\Prompted Testsuite Analysis\.venv38\lib\site-packages\mutpy\commandline.py
