[*] Start mutation process:
   - targets: datasets.GPT_4.Zero_shot.programs.program_021
   - tests: datasets.GPT_4.Zero_shot.tests.test_021
[*] 9 tests passed:
   - datasets.GPT_4.Zero_shot.tests.test_021 [0.00000 s]
[*] Start mutants generation and execution:
   - [#   1] AOR datasets.GPT_4.Zero_shot.programs.program_021: [0.00100 s] killed by test_write_all_the__cases_for_this__to_chec (datasets.GPT_4.Zero_shot.tests.test_021.TestVersion)

Traceback (most recent call last):
  File "C:\Users\skaspers\OneDrive - Capgemini\Documents\Prompted Testsuite Analysis\.\datasets\GPT_4\Zero_shot\tests\test_021.py", line 9, in test_write_all_the__cases_for_this__to_chec
    assert is_sublist(l, s) == expected_output
AssertionError

   - [#   2] ASR datasets.GPT_4.Zero_shot.programs.program_021: [0.00099 s] killed by test_write_all_the__cases_for_this__to_chec (datasets.GPT_4.Zero_shot.tests.test_021.TestVersion)

Traceback (most recent call last):
  File "C:\Users\skaspers\OneDrive - Capgemini\Documents\Prompted Testsuite Analysis\.\datasets\GPT_4\Zero_shot\tests\test_021.py", line 9, in test_write_all_the__cases_for_this__to_chec
    assert is_sublist(l, s) == expected_output
AssertionError

   - [#   3] COI datasets.GPT_4.Zero_shot.programs.program_021: [0.00100 s] killed by test_multiple_spaces_6 (datasets.GPT_4.Zero_shot.tests.test_021.TestVersion)

Traceback (most recent call last):
  File "C:\Users\skaspers\OneDrive - Capgemini\Documents\Prompted Testsuite Analysis\.\datasets\GPT_4\Zero_shot\tests\test_021.py", line 39, in test_multiple_spaces_6
    assert is_sublist(l, s) == expected_output
  File "datasets.GPT_4.Zero_shot.programs.program_021", line 11, in is_sublist
IndexError: list index out of range

   - [#   4] COI datasets.GPT_4.Zero_shot.programs.program_021: [0.00000 s] killed by test_multiple_spaces_7 (datasets.GPT_4.Zero_shot.tests.test_021.TestVersion)

Traceback (most recent call last):
  File "C:\Users\skaspers\OneDrive - Capgemini\Documents\Prompted Testsuite Analysis\.\datasets\GPT_4\Zero_shot\tests\test_021.py", line 45, in test_multiple_spaces_7
    assert is_sublist(l, s) == expected_output
AssertionError

   - [#   5] COI datasets.GPT_4.Zero_shot.programs.program_021: [0.00000 s] killed by test_write_all_the__cases_for_this__to_chec (datasets.GPT_4.Zero_shot.tests.test_021.TestVersion)

Traceback (most recent call last):
  File "C:\Users\skaspers\OneDrive - Capgemini\Documents\Prompted Testsuite Analysis\.\datasets\GPT_4\Zero_shot\tests\test_021.py", line 9, in test_write_all_the__cases_for_this__to_chec
    assert is_sublist(l, s) == expected_output
AssertionError

   - [#   6] COI datasets.GPT_4.Zero_shot.programs.program_021: [0.00199 s] killed by test_write_all_the__cases_for_this__to_chec (datasets.GPT_4.Zero_shot.tests.test_021.TestVersion)

Traceback (most recent call last):
  File "C:\Users\skaspers\OneDrive - Capgemini\Documents\Prompted Testsuite Analysis\.\datasets\GPT_4\Zero_shot\tests\test_021.py", line 9, in test_write_all_the__cases_for_this__to_chec
    assert is_sublist(l, s) == expected_output
  File "datasets.GPT_4.Zero_shot.programs.program_021", line 13, in is_sublist
IndexError: list index out of range

   - [#   7] COI datasets.GPT_4.Zero_shot.programs.program_021: [0.00101 s] killed by test_write_all_the__cases_for_this__to_chec (datasets.GPT_4.Zero_shot.tests.test_021.TestVersion)

Traceback (most recent call last):
  File "C:\Users\skaspers\OneDrive - Capgemini\Documents\Prompted Testsuite Analysis\.\datasets\GPT_4\Zero_shot\tests\test_021.py", line 9, in test_write_all_the__cases_for_this__to_chec
    assert is_sublist(l, s) == expected_output
AssertionError

   - [#   8] COI datasets.GPT_4.Zero_shot.programs.program_021: [0.00000 s] killed by test_write_all_the__cases_for_this__to_chec (datasets.GPT_4.Zero_shot.tests.test_021.TestVersion)

Traceback (most recent call last):
  File "C:\Users\skaspers\OneDrive - Capgemini\Documents\Prompted Testsuite Analysis\.\datasets\GPT_4\Zero_shot\tests\test_021.py", line 9, in test_write_all_the__cases_for_this__to_chec
    assert is_sublist(l, s) == expected_output
AssertionError

   - [#   9] LCR datasets.GPT_4.Zero_shot.programs.program_021: [0.00100 s] killed by test_write_all_the__cases_for_this__to_chec (datasets.GPT_4.Zero_shot.tests.test_021.TestVersion)

Traceback (most recent call last):
  File "C:\Users\skaspers\OneDrive - Capgemini\Documents\Prompted Testsuite Analysis\.\datasets\GPT_4\Zero_shot\tests\test_021.py", line 9, in test_write_all_the__cases_for_this__to_chec
    assert is_sublist(l, s) == expected_output
  File "datasets.GPT_4.Zero_shot.programs.program_021", line 13, in is_sublist
IndexError: list index out of range

   - [#  10] ROR datasets.GPT_4.Zero_shot.programs.program_021: [0.00100 s] killed by test_multiple_spaces_6 (datasets.GPT_4.Zero_shot.tests.test_021.TestVersion)

Traceback (most recent call last):
  File "C:\Users\skaspers\OneDrive - Capgemini\Documents\Prompted Testsuite Analysis\.\datasets\GPT_4\Zero_shot\tests\test_021.py", line 39, in test_multiple_spaces_6
    assert is_sublist(l, s) == expected_output
  File "datasets.GPT_4.Zero_shot.programs.program_021", line 11, in is_sublist
IndexError: list index out of range

   - [#  11] ROR datasets.GPT_4.Zero_shot.programs.program_021: [0.00100 s] killed by test_multiple_spaces_7 (datasets.GPT_4.Zero_shot.tests.test_021.TestVersion)

Traceback (most recent call last):
  File "C:\Users\skaspers\OneDrive - Capgemini\Documents\Prompted Testsuite Analysis\.\datasets\GPT_4\Zero_shot\tests\test_021.py", line 45, in test_multiple_spaces_7
    assert is_sublist(l, s) == expected_output
AssertionError

   - [#  12] ROR datasets.GPT_4.Zero_shot.programs.program_021: [0.00100 s] killed by test_write_all_the__cases_for_this__to_chec (datasets.GPT_4.Zero_shot.tests.test_021.TestVersion)

Traceback (most recent call last):
  File "C:\Users\skaspers\OneDrive - Capgemini\Documents\Prompted Testsuite Analysis\.\datasets\GPT_4\Zero_shot\tests\test_021.py", line 9, in test_write_all_the__cases_for_this__to_chec
    assert is_sublist(l, s) == expected_output
AssertionError

   - [#  13] ROR datasets.GPT_4.Zero_shot.programs.program_021: [0.00100 s] survived
   - [#  14] ROR datasets.GPT_4.Zero_shot.programs.program_021: [0.00100 s] killed by test_write_all_the__cases_for_this__to_chec (datasets.GPT_4.Zero_shot.tests.test_021.TestVersion)

Traceback (most recent call last):
  File "C:\Users\skaspers\OneDrive - Capgemini\Documents\Prompted Testsuite Analysis\.\datasets\GPT_4\Zero_shot\tests\test_021.py", line 9, in test_write_all_the__cases_for_this__to_chec
    assert is_sublist(l, s) == expected_output
  File "datasets.GPT_4.Zero_shot.programs.program_021", line 13, in is_sublist
IndexError: list index out of range

   - [#  15] ROR datasets.GPT_4.Zero_shot.programs.program_021: [0.00100 s] killed by test_write_all_the__cases_for_this__to_chec (datasets.GPT_4.Zero_shot.tests.test_021.TestVersion)

Traceback (most recent call last):
  File "C:\Users\skaspers\OneDrive - Capgemini\Documents\Prompted Testsuite Analysis\.\datasets\GPT_4\Zero_shot\tests\test_021.py", line 9, in test_write_all_the__cases_for_this__to_chec
    assert is_sublist(l, s) == expected_output
AssertionError

   - [#  16] ROR datasets.GPT_4.Zero_shot.programs.program_021: [0.00100 s] killed by test_write_all_the__cases_for_this__to_chec (datasets.GPT_4.Zero_shot.tests.test_021.TestVersion)

Traceback (most recent call last):
  File "C:\Users\skaspers\OneDrive - Capgemini\Documents\Prompted Testsuite Analysis\.\datasets\GPT_4\Zero_shot\tests\test_021.py", line 9, in test_write_all_the__cases_for_this__to_chec
    assert is_sublist(l, s) == expected_output
  File "datasets.GPT_4.Zero_shot.programs.program_021", line 13, in is_sublist
IndexError: list index out of range

   - [#  17] ROR datasets.GPT_4.Zero_shot.programs.program_021: [0.00100 s] killed by test_write_all_the__cases_for_this__to_chec (datasets.GPT_4.Zero_shot.tests.test_021.TestVersion)

Traceback (most recent call last):
  File "C:\Users\skaspers\OneDrive - Capgemini\Documents\Prompted Testsuite Analysis\.\datasets\GPT_4\Zero_shot\tests\test_021.py", line 9, in test_write_all_the__cases_for_this__to_chec
    assert is_sublist(l, s) == expected_output
AssertionError

   - [#  18] ROR datasets.GPT_4.Zero_shot.programs.program_021: [0.00100 s] killed by test_write_all_the__cases_for_this__to_chec (datasets.GPT_4.Zero_shot.tests.test_021.TestVersion)

Traceback (most recent call last):
  File "C:\Users\skaspers\OneDrive - Capgemini\Documents\Prompted Testsuite Analysis\.\datasets\GPT_4\Zero_shot\tests\test_021.py", line 9, in test_write_all_the__cases_for_this__to_chec
    assert is_sublist(l, s) == expected_output
AssertionError

[*] Mutation score [0.13556 s]: 94.4%
   - all: 18
   - killed: 17 (94.4%)
   - survived: 1 (5.6%)
   - incompetent: 0 (0.0%)
   - timeout: 0 (0.0%)
HI SANDER, RUNNING MUTPY FROM: C:\Users\skaspers\OneDrive - Capgemini\Documents\Prompted Testsuite Analysis\.venv38\lib\site-packages\mutpy\commandline.py
