[*] Start mutation process:
   - targets: datasets.mbpp.programs.program_076
   - tests: datasets.mbpp.tests.test_076
[*] 3 tests passed:
   - datasets.mbpp.tests.test_076 [0.00000 s]
[*] Start mutants generation and execution:
   - [#   1] AOR datasets.mbpp.programs.program_076: [0.00102 s] killed by test_hexagonal_num_with_10_expect_190 (datasets.mbpp.tests.test_076.TestVersion)

Traceback (most recent call last):
  File "C:\Users\skaspers\OneDrive - Capgemini\Documents\Prompted Testsuite Analysis\.\datasets\mbpp\tests\test_076.py", line 6, in test_hexagonal_num_with_10_expect_190
    self.assertEqual(hexagonal_num(10), 190)
AssertionError: 0.5263157894736842 != 190

   - [#   2] AOR datasets.mbpp.programs.program_076: [0.00096 s] killed by test_hexagonal_num_with_10_expect_190 (datasets.mbpp.tests.test_076.TestVersion)

Traceback (most recent call last):
  File "C:\Users\skaspers\OneDrive - Capgemini\Documents\Prompted Testsuite Analysis\.\datasets\mbpp\tests\test_076.py", line 6, in test_hexagonal_num_with_10_expect_190
    self.assertEqual(hexagonal_num(10), 190)
AssertionError: 0 != 190

   - [#   3] AOR datasets.mbpp.programs.program_076: [0.00100 s] killed by test_hexagonal_num_with_10_expect_190 (datasets.mbpp.tests.test_076.TestVersion)

Traceback (most recent call last):
  File "C:\Users\skaspers\OneDrive - Capgemini\Documents\Prompted Testsuite Analysis\.\datasets\mbpp\tests\test_076.py", line 6, in test_hexagonal_num_with_10_expect_190
    self.assertEqual(hexagonal_num(10), 190)
AssertionError: 10000000000000000000 != 190

   - [#   4] AOR datasets.mbpp.programs.program_076: [0.00000 s] killed by test_hexagonal_num_with_10_expect_190 (datasets.mbpp.tests.test_076.TestVersion)

Traceback (most recent call last):
  File "C:\Users\skaspers\OneDrive - Capgemini\Documents\Prompted Testsuite Analysis\.\datasets\mbpp\tests\test_076.py", line 6, in test_hexagonal_num_with_10_expect_190
    self.assertEqual(hexagonal_num(10), 190)
AssertionError: -8.0 != 190

   - [#   5] AOR datasets.mbpp.programs.program_076: [0.00100 s] killed by test_hexagonal_num_with_10_expect_190 (datasets.mbpp.tests.test_076.TestVersion)

Traceback (most recent call last):
  File "C:\Users\skaspers\OneDrive - Capgemini\Documents\Prompted Testsuite Analysis\.\datasets\mbpp\tests\test_076.py", line 6, in test_hexagonal_num_with_10_expect_190
    self.assertEqual(hexagonal_num(10), 190)
AssertionError: -10 != 190

   - [#   6] AOR datasets.mbpp.programs.program_076: [0.00100 s] killed by test_hexagonal_num_with_10_expect_190 (datasets.mbpp.tests.test_076.TestVersion)

Traceback (most recent call last):
  File "C:\Users\skaspers\OneDrive - Capgemini\Documents\Prompted Testsuite Analysis\.\datasets\mbpp\tests\test_076.py", line 6, in test_hexagonal_num_with_10_expect_190
    self.assertEqual(hexagonal_num(10), 190)
AssertionError: 10230 != 190

   - [#   7] AOR datasets.mbpp.programs.program_076: [0.00000 s] killed by test_hexagonal_num_with_10_expect_190 (datasets.mbpp.tests.test_076.TestVersion)

Traceback (most recent call last):
  File "C:\Users\skaspers\OneDrive - Capgemini\Documents\Prompted Testsuite Analysis\.\datasets\mbpp\tests\test_076.py", line 6, in test_hexagonal_num_with_10_expect_190
    self.assertEqual(hexagonal_num(10), 190)
AssertionError: 210 != 190

[*] Mutation score [0.03894 s]: 100.0%
   - all: 7
   - killed: 7 (100.0%)
   - survived: 0 (0.0%)
   - incompetent: 0 (0.0%)
   - timeout: 0 (0.0%)
HI SANDER, RUNNING MUTPY FROM: C:\Users\skaspers\OneDrive - Capgemini\Documents\Prompted Testsuite Analysis\.venv38\lib\site-packages\mutpy\commandline.py
