[*] Start mutation process:
   - targets: datasets.mbpp.programs.program_007
   - tests: datasets.mbpp.tests.test_007
[*] 3 tests passed:
   - datasets.mbpp.tests.test_007 [0.00000 s]
[*] Start mutants generation and execution:
   - [#   1] ROR datasets.mbpp.programs.program_007: [0.00100 s] killed by test_test_duplicate_with_1_1_2_2_3_3_4_4_5_expect_True (datasets.mbpp.tests.test_007.TestVersion)

Traceback (most recent call last):
  File "C:\Users\skaspers\OneDrive - Capgemini\Documents\Prompted Testsuite Analysis\.\datasets\mbpp\tests\test_007.py", line 12, in test_test_duplicate_with_1_1_2_2_3_3_4_4_5_expect_True
    self.assertEqual(test_duplicate([1,1,2,2,3,3,4,4,5]), True)
AssertionError: False != True

[*] Mutation score [0.02654 s]: 100.0%
   - all: 1
   - killed: 1 (100.0%)
   - survived: 0 (0.0%)
   - incompetent: 0 (0.0%)
   - timeout: 0 (0.0%)
HI SANDER, RUNNING MUTPY FROM: C:\Users\skaspers\OneDrive - Capgemini\Documents\Prompted Testsuite Analysis\.venv38\lib\site-packages\mutpy\commandline.py
