[*] Start mutation process:
   - targets: datasets.mbpp.programs.program_021
   - tests: datasets.mbpp.tests.test_021
[*] 3 tests passed:
   - datasets.mbpp.tests.test_021 [0.00000 s]
[*] Start mutants generation and execution:
   - [#   1] AOR datasets.mbpp.programs.program_021: [0.00100 s] killed by test_is_sublist_with_2_4_3_5_7_4_3_expect_True (datasets.mbpp.tests.test_021.TestVersion)

Traceback (most recent call last):
  File "C:\Users\skaspers\OneDrive - Capgemini\Documents\Prompted Testsuite Analysis\.\datasets\mbpp\tests\test_021.py", line 9, in test_is_sublist_with_2_4_3_5_7_4_3_expect_True
    self.assertEqual(is_sublist([2,4,3,5,7],[4,3]), True)
AssertionError: False != True

   - [#   2] ASR datasets.mbpp.programs.program_021: [0.00102 s] killed by test_is_sublist_with_2_4_3_5_7_4_3_expect_True (datasets.mbpp.tests.test_021.TestVersion)

Traceback (most recent call last):
  File "C:\Users\skaspers\OneDrive - Capgemini\Documents\Prompted Testsuite Analysis\.\datasets\mbpp\tests\test_021.py", line 9, in test_is_sublist_with_2_4_3_5_7_4_3_expect_True
    self.assertEqual(is_sublist([2,4,3,5,7],[4,3]), True)
AssertionError: False != True

   - [#   3] COI datasets.mbpp.programs.program_021: [0.00102 s] killed by test_is_sublist_with_2_4_3_5_7_1_6_expect_False (datasets.mbpp.tests.test_021.TestVersion)

Traceback (most recent call last):
  File "C:\Users\skaspers\OneDrive - Capgemini\Documents\Prompted Testsuite Analysis\.\datasets\mbpp\tests\test_021.py", line 12, in test_is_sublist_with_2_4_3_5_7_1_6_expect_False
    self.assertEqual(is_sublist([2,4,3,5,7],[1,6]), False)
AssertionError: True != False

   - [#   4] COI datasets.mbpp.programs.program_021: [0.00000 s] killed by test_is_sublist_with_2_4_3_5_7_1_6_expect_False (datasets.mbpp.tests.test_021.TestVersion)

Traceback (most recent call last):
  File "C:\Users\skaspers\OneDrive - Capgemini\Documents\Prompted Testsuite Analysis\.\datasets\mbpp\tests\test_021.py", line 12, in test_is_sublist_with_2_4_3_5_7_1_6_expect_False
    self.assertEqual(is_sublist([2,4,3,5,7],[1,6]), False)
AssertionError: True != False

   - [#   5] COI datasets.mbpp.programs.program_021: [0.00000 s] killed by test_is_sublist_with_2_4_3_5_7_4_3_expect_True (datasets.mbpp.tests.test_021.TestVersion)

Traceback (most recent call last):
  File "C:\Users\skaspers\OneDrive - Capgemini\Documents\Prompted Testsuite Analysis\.\datasets\mbpp\tests\test_021.py", line 9, in test_is_sublist_with_2_4_3_5_7_4_3_expect_True
    self.assertEqual(is_sublist([2,4,3,5,7],[4,3]), True)
AssertionError: False != True

   - [#   6] COI datasets.mbpp.programs.program_021: [0.00100 s] killed by test_is_sublist_with_2_4_3_5_7_1_6_expect_False (datasets.mbpp.tests.test_021.TestVersion)

Traceback (most recent call last):
  File "C:\Users\skaspers\OneDrive - Capgemini\Documents\Prompted Testsuite Analysis\.\datasets\mbpp\tests\test_021.py", line 12, in test_is_sublist_with_2_4_3_5_7_1_6_expect_False
    self.assertEqual(is_sublist([2,4,3,5,7],[1,6]), False)
  File "datasets.mbpp.programs.program_021", line 13, in is_sublist
IndexError: list index out of range

   - [#   7] COI datasets.mbpp.programs.program_021: [5.03986 s] timeout
   - [#   8] COI datasets.mbpp.programs.program_021: [0.00000 s] killed by test_is_sublist_with_2_4_3_5_7_3_7_expect_False (datasets.mbpp.tests.test_021.TestVersion)

Traceback (most recent call last):
  File "C:\Users\skaspers\OneDrive - Capgemini\Documents\Prompted Testsuite Analysis\.\datasets\mbpp\tests\test_021.py", line 6, in test_is_sublist_with_2_4_3_5_7_3_7_expect_False
    self.assertEqual(is_sublist([2,4,3,5,7],[3,7]), False)
AssertionError: True != False

   - [#   9] LCR datasets.mbpp.programs.program_021: [0.00162 s] killed by test_is_sublist_with_2_4_3_5_7_3_7_expect_False (datasets.mbpp.tests.test_021.TestVersion)

Traceback (most recent call last):
  File "C:\Users\skaspers\OneDrive - Capgemini\Documents\Prompted Testsuite Analysis\.\datasets\mbpp\tests\test_021.py", line 6, in test_is_sublist_with_2_4_3_5_7_3_7_expect_False
    self.assertEqual(is_sublist([2,4,3,5,7],[3,7]), False)
  File "datasets.mbpp.programs.program_021", line 13, in is_sublist
IndexError: list index out of range

   - [#  10] ROR datasets.mbpp.programs.program_021: [0.00000 s] killed by test_is_sublist_with_2_4_3_5_7_1_6_expect_False (datasets.mbpp.tests.test_021.TestVersion)

Traceback (most recent call last):
  File "C:\Users\skaspers\OneDrive - Capgemini\Documents\Prompted Testsuite Analysis\.\datasets\mbpp\tests\test_021.py", line 12, in test_is_sublist_with_2_4_3_5_7_1_6_expect_False
    self.assertEqual(is_sublist([2,4,3,5,7],[1,6]), False)
AssertionError: True != False

   - [#  11] ROR datasets.mbpp.programs.program_021: [0.00117 s] killed by test_is_sublist_with_2_4_3_5_7_1_6_expect_False (datasets.mbpp.tests.test_021.TestVersion)

Traceback (most recent call last):
  File "C:\Users\skaspers\OneDrive - Capgemini\Documents\Prompted Testsuite Analysis\.\datasets\mbpp\tests\test_021.py", line 12, in test_is_sublist_with_2_4_3_5_7_1_6_expect_False
    self.assertEqual(is_sublist([2,4,3,5,7],[1,6]), False)
AssertionError: True != False

   - [#  12] ROR datasets.mbpp.programs.program_021: [0.00100 s] killed by test_is_sublist_with_2_4_3_5_7_4_3_expect_True (datasets.mbpp.tests.test_021.TestVersion)

Traceback (most recent call last):
  File "C:\Users\skaspers\OneDrive - Capgemini\Documents\Prompted Testsuite Analysis\.\datasets\mbpp\tests\test_021.py", line 9, in test_is_sublist_with_2_4_3_5_7_4_3_expect_True
    self.assertEqual(is_sublist([2,4,3,5,7],[4,3]), True)
AssertionError: False != True

   - [#  13] ROR datasets.mbpp.programs.program_021: [0.00100 s] survived
   - [#  14] ROR datasets.mbpp.programs.program_021: [0.00206 s] killed by test_is_sublist_with_2_4_3_5_7_1_6_expect_False (datasets.mbpp.tests.test_021.TestVersion)

Traceback (most recent call last):
  File "C:\Users\skaspers\OneDrive - Capgemini\Documents\Prompted Testsuite Analysis\.\datasets\mbpp\tests\test_021.py", line 12, in test_is_sublist_with_2_4_3_5_7_1_6_expect_False
    self.assertEqual(is_sublist([2,4,3,5,7],[1,6]), False)
  File "datasets.mbpp.programs.program_021", line 13, in is_sublist
IndexError: list index out of range

   - [#  15] ROR datasets.mbpp.programs.program_021: [0.00100 s] killed by test_is_sublist_with_2_4_3_5_7_4_3_expect_True (datasets.mbpp.tests.test_021.TestVersion)

Traceback (most recent call last):
  File "C:\Users\skaspers\OneDrive - Capgemini\Documents\Prompted Testsuite Analysis\.\datasets\mbpp\tests\test_021.py", line 9, in test_is_sublist_with_2_4_3_5_7_4_3_expect_True
    self.assertEqual(is_sublist([2,4,3,5,7],[4,3]), True)
AssertionError: False != True

   - [#  16] ROR datasets.mbpp.programs.program_021: [0.00096 s] killed by test_is_sublist_with_2_4_3_5_7_4_3_expect_True (datasets.mbpp.tests.test_021.TestVersion)

Traceback (most recent call last):
  File "C:\Users\skaspers\OneDrive - Capgemini\Documents\Prompted Testsuite Analysis\.\datasets\mbpp\tests\test_021.py", line 9, in test_is_sublist_with_2_4_3_5_7_4_3_expect_True
    self.assertEqual(is_sublist([2,4,3,5,7],[4,3]), True)
  File "datasets.mbpp.programs.program_021", line 13, in is_sublist
IndexError: list index out of range

   - [#  17] ROR datasets.mbpp.programs.program_021: [0.00199 s] killed by test_is_sublist_with_2_4_3_5_7_3_7_expect_False (datasets.mbpp.tests.test_021.TestVersion)

Traceback (most recent call last):
  File "C:\Users\skaspers\OneDrive - Capgemini\Documents\Prompted Testsuite Analysis\.\datasets\mbpp\tests\test_021.py", line 6, in test_is_sublist_with_2_4_3_5_7_3_7_expect_False
    self.assertEqual(is_sublist([2,4,3,5,7],[3,7]), False)
AssertionError: True != False

   - [#  18] ROR datasets.mbpp.programs.program_021: [0.00100 s] killed by test_is_sublist_with_2_4_3_5_7_3_7_expect_False (datasets.mbpp.tests.test_021.TestVersion)

Traceback (most recent call last):
  File "C:\Users\skaspers\OneDrive - Capgemini\Documents\Prompted Testsuite Analysis\.\datasets\mbpp\tests\test_021.py", line 6, in test_is_sublist_with_2_4_3_5_7_3_7_expect_False
    self.assertEqual(is_sublist([2,4,3,5,7],[3,7]), False)
AssertionError: True != False

[*] Mutation score [5.20414 s]: 94.4%
   - all: 18
   - killed: 16 (88.9%)
   - survived: 1 (5.6%)
   - incompetent: 0 (0.0%)
   - timeout: 1 (5.6%)
HI SANDER, RUNNING MUTPY FROM: C:\Users\skaspers\OneDrive - Capgemini\Documents\Prompted Testsuite Analysis\.venv38\lib\site-packages\mutpy\commandline.py
