[*] Start mutation process:
   - targets: datasets.mbpp.programs.program_051
   - tests: datasets.mbpp.tests.test_051
[*] 3 tests passed:
   - datasets.mbpp.tests.test_051 [0.00000 s]
[*] Start mutants generation and execution:
   - [#   1] AOR datasets.mbpp.programs.program_051: [0.00211 s] killed by test_eulerian_num_with_3_1_expect_4 (datasets.mbpp.tests.test_051.TestVersion)

Traceback (most recent call last):
  File "C:\Users\skaspers\OneDrive - Capgemini\Documents\Prompted Testsuite Analysis\.\datasets\mbpp\tests\test_051.py", line 6, in test_eulerian_num_with_3_1_expect_4
    self.assertEqual(eulerian_num(3, 1), 4)
AssertionError: 10 != 4

   - [#   2] AOR datasets.mbpp.programs.program_051: [0.00000 s] killed by test_eulerian_num_with_5_3_expect_26 (datasets.mbpp.tests.test_051.TestVersion)

Traceback (most recent call last):
  File "C:\Users\skaspers\OneDrive - Capgemini\Documents\Prompted Testsuite Analysis\.\datasets\mbpp\tests\test_051.py", line 12, in test_eulerian_num_with_5_3_expect_26
    self.assertEqual(eulerian_num(5, 3), 26)
AssertionError: 4.571428571428571 != 26

   - [#   3] AOR datasets.mbpp.programs.program_051: [0.00200 s] killed by test_eulerian_num_with_5_3_expect_26 (datasets.mbpp.tests.test_051.TestVersion)

Traceback (most recent call last):
  File "C:\Users\skaspers\OneDrive - Capgemini\Documents\Prompted Testsuite Analysis\.\datasets\mbpp\tests\test_051.py", line 12, in test_eulerian_num_with_5_3_expect_26
    self.assertEqual(eulerian_num(5, 3), 26)
AssertionError: 4 != 26

   - [#   4] AOR datasets.mbpp.programs.program_051: [0.00000 s] killed by test_eulerian_num_with_5_3_expect_26 (datasets.mbpp.tests.test_051.TestVersion)

Traceback (most recent call last):
  File "C:\Users\skaspers\OneDrive - Capgemini\Documents\Prompted Testsuite Analysis\.\datasets\mbpp\tests\test_051.py", line 12, in test_eulerian_num_with_5_3_expect_26
    self.assertEqual(eulerian_num(5, 3), 26)
AssertionError: 524292 != 26

   - [#   5] AOR datasets.mbpp.programs.program_051: [0.00100 s] killed by test_eulerian_num_with_5_3_expect_26 (datasets.mbpp.tests.test_051.TestVersion)

Traceback (most recent call last):
  File "C:\Users\skaspers\OneDrive - Capgemini\Documents\Prompted Testsuite Analysis\.\datasets\mbpp\tests\test_051.py", line 12, in test_eulerian_num_with_5_3_expect_26
    self.assertEqual(eulerian_num(5, 3), 26)
AssertionError: 5220 != 26

   - [#   6] AOR datasets.mbpp.programs.program_051: [0.00100 s] killed by test_eulerian_num_with_3_1_expect_4 (datasets.mbpp.tests.test_051.TestVersion)

Traceback (most recent call last):
  File "C:\Users\skaspers\OneDrive - Capgemini\Documents\Prompted Testsuite Analysis\.\datasets\mbpp\tests\test_051.py", line 6, in test_eulerian_num_with_3_1_expect_4
    self.assertEqual(eulerian_num(3, 1), 4)
AssertionError: 0 != 4

   - [#   7] AOR datasets.mbpp.programs.program_051: [0.00096 s] killed by test_eulerian_num_with_3_1_expect_4 (datasets.mbpp.tests.test_051.TestVersion)

Traceback (most recent call last):
  File "C:\Users\skaspers\OneDrive - Capgemini\Documents\Prompted Testsuite Analysis\.\datasets\mbpp\tests\test_051.py", line 6, in test_eulerian_num_with_3_1_expect_4
    self.assertEqual(eulerian_num(3, 1), 4)
AssertionError: 0 != 4

   - [#   8] AOR datasets.mbpp.programs.program_051: [0.00104 s] killed by test_eulerian_num_with_3_1_expect_4 (datasets.mbpp.tests.test_051.TestVersion)

Traceback (most recent call last):
  File "C:\Users\skaspers\OneDrive - Capgemini\Documents\Prompted Testsuite Analysis\.\datasets\mbpp\tests\test_051.py", line 6, in test_eulerian_num_with_3_1_expect_4
    self.assertEqual(eulerian_num(3, 1), 4)
AssertionError: 2 != 4

   - [#   9] AOR datasets.mbpp.programs.program_051: [0.00196 s] killed by test_eulerian_num_with_3_1_expect_4 (datasets.mbpp.tests.test_051.TestVersion)

Traceback (most recent call last):
  File "C:\Users\skaspers\OneDrive - Capgemini\Documents\Prompted Testsuite Analysis\.\datasets\mbpp\tests\test_051.py", line 6, in test_eulerian_num_with_3_1_expect_4
    self.assertEqual(eulerian_num(3, 1), 4)
  File "datasets.mbpp.programs.program_051", line 6, in eulerian_num
  File "datasets.mbpp.programs.program_051", line 6, in eulerian_num
ZeroDivisionError: division by zero

   - [#  10] AOR datasets.mbpp.programs.program_051: [0.00103 s] killed by test_eulerian_num_with_3_1_expect_4 (datasets.mbpp.tests.test_051.TestVersion)

Traceback (most recent call last):
  File "C:\Users\skaspers\OneDrive - Capgemini\Documents\Prompted Testsuite Analysis\.\datasets\mbpp\tests\test_051.py", line 6, in test_eulerian_num_with_3_1_expect_4
    self.assertEqual(eulerian_num(3, 1), 4)
  File "datasets.mbpp.programs.program_051", line 6, in eulerian_num
  File "datasets.mbpp.programs.program_051", line 6, in eulerian_num
ZeroDivisionError: integer division or modulo by zero

   - [#  11] AOR datasets.mbpp.programs.program_051: [0.00105 s] killed by test_eulerian_num_with_3_1_expect_4 (datasets.mbpp.tests.test_051.TestVersion)

Traceback (most recent call last):
  File "C:\Users\skaspers\OneDrive - Capgemini\Documents\Prompted Testsuite Analysis\.\datasets\mbpp\tests\test_051.py", line 6, in test_eulerian_num_with_3_1_expect_4
    self.assertEqual(eulerian_num(3, 1), 4)
AssertionError: 6 != 4

   - [#  12] AOR datasets.mbpp.programs.program_051: [0.22072 s] killed by test_eulerian_num_with_3_1_expect_4 (datasets.mbpp.tests.test_051.TestVersion)

Traceback (most recent call last):
  File "C:\Users\skaspers\OneDrive - Capgemini\Documents\Prompted Testsuite Analysis\.\datasets\mbpp\tests\test_051.py", line 6, in test_eulerian_num_with_3_1_expect_4
    self.assertEqual(eulerian_num(3, 1), 4)
  File "datasets.mbpp.programs.program_051", line 6, in eulerian_num
  File "datasets.mbpp.programs.program_051", line 6, in eulerian_num
  File "datasets.mbpp.programs.program_051", line 6, in eulerian_num
  [Previous line repeated 983 more times]
  File "datasets.mbpp.programs.program_051", line 2, in eulerian_num
RecursionError: maximum recursion depth exceeded in comparison

   - [#  13] COI datasets.mbpp.programs.program_051: [0.00100 s] killed by test_eulerian_num_with_3_1_expect_4 (datasets.mbpp.tests.test_051.TestVersion)

Traceback (most recent call last):
  File "C:\Users\skaspers\OneDrive - Capgemini\Documents\Prompted Testsuite Analysis\.\datasets\mbpp\tests\test_051.py", line 6, in test_eulerian_num_with_3_1_expect_4
    self.assertEqual(eulerian_num(3, 1), 4)
AssertionError: 0 != 4

   - [#  14] COI datasets.mbpp.programs.program_051: [0.00000 s] killed by test_eulerian_num_with_3_1_expect_4 (datasets.mbpp.tests.test_051.TestVersion)

Traceback (most recent call last):
  File "C:\Users\skaspers\OneDrive - Capgemini\Documents\Prompted Testsuite Analysis\.\datasets\mbpp\tests\test_051.py", line 6, in test_eulerian_num_with_3_1_expect_4
    self.assertEqual(eulerian_num(3, 1), 4)
AssertionError: 1 != 4

   - [#  15] LCR datasets.mbpp.programs.program_051: [0.00101 s] survived
   - [#  16] ROR datasets.mbpp.programs.program_051: [0.00101 s] killed by test_eulerian_num_with_3_1_expect_4 (datasets.mbpp.tests.test_051.TestVersion)

Traceback (most recent call last):
  File "C:\Users\skaspers\OneDrive - Capgemini\Documents\Prompted Testsuite Analysis\.\datasets\mbpp\tests\test_051.py", line 6, in test_eulerian_num_with_3_1_expect_4
    self.assertEqual(eulerian_num(3, 1), 4)
AssertionError: 0 != 4

   - [#  17] ROR datasets.mbpp.programs.program_051: [0.00110 s] survived
   - [#  18] ROR datasets.mbpp.programs.program_051: [0.00000 s] killed by test_eulerian_num_with_3_1_expect_4 (datasets.mbpp.tests.test_051.TestVersion)

Traceback (most recent call last):
  File "C:\Users\skaspers\OneDrive - Capgemini\Documents\Prompted Testsuite Analysis\.\datasets\mbpp\tests\test_051.py", line 6, in test_eulerian_num_with_3_1_expect_4
    self.assertEqual(eulerian_num(3, 1), 4)
AssertionError: 0 != 4

   - [#  19] ROR datasets.mbpp.programs.program_051: [0.00099 s] killed by test_eulerian_num_with_3_1_expect_4 (datasets.mbpp.tests.test_051.TestVersion)

Traceback (most recent call last):
  File "C:\Users\skaspers\OneDrive - Capgemini\Documents\Prompted Testsuite Analysis\.\datasets\mbpp\tests\test_051.py", line 6, in test_eulerian_num_with_3_1_expect_4
    self.assertEqual(eulerian_num(3, 1), 4)
AssertionError: 1 != 4

[*] Mutation score [0.32254 s]: 89.5%
   - all: 19
   - killed: 17 (89.5%)
   - survived: 2 (10.5%)
   - incompetent: 0 (0.0%)
   - timeout: 0 (0.0%)
HI SANDER, RUNNING MUTPY FROM: C:\Users\skaspers\OneDrive - Capgemini\Documents\Prompted Testsuite Analysis\.venv38\lib\site-packages\mutpy\commandline.py
