[*] Start mutation process:
   - targets: datasets.mbpp.programs.program_079
   - tests: datasets.mbpp.tests.test_079
[*] 3 tests passed:
   - datasets.mbpp.tests.test_079 [0.00101 s]
[*] Start mutants generation and execution:
   - [#   1] AOR datasets.mbpp.programs.program_079: [0.00100 s] killed by test_circle_circumference_with_10_expect_62_830000000000005 (datasets.mbpp.tests.test_079.TestVersion)

Traceback (most recent call last):
  File "C:\Users\skaspers\OneDrive - Capgemini\Documents\Prompted Testsuite Analysis\.\datasets\mbpp\tests\test_079.py", line 6, in test_circle_circumference_with_10_expect_62_830000000000005
    self.assertEqual(circle_circumference(10), 62.830000000000005)
AssertionError: 6.3663854846410945 != 62.830000000000005

   - [#   2] AOR datasets.mbpp.programs.program_079: [0.00100 s] killed by test_circle_circumference_with_10_expect_62_830000000000005 (datasets.mbpp.tests.test_079.TestVersion)

Traceback (most recent call last):
  File "C:\Users\skaspers\OneDrive - Capgemini\Documents\Prompted Testsuite Analysis\.\datasets\mbpp\tests\test_079.py", line 6, in test_circle_circumference_with_10_expect_62_830000000000005
    self.assertEqual(circle_circumference(10), 62.830000000000005)
AssertionError: 0.0 != 62.830000000000005

   - [#   3] AOR datasets.mbpp.programs.program_079: [0.00000 s] killed by test_circle_circumference_with_10_expect_62_830000000000005 (datasets.mbpp.tests.test_079.TestVersion)

Traceback (most recent call last):
  File "C:\Users\skaspers\OneDrive - Capgemini\Documents\Prompted Testsuite Analysis\.\datasets\mbpp\tests\test_079.py", line 6, in test_circle_circumference_with_10_expect_62_830000000000005
    self.assertEqual(circle_circumference(10), 62.830000000000005)
AssertionError: 88.24411082479122 != 62.830000000000005

   - [#   4] AOR datasets.mbpp.programs.program_079: [0.00101 s] killed by test_circle_circumference_with_10_expect_62_830000000000005 (datasets.mbpp.tests.test_079.TestVersion)

Traceback (most recent call last):
  File "C:\Users\skaspers\OneDrive - Capgemini\Documents\Prompted Testsuite Analysis\.\datasets\mbpp\tests\test_079.py", line 6, in test_circle_circumference_with_10_expect_62_830000000000005
    self.assertEqual(circle_circumference(10), 62.830000000000005)
AssertionError: 0.6283000000000001 != 62.830000000000005

   - [#   5] AOR datasets.mbpp.programs.program_079: [0.00100 s] killed by test_circle_circumference_with_10_expect_62_830000000000005 (datasets.mbpp.tests.test_079.TestVersion)

Traceback (most recent call last):
  File "C:\Users\skaspers\OneDrive - Capgemini\Documents\Prompted Testsuite Analysis\.\datasets\mbpp\tests\test_079.py", line 6, in test_circle_circumference_with_10_expect_62_830000000000005
    self.assertEqual(circle_circumference(10), 62.830000000000005)
AssertionError: 0.0 != 62.830000000000005

   - [#   6] AOR datasets.mbpp.programs.program_079: [0.00101 s] killed by test_circle_circumference_with_10_expect_62_830000000000005 (datasets.mbpp.tests.test_079.TestVersion)

Traceback (most recent call last):
  File "C:\Users\skaspers\OneDrive - Capgemini\Documents\Prompted Testsuite Analysis\.\datasets\mbpp\tests\test_079.py", line 6, in test_circle_circumference_with_10_expect_62_830000000000005
    self.assertEqual(circle_circumference(10), 62.830000000000005)
AssertionError: 95867322.30727756 != 62.830000000000005

[*] Mutation score [0.05532 s]: 100.0%
   - all: 6
   - killed: 6 (100.0%)
   - survived: 0 (0.0%)
   - incompetent: 0 (0.0%)
   - timeout: 0 (0.0%)
HI SANDER, RUNNING MUTPY FROM: C:\Users\skaspers\OneDrive - Capgemini\Documents\Prompted Testsuite Analysis\.venv38\lib\site-packages\mutpy\commandline.py
