[*] Start mutation process:
   - targets: datasets.mbpp.programs.program_093
   - tests: datasets.mbpp.tests.test_093
[*] 3 tests passed:
   - datasets.mbpp.tests.test_093 [0.00000 s]
[*] Start mutants generation and execution:
   - [#   1] ASR datasets.mbpp.programs.program_093: [0.00000 s] killed by test_frequency_with_0_1_2_3_1_2_1_expect_2 (datasets.mbpp.tests.test_093.TestVersion)

Traceback (most recent call last):
  File "C:\Users\skaspers\OneDrive - Capgemini\Documents\Prompted Testsuite Analysis\.\datasets\mbpp\tests\test_093.py", line 12, in test_frequency_with_0_1_2_3_1_2_1_expect_2
    self.assertEqual(frequency([0,1,2,3,1,2],1), 2)
AssertionError: -2 != 2

   - [#   2] COI datasets.mbpp.programs.program_093: [0.00104 s] killed by test_frequency_with_0_1_2_3_1_2_1_expect_2 (datasets.mbpp.tests.test_093.TestVersion)

Traceback (most recent call last):
  File "C:\Users\skaspers\OneDrive - Capgemini\Documents\Prompted Testsuite Analysis\.\datasets\mbpp\tests\test_093.py", line 12, in test_frequency_with_0_1_2_3_1_2_1_expect_2
    self.assertEqual(frequency([0,1,2,3,1,2],1), 2)
AssertionError: 4 != 2

   - [#   3] ROR datasets.mbpp.programs.program_093: [0.00108 s] killed by test_frequency_with_0_1_2_3_1_2_1_expect_2 (datasets.mbpp.tests.test_093.TestVersion)

Traceback (most recent call last):
  File "C:\Users\skaspers\OneDrive - Capgemini\Documents\Prompted Testsuite Analysis\.\datasets\mbpp\tests\test_093.py", line 12, in test_frequency_with_0_1_2_3_1_2_1_expect_2
    self.assertEqual(frequency([0,1,2,3,1,2],1), 2)
AssertionError: 4 != 2

[*] Mutation score [0.03519 s]: 100.0%
   - all: 3
   - killed: 3 (100.0%)
   - survived: 0 (0.0%)
   - incompetent: 0 (0.0%)
   - timeout: 0 (0.0%)
HI SANDER, RUNNING MUTPY FROM: C:\Users\skaspers\OneDrive - Capgemini\Documents\Prompted Testsuite Analysis\.venv38\lib\site-packages\mutpy\commandline.py
