[*] Start mutation process:
   - targets: datasets.mbpp.programs.program_082
   - tests: datasets.mbpp.tests.test_082
[*] 3 tests passed:
   - datasets.mbpp.tests.test_082 [0.00000 s]
[*] Start mutants generation and execution:
   - [#   1] ROR datasets.mbpp.programs.program_082: [0.00100 s] killed by test_count_samepair_with_1_2_3_4_2_6_7_8_2_2_3_1_2_6_7_8_2_1_3_1_2_6_7_8_expect_ (datasets.mbpp.tests.test_082.TestVersion)

Traceback (most recent call last):
  File "C:\Users\skaspers\OneDrive - Capgemini\Documents\Prompted Testsuite Analysis\.\datasets\mbpp\tests\test_082.py", line 12, in test_count_samepair_with_1_2_3_4_2_6_7_8_2_2_3_1_2_6_7_8_2_1_3_1_2_6_7_8_expect_
    self.assertEqual(count_samepair([1,2,3,4,2,6,7,8],[2,2,3,1,2,6,7,8],[2,1,3,1,2,6,7,8]), 5)
AssertionError: 2 != 5

   - [#   2] ROR datasets.mbpp.programs.program_082: [0.00000 s] killed by test_count_samepair_with_1_2_3_4_2_6_7_8_2_2_3_1_2_6_7_8_2_1_3_1_2_6_7_8_expect_ (datasets.mbpp.tests.test_082.TestVersion)

Traceback (most recent call last):
  File "C:\Users\skaspers\OneDrive - Capgemini\Documents\Prompted Testsuite Analysis\.\datasets\mbpp\tests\test_082.py", line 12, in test_count_samepair_with_1_2_3_4_2_6_7_8_2_2_3_1_2_6_7_8_2_1_3_1_2_6_7_8_expect_
    self.assertEqual(count_samepair([1,2,3,4,2,6,7,8],[2,2,3,1,2,6,7,8],[2,1,3,1,2,6,7,8]), 5)
AssertionError: 1 != 5

[*] Mutation score [0.03210 s]: 100.0%
   - all: 2
   - killed: 2 (100.0%)
   - survived: 0 (0.0%)
   - incompetent: 0 (0.0%)
   - timeout: 0 (0.0%)
HI SANDER, RUNNING MUTPY FROM: C:\Users\skaspers\OneDrive - Capgemini\Documents\Prompted Testsuite Analysis\.venv38\lib\site-packages\mutpy\commandline.py
