[*] Start mutation process:
   - targets: datasets.mbpp.programs.program_038
   - tests: datasets.mbpp.tests.test_038
[*] 3 tests passed:
   - datasets.mbpp.tests.test_038 [0.00000 s]
[*] Start mutants generation and execution:
   - [#   1] COI datasets.mbpp.programs.program_038: [0.00106 s] killed by test_len_log_with__a___ab___abc__expect_3 (datasets.mbpp.tests.test_038.TestVersion)

Traceback (most recent call last):
  File "C:\Users\skaspers\OneDrive - Capgemini\Documents\Prompted Testsuite Analysis\.\datasets\mbpp\tests\test_038.py", line 9, in test_len_log_with__a___ab___abc__expect_3
    self.assertEqual(len_log(["a","ab","abc"]), 3)
AssertionError: 1 != 3

   - [#   2] ROR datasets.mbpp.programs.program_038: [0.00000 s] killed by test_len_log_with__a___ab___abc__expect_3 (datasets.mbpp.tests.test_038.TestVersion)

Traceback (most recent call last):
  File "C:\Users\skaspers\OneDrive - Capgemini\Documents\Prompted Testsuite Analysis\.\datasets\mbpp\tests\test_038.py", line 9, in test_len_log_with__a___ab___abc__expect_3
    self.assertEqual(len_log(["a","ab","abc"]), 3)
AssertionError: 1 != 3

   - [#   3] ROR datasets.mbpp.programs.program_038: [0.00000 s] survived
[*] Mutation score [0.03873 s]: 66.7%
   - all: 3
   - killed: 2 (66.7%)
   - survived: 1 (33.3%)
   - incompetent: 0 (0.0%)
   - timeout: 0 (0.0%)
HI SANDER, RUNNING MUTPY FROM: C:\Users\skaspers\OneDrive - Capgemini\Documents\Prompted Testsuite Analysis\.venv38\lib\site-packages\mutpy\commandline.py
