[*] Start mutation process:
   - targets: datasets.mbpp.programs.program_013
   - tests: datasets.mbpp.tests.test_013
[*] 3 tests passed:
   - datasets.mbpp.tests.test_013 [0.00000 s]
[*] Start mutants generation and execution:
   - [#   1] AOR datasets.mbpp.programs.program_013: [0.01571 s] killed by test_count_Substrings_with_1101112_7_expect_12 (datasets.mbpp.tests.test_013.TestVersion)

Traceback (most recent call last):
  File "C:\Users\skaspers\OneDrive - Capgemini\Documents\Prompted Testsuite Analysis\.\datasets\mbpp\tests\test_013.py", line 12, in test_count_Substrings_with_1101112_7_expect_12
    self.assertEqual(count_Substrings('1101112'), 12)
AssertionError: 0 != 12

   - [#   2] AOR datasets.mbpp.programs.program_013: [0.00000 s] killed by test_count_Substrings_with_1101112_7_expect_12 (datasets.mbpp.tests.test_013.TestVersion)

Traceback (most recent call last):
  File "C:\Users\skaspers\OneDrive - Capgemini\Documents\Prompted Testsuite Analysis\.\datasets\mbpp\tests\test_013.py", line 12, in test_count_Substrings_with_1101112_7_expect_12
    self.assertEqual(count_Substrings('1101112'), 12)
AssertionError: 0 != 12

   - [#   3] AOR datasets.mbpp.programs.program_013: [0.00000 s] killed by test_count_Substrings_with_1101112_7_expect_12 (datasets.mbpp.tests.test_013.TestVersion)

Traceback (most recent call last):
  File "C:\Users\skaspers\OneDrive - Capgemini\Documents\Prompted Testsuite Analysis\.\datasets\mbpp\tests\test_013.py", line 12, in test_count_Substrings_with_1101112_7_expect_12
    self.assertEqual(count_Substrings('1101112'), 12)
AssertionError: 0 != 12

   - [#   4] AOR datasets.mbpp.programs.program_013: [0.00000 s] killed by test_count_Substrings_with_1101112_7_expect_12 (datasets.mbpp.tests.test_013.TestVersion)

Traceback (most recent call last):
  File "C:\Users\skaspers\OneDrive - Capgemini\Documents\Prompted Testsuite Analysis\.\datasets\mbpp\tests\test_013.py", line 12, in test_count_Substrings_with_1101112_7_expect_12
    self.assertEqual(count_Substrings('1101112'), 12)
AssertionError: 3 != 12

   - [#   5] AOR datasets.mbpp.programs.program_013: [0.00000 s] killed by test_count_Substrings_with_1101112_7_expect_12 (datasets.mbpp.tests.test_013.TestVersion)

Traceback (most recent call last):
  File "C:\Users\skaspers\OneDrive - Capgemini\Documents\Prompted Testsuite Analysis\.\datasets\mbpp\tests\test_013.py", line 12, in test_count_Substrings_with_1101112_7_expect_12
    self.assertEqual(count_Substrings('1101112'), 12)
AssertionError: 3 != 12

   - [#   6] ASR datasets.mbpp.programs.program_013: [0.00000 s] killed by test_count_Substrings_with_1101112_7_expect_12 (datasets.mbpp.tests.test_013.TestVersion)

Traceback (most recent call last):
  File "C:\Users\skaspers\OneDrive - Capgemini\Documents\Prompted Testsuite Analysis\.\datasets\mbpp\tests\test_013.py", line 12, in test_count_Substrings_with_1101112_7_expect_12
    self.assertEqual(count_Substrings('1101112'), 12)
AssertionError: 6 != 12

   - [#   7] ASR datasets.mbpp.programs.program_013: [0.00000 s] killed by test_count_Substrings_with_1101112_7_expect_12 (datasets.mbpp.tests.test_013.TestVersion)

Traceback (most recent call last):
  File "C:\Users\skaspers\OneDrive - Capgemini\Documents\Prompted Testsuite Analysis\.\datasets\mbpp\tests\test_013.py", line 12, in test_count_Substrings_with_1101112_7_expect_12
    self.assertEqual(count_Substrings('1101112'), 12)
AssertionError: 0 != 12

   - [#   8] ASR datasets.mbpp.programs.program_013: [0.00000 s] killed by test_count_Substrings_with_1101112_7_expect_12 (datasets.mbpp.tests.test_013.TestVersion)

Traceback (most recent call last):
  File "C:\Users\skaspers\OneDrive - Capgemini\Documents\Prompted Testsuite Analysis\.\datasets\mbpp\tests\test_013.py", line 12, in test_count_Substrings_with_1101112_7_expect_12
    self.assertEqual(count_Substrings('1101112'), 12)
AssertionError: -12 != 12

   - [#   9] ASR datasets.mbpp.programs.program_013: [0.00000 s] killed by test_count_Substrings_with_1101112_7_expect_12 (datasets.mbpp.tests.test_013.TestVersion)

Traceback (most recent call last):
  File "C:\Users\skaspers\OneDrive - Capgemini\Documents\Prompted Testsuite Analysis\.\datasets\mbpp\tests\test_013.py", line 12, in test_count_Substrings_with_1101112_7_expect_12
    self.assertEqual(count_Substrings('1101112'), 12)
AssertionError: -6 != 12

[*] Mutation score [0.07930 s]: 100.0%
   - all: 9
   - killed: 9 (100.0%)
   - survived: 0 (0.0%)
   - incompetent: 0 (0.0%)
   - timeout: 0 (0.0%)
HI SANDER, RUNNING MUTPY FROM: C:\Users\skaspers\OneDrive - Capgemini\Documents\Prompted Testsuite Analysis\.venv38\lib\site-packages\mutpy\commandline.py
