[*] Start mutation process:
   - targets: datasets.mbpp.programs.program_031
   - tests: datasets.mbpp.tests.test_031
[*] 3 tests passed:
   - datasets.mbpp.tests.test_031 [0.00000 s]
[*] Start mutants generation and execution:
   - [#   1] AOR datasets.mbpp.programs.program_031: [0.00000 s] killed by test_get_Char_with_ab_expect_c (datasets.mbpp.tests.test_031.TestVersion)

Traceback (most recent call last):
  File "C:\Users\skaspers\OneDrive - Capgemini\Documents\Prompted Testsuite Analysis\.\datasets\mbpp\tests\test_031.py", line 12, in test_get_Char_with_ab_expect_c
    self.assertEqual(get_Char("ab"), "c")
AssertionError: 'a' != 'c'
- a
+ c


   - [#   2] AOR datasets.mbpp.programs.program_031: [0.00000 s] killed by test_get_Char_with_ab_expect_c (datasets.mbpp.tests.test_031.TestVersion)

Traceback (most recent call last):
  File "C:\Users\skaspers\OneDrive - Capgemini\Documents\Prompted Testsuite Analysis\.\datasets\mbpp\tests\test_031.py", line 12, in test_get_Char_with_ab_expect_c
    self.assertEqual(get_Char("ab"), "c")
AssertionError: 'y' != 'c'
- y
+ c


   - [#   3] AOR datasets.mbpp.programs.program_031: [0.00000 s] survived
   - [#   4] AOR datasets.mbpp.programs.program_031: [0.00563 s] killed by test_get_Char_with_ab_expect_c (datasets.mbpp.tests.test_031.TestVersion)

Traceback (most recent call last):
  File "C:\Users\skaspers\OneDrive - Capgemini\Documents\Prompted Testsuite Analysis\.\datasets\mbpp\tests\test_031.py", line 12, in test_get_Char_with_ab_expect_c
    self.assertEqual(get_Char("ab"), "c")
AssertionError: '®' != 'c'
- ®
+ c


   - [#   5] AOR datasets.mbpp.programs.program_031: [0.00552 s] killed by test_get_Char_with_ab_expect_c (datasets.mbpp.tests.test_031.TestVersion)

Traceback (most recent call last):
  File "C:\Users\skaspers\OneDrive - Capgemini\Documents\Prompted Testsuite Analysis\.\datasets\mbpp\tests\test_031.py", line 12, in test_get_Char_with_ab_expect_c
    self.assertEqual(get_Char("ab"), "c")
AssertionError: ']' != 'c'
- ]
+ c


   - [#   6] AOR datasets.mbpp.programs.program_031: [0.00000 s] killed by test_get_Char_with_ab_expect_c (datasets.mbpp.tests.test_031.TestVersion)

Traceback (most recent call last):
  File "C:\Users\skaspers\OneDrive - Capgemini\Documents\Prompted Testsuite Analysis\.\datasets\mbpp\tests\test_031.py", line 12, in test_get_Char_with_ab_expect_c
    self.assertEqual(get_Char("ab"), "c")
AssertionError: 'e' != 'c'
- e
+ c


   - [#   7] ASR datasets.mbpp.programs.program_031: [0.01056 s] killed by test_get_Char_with_ab_expect_c (datasets.mbpp.tests.test_031.TestVersion)

Traceback (most recent call last):
  File "C:\Users\skaspers\OneDrive - Capgemini\Documents\Prompted Testsuite Analysis\.\datasets\mbpp\tests\test_031.py", line 12, in test_get_Char_with_ab_expect_c
    self.assertEqual(get_Char("ab"), "c")
AssertionError: 'w' != 'c'
- w
+ c


   - [#   8] COI datasets.mbpp.programs.program_031: [0.01008 s] killed by test_get_Char_with_ab_expect_c (datasets.mbpp.tests.test_031.TestVersion)

Traceback (most recent call last):
  File "C:\Users\skaspers\OneDrive - Capgemini\Documents\Prompted Testsuite Analysis\.\datasets\mbpp\tests\test_031.py", line 12, in test_get_Char_with_ab_expect_c
    self.assertEqual(get_Char("ab"), "c")
AssertionError: 122 != 'c'

   - [#   9] ROR datasets.mbpp.programs.program_031: [0.00000 s] killed by test_get_Char_with_ab_expect_c (datasets.mbpp.tests.test_031.TestVersion)

Traceback (most recent call last):
  File "C:\Users\skaspers\OneDrive - Capgemini\Documents\Prompted Testsuite Analysis\.\datasets\mbpp\tests\test_031.py", line 12, in test_get_Char_with_ab_expect_c
    self.assertEqual(get_Char("ab"), "c")
AssertionError: 122 != 'c'

[*] Mutation score [0.09587 s]: 88.9%
   - all: 9
   - killed: 8 (88.9%)
   - survived: 1 (11.1%)
   - incompetent: 0 (0.0%)
   - timeout: 0 (0.0%)
HI SANDER, RUNNING MUTPY FROM: C:\Users\skaspers\OneDrive - Capgemini\Documents\Prompted Testsuite Analysis\.venv38\lib\site-packages\mutpy\commandline.py
