[*] Start mutation process:
   - targets: datasets.mbpp.programs.program_019
   - tests: datasets.mbpp.tests.test_019
[*] 3 tests passed:
   - datasets.mbpp.tests.test_019 [0.00000 s]
[*] Start mutants generation and execution:
   - [#   1] AOR datasets.mbpp.programs.program_019: [0.00201 s] killed by test_bell_number_with_10_expect_115975 (datasets.mbpp.tests.test_019.TestVersion)

Traceback (most recent call last):
  File "C:\Users\skaspers\OneDrive - Capgemini\Documents\Prompted Testsuite Analysis\.\datasets\mbpp\tests\test_019.py", line 9, in test_bell_number_with_10_expect_115975
    self.assertEqual(bell_number(10), 115975)
  File "datasets.mbpp.programs.program_019", line 7, in bell_number
IndexError: list assignment index out of range

   - [#   2] AOR datasets.mbpp.programs.program_019: [0.00155 s] killed by test_bell_number_with_10_expect_115975 (datasets.mbpp.tests.test_019.TestVersion)

Traceback (most recent call last):
  File "C:\Users\skaspers\OneDrive - Capgemini\Documents\Prompted Testsuite Analysis\.\datasets\mbpp\tests\test_019.py", line 9, in test_bell_number_with_10_expect_115975
    self.assertEqual(bell_number(10), 115975)
  File "datasets.mbpp.programs.program_019", line 5, in bell_number
IndexError: list index out of range

   - [#   3] AOR datasets.mbpp.programs.program_019: [0.00000 s] killed by test_bell_number_with_10_expect_115975 (datasets.mbpp.tests.test_019.TestVersion)

Traceback (most recent call last):
  File "C:\Users\skaspers\OneDrive - Capgemini\Documents\Prompted Testsuite Analysis\.\datasets\mbpp\tests\test_019.py", line 9, in test_bell_number_with_10_expect_115975
    self.assertEqual(bell_number(10), 115975)
AssertionError: 0 != 115975

   - [#   4] AOR datasets.mbpp.programs.program_019: [0.00200 s] killed by test_bell_number_with_10_expect_115975 (datasets.mbpp.tests.test_019.TestVersion)

Traceback (most recent call last):
  File "C:\Users\skaspers\OneDrive - Capgemini\Documents\Prompted Testsuite Analysis\.\datasets\mbpp\tests\test_019.py", line 9, in test_bell_number_with_10_expect_115975
    self.assertEqual(bell_number(10), 115975)
  File "datasets.mbpp.programs.program_019", line 5, in bell_number
IndexError: list index out of range

   - [#   5] AOR datasets.mbpp.programs.program_019: [0.00102 s] killed by test_bell_number_with_10_expect_115975 (datasets.mbpp.tests.test_019.TestVersion)

Traceback (most recent call last):
  File "C:\Users\skaspers\OneDrive - Capgemini\Documents\Prompted Testsuite Analysis\.\datasets\mbpp\tests\test_019.py", line 9, in test_bell_number_with_10_expect_115975
    self.assertEqual(bell_number(10), 115975)
  File "datasets.mbpp.programs.program_019", line 5, in bell_number
IndexError: list index out of range

   - [#   6] AOR datasets.mbpp.programs.program_019: [0.00198 s] killed by test_bell_number_with_10_expect_115975 (datasets.mbpp.tests.test_019.TestVersion)

Traceback (most recent call last):
  File "C:\Users\skaspers\OneDrive - Capgemini\Documents\Prompted Testsuite Analysis\.\datasets\mbpp\tests\test_019.py", line 9, in test_bell_number_with_10_expect_115975
    self.assertEqual(bell_number(10), 115975)
AssertionError: 0 != 115975

   - [#   7] AOR datasets.mbpp.programs.program_019: [0.00098 s] killed by test_bell_number_with_10_expect_115975 (datasets.mbpp.tests.test_019.TestVersion)

Traceback (most recent call last):
  File "C:\Users\skaspers\OneDrive - Capgemini\Documents\Prompted Testsuite Analysis\.\datasets\mbpp\tests\test_019.py", line 9, in test_bell_number_with_10_expect_115975
    self.assertEqual(bell_number(10), 115975)
  File "datasets.mbpp.programs.program_019", line 7, in bell_number
IndexError: list index out of range

   - [#   8] AOR datasets.mbpp.programs.program_019: [0.00200 s] killed by test_bell_number_with_10_expect_115975 (datasets.mbpp.tests.test_019.TestVersion)

Traceback (most recent call last):
  File "C:\Users\skaspers\OneDrive - Capgemini\Documents\Prompted Testsuite Analysis\.\datasets\mbpp\tests\test_019.py", line 9, in test_bell_number_with_10_expect_115975
    self.assertEqual(bell_number(10), 115975)
  File "datasets.mbpp.programs.program_019", line 7, in bell_number
IndexError: list index out of range

   - [#   9] AOR datasets.mbpp.programs.program_019: [0.00200 s] killed by test_bell_number_with_10_expect_115975 (datasets.mbpp.tests.test_019.TestVersion)

Traceback (most recent call last):
  File "C:\Users\skaspers\OneDrive - Capgemini\Documents\Prompted Testsuite Analysis\.\datasets\mbpp\tests\test_019.py", line 9, in test_bell_number_with_10_expect_115975
    self.assertEqual(bell_number(10), 115975)
AssertionError: -1 != 115975

   - [#  10] AOR datasets.mbpp.programs.program_019: [0.00099 s] killed by test_bell_number_with_10_expect_115975 (datasets.mbpp.tests.test_019.TestVersion)

Traceback (most recent call last):
  File "C:\Users\skaspers\OneDrive - Capgemini\Documents\Prompted Testsuite Analysis\.\datasets\mbpp\tests\test_019.py", line 9, in test_bell_number_with_10_expect_115975
    self.assertEqual(bell_number(10), 115975)
  File "datasets.mbpp.programs.program_019", line 7, in bell_number
IndexError: list index out of range

[*] Mutation score [0.10465 s]: 100.0%
   - all: 10
   - killed: 10 (100.0%)
   - survived: 0 (0.0%)
   - incompetent: 0 (0.0%)
   - timeout: 0 (0.0%)
HI SANDER, RUNNING MUTPY FROM: C:\Users\skaspers\OneDrive - Capgemini\Documents\Prompted Testsuite Analysis\.venv38\lib\site-packages\mutpy\commandline.py
