[*] Start mutation process:
   - targets: datasets.mbpp.programs.program_092
   - tests: datasets.mbpp.tests.test_092
[*] 3 tests passed:
   - datasets.mbpp.tests.test_092 [0.00000 s]
[*] Start mutants generation and execution:
   - [#   1] AOR datasets.mbpp.programs.program_092: [0.00000 s] survived
   - [#   2] ASR datasets.mbpp.programs.program_092: [0.00199 s] killed by test_next_power_of_2_with_17_expect_32 (datasets.mbpp.tests.test_092.TestVersion)

Traceback (most recent call last):
  File "C:\Users\skaspers\OneDrive - Capgemini\Documents\Prompted Testsuite Analysis\.\datasets\mbpp\tests\test_092.py", line 12, in test_next_power_of_2_with_17_expect_32
    self.assertEqual(next_power_of_2(17), 32)
  File "datasets.mbpp.programs.program_092", line 10, in next_power_of_2
ValueError: negative shift count

   - [#   3] COD datasets.mbpp.programs.program_092: [0.00098 s] killed by test_next_power_of_2_with_17_expect_32 (datasets.mbpp.tests.test_092.TestVersion)

Traceback (most recent call last):
  File "C:\Users\skaspers\OneDrive - Capgemini\Documents\Prompted Testsuite Analysis\.\datasets\mbpp\tests\test_092.py", line 12, in test_next_power_of_2_with_17_expect_32
    self.assertEqual(next_power_of_2(17), 32)
AssertionError: 17 != 32

   - [#   4] COI datasets.mbpp.programs.program_092: [0.00099 s] killed by test_next_power_of_2_with_0_expect_1 (datasets.mbpp.tests.test_092.TestVersion)

Traceback (most recent call last):
  File "C:\Users\skaspers\OneDrive - Capgemini\Documents\Prompted Testsuite Analysis\.\datasets\mbpp\tests\test_092.py", line 6, in test_next_power_of_2_with_0_expect_1
    self.assertEqual(next_power_of_2(0), 1)
AssertionError: 0 != 1

   - [#   5] COI datasets.mbpp.programs.program_092: [5.04197 s] timeout
   - [#   6] LCR datasets.mbpp.programs.program_092: [0.00040 s] killed by test_next_power_of_2_with_0_expect_1 (datasets.mbpp.tests.test_092.TestVersion)

Traceback (most recent call last):
  File "C:\Users\skaspers\OneDrive - Capgemini\Documents\Prompted Testsuite Analysis\.\datasets\mbpp\tests\test_092.py", line 6, in test_next_power_of_2_with_0_expect_1
    self.assertEqual(next_power_of_2(0), 1)
AssertionError: 0 != 1

   - [#   7] LOR datasets.mbpp.programs.program_092: [0.00100 s] survived
   - [#   8] LOR datasets.mbpp.programs.program_092: [5.03659 s] timeout
   - [#   9] LOR datasets.mbpp.programs.program_092: [0.00000 s] killed by test_next_power_of_2_with_17_expect_32 (datasets.mbpp.tests.test_092.TestVersion)

Traceback (most recent call last):
  File "C:\Users\skaspers\OneDrive - Capgemini\Documents\Prompted Testsuite Analysis\.\datasets\mbpp\tests\test_092.py", line 12, in test_next_power_of_2_with_17_expect_32
    self.assertEqual(next_power_of_2(17), 32)
AssertionError: 0 != 32

   - [#  10] ROR datasets.mbpp.programs.program_092: [5.02953 s] timeout
[*] Mutation score [15.16627 s]: 80.0%
   - all: 10
   - killed: 5 (50.0%)
   - survived: 2 (20.0%)
   - incompetent: 0 (0.0%)
   - timeout: 3 (30.0%)
HI SANDER, RUNNING MUTPY FROM: C:\Users\skaspers\OneDrive - Capgemini\Documents\Prompted Testsuite Analysis\.venv38\lib\site-packages\mutpy\commandline.py
