[*] Start mutation process:
   - targets: datasets.mbpp.programs.program_026
   - tests: datasets.mbpp.tests.test_026
[*] 3 tests passed:
   - datasets.mbpp.tests.test_026 [0.00000 s]
[*] Start mutants generation and execution:
   - [#   1] AOR datasets.mbpp.programs.program_026: [0.00000 s] killed by test_case (datasets.mbpp.tests.test_026.TestVersion)

Traceback (most recent call last):
  File "C:\Users\skaspers\OneDrive - Capgemini\Documents\Prompted Testsuite Analysis\.\datasets\mbpp\tests\test_026.py", line 6, in test_case
    self.assertEqual(find_tuples([(6, 24, 12), (5, 10, 15)], 6), [(6, 24, 12)])
AssertionError: Lists differ: [] != [(6, 24, 12)]

Second list contains 1 additional elements.
First extra element 0:
(6, 24, 12)

- []
+ [(6, 24, 12)]

   - [#   2] ROR datasets.mbpp.programs.program_026: [0.00000 s] killed by test_case (datasets.mbpp.tests.test_026.TestVersion)

Traceback (most recent call last):
  File "C:\Users\skaspers\OneDrive - Capgemini\Documents\Prompted Testsuite Analysis\.\datasets\mbpp\tests\test_026.py", line 6, in test_case
    self.assertEqual(find_tuples([(6, 24, 12), (5, 10, 15)], 6), [(6, 24, 12)])
AssertionError: Lists differ: [(5, 10, 15)] != [(6, 24, 12)]

First differing element 0:
(5, 10, 15)
(6, 24, 12)

- [(5, 10, 15)]
+ [(6, 24, 12)]

[*] Mutation score [0.03124 s]: 100.0%
   - all: 2
   - killed: 2 (100.0%)
   - survived: 0 (0.0%)
   - incompetent: 0 (0.0%)
   - timeout: 0 (0.0%)
HI SANDER, RUNNING MUTPY FROM: C:\Users\skaspers\OneDrive - Capgemini\Documents\Prompted Testsuite Analysis\.venv38\lib\site-packages\mutpy\commandline.py
