[*] Start mutation process:
   - targets: datasets.mbpp.programs.program_046
   - tests: datasets.mbpp.tests.test_046
[*] 3 tests passed:
   - datasets.mbpp.tests.test_046 [0.00000 s]
[*] Start mutants generation and execution:
   - [#   1] AOR datasets.mbpp.programs.program_046: [0.00100 s] killed by test_multiply_num_with__8_2_3__1_7__expect__67_2 (datasets.mbpp.tests.test_046.TestVersion)

Traceback (most recent call last):
  File "C:\Users\skaspers\OneDrive - Capgemini\Documents\Prompted Testsuite Analysis\.\datasets\mbpp\tests\test_046.py", line 6, in test_multiply_num_with__8_2_3__1_7__expect__67_2
    self.assertEqual(multiply_num((8, 2, 3, -1, 7)), -67.2)
AssertionError: -68 != -67.2

   - [#   2] AOR datasets.mbpp.programs.program_046: [0.00101 s] killed by test_multiply_num_with__10__20__30__expect__2000_0 (datasets.mbpp.tests.test_046.TestVersion)

Traceback (most recent call last):
  File "C:\Users\skaspers\OneDrive - Capgemini\Documents\Prompted Testsuite Analysis\.\datasets\mbpp\tests\test_046.py", line 9, in test_multiply_num_with__10__20__30__expect__2000_0
    self.assertEqual(multiply_num((-10,-20,-30)), -2000.0)
AssertionError: -18000 != -2000.0

   - [#   3] ASR datasets.mbpp.programs.program_046: [0.00000 s] killed by test_multiply_num_with__10__20__30__expect__2000_0 (datasets.mbpp.tests.test_046.TestVersion)

Traceback (most recent call last):
  File "C:\Users\skaspers\OneDrive - Capgemini\Documents\Prompted Testsuite Analysis\.\datasets\mbpp\tests\test_046.py", line 9, in test_multiply_num_with__10__20__30__expect__2000_0
    self.assertEqual(multiply_num((-10,-20,-30)), -2000.0)
AssertionError: -5.555555555555555e-05 != -2000.0

   - [#   4] ASR datasets.mbpp.programs.program_046: [0.00000 s] killed by test_multiply_num_with__10__20__30__expect__2000_0 (datasets.mbpp.tests.test_046.TestVersion)

Traceback (most recent call last):
  File "C:\Users\skaspers\OneDrive - Capgemini\Documents\Prompted Testsuite Analysis\.\datasets\mbpp\tests\test_046.py", line 9, in test_multiply_num_with__10__20__30__expect__2000_0
    self.assertEqual(multiply_num((-10,-20,-30)), -2000.0)
AssertionError: 0.0 != -2000.0

   - [#   5] ASR datasets.mbpp.programs.program_046: [0.00100 s] killed by test_multiply_num_with__10__20__30__expect__2000_0 (datasets.mbpp.tests.test_046.TestVersion)

Traceback (most recent call last):
  File "C:\Users\skaspers\OneDrive - Capgemini\Documents\Prompted Testsuite Analysis\.\datasets\mbpp\tests\test_046.py", line 9, in test_multiply_num_with__10__20__30__expect__2000_0
    self.assertEqual(multiply_num((-10,-20,-30)), -2000.0)
AssertionError: 0.3333333333333333 != -2000.0

[*] Mutation score [0.05220 s]: 100.0%
   - all: 5
   - killed: 5 (100.0%)
   - survived: 0 (0.0%)
   - incompetent: 0 (0.0%)
   - timeout: 0 (0.0%)
HI SANDER, RUNNING MUTPY FROM: C:\Users\skaspers\OneDrive - Capgemini\Documents\Prompted Testsuite Analysis\.venv38\lib\site-packages\mutpy\commandline.py
