[*] Start mutation process:
   - targets: datasets.mbpp.programs.program_099
   - tests: datasets.mbpp.tests.test_099
[*] 3 tests passed:
   - datasets.mbpp.tests.test_099 [0.00000 s]
[*] Start mutants generation and execution:
   - [#   1] ASR datasets.mbpp.programs.program_099: [0.00000 s] killed by test_count_Set_Bits_with_2_expect_1 (datasets.mbpp.tests.test_099.TestVersion)

Traceback (most recent call last):
  File "C:\Users\skaspers\OneDrive - Capgemini\Documents\Prompted Testsuite Analysis\.\datasets\mbpp\tests\test_099.py", line 6, in test_count_Set_Bits_with_2_expect_1
    self.assertEqual(count_Set_Bits(2), 1)
AssertionError: -1 != 1

   - [#   2] COI datasets.mbpp.programs.program_099: [0.00000 s] killed by test_count_Set_Bits_with_2_expect_1 (datasets.mbpp.tests.test_099.TestVersion)

Traceback (most recent call last):
  File "C:\Users\skaspers\OneDrive - Capgemini\Documents\Prompted Testsuite Analysis\.\datasets\mbpp\tests\test_099.py", line 6, in test_count_Set_Bits_with_2_expect_1
    self.assertEqual(count_Set_Bits(2), 1)
AssertionError: 0 != 1

   - [#   3] LOR datasets.mbpp.programs.program_099: [0.00000 s] killed by test_count_Set_Bits_with_2_expect_1 (datasets.mbpp.tests.test_099.TestVersion)

Traceback (most recent call last):
  File "C:\Users\skaspers\OneDrive - Capgemini\Documents\Prompted Testsuite Analysis\.\datasets\mbpp\tests\test_099.py", line 6, in test_count_Set_Bits_with_2_expect_1
    self.assertEqual(count_Set_Bits(2), 1)
AssertionError: 4 != 1

   - [#   4] LOR datasets.mbpp.programs.program_099: [5.03548 s] timeout
[*] Mutation score [5.06744 s]: 100.0%
   - all: 4
   - killed: 3 (75.0%)
   - survived: 0 (0.0%)
   - incompetent: 0 (0.0%)
   - timeout: 1 (25.0%)
HI SANDER, RUNNING MUTPY FROM: C:\Users\skaspers\OneDrive - Capgemini\Documents\Prompted Testsuite Analysis\.venv38\lib\site-packages\mutpy\commandline.py
