[*] Start mutation process:
   - targets: datasets.mbpp.programs.program_067
   - tests: datasets.mbpp.tests.test_067
[*] 3 tests passed:
   - datasets.mbpp.tests.test_067 [0.00000 s]
[*] Start mutants generation and execution:
   - [#   1] AOD datasets.mbpp.programs.program_067: [0.00000 s] killed by test_find_length_with__10111__5_expect_1 (datasets.mbpp.tests.test_067.TestVersion)

Traceback (most recent call last):
  File "C:\Users\skaspers\OneDrive - Capgemini\Documents\Prompted Testsuite Analysis\.\datasets\mbpp\tests\test_067.py", line 9, in test_find_length_with__10111__5_expect_1
    self.assertEqual(find_length("10111"), 1)
AssertionError: 5 != 1

   - [#   2] AOR datasets.mbpp.programs.program_067: [0.00000 s] killed by test_find_length_with__10111__5_expect_1 (datasets.mbpp.tests.test_067.TestVersion)

Traceback (most recent call last):
  File "C:\Users\skaspers\OneDrive - Capgemini\Documents\Prompted Testsuite Analysis\.\datasets\mbpp\tests\test_067.py", line 9, in test_find_length_with__10111__5_expect_1
    self.assertEqual(find_length("10111"), 1)
AssertionError: 5 != 1

   - [#   3] ASR datasets.mbpp.programs.program_067: [0.00000 s] killed by test_find_length_with__10111__5_expect_1 (datasets.mbpp.tests.test_067.TestVersion)

Traceback (most recent call last):
  File "C:\Users\skaspers\OneDrive - Capgemini\Documents\Prompted Testsuite Analysis\.\datasets\mbpp\tests\test_067.py", line 9, in test_find_length_with__10111__5_expect_1
    self.assertEqual(find_length("10111"), 1)
AssertionError: 3 != 1

   - [#   4] COI datasets.mbpp.programs.program_067: [0.00000 s] killed by test_find_length_with__10111__5_expect_1 (datasets.mbpp.tests.test_067.TestVersion)

Traceback (most recent call last):
  File "C:\Users\skaspers\OneDrive - Capgemini\Documents\Prompted Testsuite Analysis\.\datasets\mbpp\tests\test_067.py", line 9, in test_find_length_with__10111__5_expect_1
    self.assertEqual(find_length("10111"), 1)
AssertionError: 0 != 1

   - [#   5] ROR datasets.mbpp.programs.program_067: [0.00000 s] killed by test_find_length_with__10111__5_expect_1 (datasets.mbpp.tests.test_067.TestVersion)

Traceback (most recent call last):
  File "C:\Users\skaspers\OneDrive - Capgemini\Documents\Prompted Testsuite Analysis\.\datasets\mbpp\tests\test_067.py", line 9, in test_find_length_with__10111__5_expect_1
    self.assertEqual(find_length("10111"), 1)
AssertionError: 3 != 1

   - [#   6] ROR datasets.mbpp.programs.program_067: [0.00000 s] killed by test_find_length_with__10111__5_expect_1 (datasets.mbpp.tests.test_067.TestVersion)

Traceback (most recent call last):
  File "C:\Users\skaspers\OneDrive - Capgemini\Documents\Prompted Testsuite Analysis\.\datasets\mbpp\tests\test_067.py", line 9, in test_find_length_with__10111__5_expect_1
    self.assertEqual(find_length("10111"), 1)
AssertionError: 0 != 1

   - [#   7] ROR datasets.mbpp.programs.program_067: [0.00000 s] survived
[*] Mutation score [0.05760 s]: 85.7%
   - all: 7
   - killed: 6 (85.7%)
   - survived: 1 (14.3%)
   - incompetent: 0 (0.0%)
   - timeout: 0 (0.0%)
HI SANDER, RUNNING MUTPY FROM: C:\Users\skaspers\OneDrive - Capgemini\Documents\Prompted Testsuite Analysis\.venv38\lib\site-packages\mutpy\commandline.py
