[*] Start mutation process:
   - targets: datasets.mbpp.programs.program_027
   - tests: datasets.mbpp.tests.test_027
[*] 3 tests passed:
   - datasets.mbpp.tests.test_027 [0.00000 s]
[*] Start mutants generation and execution:
   - [#   1] AOR datasets.mbpp.programs.program_027: [0.00000 s] killed by test_is_Diff_with_1212112_expect_True (datasets.mbpp.tests.test_027.TestVersion)

Traceback (most recent call last):
  File "C:\Users\skaspers\OneDrive - Capgemini\Documents\Prompted Testsuite Analysis\.\datasets\mbpp\tests\test_027.py", line 9, in test_is_Diff_with_1212112_expect_True
    self.assertEqual(is_Diff(1212112), True)
AssertionError: False != True

   - [#   2] ROR datasets.mbpp.programs.program_027: [0.00000 s] killed by test_case (datasets.mbpp.tests.test_027.TestVersion)

Traceback (most recent call last):
  File "C:\Users\skaspers\OneDrive - Capgemini\Documents\Prompted Testsuite Analysis\.\datasets\mbpp\tests\test_027.py", line 6, in test_case
    self.assertEqual(is_Diff(12345), False)
AssertionError: True != False

[*] Mutation score [0.02331 s]: 100.0%
   - all: 2
   - killed: 2 (100.0%)
   - survived: 0 (0.0%)
   - incompetent: 0 (0.0%)
   - timeout: 0 (0.0%)
HI SANDER, RUNNING MUTPY FROM: C:\Users\skaspers\OneDrive - Capgemini\Documents\Prompted Testsuite Analysis\.venv38\lib\site-packages\mutpy\commandline.py
