[*] Start mutation process:
   - targets: datasets.mbpp.programs.program_012
   - tests: datasets.mbpp.tests.test_012
[*] 3 tests passed:
   - datasets.mbpp.tests.test_012 [0.00000 s]
[*] Start mutants generation and execution:
   - [#   1] AOR datasets.mbpp.programs.program_012: [0.00000 s] killed by test_is_octagonal_with_10_expect_280 (datasets.mbpp.tests.test_012.TestVersion)

Traceback (most recent call last):
  File "C:\Users\skaspers\OneDrive - Capgemini\Documents\Prompted Testsuite Analysis\.\datasets\mbpp\tests\test_012.py", line 9, in test_is_octagonal_with_10_expect_280
    self.assertEqual(is_octagonal(10), 280)
AssertionError: -17.0 != 280

   - [#   2] AOR datasets.mbpp.programs.program_012: [0.00000 s] killed by test_is_octagonal_with_10_expect_280 (datasets.mbpp.tests.test_012.TestVersion)

Traceback (most recent call last):
  File "C:\Users\skaspers\OneDrive - Capgemini\Documents\Prompted Testsuite Analysis\.\datasets\mbpp\tests\test_012.py", line 9, in test_is_octagonal_with_10_expect_280
    self.assertEqual(is_octagonal(10), 280)
AssertionError: -20 != 280

   - [#   3] AOR datasets.mbpp.programs.program_012: [0.00000 s] killed by test_is_octagonal_with_10_expect_280 (datasets.mbpp.tests.test_012.TestVersion)

Traceback (most recent call last):
  File "C:\Users\skaspers\OneDrive - Capgemini\Documents\Prompted Testsuite Analysis\.\datasets\mbpp\tests\test_012.py", line 9, in test_is_octagonal_with_10_expect_280
    self.assertEqual(is_octagonal(10), 280)
AssertionError: 590470 != 280

   - [#   4] AOR datasets.mbpp.programs.program_012: [0.00000 s] killed by test_is_octagonal_with_10_expect_280 (datasets.mbpp.tests.test_012.TestVersion)

Traceback (most recent call last):
  File "C:\Users\skaspers\OneDrive - Capgemini\Documents\Prompted Testsuite Analysis\.\datasets\mbpp\tests\test_012.py", line 9, in test_is_octagonal_with_10_expect_280
    self.assertEqual(is_octagonal(10), 280)
AssertionError: -17.0 != 280

   - [#   5] AOR datasets.mbpp.programs.program_012: [0.00000 s] killed by test_is_octagonal_with_10_expect_280 (datasets.mbpp.tests.test_012.TestVersion)

Traceback (most recent call last):
  File "C:\Users\skaspers\OneDrive - Capgemini\Documents\Prompted Testsuite Analysis\.\datasets\mbpp\tests\test_012.py", line 9, in test_is_octagonal_with_10_expect_280
    self.assertEqual(is_octagonal(10), 280)
AssertionError: -17 != 280

   - [#   6] AOR datasets.mbpp.programs.program_012: [0.00000 s] killed by test_is_octagonal_with_10_expect_280 (datasets.mbpp.tests.test_012.TestVersion)

Traceback (most recent call last):
  File "C:\Users\skaspers\OneDrive - Capgemini\Documents\Prompted Testsuite Analysis\.\datasets\mbpp\tests\test_012.py", line 9, in test_is_octagonal_with_10_expect_280
    self.assertEqual(is_octagonal(10), 280)
AssertionError: 590489999999980 != 280

   - [#   7] AOR datasets.mbpp.programs.program_012: [0.00000 s] killed by test_is_octagonal_with_10_expect_280 (datasets.mbpp.tests.test_012.TestVersion)

Traceback (most recent call last):
  File "C:\Users\skaspers\OneDrive - Capgemini\Documents\Prompted Testsuite Analysis\.\datasets\mbpp\tests\test_012.py", line 9, in test_is_octagonal_with_10_expect_280
    self.assertEqual(is_octagonal(10), 280)
AssertionError: 320 != 280

   - [#   8] AOR datasets.mbpp.programs.program_012: [0.00000 s] killed by test_is_octagonal_with_10_expect_280 (datasets.mbpp.tests.test_012.TestVersion)

Traceback (most recent call last):
  File "C:\Users\skaspers\OneDrive - Capgemini\Documents\Prompted Testsuite Analysis\.\datasets\mbpp\tests\test_012.py", line 9, in test_is_octagonal_with_10_expect_280
    self.assertEqual(is_octagonal(10), 280)
AssertionError: 299.8 != 280

   - [#   9] AOR datasets.mbpp.programs.program_012: [0.00000 s] killed by test_is_octagonal_with_10_expect_280 (datasets.mbpp.tests.test_012.TestVersion)

Traceback (most recent call last):
  File "C:\Users\skaspers\OneDrive - Capgemini\Documents\Prompted Testsuite Analysis\.\datasets\mbpp\tests\test_012.py", line 9, in test_is_octagonal_with_10_expect_280
    self.assertEqual(is_octagonal(10), 280)
AssertionError: 300 != 280

   - [#  10] AOR datasets.mbpp.programs.program_012: [0.00000 s] killed by test_is_octagonal_with_10_expect_280 (datasets.mbpp.tests.test_012.TestVersion)

Traceback (most recent call last):
  File "C:\Users\skaspers\OneDrive - Capgemini\Documents\Prompted Testsuite Analysis\.\datasets\mbpp\tests\test_012.py", line 9, in test_is_octagonal_with_10_expect_280
    self.assertEqual(is_octagonal(10), 280)
AssertionError: -724 != 280

[*] Mutation score [0.04795 s]: 100.0%
   - all: 10
   - killed: 10 (100.0%)
   - survived: 0 (0.0%)
   - incompetent: 0 (0.0%)
   - timeout: 0 (0.0%)
HI SANDER, RUNNING MUTPY FROM: C:\Users\skaspers\OneDrive - Capgemini\Documents\Prompted Testsuite Analysis\.venv38\lib\site-packages\mutpy\commandline.py
