[*] Start mutation process:
   - targets: datasets.mbpp.programs.program_084
   - tests: datasets.mbpp.tests.test_084
[*] 3 tests passed:
   - datasets.mbpp.tests.test_084 [0.00094 s]
[*] Start mutants generation and execution:
   - [#   1] AOR datasets.mbpp.programs.program_084: [0.00102 s] killed by test_max_Abs_Diff_with__2_1_5_3__expect_4 (datasets.mbpp.tests.test_084.TestVersion)

Traceback (most recent call last):
  File "C:\Users\skaspers\OneDrive - Capgemini\Documents\Prompted Testsuite Analysis\.\datasets\mbpp\tests\test_084.py", line 6, in test_max_Abs_Diff_with__2_1_5_3__expect_4
    self.assertEqual(max_Abs_Diff((2,1,5,3)), 4)
AssertionError: 6 != 4

[*] Mutation score [0.04020 s]: 100.0%
   - all: 1
   - killed: 1 (100.0%)
   - survived: 0 (0.0%)
   - incompetent: 0 (0.0%)
   - timeout: 0 (0.0%)
HI SANDER, RUNNING MUTPY FROM: C:\Users\skaspers\OneDrive - Capgemini\Documents\Prompted Testsuite Analysis\.venv38\lib\site-packages\mutpy\commandline.py
