[*] Start mutation process:
   - targets: datasets.mbpp.programs.program_077
   - tests: datasets.mbpp.tests.test_077
[*] 3 tests passed:
   - datasets.mbpp.tests.test_077 [0.00000 s]
[*] Start mutants generation and execution:
   - [#   1] AOR datasets.mbpp.programs.program_077: [0.00101 s] killed by test_zero_count_with_0s_expect_0_18 (datasets.mbpp.tests.test_077.TestVersion)

Traceback (most recent call last):
  File "C:\Users\skaspers\OneDrive - Capgemini\Documents\Prompted Testsuite Analysis\.\datasets\mbpp\tests\test_077.py", line 6, in test_zero_count_with_0s_expect_0_18
    self.assertEqual(round(zero_count([0, 1, 2, -1, -5, 6, 0, -3, -2, 3, 4, 6, 8]), 2), 0.18)
AssertionError: 0 != 0.18

   - [#   2] AOR datasets.mbpp.programs.program_077: [0.00100 s] killed by test_zero_count_with_0s_expect_0_18 (datasets.mbpp.tests.test_077.TestVersion)

Traceback (most recent call last):
  File "C:\Users\skaspers\OneDrive - Capgemini\Documents\Prompted Testsuite Analysis\.\datasets\mbpp\tests\test_077.py", line 6, in test_zero_count_with_0s_expect_0_18
    self.assertEqual(round(zero_count([0, 1, 2, -1, -5, 6, 0, -3, -2, 3, 4, 6, 8]), 2), 0.18)
AssertionError: 22 != 0.18

   - [#   3] AOR datasets.mbpp.programs.program_077: [0.00100 s] killed by test_zero_count_with_0s_expect_0_18 (datasets.mbpp.tests.test_077.TestVersion)

Traceback (most recent call last):
  File "C:\Users\skaspers\OneDrive - Capgemini\Documents\Prompted Testsuite Analysis\.\datasets\mbpp\tests\test_077.py", line 6, in test_zero_count_with_0s_expect_0_18
    self.assertEqual(round(zero_count([0, 1, 2, -1, -5, 6, 0, -3, -2, 3, 4, 6, 8]), 2), 0.18)
AssertionError: 0.13 != 0.18

   - [#   4] ASR datasets.mbpp.programs.program_077: [0.00051 s] killed by test_zero_count_with_0s_expect_0_18 (datasets.mbpp.tests.test_077.TestVersion)

Traceback (most recent call last):
  File "C:\Users\skaspers\OneDrive - Capgemini\Documents\Prompted Testsuite Analysis\.\datasets\mbpp\tests\test_077.py", line 6, in test_zero_count_with_0s_expect_0_18
    self.assertEqual(round(zero_count([0, 1, 2, -1, -5, 6, 0, -3, -2, 3, 4, 6, 8]), 2), 0.18)
AssertionError: -0.13 != 0.18

   - [#   5] COI datasets.mbpp.programs.program_077: [0.00100 s] killed by test_zero_count_with_0s_expect_0_18 (datasets.mbpp.tests.test_077.TestVersion)

Traceback (most recent call last):
  File "C:\Users\skaspers\OneDrive - Capgemini\Documents\Prompted Testsuite Analysis\.\datasets\mbpp\tests\test_077.py", line 6, in test_zero_count_with_0s_expect_0_18
    self.assertEqual(round(zero_count([0, 1, 2, -1, -5, 6, 0, -3, -2, 3, 4, 6, 8]), 2), 0.18)
AssertionError: 5.5 != 0.18

   - [#   6] ROR datasets.mbpp.programs.program_077: [0.00000 s] killed by test_zero_count_with_0s_expect_0_18 (datasets.mbpp.tests.test_077.TestVersion)

Traceback (most recent call last):
  File "C:\Users\skaspers\OneDrive - Capgemini\Documents\Prompted Testsuite Analysis\.\datasets\mbpp\tests\test_077.py", line 6, in test_zero_count_with_0s_expect_0_18
    self.assertEqual(round(zero_count([0, 1, 2, -1, -5, 6, 0, -3, -2, 3, 4, 6, 8]), 2), 0.18)
AssertionError: 5.5 != 0.18

[*] Mutation score [0.05526 s]: 100.0%
   - all: 6
   - killed: 6 (100.0%)
   - survived: 0 (0.0%)
   - incompetent: 0 (0.0%)
   - timeout: 0 (0.0%)
HI SANDER, RUNNING MUTPY FROM: C:\Users\skaspers\OneDrive - Capgemini\Documents\Prompted Testsuite Analysis\.venv38\lib\site-packages\mutpy\commandline.py
