[*] Start mutation process:
   - targets: datasets.mbpp.programs.program_088
   - tests: datasets.mbpp.tests.test_088
[*] 3 tests passed:
   - datasets.mbpp.tests.test_088 [0.00000 s]
[*] Start mutants generation and execution:
   - [#   1] AOR datasets.mbpp.programs.program_088: [0.00000 s] killed by test_area_polygon_with_10_15_expect_1731_1969896610804 (datasets.mbpp.tests.test_088.TestVersion)

Traceback (most recent call last):
  File "C:\Users\skaspers\OneDrive - Capgemini\Documents\Prompted Testsuite Analysis\.\datasets\mbpp\tests\test_088.py", line 9, in test_area_polygon_with_10_15_expect_1731_1969896610804
    self.assertEqual(area_polygon(10,15), 1731.1969896610804)
AssertionError: 0.03419648374639171 != 1731.1969896610804

   - [#   2] AOR datasets.mbpp.programs.program_088: [0.00000 s] killed by test_area_polygon_with_10_15_expect_1731_1969896610804 (datasets.mbpp.tests.test_088.TestVersion)

Traceback (most recent call last):
  File "C:\Users\skaspers\OneDrive - Capgemini\Documents\Prompted Testsuite Analysis\.\datasets\mbpp\tests\test_088.py", line 9, in test_area_polygon_with_10_15_expect_1731_1969896610804
    self.assertEqual(area_polygon(10,15), 1731.1969896610804)
AssertionError: 0.0 != 1731.1969896610804

   - [#   3] AOR datasets.mbpp.programs.program_088: [0.00166 s] killed by test_area_polygon_with_10_15_expect_1731_1969896610804 (datasets.mbpp.tests.test_088.TestVersion)

Traceback (most recent call last):
  File "C:\Users\skaspers\OneDrive - Capgemini\Documents\Prompted Testsuite Analysis\.\datasets\mbpp\tests\test_088.py", line 9, in test_area_polygon_with_10_15_expect_1731_1969896610804
    self.assertEqual(area_polygon(10,15), 1731.1969896610804)
AssertionError: 7.694208842938133e+224 != 1731.1969896610804

   - [#   4] AOR datasets.mbpp.programs.program_088: [0.00100 s] killed by test_area_polygon_with_10_15_expect_1731_1969896610804 (datasets.mbpp.tests.test_088.TestVersion)

Traceback (most recent call last):
  File "C:\Users\skaspers\OneDrive - Capgemini\Documents\Prompted Testsuite Analysis\.\datasets\mbpp\tests\test_088.py", line 9, in test_area_polygon_with_10_15_expect_1731_1969896610804
    self.assertEqual(area_polygon(10,15), 1731.1969896610804)
AssertionError: 230.82626528814404 != 1731.1969896610804

   - [#   5] AOR datasets.mbpp.programs.program_088: [0.00095 s] killed by test_area_polygon_with_10_15_expect_1731_1969896610804 (datasets.mbpp.tests.test_088.TestVersion)

Traceback (most recent call last):
  File "C:\Users\skaspers\OneDrive - Capgemini\Documents\Prompted Testsuite Analysis\.\datasets\mbpp\tests\test_088.py", line 9, in test_area_polygon_with_10_15_expect_1731_1969896610804
    self.assertEqual(area_polygon(10,15), 1731.1969896610804)
AssertionError: 1731.0 != 1731.1969896610804

   - [#   6] AOR datasets.mbpp.programs.program_088: [0.00000 s] killed by test_area_polygon_with_10_15_expect_1731_1969896610804 (datasets.mbpp.tests.test_088.TestVersion)

Traceback (most recent call last):
  File "C:\Users\skaspers\OneDrive - Capgemini\Documents\Prompted Testsuite Analysis\.\datasets\mbpp\tests\test_088.py", line 9, in test_area_polygon_with_10_15_expect_1731_1969896610804
    self.assertEqual(area_polygon(10,15), 1731.1969896610804)
AssertionError: 2924.2772660961564 != 1731.1969896610804

   - [#   7] AOR datasets.mbpp.programs.program_088: [0.00000 s] killed by test_area_polygon_with_10_15_expect_1731_1969896610804 (datasets.mbpp.tests.test_088.TestVersion)

Traceback (most recent call last):
  File "C:\Users\skaspers\OneDrive - Capgemini\Documents\Prompted Testsuite Analysis\.\datasets\mbpp\tests\test_088.py", line 9, in test_area_polygon_with_10_15_expect_1731_1969896610804
    self.assertEqual(area_polygon(10,15), 1731.1969896610804)
AssertionError: 182.76732913100977 != 1731.1969896610804

   - [#   8] AOR datasets.mbpp.programs.program_088: [0.00097 s] killed by test_area_polygon_with_10_15_expect_1731_1969896610804 (datasets.mbpp.tests.test_088.TestVersion)

Traceback (most recent call last):
  File "C:\Users\skaspers\OneDrive - Capgemini\Documents\Prompted Testsuite Analysis\.\datasets\mbpp\tests\test_088.py", line 9, in test_area_polygon_with_10_15_expect_1731_1969896610804
    self.assertEqual(area_polygon(10,15), 1731.1969896610804)
AssertionError: 187.5 != 1731.1969896610804

   - [#   9] AOR datasets.mbpp.programs.program_088: [0.00106 s] killed by test_area_polygon_with_10_15_expect_1731_1969896610804 (datasets.mbpp.tests.test_088.TestVersion)

Traceback (most recent call last):
  File "C:\Users\skaspers\OneDrive - Capgemini\Documents\Prompted Testsuite Analysis\.\datasets\mbpp\tests\test_088.py", line 9, in test_area_polygon_with_10_15_expect_1731_1969896610804
    self.assertEqual(area_polygon(10,15), 1731.1969896610804)
AssertionError: 1434.040340900998 != 1731.1969896610804

   - [#  10] AOR datasets.mbpp.programs.program_088: [0.00100 s] killed by test_area_polygon_with_10_15_expect_1731_1969896610804 (datasets.mbpp.tests.test_088.TestVersion)

Traceback (most recent call last):
  File "C:\Users\skaspers\OneDrive - Capgemini\Documents\Prompted Testsuite Analysis\.\datasets\mbpp\tests\test_088.py", line 9, in test_area_polygon_with_10_15_expect_1731_1969896610804
    self.assertEqual(area_polygon(10,15), 1731.1969896610804)
  File "datasets.mbpp.programs.program_088", line 3, in area_polygon
ZeroDivisionError: float division by zero

   - [#  11] AOR datasets.mbpp.programs.program_088: [0.00000 s] killed by test_area_polygon_with_10_15_expect_1731_1969896610804 (datasets.mbpp.tests.test_088.TestVersion)

Traceback (most recent call last):
  File "C:\Users\skaspers\OneDrive - Capgemini\Documents\Prompted Testsuite Analysis\.\datasets\mbpp\tests\test_088.py", line 9, in test_area_polygon_with_10_15_expect_1731_1969896610804
    self.assertEqual(area_polygon(10,15), 1731.1969896610804)
AssertionError: -4.593161068086198e+17 != 1731.1969896610804

[*] Mutation score [0.05994 s]: 100.0%
   - all: 11
   - killed: 11 (100.0%)
   - survived: 0 (0.0%)
   - incompetent: 0 (0.0%)
   - timeout: 0 (0.0%)
HI SANDER, RUNNING MUTPY FROM: C:\Users\skaspers\OneDrive - Capgemini\Documents\Prompted Testsuite Analysis\.venv38\lib\site-packages\mutpy\commandline.py
