[*] Start mutation process:
   - targets: datasets.mbpp.programs.program_096
   - tests: datasets.mbpp.tests.test_096
[*] 3 tests passed:
   - datasets.mbpp.tests.test_096 [0.00000 s]
[*] Start mutants generation and execution:
   - [#   1] AOR datasets.mbpp.programs.program_096: [0.00000 s] killed by test_count_occurance_with__letstdlenstdporstd__expect_3 (datasets.mbpp.tests.test_096.TestVersion)

Traceback (most recent call last):
  File "C:\Users\skaspers\OneDrive - Capgemini\Documents\Prompted Testsuite Analysis\.\datasets\mbpp\tests\test_096.py", line 6, in test_count_occurance_with__letstdlenstdporstd__expect_3
    self.assertEqual(count_occurance("letstdlenstdporstd"), 3)
  File "datasets.mbpp.programs.program_096", line 4, in count_occurance
IndexError: string index out of range

   - [#   2] AOR datasets.mbpp.programs.program_096: [0.00000 s] killed by test_count_occurance_with__letstdlenstdporstd__expect_3 (datasets.mbpp.tests.test_096.TestVersion)

Traceback (most recent call last):
  File "C:\Users\skaspers\OneDrive - Capgemini\Documents\Prompted Testsuite Analysis\.\datasets\mbpp\tests\test_096.py", line 6, in test_count_occurance_with__letstdlenstdporstd__expect_3
    self.assertEqual(count_occurance("letstdlenstdporstd"), 3)
AssertionError: 1 != 3

   - [#   3] AOR datasets.mbpp.programs.program_096: [0.00000 s] killed by test_count_occurance_with__letstdlenstdporstd__expect_3 (datasets.mbpp.tests.test_096.TestVersion)

Traceback (most recent call last):
  File "C:\Users\skaspers\OneDrive - Capgemini\Documents\Prompted Testsuite Analysis\.\datasets\mbpp\tests\test_096.py", line 6, in test_count_occurance_with__letstdlenstdporstd__expect_3
    self.assertEqual(count_occurance("letstdlenstdporstd"), 3)
AssertionError: 0 != 3

   - [#   4] AOR datasets.mbpp.programs.program_096: [0.00251 s] killed by test_count_occurance_with__letstdlenstdporstd__expect_3 (datasets.mbpp.tests.test_096.TestVersion)

Traceback (most recent call last):
  File "C:\Users\skaspers\OneDrive - Capgemini\Documents\Prompted Testsuite Analysis\.\datasets\mbpp\tests\test_096.py", line 6, in test_count_occurance_with__letstdlenstdporstd__expect_3
    self.assertEqual(count_occurance("letstdlenstdporstd"), 3)
AssertionError: -3 != 3

   - [#   5] COI datasets.mbpp.programs.program_096: [0.00000 s] killed by test_count_occurance_with__letstdlenstdporstd__expect_3 (datasets.mbpp.tests.test_096.TestVersion)

Traceback (most recent call last):
  File "C:\Users\skaspers\OneDrive - Capgemini\Documents\Prompted Testsuite Analysis\.\datasets\mbpp\tests\test_096.py", line 6, in test_count_occurance_with__letstdlenstdporstd__expect_3
    self.assertEqual(count_occurance("letstdlenstdporstd"), 3)
AssertionError: 13 != 3

   - [#   6] LCR datasets.mbpp.programs.program_096: [0.00000 s] killed by test_count_occurance_with__letstdlenstdporstd__expect_3 (datasets.mbpp.tests.test_096.TestVersion)

Traceback (most recent call last):
  File "C:\Users\skaspers\OneDrive - Capgemini\Documents\Prompted Testsuite Analysis\.\datasets\mbpp\tests\test_096.py", line 6, in test_count_occurance_with__letstdlenstdporstd__expect_3
    self.assertEqual(count_occurance("letstdlenstdporstd"), 3)
AssertionError: 4 != 3

   - [#   7] ROR datasets.mbpp.programs.program_096: [0.00000 s] killed by test_count_occurance_with__letstdlenstdporstd__expect_3 (datasets.mbpp.tests.test_096.TestVersion)

Traceback (most recent call last):
  File "C:\Users\skaspers\OneDrive - Capgemini\Documents\Prompted Testsuite Analysis\.\datasets\mbpp\tests\test_096.py", line 6, in test_count_occurance_with__letstdlenstdporstd__expect_3
    self.assertEqual(count_occurance("letstdlenstdporstd"), 3)
AssertionError: 0 != 3

   - [#   8] ROR datasets.mbpp.programs.program_096: [0.00000 s] killed by test_count_occurance_with__letstdlenstdporstd__expect_3 (datasets.mbpp.tests.test_096.TestVersion)

Traceback (most recent call last):
  File "C:\Users\skaspers\OneDrive - Capgemini\Documents\Prompted Testsuite Analysis\.\datasets\mbpp\tests\test_096.py", line 6, in test_count_occurance_with__letstdlenstdporstd__expect_3
    self.assertEqual(count_occurance("letstdlenstdporstd"), 3)
AssertionError: 0 != 3

   - [#   9] ROR datasets.mbpp.programs.program_096: [0.00000 s] killed by test_count_occurance_with__letstdlenstdporstd__expect_3 (datasets.mbpp.tests.test_096.TestVersion)

Traceback (most recent call last):
  File "C:\Users\skaspers\OneDrive - Capgemini\Documents\Prompted Testsuite Analysis\.\datasets\mbpp\tests\test_096.py", line 6, in test_count_occurance_with__letstdlenstdporstd__expect_3
    self.assertEqual(count_occurance("letstdlenstdporstd"), 3)
AssertionError: 0 != 3

[*] Mutation score [0.07856 s]: 100.0%
   - all: 9
   - killed: 9 (100.0%)
   - survived: 0 (0.0%)
   - incompetent: 0 (0.0%)
   - timeout: 0 (0.0%)
HI SANDER, RUNNING MUTPY FROM: C:\Users\skaspers\OneDrive - Capgemini\Documents\Prompted Testsuite Analysis\.venv38\lib\site-packages\mutpy\commandline.py
