<!DOCTYPE html>
<html>
<head>
    <title>MutPy mutation report - mutation #6</title>
    <meta name="viewport" content="width=device-width, initial-scale=1.0">
    <link rel="stylesheet" href="https://netdna.bootstrapcdn.com/bootstrap/3.0.3/css/bootstrap.min.css">
    
<link href="http://alexgorbatchev.com/pub/sh/current/styles/shCore.css" rel="stylesheet" type="text/css" />
<link href="http://alexgorbatchev.com/pub/sh/current/styles/shThemeDefault.css" rel="stylesheet" type="text/css" />

    <script src="https://code.jquery.com/jquery.js"></script>
    <script src="https://netdna.bootstrapcdn.com/bootstrap/3.0.3/js/bootstrap.min.js"></script>
    <!--[if lt IE 9]>
    <script src="https://oss.maxcdn.com/libs/html5shiv/3.7.0/html5shiv.js"></script>
    <script src="https://oss.maxcdn.com/libs/respond.js/1.3.0/respond.min.js"></script>
    <![endif]-->
    
<script src="http://alexgorbatchev.com/pub/sh/current/scripts/shCore.js" type="text/javascript"></script>
<script src="http://alexgorbatchev.com/pub/sh/current/scripts/shBrushPython.js" type="text/javascript"></script>
<script type="text/javascript">
    SyntaxHighlighter.all();
    window.setTimeout(function () {
        
        $('.line.number5').attr('title', 'ROR');
        
    }, 0);
</script>

</head>
<body>
    <div class="container">
        
<div class="page-header">
    <h1>Mutation #6</h1>
</div>
<h3>Details</h3>
<ul>
    <li>module - <code><module 'datasets.GPT_4.Chain_of_thought1.programs.program_091' from 'C:\\Users\\skaspers\\OneDrive - Capgemini\\Documents\\Prompted Testsuite Analysis\\.\\datasets\\GPT_4\\Chain_of_thought1\\programs\\program_091.py'></code></li>
    <li><span class="label label-success">killed</span> by <code>test_all_even (datasets.GPT_4.Chain_of_thought1.tests.test_091.TestVersion)</code></li>
    
    
    <li>tests run - 1</li>
    
</ul>

<h3>Exception traceback</h3>
<pre>Traceback (most recent call last):
  File "C:\Users\skaspers\OneDrive - Capgemini\Documents\Prompted Testsuite Analysis\.\datasets\GPT_4\Chain_of_thought1\tests\test_091.py", line 5, in test_all_even
    def test_all_even(self): self.assertEqual(find_even_pair([2, 4, 6]), 3)
AssertionError: 0 != 3
</pre>

<h3>Mutations</h3>
<ul>
    
    <li>ROR - line 5</li>
    
</ul>
<h3>Mutant</h3>
<pre class="brush: python; first-line: 1; highlight: [5]; toolbar: false;">def find_even_pair(A):
    count = 0
    for i in range(0, len(A)):
        for j in range(i + 1, len(A)):
            if (A[i] ^ A[j]) % 2 != 0:
                count += 1
    
    return count</pre>

    </div>
</body>
</html>