<!DOCTYPE html>
<html>
<head>
    <title>MutPy mutation report - mutation #1</title>
    <meta name="viewport" content="width=device-width, initial-scale=1.0">
    <link rel="stylesheet" href="https://netdna.bootstrapcdn.com/bootstrap/3.0.3/css/bootstrap.min.css">
    
<link href="http://alexgorbatchev.com/pub/sh/current/styles/shCore.css" rel="stylesheet" type="text/css" />
<link href="http://alexgorbatchev.com/pub/sh/current/styles/shThemeDefault.css" rel="stylesheet" type="text/css" />

    <script src="https://code.jquery.com/jquery.js"></script>
    <script src="https://netdna.bootstrapcdn.com/bootstrap/3.0.3/js/bootstrap.min.js"></script>
    <!--[if lt IE 9]>
    <script src="https://oss.maxcdn.com/libs/html5shiv/3.7.0/html5shiv.js"></script>
    <script src="https://oss.maxcdn.com/libs/respond.js/1.3.0/respond.min.js"></script>
    <![endif]-->
    
<script src="http://alexgorbatchev.com/pub/sh/current/scripts/shCore.js" type="text/javascript"></script>
<script src="http://alexgorbatchev.com/pub/sh/current/scripts/shBrushPython.js" type="text/javascript"></script>
<script type="text/javascript">
    SyntaxHighlighter.all();
    window.setTimeout(function () {
        
        $('.line.number5').attr('title', 'LOR');
        
    }, 0);
</script>

</head>
<body>
    <div class="container">
        
<div class="page-header">
    <h1>Mutation #1</h1>
</div>
<h3>Details</h3>
<ul>
    <li>module - <code><module 'datasets.GPT_4.Few_shot1.programs.program_063' from 'C:\\Users\\skaspers\\OneDrive - Capgemini\\Documents\\Prompted Testsuite Analysis\\.\\datasets\\GPT_4\\Few_shot1\\programs\\program_063.py'></code></li>
    <li><span class="label label-success">killed</span> by <code>test_search_large_values (datasets.GPT_4.Few_shot1.tests.test_063.TestVersion)</code></li>
    
    <li>duration - 0.001 s</li>
    
    
    <li>tests run - 3</li>
    
</ul>

<h3>Exception traceback</h3>
<pre>Traceback (most recent call last):
  File "C:\Users\skaspers\OneDrive - Capgemini\Documents\Prompted Testsuite Analysis\.\datasets\GPT_4\Few_shot1\tests\test_063.py", line 15, in test_search_large_values
    def test_search_large_values(self): self.assertEqual(search([1024, 1024, 2048]), 2048)
AssertionError: 0 != 2048
</pre>

<h3>Mutations</h3>
<ul>
    
    <li>LOR - line 5</li>
    
</ul>
<h3>Mutant</h3>
<pre class="brush: python; first-line: 1; highlight: [5]; toolbar: false;">def search(arr):
    n = len(arr)
    XOR = 0
    for i in range(n):
        XOR = XOR & arr[i]
    return XOR</pre>

    </div>
</body>
</html>