[*] Start mutation process:
   - targets: datasets.GPT_4.Few_shot.programs.program_041
   - tests: datasets.GPT_4.Few_shot.tests.test_041
Passed: RecursionError for negative power.
[*] 8 tests passed:
   - datasets.GPT_4.Few_shot.tests.test_041 [0.00189 s]
[*] Start mutants generation and execution:
   - [#   1] AOR datasets.GPT_4.Few_shot.programs.program_041: [0.00099 s] killed by test_case_1 (datasets.GPT_4.Few_shot.tests.test_041.TestVersion)

Traceback (most recent call last):
  File "C:\Users\skaspers\OneDrive - Capgemini\Documents\Prompted Testsuite Analysis\.\datasets\GPT_4\Few_shot\tests\test_041.py", line 6, in test_case_1
    self.assertEqual(power(2, 3), 8) # 2^3)
AssertionError: 2.0 != 8

   - [#   2] AOR datasets.GPT_4.Few_shot.programs.program_041: [0.00210 s] killed by test_case_1 (datasets.GPT_4.Few_shot.tests.test_041.TestVersion)

Traceback (most recent call last):
  File "C:\Users\skaspers\OneDrive - Capgemini\Documents\Prompted Testsuite Analysis\.\datasets\GPT_4\Few_shot\tests\test_041.py", line 6, in test_case_1
    self.assertEqual(power(2, 3), 8) # 2^3)
AssertionError: 2 != 8

   - [#   3] AOR datasets.GPT_4.Few_shot.programs.program_041: [0.00100 s] killed by test_case_1 (datasets.GPT_4.Few_shot.tests.test_041.TestVersion)

Traceback (most recent call last):
  File "C:\Users\skaspers\OneDrive - Capgemini\Documents\Prompted Testsuite Analysis\.\datasets\GPT_4\Few_shot\tests\test_041.py", line 6, in test_case_1
    self.assertEqual(power(2, 3), 8) # 2^3)
AssertionError: 16 != 8

   - [#   4] AOR datasets.GPT_4.Few_shot.programs.program_041: [0.22316 s] killed by test_case_1 (datasets.GPT_4.Few_shot.tests.test_041.TestVersion)

Traceback (most recent call last):
  File "C:\Users\skaspers\OneDrive - Capgemini\Documents\Prompted Testsuite Analysis\.\datasets\GPT_4\Few_shot\tests\test_041.py", line 6, in test_case_1
    self.assertEqual(power(2, 3), 8) # 2^3)
  File "datasets.GPT_4.Few_shot.programs.program_041", line 9, in power
  File "datasets.GPT_4.Few_shot.programs.program_041", line 9, in power
  File "datasets.GPT_4.Few_shot.programs.program_041", line 9, in power
  [Previous line repeated 983 more times]
  File "datasets.GPT_4.Few_shot.programs.program_041", line 2, in power
RecursionError: maximum recursion depth exceeded in comparison

   - [#   5] COI datasets.GPT_4.Few_shot.programs.program_041: [0.00000 s] killed by test_case_1 (datasets.GPT_4.Few_shot.tests.test_041.TestVersion)

Traceback (most recent call last):
  File "C:\Users\skaspers\OneDrive - Capgemini\Documents\Prompted Testsuite Analysis\.\datasets\GPT_4\Few_shot\tests\test_041.py", line 6, in test_case_1
    self.assertEqual(power(2, 3), 8) # 2^3)
AssertionError: 1 != 8

   - [#   6] COI datasets.GPT_4.Few_shot.programs.program_041: [0.00101 s] killed by test_case_1 (datasets.GPT_4.Few_shot.tests.test_041.TestVersion)

Traceback (most recent call last):
  File "C:\Users\skaspers\OneDrive - Capgemini\Documents\Prompted Testsuite Analysis\.\datasets\GPT_4\Few_shot\tests\test_041.py", line 6, in test_case_1
    self.assertEqual(power(2, 3), 8) # 2^3)
AssertionError: 0 != 8

   - [#   7] COI datasets.GPT_4.Few_shot.programs.program_041: [0.00000 s] killed by test_case_1 (datasets.GPT_4.Few_shot.tests.test_041.TestVersion)

Traceback (most recent call last):
  File "C:\Users\skaspers\OneDrive - Capgemini\Documents\Prompted Testsuite Analysis\.\datasets\GPT_4\Few_shot\tests\test_041.py", line 6, in test_case_1
    self.assertEqual(power(2, 3), 8) # 2^3)
AssertionError: 2 != 8

   - [#   8] ROR datasets.GPT_4.Few_shot.programs.program_041: [0.00000 s] killed by test_case_1 (datasets.GPT_4.Few_shot.tests.test_041.TestVersion)

Traceback (most recent call last):
  File "C:\Users\skaspers\OneDrive - Capgemini\Documents\Prompted Testsuite Analysis\.\datasets\GPT_4\Few_shot\tests\test_041.py", line 6, in test_case_1
    self.assertEqual(power(2, 3), 8) # 2^3)
AssertionError: 1 != 8

   - [#   9] ROR datasets.GPT_4.Few_shot.programs.program_041: [0.00099 s] killed by test_case_1 (datasets.GPT_4.Few_shot.tests.test_041.TestVersion)

Traceback (most recent call last):
  File "C:\Users\skaspers\OneDrive - Capgemini\Documents\Prompted Testsuite Analysis\.\datasets\GPT_4\Few_shot\tests\test_041.py", line 6, in test_case_1
    self.assertEqual(power(2, 3), 8) # 2^3)
AssertionError: 0 != 8

   - [#  10] ROR datasets.GPT_4.Few_shot.programs.program_041: [0.00000 s] killed by test_case_1 (datasets.GPT_4.Few_shot.tests.test_041.TestVersion)

Traceback (most recent call last):
  File "C:\Users\skaspers\OneDrive - Capgemini\Documents\Prompted Testsuite Analysis\.\datasets\GPT_4\Few_shot\tests\test_041.py", line 6, in test_case_1
    self.assertEqual(power(2, 3), 8) # 2^3)
AssertionError: 2 != 8

[*] Mutation score [0.28297 s]: 100.0%
   - all: 10
   - killed: 10 (100.0%)
   - survived: 0 (0.0%)
   - incompetent: 0 (0.0%)
   - timeout: 0 (0.0%)
HI SANDER, RUNNING MUTPY FROM: C:\Users\skaspers\OneDrive - Capgemini\Documents\Prompted Testsuite Analysis\.venv38\lib\site-packages\mutpy\commandline.py
