[*] Start mutation process:
   - targets: datasets.GPT_4.Few_shot.programs.program_023
   - tests: datasets.GPT_4.Few_shot.tests.test_023
[*] 8 tests passed:
   - datasets.GPT_4.Few_shot.tests.test_023 [0.00000 s]
[*] Start mutants generation and execution:
   - [#   1] AOR datasets.GPT_4.Few_shot.programs.program_023: [0.00000 s] survived
   - [#   2] AOR datasets.GPT_4.Few_shot.programs.program_023: [0.00000 s] killed by test_case_1 (datasets.GPT_4.Few_shot.tests.test_023.TestVersion)

Traceback (most recent call last):
  File "C:\Users\skaspers\OneDrive - Capgemini\Documents\Prompted Testsuite Analysis\.\datasets\GPT_4\Few_shot\tests\test_023.py", line 6, in test_case_1
    self.assertEqual(comb_sort([5, 3, 2, 8, 7]), [2, 3, 5, 7, 8]) # Unsorted list)
  File "datasets.GPT_4.Few_shot.programs.program_023", line 7, in comb_sort
OverflowError: cannot convert float infinity to integer

   - [#   3] AOR datasets.GPT_4.Few_shot.programs.program_023: [0.00000 s] killed by test_case_1 (datasets.GPT_4.Few_shot.tests.test_023.TestVersion)

Traceback (most recent call last):
  File "C:\Users\skaspers\OneDrive - Capgemini\Documents\Prompted Testsuite Analysis\.\datasets\GPT_4\Few_shot\tests\test_023.py", line 6, in test_case_1
    self.assertEqual(comb_sort([5, 3, 2, 8, 7]), [2, 3, 5, 7, 8]) # Unsorted list)
  File "datasets.GPT_4.Few_shot.programs.program_023", line 11, in comb_sort
IndexError: list index out of range

   - [#   4] AOR datasets.GPT_4.Few_shot.programs.program_023: [0.00000 s] killed by test_case_1 (datasets.GPT_4.Few_shot.tests.test_023.TestVersion)

Traceback (most recent call last):
  File "C:\Users\skaspers\OneDrive - Capgemini\Documents\Prompted Testsuite Analysis\.\datasets\GPT_4\Few_shot\tests\test_023.py", line 6, in test_case_1
    self.assertEqual(comb_sort([5, 3, 2, 8, 7]), [2, 3, 5, 7, 8]) # Unsorted list)
AssertionError: Lists differ: [2, 7, 3, 8, 5] != [2, 3, 5, 7, 8]

First differing element 1:
7
3

- [2, 7, 3, 8, 5]
+ [2, 3, 5, 7, 8]

   - [#   5] AOR datasets.GPT_4.Few_shot.programs.program_023: [0.00000 s] killed by test_case_1 (datasets.GPT_4.Few_shot.tests.test_023.TestVersion)

Traceback (most recent call last):
  File "C:\Users\skaspers\OneDrive - Capgemini\Documents\Prompted Testsuite Analysis\.\datasets\GPT_4\Few_shot\tests\test_023.py", line 6, in test_case_1
    self.assertEqual(comb_sort([5, 3, 2, 8, 7]), [2, 3, 5, 7, 8]) # Unsorted list)
AssertionError: Lists differ: [3, 2, 2, 5, 7] != [2, 3, 5, 7, 8]

First differing element 0:
3
2

- [3, 2, 2, 5, 7]
+ [2, 3, 5, 7, 8]

   - [#   6] AOR datasets.GPT_4.Few_shot.programs.program_023: [0.00000 s] killed by test_case_1 (datasets.GPT_4.Few_shot.tests.test_023.TestVersion)

Traceback (most recent call last):
  File "C:\Users\skaspers\OneDrive - Capgemini\Documents\Prompted Testsuite Analysis\.\datasets\GPT_4\Few_shot\tests\test_023.py", line 6, in test_case_1
    self.assertEqual(comb_sort([5, 3, 2, 8, 7]), [2, 3, 5, 7, 8]) # Unsorted list)
AssertionError: Lists differ: [7, 7, 8, 8, 8] != [2, 3, 5, 7, 8]

First differing element 0:
7
2

- [7, 7, 8, 8, 8]
+ [2, 3, 5, 7, 8]

   - [#   7] ASR datasets.GPT_4.Few_shot.programs.program_023: [0.00000 s] killed by test_case_1 (datasets.GPT_4.Few_shot.tests.test_023.TestVersion)

Traceback (most recent call last):
  File "C:\Users\skaspers\OneDrive - Capgemini\Documents\Prompted Testsuite Analysis\.\datasets\GPT_4\Few_shot\tests\test_023.py", line 6, in test_case_1
    self.assertEqual(comb_sort([5, 3, 2, 8, 7]), [2, 3, 5, 7, 8]) # Unsorted list)
  File "datasets.GPT_4.Few_shot.programs.program_023", line 11, in comb_sort
IndexError: list index out of range

   - [#   8] COI datasets.GPT_4.Few_shot.programs.program_023: [0.00000 s] killed by test_case_1 (datasets.GPT_4.Few_shot.tests.test_023.TestVersion)

Traceback (most recent call last):
  File "C:\Users\skaspers\OneDrive - Capgemini\Documents\Prompted Testsuite Analysis\.\datasets\GPT_4\Few_shot\tests\test_023.py", line 6, in test_case_1
    self.assertEqual(comb_sort([5, 3, 2, 8, 7]), [2, 3, 5, 7, 8]) # Unsorted list)
AssertionError: Lists differ: [5, 3, 2, 8, 7] != [2, 3, 5, 7, 8]

First differing element 0:
5
2

- [5, 3, 2, 8, 7]
+ [2, 3, 5, 7, 8]

   - [#   9] COI datasets.GPT_4.Few_shot.programs.program_023: [0.00000 s] killed by test_case_1 (datasets.GPT_4.Few_shot.tests.test_023.TestVersion)

Traceback (most recent call last):
  File "C:\Users\skaspers\OneDrive - Capgemini\Documents\Prompted Testsuite Analysis\.\datasets\GPT_4\Few_shot\tests\test_023.py", line 6, in test_case_1
    self.assertEqual(comb_sort([5, 3, 2, 8, 7]), [2, 3, 5, 7, 8]) # Unsorted list)
AssertionError: Lists differ: [5, 3, 2, 8, 7] != [2, 3, 5, 7, 8]

First differing element 0:
5
2

- [5, 3, 2, 8, 7]
+ [2, 3, 5, 7, 8]

   - [#  10] COI datasets.GPT_4.Few_shot.programs.program_023: [5.04323 s] timeout
   - [#  11] LCR datasets.GPT_4.Few_shot.programs.program_023: [0.00000 s] killed by test_case_1 (datasets.GPT_4.Few_shot.tests.test_023.TestVersion)

Traceback (most recent call last):
  File "C:\Users\skaspers\OneDrive - Capgemini\Documents\Prompted Testsuite Analysis\.\datasets\GPT_4\Few_shot\tests\test_023.py", line 6, in test_case_1
    self.assertEqual(comb_sort([5, 3, 2, 8, 7]), [2, 3, 5, 7, 8]) # Unsorted list)
AssertionError: Lists differ: [5, 3, 2, 8, 7] != [2, 3, 5, 7, 8]

First differing element 0:
5
2

- [5, 3, 2, 8, 7]
+ [2, 3, 5, 7, 8]

   - [#  12] ROR datasets.GPT_4.Few_shot.programs.program_023: [0.00000 s] killed by test_case_1 (datasets.GPT_4.Few_shot.tests.test_023.TestVersion)

Traceback (most recent call last):
  File "C:\Users\skaspers\OneDrive - Capgemini\Documents\Prompted Testsuite Analysis\.\datasets\GPT_4\Few_shot\tests\test_023.py", line 6, in test_case_1
    self.assertEqual(comb_sort([5, 3, 2, 8, 7]), [2, 3, 5, 7, 8]) # Unsorted list)
AssertionError: Lists differ: [5, 3, 2, 8, 7] != [2, 3, 5, 7, 8]

First differing element 0:
5
2

- [5, 3, 2, 8, 7]
+ [2, 3, 5, 7, 8]

   - [#  13] ROR datasets.GPT_4.Few_shot.programs.program_023: [0.00000 s] survived
   - [#  14] ROR datasets.GPT_4.Few_shot.programs.program_023: [0.00000 s] killed by test_case_1 (datasets.GPT_4.Few_shot.tests.test_023.TestVersion)

Traceback (most recent call last):
  File "C:\Users\skaspers\OneDrive - Capgemini\Documents\Prompted Testsuite Analysis\.\datasets\GPT_4\Few_shot\tests\test_023.py", line 6, in test_case_1
    self.assertEqual(comb_sort([5, 3, 2, 8, 7]), [2, 3, 5, 7, 8]) # Unsorted list)
AssertionError: Lists differ: [5, 3, 2, 8, 7] != [2, 3, 5, 7, 8]

First differing element 0:
5
2

- [5, 3, 2, 8, 7]
+ [2, 3, 5, 7, 8]

   - [#  15] ROR datasets.GPT_4.Few_shot.programs.program_023: [0.00000 s] killed by test_case_1 (datasets.GPT_4.Few_shot.tests.test_023.TestVersion)

Traceback (most recent call last):
  File "C:\Users\skaspers\OneDrive - Capgemini\Documents\Prompted Testsuite Analysis\.\datasets\GPT_4\Few_shot\tests\test_023.py", line 6, in test_case_1
    self.assertEqual(comb_sort([5, 3, 2, 8, 7]), [2, 3, 5, 7, 8]) # Unsorted list)
  File "datasets.GPT_4.Few_shot.programs.program_023", line 11, in comb_sort
IndexError: list index out of range

   - [#  16] ROR datasets.GPT_4.Few_shot.programs.program_023: [0.00000 s] killed by test_case_1 (datasets.GPT_4.Few_shot.tests.test_023.TestVersion)

Traceback (most recent call last):
  File "C:\Users\skaspers\OneDrive - Capgemini\Documents\Prompted Testsuite Analysis\.\datasets\GPT_4\Few_shot\tests\test_023.py", line 6, in test_case_1
    self.assertEqual(comb_sort([5, 3, 2, 8, 7]), [2, 3, 5, 7, 8]) # Unsorted list)
AssertionError: Lists differ: [8, 7, 5, 3, 2] != [2, 3, 5, 7, 8]

First differing element 0:
8
2

- [8, 7, 5, 3, 2]
+ [2, 3, 5, 7, 8]

   - [#  17] ROR datasets.GPT_4.Few_shot.programs.program_023: [5.04259 s] timeout
[*] Mutation score [10.22274 s]: 88.2%
   - all: 17
   - killed: 13 (76.5%)
   - survived: 2 (11.8%)
   - incompetent: 0 (0.0%)
   - timeout: 2 (11.8%)
HI SANDER, RUNNING MUTPY FROM: C:\Users\skaspers\OneDrive - Capgemini\Documents\Prompted Testsuite Analysis\.venv38\lib\site-packages\mutpy\commandline.py
