[*] Start mutation process:
   - targets: datasets.GPT_4.Few_shot.programs.program_095
   - tests: datasets.GPT_4.Few_shot.tests.test_095
[*] 8 tests passed:
   - datasets.GPT_4.Few_shot.tests.test_095 [0.00000 s]
[*] Start mutants generation and execution:
   - [#   1] AOR datasets.GPT_4.Few_shot.programs.program_095: [0.00000 s] killed by test_case_2 (datasets.GPT_4.Few_shot.tests.test_095.TestVersion)

Traceback (most recent call last):
  File "C:\Users\skaspers\OneDrive - Capgemini\Documents\Prompted Testsuite Analysis\.\datasets\GPT_4\Few_shot\tests\test_095.py", line 9, in test_case_2
    self.assertEqual(perimeter_pentagon(10), 50) # Larger side length)
AssertionError: 0.5 != 50

   - [#   2] AOR datasets.GPT_4.Few_shot.programs.program_095: [0.00000 s] killed by test_case_2 (datasets.GPT_4.Few_shot.tests.test_095.TestVersion)

Traceback (most recent call last):
  File "C:\Users\skaspers\OneDrive - Capgemini\Documents\Prompted Testsuite Analysis\.\datasets\GPT_4\Few_shot\tests\test_095.py", line 9, in test_case_2
    self.assertEqual(perimeter_pentagon(10), 50) # Larger side length)
AssertionError: 0 != 50

   - [#   3] AOR datasets.GPT_4.Few_shot.programs.program_095: [0.00000 s] killed by test_case_2 (datasets.GPT_4.Few_shot.tests.test_095.TestVersion)

Traceback (most recent call last):
  File "C:\Users\skaspers\OneDrive - Capgemini\Documents\Prompted Testsuite Analysis\.\datasets\GPT_4\Few_shot\tests\test_095.py", line 9, in test_case_2
    self.assertEqual(perimeter_pentagon(10), 50) # Larger side length)
AssertionError: 9765625 != 50

[*] Mutation score [0.01555 s]: 100.0%
   - all: 3
   - killed: 3 (100.0%)
   - survived: 0 (0.0%)
   - incompetent: 0 (0.0%)
   - timeout: 0 (0.0%)
HI SANDER, RUNNING MUTPY FROM: C:\Users\skaspers\OneDrive - Capgemini\Documents\Prompted Testsuite Analysis\.venv38\lib\site-packages\mutpy\commandline.py
