[*] Start mutation process:
   - targets: datasets.GPT_4.Few_shot.programs.program_011
   - tests: datasets.GPT_4.Few_shot.tests.test_011
[*] 8 tests passed:
   - datasets.GPT_4.Few_shot.tests.test_011 [0.00000 s]
[*] Start mutants generation and execution:
   - [#   1] LOR datasets.GPT_4.Few_shot.programs.program_011: [0.00000 s] killed by test_case_1 (datasets.GPT_4.Few_shot.tests.test_011.TestVersion)

Traceback (most recent call last):
  File "C:\Users\skaspers\OneDrive - Capgemini\Documents\Prompted Testsuite Analysis\.\datasets\GPT_4\Few_shot\tests\test_011.py", line 6, in test_case_1
    self.assertEqual(opposite_Signs(10, -10), True) # Positive and negative)
AssertionError: False != True

   - [#   2] ROR datasets.GPT_4.Few_shot.programs.program_011: [0.00000 s] killed by test_case_1 (datasets.GPT_4.Few_shot.tests.test_011.TestVersion)

Traceback (most recent call last):
  File "C:\Users\skaspers\OneDrive - Capgemini\Documents\Prompted Testsuite Analysis\.\datasets\GPT_4\Few_shot\tests\test_011.py", line 6, in test_case_1
    self.assertEqual(opposite_Signs(10, -10), True) # Positive and negative)
AssertionError: False != True

   - [#   3] ROR datasets.GPT_4.Few_shot.programs.program_011: [0.00000 s] killed by test_case_5 (datasets.GPT_4.Few_shot.tests.test_011.TestVersion)

Traceback (most recent call last):
  File "C:\Users\skaspers\OneDrive - Capgemini\Documents\Prompted Testsuite Analysis\.\datasets\GPT_4\Few_shot\tests\test_011.py", line 18, in test_case_5
    self.assertEqual(opposite_Signs(10, 10), False) # Both positive)
AssertionError: True != False

[*] Mutation score [0.02116 s]: 100.0%
   - all: 3
   - killed: 3 (100.0%)
   - survived: 0 (0.0%)
   - incompetent: 0 (0.0%)
   - timeout: 0 (0.0%)
HI SANDER, RUNNING MUTPY FROM: C:\Users\skaspers\OneDrive - Capgemini\Documents\Prompted Testsuite Analysis\.venv38\lib\site-packages\mutpy\commandline.py
