[*] Start mutation process:
   - targets: datasets.GPT_4.Few_shot.programs.program_071
   - tests: datasets.GPT_4.Few_shot.tests.test_071
[*] 8 tests passed:
   - datasets.GPT_4.Few_shot.tests.test_071 [0.00000 s]
[*] Start mutants generation and execution:
   - [#   1] AOD datasets.GPT_4.Few_shot.programs.program_071: [0.00000 s] killed by test_case_1 (datasets.GPT_4.Few_shot.tests.test_071.TestVersion)

Traceback (most recent call last):
  File "C:\Users\skaspers\OneDrive - Capgemini\Documents\Prompted Testsuite Analysis\.\datasets\GPT_4\Few_shot\tests\test_071.py", line 6, in test_case_1
    self.assertEqual(magic_square_test([[2, 7, 6], [9, 5, 1], [4, 3, 8]]), True) # 3x3 Magic Square)
AssertionError: False != True

   - [#   2] AOD datasets.GPT_4.Few_shot.programs.program_071: [0.00000 s] killed by test_case_1 (datasets.GPT_4.Few_shot.tests.test_071.TestVersion)

Traceback (most recent call last):
  File "C:\Users\skaspers\OneDrive - Capgemini\Documents\Prompted Testsuite Analysis\.\datasets\GPT_4\Few_shot\tests\test_071.py", line 6, in test_case_1
    self.assertEqual(magic_square_test([[2, 7, 6], [9, 5, 1], [4, 3, 8]]), True) # 3x3 Magic Square)
AssertionError: False != True

   - [#   3] AOR datasets.GPT_4.Few_shot.programs.program_071: [0.00000 s] killed by test_case_1 (datasets.GPT_4.Few_shot.tests.test_071.TestVersion)

Traceback (most recent call last):
  File "C:\Users\skaspers\OneDrive - Capgemini\Documents\Prompted Testsuite Analysis\.\datasets\GPT_4\Few_shot\tests\test_071.py", line 6, in test_case_1
    self.assertEqual(magic_square_test([[2, 7, 6], [9, 5, 1], [4, 3, 8]]), True) # 3x3 Magic Square)
  File "datasets.GPT_4.Few_shot.programs.program_071", line 13, in magic_square_test
IndexError: list index out of range

   - [#   4] AOR datasets.GPT_4.Few_shot.programs.program_071: [0.00000 s] killed by test_case_1 (datasets.GPT_4.Few_shot.tests.test_071.TestVersion)

Traceback (most recent call last):
  File "C:\Users\skaspers\OneDrive - Capgemini\Documents\Prompted Testsuite Analysis\.\datasets\GPT_4\Few_shot\tests\test_071.py", line 6, in test_case_1
    self.assertEqual(magic_square_test([[2, 7, 6], [9, 5, 1], [4, 3, 8]]), True) # 3x3 Magic Square)
AssertionError: False != True

   - [#   5] AOR datasets.GPT_4.Few_shot.programs.program_071: [0.00000 s] killed by test_case_1 (datasets.GPT_4.Few_shot.tests.test_071.TestVersion)

Traceback (most recent call last):
  File "C:\Users\skaspers\OneDrive - Capgemini\Documents\Prompted Testsuite Analysis\.\datasets\GPT_4\Few_shot\tests\test_071.py", line 6, in test_case_1
    self.assertEqual(magic_square_test([[2, 7, 6], [9, 5, 1], [4, 3, 8]]), True) # 3x3 Magic Square)
AssertionError: False != True

   - [#   6] ASR datasets.GPT_4.Few_shot.programs.program_071: [0.00000 s] killed by test_case_1 (datasets.GPT_4.Few_shot.tests.test_071.TestVersion)

Traceback (most recent call last):
  File "C:\Users\skaspers\OneDrive - Capgemini\Documents\Prompted Testsuite Analysis\.\datasets\GPT_4\Few_shot\tests\test_071.py", line 6, in test_case_1
    self.assertEqual(magic_square_test([[2, 7, 6], [9, 5, 1], [4, 3, 8]]), True) # 3x3 Magic Square)
AssertionError: False != True

   - [#   7] ASR datasets.GPT_4.Few_shot.programs.program_071: [0.00000 s] killed by test_case_1 (datasets.GPT_4.Few_shot.tests.test_071.TestVersion)

Traceback (most recent call last):
  File "C:\Users\skaspers\OneDrive - Capgemini\Documents\Prompted Testsuite Analysis\.\datasets\GPT_4\Few_shot\tests\test_071.py", line 6, in test_case_1
    self.assertEqual(magic_square_test([[2, 7, 6], [9, 5, 1], [4, 3, 8]]), True) # 3x3 Magic Square)
AssertionError: False != True

   - [#   8] COI datasets.GPT_4.Few_shot.programs.program_071: [0.00000 s] killed by test_case_1 (datasets.GPT_4.Few_shot.tests.test_071.TestVersion)

Traceback (most recent call last):
  File "C:\Users\skaspers\OneDrive - Capgemini\Documents\Prompted Testsuite Analysis\.\datasets\GPT_4\Few_shot\tests\test_071.py", line 6, in test_case_1
    self.assertEqual(magic_square_test([[2, 7, 6], [9, 5, 1], [4, 3, 8]]), True) # 3x3 Magic Square)
AssertionError: False != True

   - [#   9] ROR datasets.GPT_4.Few_shot.programs.program_071: [0.00000 s] killed by test_case_2 (datasets.GPT_4.Few_shot.tests.test_071.TestVersion)

Traceback (most recent call last):
  File "C:\Users\skaspers\OneDrive - Capgemini\Documents\Prompted Testsuite Analysis\.\datasets\GPT_4\Few_shot\tests\test_071.py", line 9, in test_case_2
    self.assertEqual(magic_square_test([[1, 2], [2, 1]]), False) # 2x2 Non-Magic Square)
AssertionError: True != False

   - [#  10] ROR datasets.GPT_4.Few_shot.programs.program_071: [0.00000 s] killed by test_case_1 (datasets.GPT_4.Few_shot.tests.test_071.TestVersion)

Traceback (most recent call last):
  File "C:\Users\skaspers\OneDrive - Capgemini\Documents\Prompted Testsuite Analysis\.\datasets\GPT_4\Few_shot\tests\test_071.py", line 6, in test_case_1
    self.assertEqual(magic_square_test([[2, 7, 6], [9, 5, 1], [4, 3, 8]]), True) # 3x3 Magic Square)
AssertionError: False != True

[*] Mutation score [0.11047 s]: 100.0%
   - all: 10
   - killed: 10 (100.0%)
   - survived: 0 (0.0%)
   - incompetent: 0 (0.0%)
   - timeout: 0 (0.0%)
HI SANDER, RUNNING MUTPY FROM: C:\Users\skaspers\OneDrive - Capgemini\Documents\Prompted Testsuite Analysis\.venv38\lib\site-packages\mutpy\commandline.py
