[*] Start mutation process:
   - targets: datasets.GPT_4.Few_shot.programs.program_093
   - tests: datasets.GPT_4.Few_shot.tests.test_093
[*] 8 tests passed:
   - datasets.GPT_4.Few_shot.tests.test_093 [0.00000 s]
[*] Start mutants generation and execution:
   - [#   1] ASR datasets.GPT_4.Few_shot.programs.program_093: [0.00000 s] killed by test_case_1 (datasets.GPT_4.Few_shot.tests.test_093.TestVersion)

Traceback (most recent call last):
  File "C:\Users\skaspers\OneDrive - Capgemini\Documents\Prompted Testsuite Analysis\.\datasets\GPT_4\Few_shot\tests\test_093.py", line 6, in test_case_1
    self.assertEqual(frequency([1, 2, 3, 1, 1, 4], 1), 3) # Element appears multiple times)
AssertionError: -3 != 3

   - [#   2] COI datasets.GPT_4.Few_shot.programs.program_093: [0.00000 s] killed by test_case_2 (datasets.GPT_4.Few_shot.tests.test_093.TestVersion)

Traceback (most recent call last):
  File "C:\Users\skaspers\OneDrive - Capgemini\Documents\Prompted Testsuite Analysis\.\datasets\GPT_4\Few_shot\tests\test_093.py", line 9, in test_case_2
    self.assertEqual(frequency([1, 2, 3, 4, 5], 6), 0) # Element not present)
AssertionError: 5 != 0

   - [#   3] ROR datasets.GPT_4.Few_shot.programs.program_093: [0.00000 s] killed by test_case_2 (datasets.GPT_4.Few_shot.tests.test_093.TestVersion)

Traceback (most recent call last):
  File "C:\Users\skaspers\OneDrive - Capgemini\Documents\Prompted Testsuite Analysis\.\datasets\GPT_4\Few_shot\tests\test_093.py", line 9, in test_case_2
    self.assertEqual(frequency([1, 2, 3, 4, 5], 6), 0) # Element not present)
AssertionError: 5 != 0

[*] Mutation score [0.04557 s]: 100.0%
   - all: 3
   - killed: 3 (100.0%)
   - survived: 0 (0.0%)
   - incompetent: 0 (0.0%)
   - timeout: 0 (0.0%)
HI SANDER, RUNNING MUTPY FROM: C:\Users\skaspers\OneDrive - Capgemini\Documents\Prompted Testsuite Analysis\.venv38\lib\site-packages\mutpy\commandline.py
