[*] Start mutation process:
   - targets: datasets.GPT_4.Chain_of_thought.programs.program_023
   - tests: datasets.GPT_4.Chain_of_thought.tests.test_023
[*] 12 tests passed:
   - datasets.GPT_4.Chain_of_thought.tests.test_023 [0.00000 s]
[*] Start mutants generation and execution:
   - [#   1] AOR datasets.GPT_4.Chain_of_thought.programs.program_023: [0.00000 s] survived
   - [#   2] AOR datasets.GPT_4.Chain_of_thought.programs.program_023: [0.00000 s] killed by test_all_identical_elements (datasets.GPT_4.Chain_of_thought.tests.test_023.TestVersion)

Traceback (most recent call last):
  File "C:\Users\skaspers\OneDrive - Capgemini\Documents\Prompted Testsuite Analysis\.\datasets\GPT_4\Chain_of_thought\tests\test_023.py", line 21, in test_all_identical_elements
    self.assertEqual(comb_sort([7, 7, 7, 7]), [7, 7, 7, 7])
  File "datasets.GPT_4.Chain_of_thought.programs.program_023", line 7, in comb_sort
OverflowError: cannot convert float infinity to integer

   - [#   3] AOR datasets.GPT_4.Chain_of_thought.programs.program_023: [0.00000 s] killed by test_all_identical_elements (datasets.GPT_4.Chain_of_thought.tests.test_023.TestVersion)

Traceback (most recent call last):
  File "C:\Users\skaspers\OneDrive - Capgemini\Documents\Prompted Testsuite Analysis\.\datasets\GPT_4\Chain_of_thought\tests\test_023.py", line 21, in test_all_identical_elements
    self.assertEqual(comb_sort([7, 7, 7, 7]), [7, 7, 7, 7])
  File "datasets.GPT_4.Chain_of_thought.programs.program_023", line 11, in comb_sort
IndexError: list index out of range

   - [#   4] AOR datasets.GPT_4.Chain_of_thought.programs.program_023: [0.00000 s] killed by test_already_sorted (datasets.GPT_4.Chain_of_thought.tests.test_023.TestVersion)

Traceback (most recent call last):
  File "C:\Users\skaspers\OneDrive - Capgemini\Documents\Prompted Testsuite Analysis\.\datasets\GPT_4\Chain_of_thought\tests\test_023.py", line 9, in test_already_sorted
    self.assertEqual(comb_sort([1, 2, 3, 4, 5]), [1, 2, 3, 4, 5])
AssertionError: Lists differ: [1, 5, 2, 3, 4] != [1, 2, 3, 4, 5]

First differing element 1:
5
2

- [1, 5, 2, 3, 4]
?     ---

+ [1, 2, 3, 4, 5]
?            +++


   - [#   5] AOR datasets.GPT_4.Chain_of_thought.programs.program_023: [0.00000 s] killed by test_boundary_values (datasets.GPT_4.Chain_of_thought.tests.test_023.TestVersion)

Traceback (most recent call last):
  File "C:\Users\skaspers\OneDrive - Capgemini\Documents\Prompted Testsuite Analysis\.\datasets\GPT_4\Chain_of_thought\tests\test_023.py", line 41, in test_boundary_values
    self.assertEqual(comb_sort([2147483647, -2147483648, 0]), [-2147483648, 0, 2147483647])
AssertionError: Lists differ: [2147483647, 0, 0] != [-2147483648, 0, 2147483647]

First differing element 0:
2147483647
-2147483648

- [2147483647, 0, 0]
+ [-2147483648, 0, 2147483647]

   - [#   6] AOR datasets.GPT_4.Chain_of_thought.programs.program_023: [0.00000 s] killed by test_boundary_values (datasets.GPT_4.Chain_of_thought.tests.test_023.TestVersion)

Traceback (most recent call last):
  File "C:\Users\skaspers\OneDrive - Capgemini\Documents\Prompted Testsuite Analysis\.\datasets\GPT_4\Chain_of_thought\tests\test_023.py", line 41, in test_boundary_values
    self.assertEqual(comb_sort([2147483647, -2147483648, 0]), [-2147483648, 0, 2147483647])
AssertionError: Lists differ: [-2147483648, -2147483648, 2147483647] != [-2147483648, 0, 2147483647]

First differing element 1:
-2147483648
0

- [-2147483648, -2147483648, 2147483647]
?               ^^^^^^^^^^^

+ [-2147483648, 0, 2147483647]
?               ^


   - [#   7] ASR datasets.GPT_4.Chain_of_thought.programs.program_023: [0.00000 s] killed by test_all_identical_elements (datasets.GPT_4.Chain_of_thought.tests.test_023.TestVersion)

Traceback (most recent call last):
  File "C:\Users\skaspers\OneDrive - Capgemini\Documents\Prompted Testsuite Analysis\.\datasets\GPT_4\Chain_of_thought\tests\test_023.py", line 21, in test_all_identical_elements
    self.assertEqual(comb_sort([7, 7, 7, 7]), [7, 7, 7, 7])
  File "datasets.GPT_4.Chain_of_thought.programs.program_023", line 11, in comb_sort
IndexError: list index out of range

   - [#   8] COI datasets.GPT_4.Chain_of_thought.programs.program_023: [0.00000 s] killed by test_boundary_values (datasets.GPT_4.Chain_of_thought.tests.test_023.TestVersion)

Traceback (most recent call last):
  File "C:\Users\skaspers\OneDrive - Capgemini\Documents\Prompted Testsuite Analysis\.\datasets\GPT_4\Chain_of_thought\tests\test_023.py", line 41, in test_boundary_values
    self.assertEqual(comb_sort([2147483647, -2147483648, 0]), [-2147483648, 0, 2147483647])
AssertionError: Lists differ: [2147483647, -2147483648, 0] != [-2147483648, 0, 2147483647]

First differing element 0:
2147483647
-2147483648

- [2147483647, -2147483648, 0]
+ [-2147483648, 0, 2147483647]

   - [#   9] COI datasets.GPT_4.Chain_of_thought.programs.program_023: [0.00000 s] killed by test_boundary_values (datasets.GPT_4.Chain_of_thought.tests.test_023.TestVersion)

Traceback (most recent call last):
  File "C:\Users\skaspers\OneDrive - Capgemini\Documents\Prompted Testsuite Analysis\.\datasets\GPT_4\Chain_of_thought\tests\test_023.py", line 41, in test_boundary_values
    self.assertEqual(comb_sort([2147483647, -2147483648, 0]), [-2147483648, 0, 2147483647])
AssertionError: Lists differ: [2147483647, -2147483648, 0] != [-2147483648, 0, 2147483647]

First differing element 0:
2147483647
-2147483648

- [2147483647, -2147483648, 0]
+ [-2147483648, 0, 2147483647]

   - [#  10] COI datasets.GPT_4.Chain_of_thought.programs.program_023: [5.03816 s] timeout
   - [#  11] LCR datasets.GPT_4.Chain_of_thought.programs.program_023: [0.00000 s] killed by test_floating_point_numbers (datasets.GPT_4.Chain_of_thought.tests.test_023.TestVersion)

Traceback (most recent call last):
  File "C:\Users\skaspers\OneDrive - Capgemini\Documents\Prompted Testsuite Analysis\.\datasets\GPT_4\Chain_of_thought\tests\test_023.py", line 33, in test_floating_point_numbers
    self.assertEqual(comb_sort([1.5, 3.2, 2.1, 4.8, 0.5]), [0.5, 1.5, 2.1, 3.2, 4.8])
AssertionError: Lists differ: [1.5, 0.5, 2.1, 4.8, 3.2] != [0.5, 1.5, 2.1, 3.2, 4.8]

First differing element 0:
1.5
0.5

- [1.5, 0.5, 2.1, 4.8, 3.2]
+ [0.5, 1.5, 2.1, 3.2, 4.8]

   - [#  12] ROR datasets.GPT_4.Chain_of_thought.programs.program_023: [5.03598 s] timeout
   - [#  13] ROR datasets.GPT_4.Chain_of_thought.programs.program_023: [0.00000 s] survived
   - [#  14] ROR datasets.GPT_4.Chain_of_thought.programs.program_023: [0.00000 s] killed by test_boundary_values (datasets.GPT_4.Chain_of_thought.tests.test_023.TestVersion)

Traceback (most recent call last):
  File "C:\Users\skaspers\OneDrive - Capgemini\Documents\Prompted Testsuite Analysis\.\datasets\GPT_4\Chain_of_thought\tests\test_023.py", line 41, in test_boundary_values
    self.assertEqual(comb_sort([2147483647, -2147483648, 0]), [-2147483648, 0, 2147483647])
AssertionError: Lists differ: [2147483647, -2147483648, 0] != [-2147483648, 0, 2147483647]

First differing element 0:
2147483647
-2147483648

- [2147483647, -2147483648, 0]
+ [-2147483648, 0, 2147483647]

   - [#  15] ROR datasets.GPT_4.Chain_of_thought.programs.program_023: [0.01612 s] killed by test_all_identical_elements (datasets.GPT_4.Chain_of_thought.tests.test_023.TestVersion)

Traceback (most recent call last):
  File "C:\Users\skaspers\OneDrive - Capgemini\Documents\Prompted Testsuite Analysis\.\datasets\GPT_4\Chain_of_thought\tests\test_023.py", line 21, in test_all_identical_elements
    self.assertEqual(comb_sort([7, 7, 7, 7]), [7, 7, 7, 7])
  File "datasets.GPT_4.Chain_of_thought.programs.program_023", line 11, in comb_sort
IndexError: list index out of range

   - [#  16] ROR datasets.GPT_4.Chain_of_thought.programs.program_023: [0.00000 s] killed by test_already_sorted (datasets.GPT_4.Chain_of_thought.tests.test_023.TestVersion)

Traceback (most recent call last):
  File "C:\Users\skaspers\OneDrive - Capgemini\Documents\Prompted Testsuite Analysis\.\datasets\GPT_4\Chain_of_thought\tests\test_023.py", line 9, in test_already_sorted
    self.assertEqual(comb_sort([1, 2, 3, 4, 5]), [1, 2, 3, 4, 5])
AssertionError: Lists differ: [5, 4, 3, 2, 1] != [1, 2, 3, 4, 5]

First differing element 0:
5
1

- [5, 4, 3, 2, 1]
+ [1, 2, 3, 4, 5]

   - [#  17] ROR datasets.GPT_4.Chain_of_thought.programs.program_023: [5.03300 s] timeout
[*] Mutation score [15.22488 s]: 88.2%
   - all: 17
   - killed: 12 (70.6%)
   - survived: 2 (11.8%)
   - incompetent: 0 (0.0%)
   - timeout: 3 (17.6%)
HI SANDER, RUNNING MUTPY FROM: C:\Users\skaspers\OneDrive - Capgemini\Documents\Prompted Testsuite Analysis\.venv38\lib\site-packages\mutpy\commandline.py
