[*] Start mutation process:
   - targets: datasets.GPT_4.Chain_of_thought.programs.program_025
   - tests: datasets.GPT_4.Chain_of_thought.tests.test_025
[*] 12 tests passed:
   - datasets.GPT_4.Chain_of_thought.tests.test_025 [0.00101 s]
[*] Start mutants generation and execution:
   - [#   1] AOR datasets.GPT_4.Chain_of_thought.programs.program_025: [0.00200 s] killed by test_boundary_values_large_sequences (datasets.GPT_4.Chain_of_thought.tests.test_025.TestVersion)

Traceback (most recent call last):
  File "C:\Users\skaspers\OneDrive - Capgemini\Documents\Prompted Testsuite Analysis\.\datasets\GPT_4\Chain_of_thought\tests\test_025.py", line 41, in test_boundary_values_large_sequences
    self.assertTrue(is_samepatterns(colors, patterns))
  File "datasets.GPT_4.Chain_of_thought.programs.program_025", line 23, in is_samepatterns
IndexError: list index out of range

   - [#   2] AOR datasets.GPT_4.Chain_of_thought.programs.program_025: [0.00102 s] survived
   - [#   3] COD datasets.GPT_4.Chain_of_thought.programs.program_025: [0.00100 s] killed by test_boundary_values_large_sequences (datasets.GPT_4.Chain_of_thought.tests.test_025.TestVersion)

Traceback (most recent call last):
  File "C:\Users\skaspers\OneDrive - Capgemini\Documents\Prompted Testsuite Analysis\.\datasets\GPT_4\Chain_of_thought\tests\test_025.py", line 41, in test_boundary_values_large_sequences
    self.assertTrue(is_samepatterns(colors, patterns))
  File "datasets.GPT_4.Chain_of_thought.programs.program_025", line 13, in is_samepatterns
KeyError: 'a'

   - [#   4] COI datasets.GPT_4.Chain_of_thought.programs.program_025: [0.00092 s] killed by test_boundary_values_large_sequences (datasets.GPT_4.Chain_of_thought.tests.test_025.TestVersion)

Traceback (most recent call last):
  File "C:\Users\skaspers\OneDrive - Capgemini\Documents\Prompted Testsuite Analysis\.\datasets\GPT_4\Chain_of_thought\tests\test_025.py", line 41, in test_boundary_values_large_sequences
    self.assertTrue(is_samepatterns(colors, patterns))
AssertionError: False is not true

   - [#   5] COI datasets.GPT_4.Chain_of_thought.programs.program_025: [0.00209 s] killed by test_boundary_values_large_sequences (datasets.GPT_4.Chain_of_thought.tests.test_025.TestVersion)

Traceback (most recent call last):
  File "C:\Users\skaspers\OneDrive - Capgemini\Documents\Prompted Testsuite Analysis\.\datasets\GPT_4\Chain_of_thought\tests\test_025.py", line 41, in test_boundary_values_large_sequences
    self.assertTrue(is_samepatterns(colors, patterns))
  File "datasets.GPT_4.Chain_of_thought.programs.program_025", line 13, in is_samepatterns
KeyError: 'a'

   - [#   6] COI datasets.GPT_4.Chain_of_thought.programs.program_025: [0.00100 s] killed by test_boundary_values_large_sequences (datasets.GPT_4.Chain_of_thought.tests.test_025.TestVersion)

Traceback (most recent call last):
  File "C:\Users\skaspers\OneDrive - Capgemini\Documents\Prompted Testsuite Analysis\.\datasets\GPT_4\Chain_of_thought\tests\test_025.py", line 41, in test_boundary_values_large_sequences
    self.assertTrue(is_samepatterns(colors, patterns))
AssertionError: False is not true

   - [#   7] COI datasets.GPT_4.Chain_of_thought.programs.program_025: [0.00102 s] killed by test_boundary_values_large_sequences (datasets.GPT_4.Chain_of_thought.tests.test_025.TestVersion)

Traceback (most recent call last):
  File "C:\Users\skaspers\OneDrive - Capgemini\Documents\Prompted Testsuite Analysis\.\datasets\GPT_4\Chain_of_thought\tests\test_025.py", line 41, in test_boundary_values_large_sequences
    self.assertTrue(is_samepatterns(colors, patterns))
AssertionError: False is not true

   - [#   8] ROR datasets.GPT_4.Chain_of_thought.programs.program_025: [0.00103 s] killed by test_boundary_values_large_sequences (datasets.GPT_4.Chain_of_thought.tests.test_025.TestVersion)

Traceback (most recent call last):
  File "C:\Users\skaspers\OneDrive - Capgemini\Documents\Prompted Testsuite Analysis\.\datasets\GPT_4\Chain_of_thought\tests\test_025.py", line 41, in test_boundary_values_large_sequences
    self.assertTrue(is_samepatterns(colors, patterns))
AssertionError: False is not true

   - [#   9] ROR datasets.GPT_4.Chain_of_thought.programs.program_025: [0.00096 s] killed by test_boundary_values_large_sequences (datasets.GPT_4.Chain_of_thought.tests.test_025.TestVersion)

Traceback (most recent call last):
  File "C:\Users\skaspers\OneDrive - Capgemini\Documents\Prompted Testsuite Analysis\.\datasets\GPT_4\Chain_of_thought\tests\test_025.py", line 41, in test_boundary_values_large_sequences
    self.assertTrue(is_samepatterns(colors, patterns))
AssertionError: False is not true

   - [#  10] ROR datasets.GPT_4.Chain_of_thought.programs.program_025: [0.00000 s] killed by test_boundary_values_large_sequences (datasets.GPT_4.Chain_of_thought.tests.test_025.TestVersion)

Traceback (most recent call last):
  File "C:\Users\skaspers\OneDrive - Capgemini\Documents\Prompted Testsuite Analysis\.\datasets\GPT_4\Chain_of_thought\tests\test_025.py", line 41, in test_boundary_values_large_sequences
    self.assertTrue(is_samepatterns(colors, patterns))
AssertionError: False is not true

[*] Mutation score [0.12357 s]: 90.0%
   - all: 10
   - killed: 9 (90.0%)
   - survived: 1 (10.0%)
   - incompetent: 0 (0.0%)
   - timeout: 0 (0.0%)
HI SANDER, RUNNING MUTPY FROM: C:\Users\skaspers\OneDrive - Capgemini\Documents\Prompted Testsuite Analysis\.venv38\lib\site-packages\mutpy\commandline.py
