[*] Start mutation process:
   - targets: datasets.GPT_4.Chain_of_thought.programs.program_020
   - tests: datasets.GPT_4.Chain_of_thought.tests.test_020
[*] 12 tests passed:
   - datasets.GPT_4.Chain_of_thought.tests.test_020 [0.00000 s]
[*] Start mutants generation and execution:
   - [#   1] AOR datasets.GPT_4.Chain_of_thought.programs.program_020: [0.00000 s] killed by test_floating_point_numbers (datasets.GPT_4.Chain_of_thought.tests.test_020.TestVersion)

Traceback (most recent call last):
  File "C:\Users\skaspers\OneDrive - Capgemini\Documents\Prompted Testsuite Analysis\.\datasets\GPT_4\Chain_of_thought\tests\test_020.py", line 33, in test_floating_point_numbers
    self.assertTrue(is_Monotonic([1.1, 2.2, 3.3]))
AssertionError: False is not true

   - [#   2] AOR datasets.GPT_4.Chain_of_thought.programs.program_020: [0.00260 s] killed by test_constant_sequence (datasets.GPT_4.Chain_of_thought.tests.test_020.TestVersion)

Traceback (most recent call last):
  File "C:\Users\skaspers\OneDrive - Capgemini\Documents\Prompted Testsuite Analysis\.\datasets\GPT_4\Chain_of_thought\tests\test_020.py", line 12, in test_constant_sequence
    self.assertTrue(is_Monotonic([3, 3, 3, 3]))
  File "datasets.GPT_4.Chain_of_thought.programs.program_020", line 2, in is_Monotonic
  File "datasets.GPT_4.Chain_of_thought.programs.program_020", line 2, in <genexpr>
IndexError: list index out of range

   - [#   3] AOR datasets.GPT_4.Chain_of_thought.programs.program_020: [0.00000 s] killed by test_strictly_decreasing (datasets.GPT_4.Chain_of_thought.tests.test_020.TestVersion)

Traceback (most recent call last):
  File "C:\Users\skaspers\OneDrive - Capgemini\Documents\Prompted Testsuite Analysis\.\datasets\GPT_4\Chain_of_thought\tests\test_020.py", line 9, in test_strictly_decreasing
    self.assertTrue(is_Monotonic([5, 4, 3, 2, 1]))
AssertionError: False is not true

   - [#   4] AOR datasets.GPT_4.Chain_of_thought.programs.program_020: [0.00000 s] killed by test_boundary_values (datasets.GPT_4.Chain_of_thought.tests.test_020.TestVersion)

Traceback (most recent call last):
  File "C:\Users\skaspers\OneDrive - Capgemini\Documents\Prompted Testsuite Analysis\.\datasets\GPT_4\Chain_of_thought\tests\test_020.py", line 39, in test_boundary_values
    self.assertTrue(is_Monotonic([2147483647, 2147483647, 2147483646]))
  File "datasets.GPT_4.Chain_of_thought.programs.program_020", line 3, in is_Monotonic
  File "datasets.GPT_4.Chain_of_thought.programs.program_020", line 3, in <genexpr>
IndexError: list index out of range

   - [#   5] LCR datasets.GPT_4.Chain_of_thought.programs.program_020: [0.00000 s] killed by test_boundary_values (datasets.GPT_4.Chain_of_thought.tests.test_020.TestVersion)

Traceback (most recent call last):
  File "C:\Users\skaspers\OneDrive - Capgemini\Documents\Prompted Testsuite Analysis\.\datasets\GPT_4\Chain_of_thought\tests\test_020.py", line 39, in test_boundary_values
    self.assertTrue(is_Monotonic([2147483647, 2147483647, 2147483646]))
AssertionError: False is not true

   - [#   6] ROR datasets.GPT_4.Chain_of_thought.programs.program_020: [0.00000 s] killed by test_floating_point_numbers (datasets.GPT_4.Chain_of_thought.tests.test_020.TestVersion)

Traceback (most recent call last):
  File "C:\Users\skaspers\OneDrive - Capgemini\Documents\Prompted Testsuite Analysis\.\datasets\GPT_4\Chain_of_thought\tests\test_020.py", line 33, in test_floating_point_numbers
    self.assertTrue(is_Monotonic([1.1, 2.2, 3.3]))
AssertionError: False is not true

   - [#   7] ROR datasets.GPT_4.Chain_of_thought.programs.program_020: [0.00000 s] survived
   - [#   8] ROR datasets.GPT_4.Chain_of_thought.programs.program_020: [0.00000 s] killed by test_boundary_values (datasets.GPT_4.Chain_of_thought.tests.test_020.TestVersion)

Traceback (most recent call last):
  File "C:\Users\skaspers\OneDrive - Capgemini\Documents\Prompted Testsuite Analysis\.\datasets\GPT_4\Chain_of_thought\tests\test_020.py", line 39, in test_boundary_values
    self.assertTrue(is_Monotonic([2147483647, 2147483647, 2147483646]))
AssertionError: False is not true

   - [#   9] ROR datasets.GPT_4.Chain_of_thought.programs.program_020: [0.00000 s] killed by test_boundary_values (datasets.GPT_4.Chain_of_thought.tests.test_020.TestVersion)

Traceback (most recent call last):
  File "C:\Users\skaspers\OneDrive - Capgemini\Documents\Prompted Testsuite Analysis\.\datasets\GPT_4\Chain_of_thought\tests\test_020.py", line 39, in test_boundary_values
    self.assertTrue(is_Monotonic([2147483647, 2147483647, 2147483646]))
AssertionError: False is not true

[*] Mutation score [0.07238 s]: 88.9%
   - all: 9
   - killed: 8 (88.9%)
   - survived: 1 (11.1%)
   - incompetent: 0 (0.0%)
   - timeout: 0 (0.0%)
HI SANDER, RUNNING MUTPY FROM: C:\Users\skaspers\OneDrive - Capgemini\Documents\Prompted Testsuite Analysis\.venv38\lib\site-packages\mutpy\commandline.py
