[*] Start mutation process:
   - targets: datasets.GPT_4.Chain_of_thought.programs.program_018
   - tests: datasets.GPT_4.Chain_of_thought.tests.test_018
[*] 14 tests passed:
   - datasets.GPT_4.Chain_of_thought.tests.test_018 [0.00000 s]
[*] Start mutants generation and execution:
   - [#   1] ASR datasets.GPT_4.Chain_of_thought.programs.program_018: [0.00000 s] killed by test_all_positive_numbers (datasets.GPT_4.Chain_of_thought.tests.test_018.TestVersion)

Traceback (most recent call last):
  File "C:\Users\skaspers\OneDrive - Capgemini\Documents\Prompted Testsuite Analysis\.\datasets\GPT_4\Chain_of_thought\tests\test_018.py", line 9, in test_all_positive_numbers
    self.assertEqual(pos_count([1, 2, 3, 4, 5]), 5)
AssertionError: -5 != 5

   - [#   2] COI datasets.GPT_4.Chain_of_thought.programs.program_018: [0.00000 s] killed by test_all_negative_numbers (datasets.GPT_4.Chain_of_thought.tests.test_018.TestVersion)

Traceback (most recent call last):
  File "C:\Users\skaspers\OneDrive - Capgemini\Documents\Prompted Testsuite Analysis\.\datasets\GPT_4\Chain_of_thought\tests\test_018.py", line 12, in test_all_negative_numbers
    self.assertEqual(pos_count([-1, -2, -3, -4, -5]), 0)
AssertionError: 5 != 0

   - [#   3] ROR datasets.GPT_4.Chain_of_thought.programs.program_018: [0.00000 s] killed by test_all_negative_numbers (datasets.GPT_4.Chain_of_thought.tests.test_018.TestVersion)

Traceback (most recent call last):
  File "C:\Users\skaspers\OneDrive - Capgemini\Documents\Prompted Testsuite Analysis\.\datasets\GPT_4\Chain_of_thought\tests\test_018.py", line 12, in test_all_negative_numbers
    self.assertEqual(pos_count([-1, -2, -3, -4, -5]), 0)
AssertionError: 5 != 0

   - [#   4] ROR datasets.GPT_4.Chain_of_thought.programs.program_018: [0.00000 s] killed by test_all_zeros (datasets.GPT_4.Chain_of_thought.tests.test_018.TestVersion)

Traceback (most recent call last):
  File "C:\Users\skaspers\OneDrive - Capgemini\Documents\Prompted Testsuite Analysis\.\datasets\GPT_4\Chain_of_thought\tests\test_018.py", line 18, in test_all_zeros
    self.assertEqual(pos_count([0, 0, 0]), 3)
AssertionError: 0 != 3

[*] Mutation score [0.03135 s]: 100.0%
   - all: 4
   - killed: 4 (100.0%)
   - survived: 0 (0.0%)
   - incompetent: 0 (0.0%)
   - timeout: 0 (0.0%)
HI SANDER, RUNNING MUTPY FROM: C:\Users\skaspers\OneDrive - Capgemini\Documents\Prompted Testsuite Analysis\.venv38\lib\site-packages\mutpy\commandline.py
