[*] Start mutation process:
   - targets: datasets.GPT_4.Chain_of_thought.programs.program_033
   - tests: datasets.GPT_4.Chain_of_thought.tests.test_033
[*] 8 tests passed:
   - datasets.GPT_4.Chain_of_thought.tests.test_033 [0.00000 s]
[*] Start mutants generation and execution:
   - [#   1] AOR datasets.GPT_4.Chain_of_thought.programs.program_033: [0.00100 s] killed by test_floating_point_radius (datasets.GPT_4.Chain_of_thought.tests.test_033.TestVersion)

Traceback (most recent call last):
  File "C:\Users\skaspers\OneDrive - Capgemini\Documents\Prompted Testsuite Analysis\.\datasets\GPT_4\Chain_of_thought\tests\test_033.py", line 15, in test_floating_point_radius
    self.assertAlmostEqual(surfacearea_sphere(2.5), 78.53981633974483)
AssertionError: 7.957747154594768 != 78.53981633974483 within 7 places (70.58206918515006 difference)

   - [#   2] AOR datasets.GPT_4.Chain_of_thought.programs.program_033: [0.00101 s] killed by test_floating_point_radius (datasets.GPT_4.Chain_of_thought.tests.test_033.TestVersion)

Traceback (most recent call last):
  File "C:\Users\skaspers\OneDrive - Capgemini\Documents\Prompted Testsuite Analysis\.\datasets\GPT_4\Chain_of_thought\tests\test_033.py", line 15, in test_floating_point_radius
    self.assertAlmostEqual(surfacearea_sphere(2.5), 78.53981633974483)
AssertionError: 6.25 != 78.53981633974483 within 7 places (72.28981633974483 difference)

   - [#   3] AOR datasets.GPT_4.Chain_of_thought.programs.program_033: [0.00102 s] killed by test_floating_point_radius (datasets.GPT_4.Chain_of_thought.tests.test_033.TestVersion)

Traceback (most recent call last):
  File "C:\Users\skaspers\OneDrive - Capgemini\Documents\Prompted Testsuite Analysis\.\datasets\GPT_4\Chain_of_thought\tests\test_033.py", line 15, in test_floating_point_radius
    self.assertAlmostEqual(surfacearea_sphere(2.5), 78.53981633974483)
AssertionError: 486.7514603024256 != 78.53981633974483 within 7 places (408.21164396268074 difference)

   - [#   4] AOR datasets.GPT_4.Chain_of_thought.programs.program_033: [0.00109 s] killed by test_floating_point_radius (datasets.GPT_4.Chain_of_thought.tests.test_033.TestVersion)

Traceback (most recent call last):
  File "C:\Users\skaspers\OneDrive - Capgemini\Documents\Prompted Testsuite Analysis\.\datasets\GPT_4\Chain_of_thought\tests\test_033.py", line 15, in test_floating_point_radius
    self.assertAlmostEqual(surfacearea_sphere(2.5), 78.53981633974483)
AssertionError: 12.566370614359172 != 78.53981633974483 within 7 places (65.97344572538566 difference)

   - [#   5] AOR datasets.GPT_4.Chain_of_thought.programs.program_033: [0.00103 s] killed by test_floating_point_radius (datasets.GPT_4.Chain_of_thought.tests.test_033.TestVersion)

Traceback (most recent call last):
  File "C:\Users\skaspers\OneDrive - Capgemini\Documents\Prompted Testsuite Analysis\.\datasets\GPT_4\Chain_of_thought\tests\test_033.py", line 15, in test_floating_point_radius
    self.assertAlmostEqual(surfacearea_sphere(2.5), 78.53981633974483)
AssertionError: 12.5 != 78.53981633974483 within 7 places (66.03981633974483 difference)

   - [#   6] AOR datasets.GPT_4.Chain_of_thought.programs.program_033: [0.00100 s] killed by test_floating_point_radius (datasets.GPT_4.Chain_of_thought.tests.test_033.TestVersion)

Traceback (most recent call last):
  File "C:\Users\skaspers\OneDrive - Capgemini\Documents\Prompted Testsuite Analysis\.\datasets\GPT_4\Chain_of_thought\tests\test_033.py", line 15, in test_floating_point_radius
    self.assertAlmostEqual(surfacearea_sphere(2.5), 78.53981633974483)
AssertionError: 1399.473466209989 != 78.53981633974483 within 7 places (1320.9336498702442 difference)

   - [#   7] AOR datasets.GPT_4.Chain_of_thought.programs.program_033: [0.00000 s] killed by test_floating_point_radius (datasets.GPT_4.Chain_of_thought.tests.test_033.TestVersion)

Traceback (most recent call last):
  File "C:\Users\skaspers\OneDrive - Capgemini\Documents\Prompted Testsuite Analysis\.\datasets\GPT_4\Chain_of_thought\tests\test_033.py", line 15, in test_floating_point_radius
    self.assertAlmostEqual(surfacearea_sphere(2.5), 78.53981633974483)
AssertionError: 12.566370614359172 != 78.53981633974483 within 7 places (65.97344572538566 difference)

   - [#   8] AOR datasets.GPT_4.Chain_of_thought.programs.program_033: [0.00103 s] killed by test_floating_point_radius (datasets.GPT_4.Chain_of_thought.tests.test_033.TestVersion)

Traceback (most recent call last):
  File "C:\Users\skaspers\OneDrive - Capgemini\Documents\Prompted Testsuite Analysis\.\datasets\GPT_4\Chain_of_thought\tests\test_033.py", line 15, in test_floating_point_radius
    self.assertAlmostEqual(surfacearea_sphere(2.5), 78.53981633974483)
AssertionError: 12.0 != 78.53981633974483 within 7 places (66.53981633974483 difference)

   - [#   9] AOR datasets.GPT_4.Chain_of_thought.programs.program_033: [0.00101 s] killed by test_floating_point_radius (datasets.GPT_4.Chain_of_thought.tests.test_033.TestVersion)

Traceback (most recent call last):
  File "C:\Users\skaspers\OneDrive - Capgemini\Documents\Prompted Testsuite Analysis\.\datasets\GPT_4\Chain_of_thought\tests\test_033.py", line 15, in test_floating_point_radius
    self.assertAlmostEqual(surfacearea_sphere(2.5), 78.53981633974483)
AssertionError: 5531.904597742819 != 78.53981633974483 within 7 places (5453.364781403074 difference)

[*] Mutation score [0.04886 s]: 100.0%
   - all: 9
   - killed: 9 (100.0%)
   - survived: 0 (0.0%)
   - incompetent: 0 (0.0%)
   - timeout: 0 (0.0%)
HI SANDER, RUNNING MUTPY FROM: C:\Users\skaspers\OneDrive - Capgemini\Documents\Prompted Testsuite Analysis\.venv38\lib\site-packages\mutpy\commandline.py
