[*] Start mutation process:
   - targets: datasets.GPT_4.Few_shot2.programs.program_048
   - tests: datasets.GPT_4.Few_shot2.tests.test_048
[*] 9 tests passed:
   - datasets.GPT_4.Few_shot2.tests.test_048 [0.00000 s]
[*] Start mutants generation and execution:
   - [#   1] AOD datasets.GPT_4.Few_shot2.programs.program_048: [0.00000 s] killed by test_next_smallest_palindrome_after_non_palindrome (datasets.GPT_4.Few_shot2.tests.test_048.TestVersion)

Traceback (most recent call last):
  File "C:\Users\skaspers\OneDrive - Capgemini\Documents\Prompted Testsuite Analysis\.\datasets\GPT_4\Few_shot2\tests\test_048.py", line 5, in test_next_smallest_palindrome_after_non_palindrome
    def test_next_smallest_palindrome_after_non_palindrome(self): self.assertEqual(next_smallest_palindrome(123), 131)
AssertionError: 124 != 131

   - [#   2] AOR datasets.GPT_4.Few_shot2.programs.program_048: [0.00000 s] killed by test_next_smallest_palindrome_after_palindrome (datasets.GPT_4.Few_shot2.tests.test_048.TestVersion)

Traceback (most recent call last):
  File "C:\Users\skaspers\OneDrive - Capgemini\Documents\Prompted Testsuite Analysis\.\datasets\GPT_4\Few_shot2\tests\test_048.py", line 7, in test_next_smallest_palindrome_after_palindrome
    def test_next_smallest_palindrome_after_palindrome(self): self.assertEqual(next_smallest_palindrome(121), 131)
AssertionError: 121 != 131

   - [#   3] AOR datasets.GPT_4.Few_shot2.programs.program_048: [0.01009 s] killed by test_next_smallest_palindrome_after_non_palindrome (datasets.GPT_4.Few_shot2.tests.test_048.TestVersion)

Traceback (most recent call last):
  File "C:\Users\skaspers\OneDrive - Capgemini\Documents\Prompted Testsuite Analysis\.\datasets\GPT_4\Few_shot2\tests\test_048.py", line 5, in test_next_smallest_palindrome_after_non_palindrome
    def test_next_smallest_palindrome_after_non_palindrome(self): self.assertEqual(next_smallest_palindrome(123), 131)
AssertionError: 124 != 131

   - [#   4] COI datasets.GPT_4.Few_shot2.programs.program_048: [0.00558 s] killed by test_next_smallest_palindrome_after_non_palindrome (datasets.GPT_4.Few_shot2.tests.test_048.TestVersion)

Traceback (most recent call last):
  File "C:\Users\skaspers\OneDrive - Capgemini\Documents\Prompted Testsuite Analysis\.\datasets\GPT_4\Few_shot2\tests\test_048.py", line 5, in test_next_smallest_palindrome_after_non_palindrome
    def test_next_smallest_palindrome_after_non_palindrome(self): self.assertEqual(next_smallest_palindrome(123), 131)
AssertionError: 124 != 131

   - [#   5] ROR datasets.GPT_4.Few_shot2.programs.program_048: [0.00000 s] killed by test_next_smallest_palindrome_after_non_palindrome (datasets.GPT_4.Few_shot2.tests.test_048.TestVersion)

Traceback (most recent call last):
  File "C:\Users\skaspers\OneDrive - Capgemini\Documents\Prompted Testsuite Analysis\.\datasets\GPT_4\Few_shot2\tests\test_048.py", line 5, in test_next_smallest_palindrome_after_non_palindrome
    def test_next_smallest_palindrome_after_non_palindrome(self): self.assertEqual(next_smallest_palindrome(123), 131)
AssertionError: 124 != 131

   - [#   6] SIR datasets.GPT_4.Few_shot2.programs.program_048: [0.01584 s] killed by test_next_smallest_palindrome_after_non_palindrome (datasets.GPT_4.Few_shot2.tests.test_048.TestVersion)

Traceback (most recent call last):
  File "C:\Users\skaspers\OneDrive - Capgemini\Documents\Prompted Testsuite Analysis\.\datasets\GPT_4\Few_shot2\tests\test_048.py", line 5, in test_next_smallest_palindrome_after_non_palindrome
    def test_next_smallest_palindrome_after_non_palindrome(self): self.assertEqual(next_smallest_palindrome(123), 131)
AssertionError: 124 != 131

[*] Mutation score [0.04788 s]: 100.0%
   - all: 6
   - killed: 6 (100.0%)
   - survived: 0 (0.0%)
   - incompetent: 0 (0.0%)
   - timeout: 0 (0.0%)
HI SANDER, RUNNING MUTPY FROM: C:\Users\skaspers\OneDrive - Capgemini\Documents\Prompted Testsuite Analysis\.venv38\lib\site-packages\mutpy\commandline.py
