[*] Start mutation process:
   - targets: datasets.GPT_4.Few_shot2.programs.program_051
   - tests: datasets.GPT_4.Few_shot2.tests.test_051
[*] 9 tests passed:
   - datasets.GPT_4.Few_shot2.tests.test_051 [0.00000 s]
[*] Start mutants generation and execution:
   - [#   1] AOR datasets.GPT_4.Few_shot2.programs.program_051: [0.00000 s] killed by test_eulerian_case_large (datasets.GPT_4.Few_shot2.tests.test_051.TestVersion)

Traceback (most recent call last):
  File "C:\Users\skaspers\OneDrive - Capgemini\Documents\Prompted Testsuite Analysis\.\datasets\GPT_4\Few_shot2\tests\test_051.py", line 13, in test_eulerian_case_large
    def test_eulerian_case_large(self): self.assertEqual(eulerian_num(4, 2), 11)
AssertionError: 105 != 11

   - [#   2] AOR datasets.GPT_4.Few_shot2.programs.program_051: [0.00000 s] killed by test_eulerian_case_large (datasets.GPT_4.Few_shot2.tests.test_051.TestVersion)

Traceback (most recent call last):
  File "C:\Users\skaspers\OneDrive - Capgemini\Documents\Prompted Testsuite Analysis\.\datasets\GPT_4\Few_shot2\tests\test_051.py", line 13, in test_eulerian_case_large
    def test_eulerian_case_large(self): self.assertEqual(eulerian_num(4, 2), 11)
AssertionError: 3.5 != 11

   - [#   3] AOR datasets.GPT_4.Few_shot2.programs.program_051: [0.00000 s] killed by test_eulerian_case_large (datasets.GPT_4.Few_shot2.tests.test_051.TestVersion)

Traceback (most recent call last):
  File "C:\Users\skaspers\OneDrive - Capgemini\Documents\Prompted Testsuite Analysis\.\datasets\GPT_4\Few_shot2\tests\test_051.py", line 13, in test_eulerian_case_large
    def test_eulerian_case_large(self): self.assertEqual(eulerian_num(4, 2), 11)
AssertionError: 3 != 11

   - [#   4] AOR datasets.GPT_4.Few_shot2.programs.program_051: [0.00000 s] killed by test_eulerian_case_large (datasets.GPT_4.Few_shot2.tests.test_051.TestVersion)

Traceback (most recent call last):
  File "C:\Users\skaspers\OneDrive - Capgemini\Documents\Prompted Testsuite Analysis\.\datasets\GPT_4\Few_shot2\tests\test_051.py", line 13, in test_eulerian_case_large
    def test_eulerian_case_large(self): self.assertEqual(eulerian_num(4, 2), 11)
AssertionError: 19 != 11

   - [#   5] AOR datasets.GPT_4.Few_shot2.programs.program_051: [0.00000 s] killed by test_eulerian_case_large (datasets.GPT_4.Few_shot2.tests.test_051.TestVersion)

Traceback (most recent call last):
  File "C:\Users\skaspers\OneDrive - Capgemini\Documents\Prompted Testsuite Analysis\.\datasets\GPT_4\Few_shot2\tests\test_051.py", line 13, in test_eulerian_case_large
    def test_eulerian_case_large(self): self.assertEqual(eulerian_num(4, 2), 11)
AssertionError: 85 != 11

   - [#   6] AOR datasets.GPT_4.Few_shot2.programs.program_051: [0.00000 s] killed by test_eulerian_case_large (datasets.GPT_4.Few_shot2.tests.test_051.TestVersion)

Traceback (most recent call last):
  File "C:\Users\skaspers\OneDrive - Capgemini\Documents\Prompted Testsuite Analysis\.\datasets\GPT_4\Few_shot2\tests\test_051.py", line 13, in test_eulerian_case_large
    def test_eulerian_case_large(self): self.assertEqual(eulerian_num(4, 2), 11)
AssertionError: 0 != 11

   - [#   7] AOR datasets.GPT_4.Few_shot2.programs.program_051: [0.00000 s] killed by test_eulerian_case_large (datasets.GPT_4.Few_shot2.tests.test_051.TestVersion)

Traceback (most recent call last):
  File "C:\Users\skaspers\OneDrive - Capgemini\Documents\Prompted Testsuite Analysis\.\datasets\GPT_4\Few_shot2\tests\test_051.py", line 13, in test_eulerian_case_large
    def test_eulerian_case_large(self): self.assertEqual(eulerian_num(4, 2), 11)
AssertionError: -3 != 11

   - [#   8] AOR datasets.GPT_4.Few_shot2.programs.program_051: [0.00000 s] killed by test_eulerian_case_large (datasets.GPT_4.Few_shot2.tests.test_051.TestVersion)

Traceback (most recent call last):
  File "C:\Users\skaspers\OneDrive - Capgemini\Documents\Prompted Testsuite Analysis\.\datasets\GPT_4\Few_shot2\tests\test_051.py", line 13, in test_eulerian_case_large
    def test_eulerian_case_large(self): self.assertEqual(eulerian_num(4, 2), 11)
AssertionError: 5 != 11

   - [#   9] AOR datasets.GPT_4.Few_shot2.programs.program_051: [0.00000 s] killed by test_eulerian_case_large (datasets.GPT_4.Few_shot2.tests.test_051.TestVersion)

Traceback (most recent call last):
  File "C:\Users\skaspers\OneDrive - Capgemini\Documents\Prompted Testsuite Analysis\.\datasets\GPT_4\Few_shot2\tests\test_051.py", line 13, in test_eulerian_case_large
    def test_eulerian_case_large(self): self.assertEqual(eulerian_num(4, 2), 11)
  File "datasets.GPT_4.Few_shot2.programs.program_051", line 6, in eulerian_num
  File "datasets.GPT_4.Few_shot2.programs.program_051", line 6, in eulerian_num
  File "datasets.GPT_4.Few_shot2.programs.program_051", line 6, in eulerian_num
ZeroDivisionError: division by zero

   - [#  10] AOR datasets.GPT_4.Few_shot2.programs.program_051: [0.00359 s] killed by test_eulerian_case_large (datasets.GPT_4.Few_shot2.tests.test_051.TestVersion)

Traceback (most recent call last):
  File "C:\Users\skaspers\OneDrive - Capgemini\Documents\Prompted Testsuite Analysis\.\datasets\GPT_4\Few_shot2\tests\test_051.py", line 13, in test_eulerian_case_large
    def test_eulerian_case_large(self): self.assertEqual(eulerian_num(4, 2), 11)
  File "datasets.GPT_4.Few_shot2.programs.program_051", line 6, in eulerian_num
  File "datasets.GPT_4.Few_shot2.programs.program_051", line 6, in eulerian_num
  File "datasets.GPT_4.Few_shot2.programs.program_051", line 6, in eulerian_num
ZeroDivisionError: integer division or modulo by zero

   - [#  11] AOR datasets.GPT_4.Few_shot2.programs.program_051: [0.00000 s] killed by test_eulerian_case_large (datasets.GPT_4.Few_shot2.tests.test_051.TestVersion)

Traceback (most recent call last):
  File "C:\Users\skaspers\OneDrive - Capgemini\Documents\Prompted Testsuite Analysis\.\datasets\GPT_4\Few_shot2\tests\test_051.py", line 13, in test_eulerian_case_large
    def test_eulerian_case_large(self): self.assertEqual(eulerian_num(4, 2), 11)
AssertionError: 39 != 11

   - [#  12] AOR datasets.GPT_4.Few_shot2.programs.program_051: [0.22198 s] killed by test_eulerian_case_large (datasets.GPT_4.Few_shot2.tests.test_051.TestVersion)

Traceback (most recent call last):
  File "C:\Users\skaspers\OneDrive - Capgemini\Documents\Prompted Testsuite Analysis\.\datasets\GPT_4\Few_shot2\tests\test_051.py", line 13, in test_eulerian_case_large
    def test_eulerian_case_large(self): self.assertEqual(eulerian_num(4, 2), 11)
  File "datasets.GPT_4.Few_shot2.programs.program_051", line 6, in eulerian_num
  File "datasets.GPT_4.Few_shot2.programs.program_051", line 6, in eulerian_num
  File "datasets.GPT_4.Few_shot2.programs.program_051", line 6, in eulerian_num
  [Previous line repeated 983 more times]
  File "datasets.GPT_4.Few_shot2.programs.program_051", line 2, in eulerian_num
RecursionError: maximum recursion depth exceeded in comparison

   - [#  13] COI datasets.GPT_4.Few_shot2.programs.program_051: [0.21907 s] killed by test_eulerian_base_case_m_equals_n (datasets.GPT_4.Few_shot2.tests.test_051.TestVersion)

Traceback (most recent call last):
  File "C:\Users\skaspers\OneDrive - Capgemini\Documents\Prompted Testsuite Analysis\.\datasets\GPT_4\Few_shot2\tests\test_051.py", line 7, in test_eulerian_base_case_m_equals_n
    def test_eulerian_base_case_m_equals_n(self): self.assertEqual(eulerian_num(3, 3), 0)
  File "datasets.GPT_4.Few_shot2.programs.program_051", line 6, in eulerian_num
  File "datasets.GPT_4.Few_shot2.programs.program_051", line 6, in eulerian_num
  File "datasets.GPT_4.Few_shot2.programs.program_051", line 6, in eulerian_num
  [Previous line repeated 983 more times]
  File "datasets.GPT_4.Few_shot2.programs.program_051", line 2, in eulerian_num
RecursionError: maximum recursion depth exceeded in comparison

   - [#  14] COI datasets.GPT_4.Few_shot2.programs.program_051: [0.01562 s] killed by test_eulerian_base_case_zero_m (datasets.GPT_4.Few_shot2.tests.test_051.TestVersion)

Traceback (most recent call last):
  File "C:\Users\skaspers\OneDrive - Capgemini\Documents\Prompted Testsuite Analysis\.\datasets\GPT_4\Few_shot2\tests\test_051.py", line 5, in test_eulerian_base_case_zero_m
    def test_eulerian_base_case_zero_m(self): self.assertEqual(eulerian_num(1, 0), 1)
AssertionError: 0 != 1

   - [#  15] LCR datasets.GPT_4.Few_shot2.programs.program_051: [0.00000 s] survived
   - [#  16] ROR datasets.GPT_4.Few_shot2.programs.program_051: [0.00000 s] killed by test_eulerian_base_case_zero_m (datasets.GPT_4.Few_shot2.tests.test_051.TestVersion)

Traceback (most recent call last):
  File "C:\Users\skaspers\OneDrive - Capgemini\Documents\Prompted Testsuite Analysis\.\datasets\GPT_4\Few_shot2\tests\test_051.py", line 5, in test_eulerian_base_case_zero_m
    def test_eulerian_base_case_zero_m(self): self.assertEqual(eulerian_num(1, 0), 1)
AssertionError: 0 != 1

   - [#  17] ROR datasets.GPT_4.Few_shot2.programs.program_051: [0.00000 s] survived
   - [#  18] ROR datasets.GPT_4.Few_shot2.programs.program_051: [0.00000 s] killed by test_eulerian_base_case_zero_m (datasets.GPT_4.Few_shot2.tests.test_051.TestVersion)

Traceback (most recent call last):
  File "C:\Users\skaspers\OneDrive - Capgemini\Documents\Prompted Testsuite Analysis\.\datasets\GPT_4\Few_shot2\tests\test_051.py", line 5, in test_eulerian_base_case_zero_m
    def test_eulerian_base_case_zero_m(self): self.assertEqual(eulerian_num(1, 0), 1)
AssertionError: 0 != 1

   - [#  19] ROR datasets.GPT_4.Few_shot2.programs.program_051: [0.00559 s] killed by test_eulerian_base_case_zero_m (datasets.GPT_4.Few_shot2.tests.test_051.TestVersion)

Traceback (most recent call last):
  File "C:\Users\skaspers\OneDrive - Capgemini\Documents\Prompted Testsuite Analysis\.\datasets\GPT_4\Few_shot2\tests\test_051.py", line 5, in test_eulerian_base_case_zero_m
    def test_eulerian_base_case_zero_m(self): self.assertEqual(eulerian_num(1, 0), 1)
AssertionError: 0 != 1

[*] Mutation score [0.55089 s]: 89.5%
   - all: 19
   - killed: 17 (89.5%)
   - survived: 2 (10.5%)
   - incompetent: 0 (0.0%)
   - timeout: 0 (0.0%)
HI SANDER, RUNNING MUTPY FROM: C:\Users\skaspers\OneDrive - Capgemini\Documents\Prompted Testsuite Analysis\.venv38\lib\site-packages\mutpy\commandline.py
