[*] Start mutation process:
   - targets: datasets.GPT_4.Few_shot2.programs.program_041
   - tests: datasets.GPT_4.Few_shot2.tests.test_041
[*] 9 tests passed:
   - datasets.GPT_4.Few_shot2.tests.test_041 [0.00000 s]
[*] Start mutants generation and execution:
   - [#   1] AOR datasets.GPT_4.Few_shot2.programs.program_041: [0.01009 s] killed by test_power_float_base (datasets.GPT_4.Few_shot2.tests.test_041.TestVersion)

Traceback (most recent call last):
  File "C:\Users\skaspers\OneDrive - Capgemini\Documents\Prompted Testsuite Analysis\.\datasets\GPT_4\Few_shot2\tests\test_041.py", line 19, in test_power_float_base
    def test_power_float_base(self): self.assertAlmostEqual(power(2.0, 3), 8.0)
AssertionError: 2.0 != 8.0 within 7 places (6.0 difference)

   - [#   2] AOR datasets.GPT_4.Few_shot2.programs.program_041: [0.00000 s] killed by test_power_float_base (datasets.GPT_4.Few_shot2.tests.test_041.TestVersion)

Traceback (most recent call last):
  File "C:\Users\skaspers\OneDrive - Capgemini\Documents\Prompted Testsuite Analysis\.\datasets\GPT_4\Few_shot2\tests\test_041.py", line 19, in test_power_float_base
    def test_power_float_base(self): self.assertAlmostEqual(power(2.0, 3), 8.0)
AssertionError: 2.0 != 8.0 within 7 places (6.0 difference)

   - [#   3] AOR datasets.GPT_4.Few_shot2.programs.program_041: [0.00000 s] killed by test_power_float_base (datasets.GPT_4.Few_shot2.tests.test_041.TestVersion)

Traceback (most recent call last):
  File "C:\Users\skaspers\OneDrive - Capgemini\Documents\Prompted Testsuite Analysis\.\datasets\GPT_4\Few_shot2\tests\test_041.py", line 19, in test_power_float_base
    def test_power_float_base(self): self.assertAlmostEqual(power(2.0, 3), 8.0)
AssertionError: 16.0 != 8.0 within 7 places (8.0 difference)

   - [#   4] AOR datasets.GPT_4.Few_shot2.programs.program_041: [0.22369 s] killed by test_power_float_base (datasets.GPT_4.Few_shot2.tests.test_041.TestVersion)

Traceback (most recent call last):
  File "C:\Users\skaspers\OneDrive - Capgemini\Documents\Prompted Testsuite Analysis\.\datasets\GPT_4\Few_shot2\tests\test_041.py", line 19, in test_power_float_base
    def test_power_float_base(self): self.assertAlmostEqual(power(2.0, 3), 8.0)
  File "datasets.GPT_4.Few_shot2.programs.program_041", line 9, in power
  File "datasets.GPT_4.Few_shot2.programs.program_041", line 9, in power
  File "datasets.GPT_4.Few_shot2.programs.program_041", line 9, in power
  [Previous line repeated 983 more times]
  File "datasets.GPT_4.Few_shot2.programs.program_041", line 2, in power
RecursionError: maximum recursion depth exceeded in comparison

   - [#   5] COI datasets.GPT_4.Few_shot2.programs.program_041: [0.00000 s] killed by test_power_float_base (datasets.GPT_4.Few_shot2.tests.test_041.TestVersion)

Traceback (most recent call last):
  File "C:\Users\skaspers\OneDrive - Capgemini\Documents\Prompted Testsuite Analysis\.\datasets\GPT_4\Few_shot2\tests\test_041.py", line 19, in test_power_float_base
    def test_power_float_base(self): self.assertAlmostEqual(power(2.0, 3), 8.0)
AssertionError: 1 != 8.0 within 7 places (7.0 difference)

   - [#   6] COI datasets.GPT_4.Few_shot2.programs.program_041: [0.00000 s] killed by test_power_float_base (datasets.GPT_4.Few_shot2.tests.test_041.TestVersion)

Traceback (most recent call last):
  File "C:\Users\skaspers\OneDrive - Capgemini\Documents\Prompted Testsuite Analysis\.\datasets\GPT_4\Few_shot2\tests\test_041.py", line 19, in test_power_float_base
    def test_power_float_base(self): self.assertAlmostEqual(power(2.0, 3), 8.0)
AssertionError: 0 != 8.0 within 7 places (8.0 difference)

   - [#   7] COI datasets.GPT_4.Few_shot2.programs.program_041: [0.00000 s] killed by test_power_float_base (datasets.GPT_4.Few_shot2.tests.test_041.TestVersion)

Traceback (most recent call last):
  File "C:\Users\skaspers\OneDrive - Capgemini\Documents\Prompted Testsuite Analysis\.\datasets\GPT_4\Few_shot2\tests\test_041.py", line 19, in test_power_float_base
    def test_power_float_base(self): self.assertAlmostEqual(power(2.0, 3), 8.0)
AssertionError: 2.0 != 8.0 within 7 places (6.0 difference)

   - [#   8] ROR datasets.GPT_4.Few_shot2.programs.program_041: [0.00000 s] killed by test_power_float_base (datasets.GPT_4.Few_shot2.tests.test_041.TestVersion)

Traceback (most recent call last):
  File "C:\Users\skaspers\OneDrive - Capgemini\Documents\Prompted Testsuite Analysis\.\datasets\GPT_4\Few_shot2\tests\test_041.py", line 19, in test_power_float_base
    def test_power_float_base(self): self.assertAlmostEqual(power(2.0, 3), 8.0)
AssertionError: 1 != 8.0 within 7 places (7.0 difference)

   - [#   9] ROR datasets.GPT_4.Few_shot2.programs.program_041: [0.00000 s] killed by test_power_float_base (datasets.GPT_4.Few_shot2.tests.test_041.TestVersion)

Traceback (most recent call last):
  File "C:\Users\skaspers\OneDrive - Capgemini\Documents\Prompted Testsuite Analysis\.\datasets\GPT_4\Few_shot2\tests\test_041.py", line 19, in test_power_float_base
    def test_power_float_base(self): self.assertAlmostEqual(power(2.0, 3), 8.0)
AssertionError: 0 != 8.0 within 7 places (8.0 difference)

   - [#  10] ROR datasets.GPT_4.Few_shot2.programs.program_041: [0.00000 s] killed by test_power_float_base (datasets.GPT_4.Few_shot2.tests.test_041.TestVersion)

Traceback (most recent call last):
  File "C:\Users\skaspers\OneDrive - Capgemini\Documents\Prompted Testsuite Analysis\.\datasets\GPT_4\Few_shot2\tests\test_041.py", line 19, in test_power_float_base
    def test_power_float_base(self): self.assertAlmostEqual(power(2.0, 3), 8.0)
AssertionError: 2.0 != 8.0 within 7 places (6.0 difference)

[*] Mutation score [0.27254 s]: 100.0%
   - all: 10
   - killed: 10 (100.0%)
   - survived: 0 (0.0%)
   - incompetent: 0 (0.0%)
   - timeout: 0 (0.0%)
HI SANDER, RUNNING MUTPY FROM: C:\Users\skaspers\OneDrive - Capgemini\Documents\Prompted Testsuite Analysis\.venv38\lib\site-packages\mutpy\commandline.py
