[*] Start mutation process:
   - targets: datasets.GPT_4.Few_shot2.programs.program_078
   - tests: datasets.GPT_4.Few_shot2.tests.test_078
[*] 7 tests passed:
   - datasets.GPT_4.Few_shot2.tests.test_078 [0.00000 s]
[*] Start mutants generation and execution:
   - [#   1] AOR datasets.GPT_4.Few_shot2.programs.program_078: [0.00000 s] killed by test_large_odd (datasets.GPT_4.Few_shot2.tests.test_078.TestVersion)

Traceback (most recent call last):
  File "C:\Users\skaspers\OneDrive - Capgemini\Documents\Prompted Testsuite Analysis\.\datasets\GPT_4\Few_shot2\tests\test_078.py", line 17, in test_large_odd
    def test_large_odd(self): self.assertFalse(is_Sum_Of_Powers_Of_Two(1000001))
AssertionError: True is not false

   - [#   2] COI datasets.GPT_4.Few_shot2.programs.program_078: [0.00000 s] killed by test_even_number (datasets.GPT_4.Few_shot2.tests.test_078.TestVersion)

Traceback (most recent call last):
  File "C:\Users\skaspers\OneDrive - Capgemini\Documents\Prompted Testsuite Analysis\.\datasets\GPT_4\Few_shot2\tests\test_078.py", line 5, in test_even_number
    def test_even_number(self): self.assertTrue(is_Sum_Of_Powers_Of_Two(2))
AssertionError: False is not true

   - [#   3] ROR datasets.GPT_4.Few_shot2.programs.program_078: [0.00000 s] killed by test_even_number (datasets.GPT_4.Few_shot2.tests.test_078.TestVersion)

Traceback (most recent call last):
  File "C:\Users\skaspers\OneDrive - Capgemini\Documents\Prompted Testsuite Analysis\.\datasets\GPT_4\Few_shot2\tests\test_078.py", line 5, in test_even_number
    def test_even_number(self): self.assertTrue(is_Sum_Of_Powers_Of_Two(2))
AssertionError: False is not true

[*] Mutation score [0.03917 s]: 100.0%
   - all: 3
   - killed: 3 (100.0%)
   - survived: 0 (0.0%)
   - incompetent: 0 (0.0%)
   - timeout: 0 (0.0%)
HI SANDER, RUNNING MUTPY FROM: C:\Users\skaspers\OneDrive - Capgemini\Documents\Prompted Testsuite Analysis\.venv38\lib\site-packages\mutpy\commandline.py
