[*] Start mutation process:
   - targets: datasets.GPT_4.Few_shot2.programs.program_093
   - tests: datasets.GPT_4.Few_shot2.tests.test_093
[*] 9 tests passed:
   - datasets.GPT_4.Few_shot2.tests.test_093 [0.00000 s]
[*] Start mutants generation and execution:
   - [#   1] ASR datasets.GPT_4.Few_shot2.programs.program_093: [0.00000 s] killed by test_frequency_all_same (datasets.GPT_4.Few_shot2.tests.test_093.TestVersion)

Traceback (most recent call last):
  File "C:\Users\skaspers\OneDrive - Capgemini\Documents\Prompted Testsuite Analysis\.\datasets\GPT_4\Few_shot2\tests\test_093.py", line 13, in test_frequency_all_same
    def test_frequency_all_same(self): self.assertEqual(frequency([5, 5, 5], 5), 3)
AssertionError: -3 != 3

   - [#   2] COI datasets.GPT_4.Few_shot2.programs.program_093: [0.00000 s] killed by test_frequency_all_different (datasets.GPT_4.Few_shot2.tests.test_093.TestVersion)

Traceback (most recent call last):
  File "C:\Users\skaspers\OneDrive - Capgemini\Documents\Prompted Testsuite Analysis\.\datasets\GPT_4\Few_shot2\tests\test_093.py", line 15, in test_frequency_all_different
    def test_frequency_all_different(self): self.assertEqual(frequency([1, 2, 3], 0), 0)
AssertionError: 3 != 0

   - [#   3] ROR datasets.GPT_4.Few_shot2.programs.program_093: [0.00000 s] killed by test_frequency_all_different (datasets.GPT_4.Few_shot2.tests.test_093.TestVersion)

Traceback (most recent call last):
  File "C:\Users\skaspers\OneDrive - Capgemini\Documents\Prompted Testsuite Analysis\.\datasets\GPT_4\Few_shot2\tests\test_093.py", line 15, in test_frequency_all_different
    def test_frequency_all_different(self): self.assertEqual(frequency([1, 2, 3], 0), 0)
AssertionError: 3 != 0

[*] Mutation score [0.03189 s]: 100.0%
   - all: 3
   - killed: 3 (100.0%)
   - survived: 0 (0.0%)
   - incompetent: 0 (0.0%)
   - timeout: 0 (0.0%)
HI SANDER, RUNNING MUTPY FROM: C:\Users\skaspers\OneDrive - Capgemini\Documents\Prompted Testsuite Analysis\.venv38\lib\site-packages\mutpy\commandline.py
