[*] Start mutation process:
   - targets: datasets.GPT_4.Few_shot2.programs.program_033
   - tests: datasets.GPT_4.Few_shot2.tests.test_033
[*] 8 tests passed:
   - datasets.GPT_4.Few_shot2.tests.test_033 [0.00000 s]
[*] Start mutants generation and execution:
   - [#   1] AOR datasets.GPT_4.Few_shot2.programs.program_033: [0.00100 s] killed by test_surfacearea_sphere_large_radius (datasets.GPT_4.Few_shot2.tests.test_033.TestVersion)

Traceback (most recent call last):
  File "C:\Users\skaspers\OneDrive - Capgemini\Documents\Prompted Testsuite Analysis\.\datasets\GPT_4\Few_shot2\tests\test_033.py", line 17, in test_surfacearea_sphere_large_radius
    def test_surfacearea_sphere_large_radius(self): self.assertAlmostEqual(surfacearea_sphere(1000), 4 * math.pi * 1000000)
AssertionError: 1273239.5447351628 != 12566370.614359172 within 7 places (11293131.069624009 difference)

   - [#   2] AOR datasets.GPT_4.Few_shot2.programs.program_033: [0.00000 s] killed by test_surfacearea_sphere_large_radius (datasets.GPT_4.Few_shot2.tests.test_033.TestVersion)

Traceback (most recent call last):
  File "C:\Users\skaspers\OneDrive - Capgemini\Documents\Prompted Testsuite Analysis\.\datasets\GPT_4\Few_shot2\tests\test_033.py", line 17, in test_surfacearea_sphere_large_radius
    def test_surfacearea_sphere_large_radius(self): self.assertAlmostEqual(surfacearea_sphere(1000), 4 * math.pi * 1000000)
AssertionError: 1000000.0 != 12566370.614359172 within 7 places (11566370.614359172 difference)

   - [#   3] AOR datasets.GPT_4.Few_shot2.programs.program_033: [0.00000 s] killed by test_surfacearea_sphere_large_radius (datasets.GPT_4.Few_shot2.tests.test_033.TestVersion)

Traceback (most recent call last):
  File "C:\Users\skaspers\OneDrive - Capgemini\Documents\Prompted Testsuite Analysis\.\datasets\GPT_4\Few_shot2\tests\test_033.py", line 17, in test_surfacearea_sphere_large_radius
    def test_surfacearea_sphere_large_radius(self): self.assertAlmostEqual(surfacearea_sphere(1000), 4 * math.pi * 1000000)
AssertionError: 77880233.64838809 != 12566370.614359172 within 7 places (65313863.03402892 difference)

   - [#   4] AOR datasets.GPT_4.Few_shot2.programs.program_033: [0.00100 s] killed by test_surfacearea_sphere_large_radius (datasets.GPT_4.Few_shot2.tests.test_033.TestVersion)

Traceback (most recent call last):
  File "C:\Users\skaspers\OneDrive - Capgemini\Documents\Prompted Testsuite Analysis\.\datasets\GPT_4\Few_shot2\tests\test_033.py", line 17, in test_surfacearea_sphere_large_radius
    def test_surfacearea_sphere_large_radius(self): self.assertAlmostEqual(surfacearea_sphere(1000), 4 * math.pi * 1000000)
AssertionError: 12.566370614359172 != 12566370.614359172 within 7 places (12566358.047988558 difference)

   - [#   5] AOR datasets.GPT_4.Few_shot2.programs.program_033: [0.00101 s] killed by test_surfacearea_sphere_large_radius (datasets.GPT_4.Few_shot2.tests.test_033.TestVersion)

Traceback (most recent call last):
  File "C:\Users\skaspers\OneDrive - Capgemini\Documents\Prompted Testsuite Analysis\.\datasets\GPT_4\Few_shot2\tests\test_033.py", line 17, in test_surfacearea_sphere_large_radius
    def test_surfacearea_sphere_large_radius(self): self.assertAlmostEqual(surfacearea_sphere(1000), 4 * math.pi * 1000000)
AssertionError: 0.0 != 12566370.614359172 within 7 places (12566370.614359172 difference)

   - [#   6] AOR datasets.GPT_4.Few_shot2.programs.program_033: [0.00099 s] killed by test_surfacearea_sphere_large_radius (datasets.GPT_4.Few_shot2.tests.test_033.TestVersion)

Traceback (most recent call last):
  File "C:\Users\skaspers\OneDrive - Capgemini\Documents\Prompted Testsuite Analysis\.\datasets\GPT_4\Few_shot2\tests\test_033.py", line 17, in test_surfacearea_sphere_large_radius
    def test_surfacearea_sphere_large_radius(self): self.assertAlmostEqual(surfacearea_sphere(1000), 4 * math.pi * 1000000)
  File "datasets.GPT_4.Few_shot2.programs.program_033", line 3, in surfacearea_sphere
OverflowError: (34, 'Result too large')

   - [#   7] AOR datasets.GPT_4.Few_shot2.programs.program_033: [0.00000 s] killed by test_surfacearea_sphere_large_radius (datasets.GPT_4.Few_shot2.tests.test_033.TestVersion)

Traceback (most recent call last):
  File "C:\Users\skaspers\OneDrive - Capgemini\Documents\Prompted Testsuite Analysis\.\datasets\GPT_4\Few_shot2\tests\test_033.py", line 17, in test_surfacearea_sphere_large_radius
    def test_surfacearea_sphere_large_radius(self): self.assertAlmostEqual(surfacearea_sphere(1000), 4 * math.pi * 1000000)
AssertionError: 12.566370614359172 != 12566370.614359172 within 7 places (12566358.047988558 difference)

   - [#   8] AOR datasets.GPT_4.Few_shot2.programs.program_033: [0.00000 s] killed by test_surfacearea_sphere_large_radius (datasets.GPT_4.Few_shot2.tests.test_033.TestVersion)

Traceback (most recent call last):
  File "C:\Users\skaspers\OneDrive - Capgemini\Documents\Prompted Testsuite Analysis\.\datasets\GPT_4\Few_shot2\tests\test_033.py", line 17, in test_surfacearea_sphere_large_radius
    def test_surfacearea_sphere_large_radius(self): self.assertAlmostEqual(surfacearea_sphere(1000), 4 * math.pi * 1000000)
AssertionError: 12.0 != 12566370.614359172 within 7 places (12566358.614359172 difference)

   - [#   9] AOR datasets.GPT_4.Few_shot2.programs.program_033: [0.00199 s] killed by test_surfacearea_sphere_large_radius (datasets.GPT_4.Few_shot2.tests.test_033.TestVersion)

Traceback (most recent call last):
  File "C:\Users\skaspers\OneDrive - Capgemini\Documents\Prompted Testsuite Analysis\.\datasets\GPT_4\Few_shot2\tests\test_033.py", line 17, in test_surfacearea_sphere_large_radius
    def test_surfacearea_sphere_large_radius(self): self.assertAlmostEqual(surfacearea_sphere(1000), 4 * math.pi * 1000000)
  File "datasets.GPT_4.Few_shot2.programs.program_033", line 3, in surfacearea_sphere
OverflowError: (34, 'Result too large')

[*] Mutation score [0.04898 s]: 100.0%
   - all: 9
   - killed: 9 (100.0%)
   - survived: 0 (0.0%)
   - incompetent: 0 (0.0%)
   - timeout: 0 (0.0%)
HI SANDER, RUNNING MUTPY FROM: C:\Users\skaspers\OneDrive - Capgemini\Documents\Prompted Testsuite Analysis\.venv38\lib\site-packages\mutpy\commandline.py
