[*] Start mutation process:
   - targets: datasets.GPT_4.Few_shot2.programs.program_024
   - tests: datasets.GPT_4.Few_shot2.tests.test_024
[*] 9 tests passed:
   - datasets.GPT_4.Few_shot2.tests.test_024 [0.00000 s]
[*] Start mutants generation and execution:
   - [#   1] AOR datasets.GPT_4.Few_shot2.programs.program_024: [0.00100 s] killed by test_dif_Square_mod_2 (datasets.GPT_4.Few_shot2.tests.test_024.TestVersion)

Traceback (most recent call last):
  File "C:\Users\skaspers\OneDrive - Capgemini\Documents\Prompted Testsuite Analysis\.\datasets\GPT_4\Few_shot2\tests\test_024.py", line 9, in test_dif_Square_mod_2
    def test_dif_Square_mod_2(self): self.assertFalse(dif_Square(6))
AssertionError: True is not false

   - [#   2] COI datasets.GPT_4.Few_shot2.programs.program_024: [0.00000 s] killed by test_dif_Square_mod_0 (datasets.GPT_4.Few_shot2.tests.test_024.TestVersion)

Traceback (most recent call last):
  File "C:\Users\skaspers\OneDrive - Capgemini\Documents\Prompted Testsuite Analysis\.\datasets\GPT_4\Few_shot2\tests\test_024.py", line 5, in test_dif_Square_mod_0
    def test_dif_Square_mod_0(self): self.assertTrue(dif_Square(4))
AssertionError: False is not true

   - [#   3] ROR datasets.GPT_4.Few_shot2.programs.program_024: [0.00100 s] killed by test_dif_Square_mod_0 (datasets.GPT_4.Few_shot2.tests.test_024.TestVersion)

Traceback (most recent call last):
  File "C:\Users\skaspers\OneDrive - Capgemini\Documents\Prompted Testsuite Analysis\.\datasets\GPT_4\Few_shot2\tests\test_024.py", line 5, in test_dif_Square_mod_0
    def test_dif_Square_mod_0(self): self.assertTrue(dif_Square(4))
AssertionError: False is not true

[*] Mutation score [0.03190 s]: 100.0%
   - all: 3
   - killed: 3 (100.0%)
   - survived: 0 (0.0%)
   - incompetent: 0 (0.0%)
   - timeout: 0 (0.0%)
HI SANDER, RUNNING MUTPY FROM: C:\Users\skaspers\OneDrive - Capgemini\Documents\Prompted Testsuite Analysis\.venv38\lib\site-packages\mutpy\commandline.py
