[*] Start mutation process:
   - targets: datasets.GPT_4.Few_shot2.programs.program_094
   - tests: datasets.GPT_4.Few_shot2.tests.test_094
[*] 5 tests passed:
   - datasets.GPT_4.Few_shot2.tests.test_094 [0.00000 s]
[*] Start mutants generation and execution:
   - [#   1] AOR datasets.GPT_4.Few_shot2.programs.program_094: [0.00000 s] killed by test_sum_range_list_entire_list (datasets.GPT_4.Few_shot2.tests.test_094.TestVersion)

Traceback (most recent call last):
  File "C:\Users\skaspers\OneDrive - Capgemini\Documents\Prompted Testsuite Analysis\.\datasets\GPT_4\Few_shot2\tests\test_094.py", line 13, in test_sum_range_list_entire_list
    def test_sum_range_list_entire_list(self): self.assertEqual(sum_range_list([2, 4, 6, 8], 0, 3), 20)
AssertionError: 6 != 20

   - [#   2] ASR datasets.GPT_4.Few_shot2.programs.program_094: [0.00000 s] killed by test_sum_range_list_entire_list (datasets.GPT_4.Few_shot2.tests.test_094.TestVersion)

Traceback (most recent call last):
  File "C:\Users\skaspers\OneDrive - Capgemini\Documents\Prompted Testsuite Analysis\.\datasets\GPT_4\Few_shot2\tests\test_094.py", line 13, in test_sum_range_list_entire_list
    def test_sum_range_list_entire_list(self): self.assertEqual(sum_range_list([2, 4, 6, 8], 0, 3), 20)
AssertionError: -20 != 20

[*] Mutation score [0.04093 s]: 100.0%
   - all: 2
   - killed: 2 (100.0%)
   - survived: 0 (0.0%)
   - incompetent: 0 (0.0%)
   - timeout: 0 (0.0%)
HI SANDER, RUNNING MUTPY FROM: C:\Users\skaspers\OneDrive - Capgemini\Documents\Prompted Testsuite Analysis\.venv38\lib\site-packages\mutpy\commandline.py
