[*] Start mutation process:
   - targets: datasets.GPT_4.Few_shot2.programs.program_009
   - tests: datasets.GPT_4.Few_shot2.tests.test_009
[*] 7 tests passed:
   - datasets.GPT_4.Few_shot2.tests.test_009 [0.00000 s]
[*] Start mutants generation and execution:
   - [#   1] AOR datasets.GPT_4.Few_shot2.programs.program_009: [0.00090 s] killed by test_rev_large_number (datasets.GPT_4.Few_shot2.tests.test_009.TestVersion)

Traceback (most recent call last):
  File "C:\Users\skaspers\OneDrive - Capgemini\Documents\Prompted Testsuite Analysis\.\datasets\GPT_4\Few_shot2\tests\test_009.py", line 17, in test_rev_large_number
    def test_rev_large_number(self): self.assertEqual(rev(9876543210), 123456789)
AssertionError: 9.87654321 != 123456789

   - [#   2] AOR datasets.GPT_4.Few_shot2.programs.program_009: [0.00000 s] killed by test_rev_large_number (datasets.GPT_4.Few_shot2.tests.test_009.TestVersion)

Traceback (most recent call last):
  File "C:\Users\skaspers\OneDrive - Capgemini\Documents\Prompted Testsuite Analysis\.\datasets\GPT_4\Few_shot2\tests\test_009.py", line 17, in test_rev_large_number
    def test_rev_large_number(self): self.assertEqual(rev(9876543210), 123456789)
AssertionError: 9 != 123456789

   - [#   3] AOR datasets.GPT_4.Few_shot2.programs.program_009: [*] Mutation score [296.20522 s]: 100.0%
   - all: 2
   - killed: 2 (100.0%)
   - survived: 0 (0.0%)
   - incompetent: 0 (0.0%)
   - timeout: 0 (0.0%)
HI SANDER, RUNNING MUTPY FROM: C:\Users\skaspers\OneDrive - Capgemini\Documents\Prompted Testsuite Analysis\.venv38\lib\site-packages\mutpy\commandline.py
