program_001 (source):
    def remove_Occ(s,ch): 
        for i in range(len(s)): 
            if (s[i] == ch): 
                s = s[0 : i] + s[i + 1:] 
                break
        for i in range(len(s) - 1,-1,-1):  
            if (s[i] == ch): 
                s = s[0 : i] + s[i + 1:] 
                break
        return s
program_001 (failed test code):
        def test_all_characters_match(self):
            self.assertEqual(remove_Occ('aaaa', 'a'), '')
    
        def test_empty_string(self):
            self.assertEqual(remove_Occ('', 'a'), '')
    
        def test_empty_character(self):
            self.assertEqual(remove_Occ('hello', ''), 'hello')
    
        def test_single_character_match(self):
            self.assertEqual(remove_Occ('a', 'a'), '')
    
        def test_case_sensitivity(self):
            self.assertEqual(remove_Occ('Hello World', 'h'), 'Hello World')
            self.assertEqual(remove_Occ('Hello World', 'H'), 'ello World')
    
        def test_remove_special_character(self):
            self.assertEqual(remove_Occ('user@domain.com', '@'), 'userdomain.com')
    
        def test_unicode_character(self):
            self.assertEqual(remove_Occ('héllò', 'é'), 'hllò')
    
        def test_long_string(self):
            self.assertEqual(remove_Occ('a' * 1000, 'a'), '')
    
        def test_string_with_numbers(self):
            self.assertEqual(remove_Occ('12345', '3'), '1245')
    
        def test_character_at_start(self):
            self.assertEqual(remove_Occ('apple', 'a'), 'pple')
    
        def test_character_at_end(self):
            self.assertEqual(remove_Occ('banana', 'a'), 'bnn')
    
        def test_consecutive_characters(self):
            self.assertEqual(remove_Occ('bookkeeper', 'e'), 'bookkepr')
    
        def test_no_replacement_needed(self):
            self.assertEqual(remove_Occ('abcdef', 'x'), 'abcdef')
    

        def test_character_at_end(self):
            self.assertEqual(remove_Occ('banana', 'a'), 'bnn')
    
        def test_consecutive_characters(self):
            self.assertEqual(remove_Occ('bookkeeper', 'e'), 'bookkepr')
    
        def test_no_replacement_needed(self):
            self.assertEqual(remove_Occ('abcdef', 'x'), 'abcdef')
    

        def test_long_string(self):
            self.assertEqual(remove_Occ('a' * 1000, 'a'), '')
    
        def test_string_with_numbers(self):
            self.assertEqual(remove_Occ('12345', '3'), '1245')
    
        def test_character_at_start(self):
            self.assertEqual(remove_Occ('apple', 'a'), 'pple')
    
        def test_character_at_end(self):
            self.assertEqual(remove_Occ('banana', 'a'), 'bnn')
    
        def test_consecutive_characters(self):
            self.assertEqual(remove_Occ('bookkeeper', 'e'), 'bookkepr')
    
        def test_no_replacement_needed(self):
            self.assertEqual(remove_Occ('abcdef', 'x'), 'abcdef')
    

        def test_remove_multiple_occurrences(self):
            self.assertEqual(remove_Occ('hello world', 'l'), 'heo word')
    
        def test_character_not_present(self):
            self.assertEqual(remove_Occ('hello world', 'x'), 'hello world')
    
        def test_all_characters_match(self):
            self.assertEqual(remove_Occ('aaaa', 'a'), '')
    
        def test_empty_string(self):
            self.assertEqual(remove_Occ('', 'a'), '')
    
        def test_empty_character(self):
            self.assertEqual(remove_Occ('hello', ''), 'hello')
    
        def test_single_character_match(self):
            self.assertEqual(remove_Occ('a', 'a'), '')
    
        def test_case_sensitivity(self):
            self.assertEqual(remove_Occ('Hello World', 'h'), 'Hello World')
            self.assertEqual(remove_Occ('Hello World', 'H'), 'ello World')
    
        def test_remove_special_character(self):
            self.assertEqual(remove_Occ('user@domain.com', '@'), 'userdomain.com')
    
        def test_unicode_character(self):
            self.assertEqual(remove_Occ('héllò', 'é'), 'hllò')
    
        def test_long_string(self):
            self.assertEqual(remove_Occ('a' * 1000, 'a'), '')
    
        def test_string_with_numbers(self):
            self.assertEqual(remove_Occ('12345', '3'), '1245')
    
        def test_character_at_start(self):
            self.assertEqual(remove_Occ('apple', 'a'), 'pple')
    
        def test_character_at_end(self):
            self.assertEqual(remove_Occ('banana', 'a'), 'bnn')
    
        def test_consecutive_characters(self):
            self.assertEqual(remove_Occ('bookkeeper', 'e'), 'bookkepr')
    
        def test_no_replacement_needed(self):
            self.assertEqual(remove_Occ('abcdef', 'x'), 'abcdef')
    


program_001 (assert errors):
    FAILED: test_all_characters_match
        Traceback (most recent call last):
          File "C:\Users\skaspers\OneDrive - Capgemini\Documents\Prompted Testsuite Analysis\datasets\GPT_4\Chain_of_thought\tests\test_001.py", line 12, in test_all_characters_match
            self.assertEqual(remove_Occ('aaaa', 'a'), '')
        AssertionError: 'aa' != ''
        - aa
        + 
        
        
    FAILED: test_character_at_end
        Traceback (most recent call last):
          File "C:\Users\skaspers\OneDrive - Capgemini\Documents\Prompted Testsuite Analysis\datasets\GPT_4\Chain_of_thought\tests\test_001.py", line 43, in test_character_at_end
            self.assertEqual(remove_Occ('banana', 'a'), 'bnn')
        AssertionError: 'bnan' != 'bnn'
        - bnan
        ?   -
        + bnn
        
        
    FAILED: test_long_string
        Traceback (most recent call last):
          File "C:\Users\skaspers\OneDrive - Capgemini\Documents\Prompted Testsuite Analysis\datasets\GPT_4\Chain_of_thought\tests\test_001.py", line 34, in test_long_string
            self.assertEqual(remove_Occ('a' * 1000, 'a'), '')
        AssertionError: 'aaaaaaaaaaaaaaaaaaaaaaaaaaaaaaaaaaaaaaaaa[953 chars]aaaa' != ''
        Diff is 1005 characters long. Set self.maxDiff to None to see it.
        
    FAILED: test_remove_multiple_occurrences
        Traceback (most recent call last):
          File "C:\Users\skaspers\OneDrive - Capgemini\Documents\Prompted Testsuite Analysis\datasets\GPT_4\Chain_of_thought\tests\test_001.py", line 6, in test_remove_multiple_occurrences
            self.assertEqual(remove_Occ('hello world', 'l'), 'heo word')
        AssertionError: 'helo word' != 'heo word'
        - helo word
        ?   -
        + heo word
        
        

program_002 (source):
    def sort_matrix(M):
        result = sorted(M, key=sum)
        return result
program_002 (failed test code):
        def test_uneven_rows(self):
            matrix = [[1, 2, 3], [4, 5], [6]]
            expected = [[6], [4, 5], [1, 2, 3]]
            self.assertEqual(sort_matrix(matrix), expected)
    
        def test_already_sorted_matrix(self):
            matrix = [[1, 2], [3, 4], [5, 6]]
            expected = [[1, 2], [3, 4], [5, 6]]
            self.assertEqual(sort_matrix(matrix), expected)
    

        def test_varying_row_sums(self):
            matrix = [[3, 1, 2], [1, 2, 3], [4, 4, 4]]
            expected = [[1, 2, 3], [3, 1, 2], [4, 4, 4]]
            self.assertEqual(sort_matrix(matrix), expected)
    
        def test_single_row(self):
            matrix = [[3, 1, 2]]
            expected = [[3, 1, 2]]
            self.assertEqual(sort_matrix(matrix), expected)
    
        def test_single_column(self):
            matrix = [[3], [1], [2]]
            expected = [[1], [2], [3]]
            self.assertEqual(sort_matrix(matrix), expected)
    
        def test_all_zero_rows(self):
            matrix = [[0, 0, 0], [0, 0, 0], [0, 0, 0]]
            expected = [[0, 0, 0], [0, 0, 0], [0, 0, 0]]
            self.assertEqual(sort_matrix(matrix), expected)
    
        def test_identical_rows(self):
            matrix = [[2, 2, 2], [2, 2, 2], [2, 2, 2]]
            expected = [[2, 2, 2], [2, 2, 2], [2, 2, 2]]
            self.assertEqual(sort_matrix(matrix), expected)
    
        def test_empty_matrix(self):
            matrix = []
            expected = []
            self.assertEqual(sort_matrix(matrix), expected)
    
        def test_negative_numbers(self):
            matrix = [[-1, -2, -3], [1, 2, 3], [0, 0, 0]]
            expected = [[-1, -2, -3], [0, 0, 0], [1, 2, 3]]
            self.assertEqual(sort_matrix(matrix), expected)
    
        def test_mixed_numbers(self):
            matrix = [[1, -2, 3], [-1, 2, -3], [0, 0, 0]]
            expected = [[-1, 2, -3], [0, 0, 0], [1, -2, 3]]
            self.assertEqual(sort_matrix(matrix), expected)
    
        def test_floating_point_numbers(self):
            matrix = [[1.5, 2.5, 3.5], [1.2, 2.2, 3.2], [1.1, 2.1, 3.1]]
            expected = [[1.1, 2.1, 3.1], [1.2, 2.2, 3.2], [1.5, 2.5, 3.5]]
            self.assertEqual(sort_matrix(matrix), expected)
    
        def test_large_matrix(self):
            matrix = [[i for i in range(1000)], [i for i in range(1000, 2000)]]
            expected = [[i for i in range(1000)], [i for i in range(1000, 2000)]]
            self.assertEqual(sort_matrix(matrix), expected)
    
        def test_rows_with_same_sum(self):
            matrix = [[2, 3], [1, 4]]
            expected = [[2, 3], [1, 4]]
            self.assertEqual(sort_matrix(matrix), expected)
    
        def test_single_element_matrix(self):
            matrix = [[42]]
            expected = [[42]]
            self.assertEqual(sort_matrix(matrix), expected)
    
        def test_uneven_rows(self):
            matrix = [[1, 2, 3], [4, 5], [6]]
            expected = [[6], [4, 5], [1, 2, 3]]
            self.assertEqual(sort_matrix(matrix), expected)
    
        def test_already_sorted_matrix(self):
            matrix = [[1, 2], [3, 4], [5, 6]]
            expected = [[1, 2], [3, 4], [5, 6]]
            self.assertEqual(sort_matrix(matrix), expected)
    


program_002 (assert errors):
    FAILED: test_uneven_rows
        Traceback (most recent call last):
          File "C:\Users\skaspers\OneDrive - Capgemini\Documents\Prompted Testsuite Analysis\datasets\GPT_4\Chain_of_thought\tests\test_002.py", line 68, in test_uneven_rows
            self.assertEqual(sort_matrix(matrix), expected)
        AssertionError: Lists differ: [[1, 2, 3], [6], [4, 5]] != [[6], [4, 5], [1, 2, 3]]
        
        First differing element 0:
        [1, 2, 3]
        [6]
        
        - [[1, 2, 3], [6], [4, 5]]
        + [[6], [4, 5], [1, 2, 3]]
        
    FAILED: test_varying_row_sums
        Traceback (most recent call last):
          File "C:\Users\skaspers\OneDrive - Capgemini\Documents\Prompted Testsuite Analysis\datasets\GPT_4\Chain_of_thought\tests\test_002.py", line 8, in test_varying_row_sums
            self.assertEqual(sort_matrix(matrix), expected)
        AssertionError: Lists differ: [[3, 1, 2], [1, 2, 3], [4, 4, 4]] != [[1, 2, 3], [3, 1, 2], [4, 4, 4]]
        
        First differing element 0:
        [3, 1, 2]
        [1, 2, 3]
        
        - [[3, 1, 2], [1, 2, 3], [4, 4, 4]]
        + [[1, 2, 3], [3, 1, 2], [4, 4, 4]]
        

program_003 (source):
    def find_Volume(l,b,h) : 
        return ((l * b * h) / 2)
program_003 (failed test code):
        def test_high_precision_floats(self):
            self.assertAlmostEqual(find_Volume(1.123456789, 2.987654321, 4.567890123), 7.680831123, places=9)
    
        def test_string_input(self):
            with self.assertRaises(TypeError):
                find_Volume('3', 4, 5)
    
        def test_none_input(self):
            with self.assertRaises(TypeError):
                find_Volume(None, 4, 5)
    
        def test_empty_string_input(self):
            with self.assertRaises(TypeError):
                find_Volume('', 4, 5)
    


program_003 (assert errors):
    FAILED: test_high_precision_floats
        Traceback (most recent call last):
          File "C:\Users\skaspers\OneDrive - Capgemini\Documents\Prompted Testsuite Analysis\datasets\GPT_4\Chain_of_thought\tests\test_003.py", line 51, in test_high_precision_floats
            self.assertAlmostEqual(find_Volume(1.123456789, 2.987654321, 4.567890123), 7.680831123, places=9)
        AssertionError: 7.6660628096728844 != 7.680831123 within 9 places (0.014768313327115479 difference)
        

program_005 (source):
    def square_perimeter(a):
      perimeter=4*a
      return perimeter
program_005 (failed test code):
        def test_list_input(self):
            with self.assertRaises(TypeError):
                square_perimeter([5])
    
        def test_infinity(self):
            self.assertEqual(square_perimeter(float('inf')), float('inf'))
    
        def test_nan(self):
            self.assertTrue(isnan(square_perimeter(float('nan'))))
    
        def test_none_input(self):
            with self.assertRaises(TypeError):
                square_perimeter(None)
    
        def test_complex_number(self):
            self.assertEqual(square_perimeter(1 + 2j), 4 + 8j)
    

        def test_string_input(self):
            with self.assertRaises(TypeError):
                square_perimeter('5')
    
        def test_list_input(self):
            with self.assertRaises(TypeError):
                square_perimeter([5])
    
        def test_infinity(self):
            self.assertEqual(square_perimeter(float('inf')), float('inf'))
    
        def test_nan(self):
            self.assertTrue(isnan(square_perimeter(float('nan'))))
    
        def test_none_input(self):
            with self.assertRaises(TypeError):
                square_perimeter(None)
    
        def test_complex_number(self):
            self.assertEqual(square_perimeter(1 + 2j), 4 + 8j)
    

        def test_nan(self):
            self.assertTrue(isnan(square_perimeter(float('nan'))))
    
        def test_none_input(self):
            with self.assertRaises(TypeError):
                square_perimeter(None)
    
        def test_complex_number(self):
            self.assertEqual(square_perimeter(1 + 2j), 4 + 8j)
    


program_005 (assert errors):
    FAILED: test_list_input
        Traceback (most recent call last):
          File "C:\Users\skaspers\OneDrive - Capgemini\Documents\Prompted Testsuite Analysis\datasets\GPT_4\Chain_of_thought\tests\test_005.py", line 35, in test_list_input
            square_perimeter([5])
        AssertionError: TypeError not raised
        
    FAILED: test_string_input
        Traceback (most recent call last):
          File "C:\Users\skaspers\OneDrive - Capgemini\Documents\Prompted Testsuite Analysis\datasets\GPT_4\Chain_of_thought\tests\test_005.py", line 31, in test_string_input
            square_perimeter('5')
        AssertionError: TypeError not raised
        
    FAILED: test_nan
        Traceback (most recent call last):
          File "C:\Users\skaspers\OneDrive - Capgemini\Documents\Prompted Testsuite Analysis\datasets\GPT_4\Chain_of_thought\tests\test_005.py", line 41, in test_nan
            self.assertTrue(isnan(square_perimeter(float('nan'))))
        NameError: name 'isnan' is not defined
        

program_006 (source):
    def str_to_list(string): 
    	temp = [] 
    	for x in string: 
    		temp.append(x) 
    	return temp 
    def lst_to_string(List): 
    	return ''.join(List) 
    def get_char_count_array(string): 
    	count = [0] * NO_OF_CHARS 
    	for i in string: 
    		count[ord(i)] += 1
    	return count 
    def remove_dirty_chars(string, second_string): 
    	count = get_char_count_array(second_string) 
    	ip_ind = 0
    	res_ind = 0
    	temp = '' 
    	str_list = str_to_list(string) 
    	while ip_ind != len(str_list): 
    		temp = str_list[ip_ind] 
    		if count[ord(temp)] == 0: 
    			str_list[res_ind] = str_list[ip_ind] 
    			res_ind += 1
    		ip_ind+=1
    	return lst_to_string(str_list[0:res_ind])
program_006 (failed test code):
        def test_all_characters_removed(self):
            self.assertEqual(remove_dirty_chars('abc', 'abc'), '')
    

        def test_both_strings_empty(self):
            self.assertEqual(remove_dirty_chars('', ''), '')
    
        def test_case_sensitivity(self):
            self.assertEqual(remove_dirty_chars('Hello', 'h'), 'Hello')
    
        def test_repeating_characters(self):
            self.assertEqual(remove_dirty_chars('banana', 'an'), 'b')
    
        def test_special_characters(self):
            self.assertEqual(remove_dirty_chars('he!llo@world#', '!@#'), 'helloworld')
    
        def test_numeric_characters(self):
            self.assertEqual(remove_dirty_chars('123456', '345'), '126')
    
        def test_long_strings(self):
            self.assertEqual(remove_dirty_chars('a' * 1000 + 'b' * 1000, 'b'), 'a' * 1000)
    
        def test_unicode_characters(self):
            self.assertEqual(remove_dirty_chars('héllò', 'ò'), 'héll')
    
        def test_mixed_content(self):
            self.assertEqual(remove_dirty_chars('abc123!@#', '23!'), 'abc1@#')
    
        def test_non_ascii_in_second_string(self):
            self.assertEqual(remove_dirty_chars('hello', 'é'), 'hello')
    
        def test_string_with_spaces(self):
            self.assertEqual(remove_dirty_chars('hello world', ' '), 'helloworld')
    
        def test_all_characters_removed(self):
            self.assertEqual(remove_dirty_chars('abc', 'abc'), '')
    

        def test_case_sensitivity(self):
            self.assertEqual(remove_dirty_chars('Hello', 'h'), 'Hello')
    
        def test_repeating_characters(self):
            self.assertEqual(remove_dirty_chars('banana', 'an'), 'b')
    
        def test_special_characters(self):
            self.assertEqual(remove_dirty_chars('he!llo@world#', '!@#'), 'helloworld')
    
        def test_numeric_characters(self):
            self.assertEqual(remove_dirty_chars('123456', '345'), '126')
    
        def test_long_strings(self):
            self.assertEqual(remove_dirty_chars('a' * 1000 + 'b' * 1000, 'b'), 'a' * 1000)
    
        def test_unicode_characters(self):
            self.assertEqual(remove_dirty_chars('héllò', 'ò'), 'héll')
    
        def test_mixed_content(self):
            self.assertEqual(remove_dirty_chars('abc123!@#', '23!'), 'abc1@#')
    
        def test_non_ascii_in_second_string(self):
            self.assertEqual(remove_dirty_chars('hello', 'é'), 'hello')
    
        def test_string_with_spaces(self):
            self.assertEqual(remove_dirty_chars('hello world', ' '), 'helloworld')
    
        def test_all_characters_removed(self):
            self.assertEqual(remove_dirty_chars('abc', 'abc'), '')
    

        def test_empty_first_string(self):
            self.assertEqual(remove_dirty_chars('', 'abc'), '')
    
        def test_empty_second_string(self):
            self.assertEqual(remove_dirty_chars('hello', ''), 'hello')
    
        def test_both_strings_empty(self):
            self.assertEqual(remove_dirty_chars('', ''), '')
    
        def test_case_sensitivity(self):
            self.assertEqual(remove_dirty_chars('Hello', 'h'), 'Hello')
    
        def test_repeating_characters(self):
            self.assertEqual(remove_dirty_chars('banana', 'an'), 'b')
    
        def test_special_characters(self):
            self.assertEqual(remove_dirty_chars('he!llo@world#', '!@#'), 'helloworld')
    
        def test_numeric_characters(self):
            self.assertEqual(remove_dirty_chars('123456', '345'), '126')
    
        def test_long_strings(self):
            self.assertEqual(remove_dirty_chars('a' * 1000 + 'b' * 1000, 'b'), 'a' * 1000)
    
        def test_unicode_characters(self):
            self.assertEqual(remove_dirty_chars('héllò', 'ò'), 'héll')
    
        def test_mixed_content(self):
            self.assertEqual(remove_dirty_chars('abc123!@#', '23!'), 'abc1@#')
    
        def test_non_ascii_in_second_string(self):
            self.assertEqual(remove_dirty_chars('hello', 'é'), 'hello')
    
        def test_string_with_spaces(self):
            self.assertEqual(remove_dirty_chars('hello world', ' '), 'helloworld')
    
        def test_all_characters_removed(self):
            self.assertEqual(remove_dirty_chars('abc', 'abc'), '')
    

        def test_empty_second_string(self):
            self.assertEqual(remove_dirty_chars('hello', ''), 'hello')
    
        def test_both_strings_empty(self):
            self.assertEqual(remove_dirty_chars('', ''), '')
    
        def test_case_sensitivity(self):
            self.assertEqual(remove_dirty_chars('Hello', 'h'), 'Hello')
    
        def test_repeating_characters(self):
            self.assertEqual(remove_dirty_chars('banana', 'an'), 'b')
    
        def test_special_characters(self):
            self.assertEqual(remove_dirty_chars('he!llo@world#', '!@#'), 'helloworld')
    
        def test_numeric_characters(self):
            self.assertEqual(remove_dirty_chars('123456', '345'), '126')
    
        def test_long_strings(self):
            self.assertEqual(remove_dirty_chars('a' * 1000 + 'b' * 1000, 'b'), 'a' * 1000)
    
        def test_unicode_characters(self):
            self.assertEqual(remove_dirty_chars('héllò', 'ò'), 'héll')
    
        def test_mixed_content(self):
            self.assertEqual(remove_dirty_chars('abc123!@#', '23!'), 'abc1@#')
    
        def test_non_ascii_in_second_string(self):
            self.assertEqual(remove_dirty_chars('hello', 'é'), 'hello')
    
        def test_string_with_spaces(self):
            self.assertEqual(remove_dirty_chars('hello world', ' '), 'helloworld')
    
        def test_all_characters_removed(self):
            self.assertEqual(remove_dirty_chars('abc', 'abc'), '')
    

        def test_long_strings(self):
            self.assertEqual(remove_dirty_chars('a' * 1000 + 'b' * 1000, 'b'), 'a' * 1000)
    
        def test_unicode_characters(self):
            self.assertEqual(remove_dirty_chars('héllò', 'ò'), 'héll')
    
        def test_mixed_content(self):
            self.assertEqual(remove_dirty_chars('abc123!@#', '23!'), 'abc1@#')
    
        def test_non_ascii_in_second_string(self):
            self.assertEqual(remove_dirty_chars('hello', 'é'), 'hello')
    
        def test_string_with_spaces(self):
            self.assertEqual(remove_dirty_chars('hello world', ' '), 'helloworld')
    
        def test_all_characters_removed(self):
            self.assertEqual(remove_dirty_chars('abc', 'abc'), '')
    

        def test_mixed_content(self):
            self.assertEqual(remove_dirty_chars('abc123!@#', '23!'), 'abc1@#')
    
        def test_non_ascii_in_second_string(self):
            self.assertEqual(remove_dirty_chars('hello', 'é'), 'hello')
    
        def test_string_with_spaces(self):
            self.assertEqual(remove_dirty_chars('hello world', ' '), 'helloworld')
    
        def test_all_characters_removed(self):
            self.assertEqual(remove_dirty_chars('abc', 'abc'), '')
    

        def test_no_common_characters(self):
            self.assertEqual(remove_dirty_chars('abc', 'xyz'), 'abc')
    
        def test_empty_first_string(self):
            self.assertEqual(remove_dirty_chars('', 'abc'), '')
    
        def test_empty_second_string(self):
            self.assertEqual(remove_dirty_chars('hello', ''), 'hello')
    
        def test_both_strings_empty(self):
            self.assertEqual(remove_dirty_chars('', ''), '')
    
        def test_case_sensitivity(self):
            self.assertEqual(remove_dirty_chars('Hello', 'h'), 'Hello')
    
        def test_repeating_characters(self):
            self.assertEqual(remove_dirty_chars('banana', 'an'), 'b')
    
        def test_special_characters(self):
            self.assertEqual(remove_dirty_chars('he!llo@world#', '!@#'), 'helloworld')
    
        def test_numeric_characters(self):
            self.assertEqual(remove_dirty_chars('123456', '345'), '126')
    
        def test_long_strings(self):
            self.assertEqual(remove_dirty_chars('a' * 1000 + 'b' * 1000, 'b'), 'a' * 1000)
    
        def test_unicode_characters(self):
            self.assertEqual(remove_dirty_chars('héllò', 'ò'), 'héll')
    
        def test_mixed_content(self):
            self.assertEqual(remove_dirty_chars('abc123!@#', '23!'), 'abc1@#')
    
        def test_non_ascii_in_second_string(self):
            self.assertEqual(remove_dirty_chars('hello', 'é'), 'hello')
    
        def test_string_with_spaces(self):
            self.assertEqual(remove_dirty_chars('hello world', ' '), 'helloworld')
    
        def test_all_characters_removed(self):
            self.assertEqual(remove_dirty_chars('abc', 'abc'), '')
    

        def test_non_ascii_in_second_string(self):
            self.assertEqual(remove_dirty_chars('hello', 'é'), 'hello')
    
        def test_string_with_spaces(self):
            self.assertEqual(remove_dirty_chars('hello world', ' '), 'helloworld')
    
        def test_all_characters_removed(self):
            self.assertEqual(remove_dirty_chars('abc', 'abc'), '')
    

        def test_numeric_characters(self):
            self.assertEqual(remove_dirty_chars('123456', '345'), '126')
    
        def test_long_strings(self):
            self.assertEqual(remove_dirty_chars('a' * 1000 + 'b' * 1000, 'b'), 'a' * 1000)
    
        def test_unicode_characters(self):
            self.assertEqual(remove_dirty_chars('héllò', 'ò'), 'héll')
    
        def test_mixed_content(self):
            self.assertEqual(remove_dirty_chars('abc123!@#', '23!'), 'abc1@#')
    
        def test_non_ascii_in_second_string(self):
            self.assertEqual(remove_dirty_chars('hello', 'é'), 'hello')
    
        def test_string_with_spaces(self):
            self.assertEqual(remove_dirty_chars('hello world', ' '), 'helloworld')
    
        def test_all_characters_removed(self):
            self.assertEqual(remove_dirty_chars('abc', 'abc'), '')
    

        def test_repeating_characters(self):
            self.assertEqual(remove_dirty_chars('banana', 'an'), 'b')
    
        def test_special_characters(self):
            self.assertEqual(remove_dirty_chars('he!llo@world#', '!@#'), 'helloworld')
    
        def test_numeric_characters(self):
            self.assertEqual(remove_dirty_chars('123456', '345'), '126')
    
        def test_long_strings(self):
            self.assertEqual(remove_dirty_chars('a' * 1000 + 'b' * 1000, 'b'), 'a' * 1000)
    
        def test_unicode_characters(self):
            self.assertEqual(remove_dirty_chars('héllò', 'ò'), 'héll')
    
        def test_mixed_content(self):
            self.assertEqual(remove_dirty_chars('abc123!@#', '23!'), 'abc1@#')
    
        def test_non_ascii_in_second_string(self):
            self.assertEqual(remove_dirty_chars('hello', 'é'), 'hello')
    
        def test_string_with_spaces(self):
            self.assertEqual(remove_dirty_chars('hello world', ' '), 'helloworld')
    
        def test_all_characters_removed(self):
            self.assertEqual(remove_dirty_chars('abc', 'abc'), '')
    

        def test_special_characters(self):
            self.assertEqual(remove_dirty_chars('he!llo@world#', '!@#'), 'helloworld')
    
        def test_numeric_characters(self):
            self.assertEqual(remove_dirty_chars('123456', '345'), '126')
    
        def test_long_strings(self):
            self.assertEqual(remove_dirty_chars('a' * 1000 + 'b' * 1000, 'b'), 'a' * 1000)
    
        def test_unicode_characters(self):
            self.assertEqual(remove_dirty_chars('héllò', 'ò'), 'héll')
    
        def test_mixed_content(self):
            self.assertEqual(remove_dirty_chars('abc123!@#', '23!'), 'abc1@#')
    
        def test_non_ascii_in_second_string(self):
            self.assertEqual(remove_dirty_chars('hello', 'é'), 'hello')
    
        def test_string_with_spaces(self):
            self.assertEqual(remove_dirty_chars('hello world', ' '), 'helloworld')
    
        def test_all_characters_removed(self):
            self.assertEqual(remove_dirty_chars('abc', 'abc'), '')
    

        def test_string_with_spaces(self):
            self.assertEqual(remove_dirty_chars('hello world', ' '), 'helloworld')
    
        def test_all_characters_removed(self):
            self.assertEqual(remove_dirty_chars('abc', 'abc'), '')
    

        def test_typical_case(self):
            self.assertEqual(remove_dirty_chars('hello', 'world'), 'he')
    
        def test_no_common_characters(self):
            self.assertEqual(remove_dirty_chars('abc', 'xyz'), 'abc')
    
        def test_empty_first_string(self):
            self.assertEqual(remove_dirty_chars('', 'abc'), '')
    
        def test_empty_second_string(self):
            self.assertEqual(remove_dirty_chars('hello', ''), 'hello')
    
        def test_both_strings_empty(self):
            self.assertEqual(remove_dirty_chars('', ''), '')
    
        def test_case_sensitivity(self):
            self.assertEqual(remove_dirty_chars('Hello', 'h'), 'Hello')
    
        def test_repeating_characters(self):
            self.assertEqual(remove_dirty_chars('banana', 'an'), 'b')
    
        def test_special_characters(self):
            self.assertEqual(remove_dirty_chars('he!llo@world#', '!@#'), 'helloworld')
    
        def test_numeric_characters(self):
            self.assertEqual(remove_dirty_chars('123456', '345'), '126')
    
        def test_long_strings(self):
            self.assertEqual(remove_dirty_chars('a' * 1000 + 'b' * 1000, 'b'), 'a' * 1000)
    
        def test_unicode_characters(self):
            self.assertEqual(remove_dirty_chars('héllò', 'ò'), 'héll')
    
        def test_mixed_content(self):
            self.assertEqual(remove_dirty_chars('abc123!@#', '23!'), 'abc1@#')
    
        def test_non_ascii_in_second_string(self):
            self.assertEqual(remove_dirty_chars('hello', 'é'), 'hello')
    
        def test_string_with_spaces(self):
            self.assertEqual(remove_dirty_chars('hello world', ' '), 'helloworld')
    
        def test_all_characters_removed(self):
            self.assertEqual(remove_dirty_chars('abc', 'abc'), '')
    

        def test_unicode_characters(self):
            self.assertEqual(remove_dirty_chars('héllò', 'ò'), 'héll')
    
        def test_mixed_content(self):
            self.assertEqual(remove_dirty_chars('abc123!@#', '23!'), 'abc1@#')
    
        def test_non_ascii_in_second_string(self):
            self.assertEqual(remove_dirty_chars('hello', 'é'), 'hello')
    
        def test_string_with_spaces(self):
            self.assertEqual(remove_dirty_chars('hello world', ' '), 'helloworld')
    
        def test_all_characters_removed(self):
            self.assertEqual(remove_dirty_chars('abc', 'abc'), '')
    


program_006 (assert errors):
    FAILED: test_all_characters_removed
        Traceback (most recent call last):
          File "C:\Users\skaspers\OneDrive - Capgemini\Documents\Prompted Testsuite Analysis\datasets\GPT_4\Chain_of_thought\tests\test_006.py", line 48, in test_all_characters_removed
            self.assertEqual(remove_dirty_chars('abc', 'abc'), '')
          File "C:\Users\skaspers\OneDrive - Capgemini\Documents\Prompted Testsuite Analysis\datasets\GPT_4\Chain_of_thought\programs\program_006.py", line 14, in remove_dirty_chars
            count = get_char_count_array(second_string)
          File "C:\Users\skaspers\OneDrive - Capgemini\Documents\Prompted Testsuite Analysis\datasets\GPT_4\Chain_of_thought\programs\program_006.py", line 9, in get_char_count_array
            count = [0] * NO_OF_CHARS
        NameError: name 'NO_OF_CHARS' is not defined
        
    FAILED: test_both_strings_empty
        Traceback (most recent call last):
          File "C:\Users\skaspers\OneDrive - Capgemini\Documents\Prompted Testsuite Analysis\datasets\GPT_4\Chain_of_thought\tests\test_006.py", line 18, in test_both_strings_empty
            self.assertEqual(remove_dirty_chars('', ''), '')
          File "C:\Users\skaspers\OneDrive - Capgemini\Documents\Prompted Testsuite Analysis\datasets\GPT_4\Chain_of_thought\programs\program_006.py", line 14, in remove_dirty_chars
            count = get_char_count_array(second_string)
          File "C:\Users\skaspers\OneDrive - Capgemini\Documents\Prompted Testsuite Analysis\datasets\GPT_4\Chain_of_thought\programs\program_006.py", line 9, in get_char_count_array
            count = [0] * NO_OF_CHARS
        NameError: name 'NO_OF_CHARS' is not defined
        
    FAILED: test_case_sensitivity
        Traceback (most recent call last):
          File "C:\Users\skaspers\OneDrive - Capgemini\Documents\Prompted Testsuite Analysis\datasets\GPT_4\Chain_of_thought\tests\test_006.py", line 21, in test_case_sensitivity
            self.assertEqual(remove_dirty_chars('Hello', 'h'), 'Hello')
          File "C:\Users\skaspers\OneDrive - Capgemini\Documents\Prompted Testsuite Analysis\datasets\GPT_4\Chain_of_thought\programs\program_006.py", line 14, in remove_dirty_chars
            count = get_char_count_array(second_string)
          File "C:\Users\skaspers\OneDrive - Capgemini\Documents\Prompted Testsuite Analysis\datasets\GPT_4\Chain_of_thought\programs\program_006.py", line 9, in get_char_count_array
            count = [0] * NO_OF_CHARS
        NameError: name 'NO_OF_CHARS' is not defined
        
    FAILED: test_empty_first_string
        Traceback (most recent call last):
          File "C:\Users\skaspers\OneDrive - Capgemini\Documents\Prompted Testsuite Analysis\datasets\GPT_4\Chain_of_thought\tests\test_006.py", line 12, in test_empty_first_string
            self.assertEqual(remove_dirty_chars('', 'abc'), '')
          File "C:\Users\skaspers\OneDrive - Capgemini\Documents\Prompted Testsuite Analysis\datasets\GPT_4\Chain_of_thought\programs\program_006.py", line 14, in remove_dirty_chars
            count = get_char_count_array(second_string)
          File "C:\Users\skaspers\OneDrive - Capgemini\Documents\Prompted Testsuite Analysis\datasets\GPT_4\Chain_of_thought\programs\program_006.py", line 9, in get_char_count_array
            count = [0] * NO_OF_CHARS
        NameError: name 'NO_OF_CHARS' is not defined
        
    FAILED: test_empty_second_string
        Traceback (most recent call last):
          File "C:\Users\skaspers\OneDrive - Capgemini\Documents\Prompted Testsuite Analysis\datasets\GPT_4\Chain_of_thought\tests\test_006.py", line 15, in test_empty_second_string
            self.assertEqual(remove_dirty_chars('hello', ''), 'hello')
          File "C:\Users\skaspers\OneDrive - Capgemini\Documents\Prompted Testsuite Analysis\datasets\GPT_4\Chain_of_thought\programs\program_006.py", line 14, in remove_dirty_chars
            count = get_char_count_array(second_string)
          File "C:\Users\skaspers\OneDrive - Capgemini\Documents\Prompted Testsuite Analysis\datasets\GPT_4\Chain_of_thought\programs\program_006.py", line 9, in get_char_count_array
            count = [0] * NO_OF_CHARS
        NameError: name 'NO_OF_CHARS' is not defined
        
    FAILED: test_long_strings
        Traceback (most recent call last):
          File "C:\Users\skaspers\OneDrive - Capgemini\Documents\Prompted Testsuite Analysis\datasets\GPT_4\Chain_of_thought\tests\test_006.py", line 33, in test_long_strings
            self.assertEqual(remove_dirty_chars('a' * 1000 + 'b' * 1000, 'b'), 'a' * 1000)
          File "C:\Users\skaspers\OneDrive - Capgemini\Documents\Prompted Testsuite Analysis\datasets\GPT_4\Chain_of_thought\programs\program_006.py", line 14, in remove_dirty_chars
            count = get_char_count_array(second_string)
          File "C:\Users\skaspers\OneDrive - Capgemini\Documents\Prompted Testsuite Analysis\datasets\GPT_4\Chain_of_thought\programs\program_006.py", line 9, in get_char_count_array
            count = [0] * NO_OF_CHARS
        NameError: name 'NO_OF_CHARS' is not defined
        
    FAILED: test_mixed_content
        Traceback (most recent call last):
          File "C:\Users\skaspers\OneDrive - Capgemini\Documents\Prompted Testsuite Analysis\datasets\GPT_4\Chain_of_thought\tests\test_006.py", line 39, in test_mixed_content
            self.assertEqual(remove_dirty_chars('abc123!@#', '23!'), 'abc1@#')
          File "C:\Users\skaspers\OneDrive - Capgemini\Documents\Prompted Testsuite Analysis\datasets\GPT_4\Chain_of_thought\programs\program_006.py", line 14, in remove_dirty_chars
            count = get_char_count_array(second_string)
          File "C:\Users\skaspers\OneDrive - Capgemini\Documents\Prompted Testsuite Analysis\datasets\GPT_4\Chain_of_thought\programs\program_006.py", line 9, in get_char_count_array
            count = [0] * NO_OF_CHARS
        NameError: name 'NO_OF_CHARS' is not defined
        
    FAILED: test_no_common_characters
        Traceback (most recent call last):
          File "C:\Users\skaspers\OneDrive - Capgemini\Documents\Prompted Testsuite Analysis\datasets\GPT_4\Chain_of_thought\tests\test_006.py", line 9, in test_no_common_characters
            self.assertEqual(remove_dirty_chars('abc', 'xyz'), 'abc')
          File "C:\Users\skaspers\OneDrive - Capgemini\Documents\Prompted Testsuite Analysis\datasets\GPT_4\Chain_of_thought\programs\program_006.py", line 14, in remove_dirty_chars
            count = get_char_count_array(second_string)
          File "C:\Users\skaspers\OneDrive - Capgemini\Documents\Prompted Testsuite Analysis\datasets\GPT_4\Chain_of_thought\programs\program_006.py", line 9, in get_char_count_array
            count = [0] * NO_OF_CHARS
        NameError: name 'NO_OF_CHARS' is not defined
        
    FAILED: test_non_ascii_in_second_string
        Traceback (most recent call last):
          File "C:\Users\skaspers\OneDrive - Capgemini\Documents\Prompted Testsuite Analysis\datasets\GPT_4\Chain_of_thought\tests\test_006.py", line 42, in test_non_ascii_in_second_string
            self.assertEqual(remove_dirty_chars('hello', 'é'), 'hello')
          File "C:\Users\skaspers\OneDrive - Capgemini\Documents\Prompted Testsuite Analysis\datasets\GPT_4\Chain_of_thought\programs\program_006.py", line 14, in remove_dirty_chars
            count = get_char_count_array(second_string)
          File "C:\Users\skaspers\OneDrive - Capgemini\Documents\Prompted Testsuite Analysis\datasets\GPT_4\Chain_of_thought\programs\program_006.py", line 9, in get_char_count_array
            count = [0] * NO_OF_CHARS
        NameError: name 'NO_OF_CHARS' is not defined
        
    FAILED: test_numeric_characters
        Traceback (most recent call last):
          File "C:\Users\skaspers\OneDrive - Capgemini\Documents\Prompted Testsuite Analysis\datasets\GPT_4\Chain_of_thought\tests\test_006.py", line 30, in test_numeric_characters
            self.assertEqual(remove_dirty_chars('123456', '345'), '126')
          File "C:\Users\skaspers\OneDrive - Capgemini\Documents\Prompted Testsuite Analysis\datasets\GPT_4\Chain_of_thought\programs\program_006.py", line 14, in remove_dirty_chars
            count = get_char_count_array(second_string)
          File "C:\Users\skaspers\OneDrive - Capgemini\Documents\Prompted Testsuite Analysis\datasets\GPT_4\Chain_of_thought\programs\program_006.py", line 9, in get_char_count_array
            count = [0] * NO_OF_CHARS
        NameError: name 'NO_OF_CHARS' is not defined
        
    FAILED: test_repeating_characters
        Traceback (most recent call last):
          File "C:\Users\skaspers\OneDrive - Capgemini\Documents\Prompted Testsuite Analysis\datasets\GPT_4\Chain_of_thought\tests\test_006.py", line 24, in test_repeating_characters
            self.assertEqual(remove_dirty_chars('banana', 'an'), 'b')
          File "C:\Users\skaspers\OneDrive - Capgemini\Documents\Prompted Testsuite Analysis\datasets\GPT_4\Chain_of_thought\programs\program_006.py", line 14, in remove_dirty_chars
            count = get_char_count_array(second_string)
          File "C:\Users\skaspers\OneDrive - Capgemini\Documents\Prompted Testsuite Analysis\datasets\GPT_4\Chain_of_thought\programs\program_006.py", line 9, in get_char_count_array
            count = [0] * NO_OF_CHARS
        NameError: name 'NO_OF_CHARS' is not defined
        
    FAILED: test_special_characters
        Traceback (most recent call last):
          File "C:\Users\skaspers\OneDrive - Capgemini\Documents\Prompted Testsuite Analysis\datasets\GPT_4\Chain_of_thought\tests\test_006.py", line 27, in test_special_characters
            self.assertEqual(remove_dirty_chars('he!llo@world#', '!@#'), 'helloworld')
          File "C:\Users\skaspers\OneDrive - Capgemini\Documents\Prompted Testsuite Analysis\datasets\GPT_4\Chain_of_thought\programs\program_006.py", line 14, in remove_dirty_chars
            count = get_char_count_array(second_string)
          File "C:\Users\skaspers\OneDrive - Capgemini\Documents\Prompted Testsuite Analysis\datasets\GPT_4\Chain_of_thought\programs\program_006.py", line 9, in get_char_count_array
            count = [0] * NO_OF_CHARS
        NameError: name 'NO_OF_CHARS' is not defined
        
    FAILED: test_string_with_spaces
        Traceback (most recent call last):
          File "C:\Users\skaspers\OneDrive - Capgemini\Documents\Prompted Testsuite Analysis\datasets\GPT_4\Chain_of_thought\tests\test_006.py", line 45, in test_string_with_spaces
            self.assertEqual(remove_dirty_chars('hello world', ' '), 'helloworld')
          File "C:\Users\skaspers\OneDrive - Capgemini\Documents\Prompted Testsuite Analysis\datasets\GPT_4\Chain_of_thought\programs\program_006.py", line 14, in remove_dirty_chars
            count = get_char_count_array(second_string)
          File "C:\Users\skaspers\OneDrive - Capgemini\Documents\Prompted Testsuite Analysis\datasets\GPT_4\Chain_of_thought\programs\program_006.py", line 9, in get_char_count_array
            count = [0] * NO_OF_CHARS
        NameError: name 'NO_OF_CHARS' is not defined
        
    FAILED: test_typical_case
        Traceback (most recent call last):
          File "C:\Users\skaspers\OneDrive - Capgemini\Documents\Prompted Testsuite Analysis\datasets\GPT_4\Chain_of_thought\tests\test_006.py", line 6, in test_typical_case
            self.assertEqual(remove_dirty_chars('hello', 'world'), 'he')
          File "C:\Users\skaspers\OneDrive - Capgemini\Documents\Prompted Testsuite Analysis\datasets\GPT_4\Chain_of_thought\programs\program_006.py", line 14, in remove_dirty_chars
            count = get_char_count_array(second_string)
          File "C:\Users\skaspers\OneDrive - Capgemini\Documents\Prompted Testsuite Analysis\datasets\GPT_4\Chain_of_thought\programs\program_006.py", line 9, in get_char_count_array
            count = [0] * NO_OF_CHARS
        NameError: name 'NO_OF_CHARS' is not defined
        
    FAILED: test_unicode_characters
        Traceback (most recent call last):
          File "C:\Users\skaspers\OneDrive - Capgemini\Documents\Prompted Testsuite Analysis\datasets\GPT_4\Chain_of_thought\tests\test_006.py", line 36, in test_unicode_characters
            self.assertEqual(remove_dirty_chars('héllò', 'ò'), 'héll')
          File "C:\Users\skaspers\OneDrive - Capgemini\Documents\Prompted Testsuite Analysis\datasets\GPT_4\Chain_of_thought\programs\program_006.py", line 14, in remove_dirty_chars
            count = get_char_count_array(second_string)
          File "C:\Users\skaspers\OneDrive - Capgemini\Documents\Prompted Testsuite Analysis\datasets\GPT_4\Chain_of_thought\programs\program_006.py", line 9, in get_char_count_array
            count = [0] * NO_OF_CHARS
        NameError: name 'NO_OF_CHARS' is not defined
        

program_008 (source):
    def is_woodall(x): 
    	if (x % 2 == 0): 
    		return False
    	if (x == 1): 
    		return True
    	x = x + 1 
    	p = 0
    	while (x % 2 == 0): 
    		x = x/2
    		p = p + 1
    		if (p == x): 
    			return True
    	return False
program_008 (failed test code):
        def test_floating_point_number(self):
            with self.assertRaises(TypeError):
                is_woodall(4.5)
    
        def test_string_input(self):
            with self.assertRaises(TypeError):
                is_woodall('7')
    
        def test_multiple_of_two_plus_one(self):
            self.assertTrue(is_woodall(1))
    
        def test_known_woodall_number(self):
            self.assertTrue(is_woodall(15))
    
        def test_fractional_number(self):
            with self.assertRaises(TypeError):
                is_woodall(5.75)
    

        def test_fractional_number(self):
            with self.assertRaises(TypeError):
                is_woodall(5.75)
    

        def test_known_woodall_number(self):
            self.assertTrue(is_woodall(15))
    
        def test_fractional_number(self):
            with self.assertRaises(TypeError):
                is_woodall(5.75)
    

        def test_typical_odd_not_woodall(self):
            self.assertFalse(is_woodall(7))
    
        def test_typical_odd_woodall(self):
            self.assertTrue(is_woodall(3))
    
        def test_even_number(self):
            self.assertFalse(is_woodall(8))
    
        def test_one_as_input(self):
            self.assertTrue(is_woodall(1))
    
        def test_negative_number(self):
            self.assertFalse(is_woodall(-5))
    
        def test_zero_as_input(self):
            self.assertFalse(is_woodall(0))
    
        def test_large_odd_number(self):
            self.assertFalse(is_woodall(999999))
    
        def test_prime_number(self):
            self.assertFalse(is_woodall(13))
    
        def test_just_below_woodall(self):
            self.assertFalse(is_woodall(2))
    
        def test_just_above_woodall(self):
            self.assertFalse(is_woodall(5))
    
        def test_floating_point_number(self):
            with self.assertRaises(TypeError):
                is_woodall(4.5)
    
        def test_string_input(self):
            with self.assertRaises(TypeError):
                is_woodall('7')
    
        def test_multiple_of_two_plus_one(self):
            self.assertTrue(is_woodall(1))
    
        def test_known_woodall_number(self):
            self.assertTrue(is_woodall(15))
    
        def test_fractional_number(self):
            with self.assertRaises(TypeError):
                is_woodall(5.75)
    

        def test_typical_odd_woodall(self):
            self.assertTrue(is_woodall(3))
    
        def test_even_number(self):
            self.assertFalse(is_woodall(8))
    
        def test_one_as_input(self):
            self.assertTrue(is_woodall(1))
    
        def test_negative_number(self):
            self.assertFalse(is_woodall(-5))
    
        def test_zero_as_input(self):
            self.assertFalse(is_woodall(0))
    
        def test_large_odd_number(self):
            self.assertFalse(is_woodall(999999))
    
        def test_prime_number(self):
            self.assertFalse(is_woodall(13))
    
        def test_just_below_woodall(self):
            self.assertFalse(is_woodall(2))
    
        def test_just_above_woodall(self):
            self.assertFalse(is_woodall(5))
    
        def test_floating_point_number(self):
            with self.assertRaises(TypeError):
                is_woodall(4.5)
    
        def test_string_input(self):
            with self.assertRaises(TypeError):
                is_woodall('7')
    
        def test_multiple_of_two_plus_one(self):
            self.assertTrue(is_woodall(1))
    
        def test_known_woodall_number(self):
            self.assertTrue(is_woodall(15))
    
        def test_fractional_number(self):
            with self.assertRaises(TypeError):
                is_woodall(5.75)
    


program_008 (assert errors):
    FAILED: test_floating_point_number
        Traceback (most recent call last):
          File "C:\Users\skaspers\OneDrive - Capgemini\Documents\Prompted Testsuite Analysis\datasets\GPT_4\Chain_of_thought\tests\test_008.py", line 37, in test_floating_point_number
            is_woodall(4.5)
        AssertionError: TypeError not raised
        
    FAILED: test_fractional_number
        Traceback (most recent call last):
          File "C:\Users\skaspers\OneDrive - Capgemini\Documents\Prompted Testsuite Analysis\datasets\GPT_4\Chain_of_thought\tests\test_008.py", line 51, in test_fractional_number
            is_woodall(5.75)
        AssertionError: TypeError not raised
        
    FAILED: test_known_woodall_number
        Traceback (most recent call last):
          File "C:\Users\skaspers\OneDrive - Capgemini\Documents\Prompted Testsuite Analysis\datasets\GPT_4\Chain_of_thought\tests\test_008.py", line 47, in test_known_woodall_number
            self.assertTrue(is_woodall(15))
        AssertionError: False is not true
        
    FAILED: test_typical_odd_not_woodall
        Traceback (most recent call last):
          File "C:\Users\skaspers\OneDrive - Capgemini\Documents\Prompted Testsuite Analysis\datasets\GPT_4\Chain_of_thought\tests\test_008.py", line 6, in test_typical_odd_not_woodall
            self.assertFalse(is_woodall(7))
        AssertionError: True is not false
        
    FAILED: test_typical_odd_woodall
        Traceback (most recent call last):
          File "C:\Users\skaspers\OneDrive - Capgemini\Documents\Prompted Testsuite Analysis\datasets\GPT_4\Chain_of_thought\tests\test_008.py", line 9, in test_typical_odd_woodall
            self.assertTrue(is_woodall(3))
        AssertionError: False is not true
        

program_009 (source):
    def rev(num):    
        rev_num = 0
        while (num > 0):  
            rev_num = (rev_num * 10 + num % 10) 
            num = num // 10  
        return rev_num  
    def check(n):    
        return (2 * rev(n) == n + 1)
program_009 (failed test code):
        def test_floating_point_number(self):
            with self.assertRaises(TypeError):
                check(12.5)
    
        def test_string_input(self):
            with self.assertRaises(TypeError):
                check('12')
    
        def test_close_to_match(self):
            self.assertFalse(check(11))
    

        def test_typical_case(self):
            self.assertTrue(check(12))
    
        def test_no_match_case(self):
            self.assertFalse(check(23))
    
        def test_single_digit(self):
            self.assertFalse(check(5))
    
        def test_trailing_zeros(self):
            self.assertFalse(check(100))
    
        def test_palindrome(self):
            self.assertFalse(check(121))
    
        def test_negative_number(self):
            self.assertFalse(check(-12))
    
        def test_large_number(self):
            self.assertFalse(check(123456789))
    
        def test_zero_input(self):
            self.assertFalse(check(0))
    
        def test_even_digits(self):
            self.assertFalse(check(42))
    
        def test_odd_digits(self):
            self.assertFalse(check(543))
    
        def test_boundary_condition(self):
            self.assertFalse(check(21))
    
        def test_floating_point_number(self):
            with self.assertRaises(TypeError):
                check(12.5)
    
        def test_string_input(self):
            with self.assertRaises(TypeError):
                check('12')
    
        def test_close_to_match(self):
            self.assertFalse(check(11))
    


program_009 (assert errors):
    FAILED: test_floating_point_number
        Traceback (most recent call last):
          File "C:\Users\skaspers\OneDrive - Capgemini\Documents\Prompted Testsuite Analysis\datasets\GPT_4\Chain_of_thought\tests\test_009.py", line 40, in test_floating_point_number
            check(12.5)
        AssertionError: TypeError not raised
        
    FAILED: test_typical_case
        Traceback (most recent call last):
          File "C:\Users\skaspers\OneDrive - Capgemini\Documents\Prompted Testsuite Analysis\datasets\GPT_4\Chain_of_thought\tests\test_009.py", line 6, in test_typical_case
            self.assertTrue(check(12))
        AssertionError: False is not true
        

program_010 (source):
    def find_Max_Num(arr) : 
        n = len(arr)
        arr.sort(reverse = True) 
        num = arr[0] 
        for i in range(1,n) : 
            num = num * 10 + arr[i] 
        return num
program_010 (failed test code):
        def test_floating_point_numbers(self):
            with self.assertRaises(TypeError):
                find_Max_Num([1.2, 3.4, 5.6])
    
        def test_mixed_content_list(self):
            with self.assertRaises(TypeError):
                find_Max_Num([1, '2', 3])
    
        def test_max_min_digits_only(self):
            self.assertEqual(find_Max_Num([0, 9, 9, 0]), 9900)
    
        def test_repeated_digits(self):
            self.assertEqual(find_Max_Num([1, 1, 1, 1]), 1111)
    
        def test_all_zeros(self):
            self.assertEqual(find_Max_Num([0, 0, 0]), 0)
    

        def test_negative_digits(self):
            with self.assertRaises(ValueError):
                find_Max_Num([-1, -3, -7])
    
        def test_floating_point_numbers(self):
            with self.assertRaises(TypeError):
                find_Max_Num([1.2, 3.4, 5.6])
    
        def test_mixed_content_list(self):
            with self.assertRaises(TypeError):
                find_Max_Num([1, '2', 3])
    
        def test_max_min_digits_only(self):
            self.assertEqual(find_Max_Num([0, 9, 9, 0]), 9900)
    
        def test_repeated_digits(self):
            self.assertEqual(find_Max_Num([1, 1, 1, 1]), 1111)
    
        def test_all_zeros(self):
            self.assertEqual(find_Max_Num([0, 0, 0]), 0)
    

        def test_empty_list(self):
            self.assertEqual(find_Max_Num([]), 0)
    
        def test_large_list(self):
            self.assertEqual(find_Max_Num([1] * 100), int('1' * 100))
    
        def test_negative_digits(self):
            with self.assertRaises(ValueError):
                find_Max_Num([-1, -3, -7])
    
        def test_floating_point_numbers(self):
            with self.assertRaises(TypeError):
                find_Max_Num([1.2, 3.4, 5.6])
    
        def test_mixed_content_list(self):
            with self.assertRaises(TypeError):
                find_Max_Num([1, '2', 3])
    
        def test_max_min_digits_only(self):
            self.assertEqual(find_Max_Num([0, 9, 9, 0]), 9900)
    
        def test_repeated_digits(self):
            self.assertEqual(find_Max_Num([1, 1, 1, 1]), 1111)
    
        def test_all_zeros(self):
            self.assertEqual(find_Max_Num([0, 0, 0]), 0)
    


program_010 (assert errors):
    FAILED: test_floating_point_numbers
        Traceback (most recent call last):
          File "C:\Users\skaspers\OneDrive - Capgemini\Documents\Prompted Testsuite Analysis\datasets\GPT_4\Chain_of_thought\tests\test_010.py", line 35, in test_floating_point_numbers
            find_Max_Num([1.2, 3.4, 5.6])
        AssertionError: TypeError not raised
        
    FAILED: test_negative_digits
        Traceback (most recent call last):
          File "C:\Users\skaspers\OneDrive - Capgemini\Documents\Prompted Testsuite Analysis\datasets\GPT_4\Chain_of_thought\tests\test_010.py", line 31, in test_negative_digits
            find_Max_Num([-1, -3, -7])
        AssertionError: ValueError not raised
        
    FAILED: test_empty_list
        Traceback (most recent call last):
          File "C:\Users\skaspers\OneDrive - Capgemini\Documents\Prompted Testsuite Analysis\datasets\GPT_4\Chain_of_thought\tests\test_010.py", line 24, in test_empty_list
            self.assertEqual(find_Max_Num([]), 0)
          File "C:\Users\skaspers\OneDrive - Capgemini\Documents\Prompted Testsuite Analysis\datasets\GPT_4\Chain_of_thought\programs\program_010.py", line 4, in find_Max_Num
            num = arr[0]
        IndexError: list index out of range
        

program_011 (source):
    def opposite_Signs(x,y): 
        return ((x ^ y) < 0);
program_011 (failed test code):
        def test_zero_and_negative(self):
            self.assertFalse(opposite_Signs(0, -10))
    
        def test_both_zero(self):
            self.assertFalse(opposite_Signs(0, 0))
    
        def test_max_min_integers(self):
            self.assertTrue(opposite_Signs(2147483647, -2147483648))
    
        def test_large_values(self):
            self.assertTrue(opposite_Signs(123456789, -987654321))
    
        def test_small_values(self):
            self.assertTrue(opposite_Signs(1, -1))
    
        def test_large_positive_and_small_negative(self):
            self.assertTrue(opposite_Signs(1000000, -1))
    
        def test_equal_positive_negative(self):
            self.assertTrue(opposite_Signs(100, -100))
    
        def test_same_positive_twice(self):
            self.assertFalse(opposite_Signs(10, 10))
    
        def test_same_negative_twice(self):
            self.assertFalse(opposite_Signs(-10, -10))
    
        def test_floating_point_numbers(self):
            with self.assertRaises(TypeError):
                opposite_Signs(10.5, -10.5)
    
        def test_string_input(self):
            with self.assertRaises(TypeError):
                opposite_Signs('10', '-10')
    


program_011 (assert errors):
    FAILED: test_zero_and_negative
        Traceback (most recent call last):
          File "C:\Users\skaspers\OneDrive - Capgemini\Documents\Prompted Testsuite Analysis\datasets\GPT_4\Chain_of_thought\tests\test_011.py", line 18, in test_zero_and_negative
            self.assertFalse(opposite_Signs(0, -10))
        AssertionError: True is not false
        

program_012 (source):
    def is_octagonal(n): 
    	return 3 * n * n - 2 * n
program_012 (failed test code):
        def test_boundary_n_2(self):
            self.assertEqual(is_octagonal(2), 10)
    
        def test_fractional_input(self):
            with self.assertRaises(TypeError):
                is_octagonal(3.7)
    
        def test_first_few_octagonal_numbers(self):
            self.assertEqual(is_octagonal(1), 1)
            self.assertEqual(is_octagonal(2), 10)
            self.assertEqual(is_octagonal(3), 27)
            self.assertEqual(is_octagonal(4), 52)
            self.assertEqual(is_octagonal(5), 85)
    

        def test_first_few_octagonal_numbers(self):
            self.assertEqual(is_octagonal(1), 1)
            self.assertEqual(is_octagonal(2), 10)
            self.assertEqual(is_octagonal(3), 27)
            self.assertEqual(is_octagonal(4), 52)
            self.assertEqual(is_octagonal(5), 85)
    

        def test_floating_point_input(self):
            with self.assertRaises(TypeError):
                is_octagonal(2.5)
    
        def test_string_input(self):
            with self.assertRaises(TypeError):
                is_octagonal('10')
    
        def test_boundary_n_2(self):
            self.assertEqual(is_octagonal(2), 10)
    
        def test_fractional_input(self):
            with self.assertRaises(TypeError):
                is_octagonal(3.7)
    
        def test_first_few_octagonal_numbers(self):
            self.assertEqual(is_octagonal(1), 1)
            self.assertEqual(is_octagonal(2), 10)
            self.assertEqual(is_octagonal(3), 27)
            self.assertEqual(is_octagonal(4), 52)
            self.assertEqual(is_octagonal(5), 85)
    

        def test_fractional_input(self):
            with self.assertRaises(TypeError):
                is_octagonal(3.7)
    
        def test_first_few_octagonal_numbers(self):
            self.assertEqual(is_octagonal(1), 1)
            self.assertEqual(is_octagonal(2), 10)
            self.assertEqual(is_octagonal(3), 27)
            self.assertEqual(is_octagonal(4), 52)
            self.assertEqual(is_octagonal(5), 85)
    

        def test_negative_input(self):
            self.assertEqual(is_octagonal(-3), -39)
    
        def test_large_positive_number(self):
            self.assertEqual(is_octagonal(1000), 2998000)
    
        def test_small_positive_number(self):
            self.assertEqual(is_octagonal(1), 1)
    
        def test_floating_point_input(self):
            with self.assertRaises(TypeError):
                is_octagonal(2.5)
    
        def test_string_input(self):
            with self.assertRaises(TypeError):
                is_octagonal('10')
    
        def test_boundary_n_2(self):
            self.assertEqual(is_octagonal(2), 10)
    
        def test_fractional_input(self):
            with self.assertRaises(TypeError):
                is_octagonal(3.7)
    
        def test_first_few_octagonal_numbers(self):
            self.assertEqual(is_octagonal(1), 1)
            self.assertEqual(is_octagonal(2), 10)
            self.assertEqual(is_octagonal(3), 27)
            self.assertEqual(is_octagonal(4), 52)
            self.assertEqual(is_octagonal(5), 85)
    


program_012 (assert errors):
    FAILED: test_boundary_n_2
        Traceback (most recent call last):
          File "C:\Users\skaspers\OneDrive - Capgemini\Documents\Prompted Testsuite Analysis\datasets\GPT_4\Chain_of_thought\tests\test_012.py", line 29, in test_boundary_n_2
            self.assertEqual(is_octagonal(2), 10)
        AssertionError: 8 != 10
        
    FAILED: test_first_few_octagonal_numbers
        Traceback (most recent call last):
          File "C:\Users\skaspers\OneDrive - Capgemini\Documents\Prompted Testsuite Analysis\datasets\GPT_4\Chain_of_thought\tests\test_012.py", line 37, in test_first_few_octagonal_numbers
            self.assertEqual(is_octagonal(2), 10)
        AssertionError: 8 != 10
        
    FAILED: test_floating_point_input
        Traceback (most recent call last):
          File "C:\Users\skaspers\OneDrive - Capgemini\Documents\Prompted Testsuite Analysis\datasets\GPT_4\Chain_of_thought\tests\test_012.py", line 22, in test_floating_point_input
            is_octagonal(2.5)
        AssertionError: TypeError not raised
        
    FAILED: test_fractional_input
        Traceback (most recent call last):
          File "C:\Users\skaspers\OneDrive - Capgemini\Documents\Prompted Testsuite Analysis\datasets\GPT_4\Chain_of_thought\tests\test_012.py", line 33, in test_fractional_input
            is_octagonal(3.7)
        AssertionError: TypeError not raised
        
    FAILED: test_negative_input
        Traceback (most recent call last):
          File "C:\Users\skaspers\OneDrive - Capgemini\Documents\Prompted Testsuite Analysis\datasets\GPT_4\Chain_of_thought\tests\test_012.py", line 12, in test_negative_input
            self.assertEqual(is_octagonal(-3), -39)
        AssertionError: 33 != -39
        

program_013 (source):
    from collections import defaultdict
    def count_Substrings(s):
        n = len(s)
        count,sum = 0,0
        mp = defaultdict(lambda : 0)
        mp[0] += 1
        for i in range(n):
            sum += ord(s[i]) - ord('0')
            count += mp[sum - (i + 1)]
            mp[sum - (i + 1)] += 1
        return count
program_013 (failed test code):
        def test_all_same_digit(self):
            self.assertEqual(count_Substrings('111'), 3)
    
        def test_alternating_digits(self):
            self.assertEqual(count_Substrings('1212'), 4)
    
        def test_increasing_sequence(self):
            self.assertEqual(count_Substrings('12345'), 3)
    
        def test_decreasing_sequence(self):
            self.assertEqual(count_Substrings('54321'), 3)
    
        def test_empty_string(self):
            self.assertEqual(count_Substrings(''), 0)
    
        def test_mixed_digit_lengths(self):
            self.assertEqual(count_Substrings('123456'), 5)
    
        def test_non_digit_characters(self):
            with self.assertRaises(ValueError):
                count_Substrings('12a34')
    
        def test_very_long_string(self):
            self.assertEqual(count_Substrings('1' * 1000), 1000)
    
        def test_boundary_condition_small_input(self):
            self.assertEqual(count_Substrings('9'), 0)
    
        def test_leading_zeros(self):
            self.assertEqual(count_Substrings('01234'), 2)
    

        def test_all_zeros(self):
            self.assertEqual(count_Substrings('000'), 3)
    
        def test_all_same_digit(self):
            self.assertEqual(count_Substrings('111'), 3)
    
        def test_alternating_digits(self):
            self.assertEqual(count_Substrings('1212'), 4)
    
        def test_increasing_sequence(self):
            self.assertEqual(count_Substrings('12345'), 3)
    
        def test_decreasing_sequence(self):
            self.assertEqual(count_Substrings('54321'), 3)
    
        def test_empty_string(self):
            self.assertEqual(count_Substrings(''), 0)
    
        def test_mixed_digit_lengths(self):
            self.assertEqual(count_Substrings('123456'), 5)
    
        def test_non_digit_characters(self):
            with self.assertRaises(ValueError):
                count_Substrings('12a34')
    
        def test_very_long_string(self):
            self.assertEqual(count_Substrings('1' * 1000), 1000)
    
        def test_boundary_condition_small_input(self):
            self.assertEqual(count_Substrings('9'), 0)
    
        def test_leading_zeros(self):
            self.assertEqual(count_Substrings('01234'), 2)
    

        def test_alternating_digits(self):
            self.assertEqual(count_Substrings('1212'), 4)
    
        def test_increasing_sequence(self):
            self.assertEqual(count_Substrings('12345'), 3)
    
        def test_decreasing_sequence(self):
            self.assertEqual(count_Substrings('54321'), 3)
    
        def test_empty_string(self):
            self.assertEqual(count_Substrings(''), 0)
    
        def test_mixed_digit_lengths(self):
            self.assertEqual(count_Substrings('123456'), 5)
    
        def test_non_digit_characters(self):
            with self.assertRaises(ValueError):
                count_Substrings('12a34')
    
        def test_very_long_string(self):
            self.assertEqual(count_Substrings('1' * 1000), 1000)
    
        def test_boundary_condition_small_input(self):
            self.assertEqual(count_Substrings('9'), 0)
    
        def test_leading_zeros(self):
            self.assertEqual(count_Substrings('01234'), 2)
    

        def test_decreasing_sequence(self):
            self.assertEqual(count_Substrings('54321'), 3)
    
        def test_empty_string(self):
            self.assertEqual(count_Substrings(''), 0)
    
        def test_mixed_digit_lengths(self):
            self.assertEqual(count_Substrings('123456'), 5)
    
        def test_non_digit_characters(self):
            with self.assertRaises(ValueError):
                count_Substrings('12a34')
    
        def test_very_long_string(self):
            self.assertEqual(count_Substrings('1' * 1000), 1000)
    
        def test_boundary_condition_small_input(self):
            self.assertEqual(count_Substrings('9'), 0)
    
        def test_leading_zeros(self):
            self.assertEqual(count_Substrings('01234'), 2)
    

        def test_increasing_sequence(self):
            self.assertEqual(count_Substrings('12345'), 3)
    
        def test_decreasing_sequence(self):
            self.assertEqual(count_Substrings('54321'), 3)
    
        def test_empty_string(self):
            self.assertEqual(count_Substrings(''), 0)
    
        def test_mixed_digit_lengths(self):
            self.assertEqual(count_Substrings('123456'), 5)
    
        def test_non_digit_characters(self):
            with self.assertRaises(ValueError):
                count_Substrings('12a34')
    
        def test_very_long_string(self):
            self.assertEqual(count_Substrings('1' * 1000), 1000)
    
        def test_boundary_condition_small_input(self):
            self.assertEqual(count_Substrings('9'), 0)
    
        def test_leading_zeros(self):
            self.assertEqual(count_Substrings('01234'), 2)
    

        def test_mixed_digit_lengths(self):
            self.assertEqual(count_Substrings('123456'), 5)
    
        def test_non_digit_characters(self):
            with self.assertRaises(ValueError):
                count_Substrings('12a34')
    
        def test_very_long_string(self):
            self.assertEqual(count_Substrings('1' * 1000), 1000)
    
        def test_boundary_condition_small_input(self):
            self.assertEqual(count_Substrings('9'), 0)
    
        def test_leading_zeros(self):
            self.assertEqual(count_Substrings('01234'), 2)
    

        def test_non_digit_characters(self):
            with self.assertRaises(ValueError):
                count_Substrings('12a34')
    
        def test_very_long_string(self):
            self.assertEqual(count_Substrings('1' * 1000), 1000)
    
        def test_boundary_condition_small_input(self):
            self.assertEqual(count_Substrings('9'), 0)
    
        def test_leading_zeros(self):
            self.assertEqual(count_Substrings('01234'), 2)
    

        def test_typical_case(self):
            self.assertEqual(count_Substrings('1234'), 2)
    
        def test_single_digit(self):
            self.assertEqual(count_Substrings('5'), 0)
    
        def test_all_zeros(self):
            self.assertEqual(count_Substrings('000'), 3)
    
        def test_all_same_digit(self):
            self.assertEqual(count_Substrings('111'), 3)
    
        def test_alternating_digits(self):
            self.assertEqual(count_Substrings('1212'), 4)
    
        def test_increasing_sequence(self):
            self.assertEqual(count_Substrings('12345'), 3)
    
        def test_decreasing_sequence(self):
            self.assertEqual(count_Substrings('54321'), 3)
    
        def test_empty_string(self):
            self.assertEqual(count_Substrings(''), 0)
    
        def test_mixed_digit_lengths(self):
            self.assertEqual(count_Substrings('123456'), 5)
    
        def test_non_digit_characters(self):
            with self.assertRaises(ValueError):
                count_Substrings('12a34')
    
        def test_very_long_string(self):
            self.assertEqual(count_Substrings('1' * 1000), 1000)
    
        def test_boundary_condition_small_input(self):
            self.assertEqual(count_Substrings('9'), 0)
    
        def test_leading_zeros(self):
            self.assertEqual(count_Substrings('01234'), 2)
    

        def test_very_long_string(self):
            self.assertEqual(count_Substrings('1' * 1000), 1000)
    
        def test_boundary_condition_small_input(self):
            self.assertEqual(count_Substrings('9'), 0)
    
        def test_leading_zeros(self):
            self.assertEqual(count_Substrings('01234'), 2)
    


program_013 (assert errors):
    FAILED: test_all_same_digit
        Traceback (most recent call last):
          File "C:\Users\skaspers\OneDrive - Capgemini\Documents\Prompted Testsuite Analysis\datasets\GPT_4\Chain_of_thought\tests\test_013.py", line 15, in test_all_same_digit
            self.assertEqual(count_Substrings('111'), 3)
        AssertionError: 6 != 3
        
    FAILED: test_all_zeros
        Traceback (most recent call last):
          File "C:\Users\skaspers\OneDrive - Capgemini\Documents\Prompted Testsuite Analysis\datasets\GPT_4\Chain_of_thought\tests\test_013.py", line 12, in test_all_zeros
            self.assertEqual(count_Substrings('000'), 3)
        AssertionError: 0 != 3
        
    FAILED: test_alternating_digits
        Traceback (most recent call last):
          File "C:\Users\skaspers\OneDrive - Capgemini\Documents\Prompted Testsuite Analysis\datasets\GPT_4\Chain_of_thought\tests\test_013.py", line 18, in test_alternating_digits
            self.assertEqual(count_Substrings('1212'), 4)
        AssertionError: 2 != 4
        
    FAILED: test_decreasing_sequence
        Traceback (most recent call last):
          File "C:\Users\skaspers\OneDrive - Capgemini\Documents\Prompted Testsuite Analysis\datasets\GPT_4\Chain_of_thought\tests\test_013.py", line 24, in test_decreasing_sequence
            self.assertEqual(count_Substrings('54321'), 3)
        AssertionError: 1 != 3
        
    FAILED: test_increasing_sequence
        Traceback (most recent call last):
          File "C:\Users\skaspers\OneDrive - Capgemini\Documents\Prompted Testsuite Analysis\datasets\GPT_4\Chain_of_thought\tests\test_013.py", line 21, in test_increasing_sequence
            self.assertEqual(count_Substrings('12345'), 3)
        AssertionError: 1 != 3
        
    FAILED: test_mixed_digit_lengths
        Traceback (most recent call last):
          File "C:\Users\skaspers\OneDrive - Capgemini\Documents\Prompted Testsuite Analysis\datasets\GPT_4\Chain_of_thought\tests\test_013.py", line 30, in test_mixed_digit_lengths
            self.assertEqual(count_Substrings('123456'), 5)
        AssertionError: 1 != 5
        
    FAILED: test_non_digit_characters
        Traceback (most recent call last):
          File "C:\Users\skaspers\OneDrive - Capgemini\Documents\Prompted Testsuite Analysis\datasets\GPT_4\Chain_of_thought\tests\test_013.py", line 34, in test_non_digit_characters
            count_Substrings('12a34')
        AssertionError: ValueError not raised
        
    FAILED: test_typical_case
        Traceback (most recent call last):
          File "C:\Users\skaspers\OneDrive - Capgemini\Documents\Prompted Testsuite Analysis\datasets\GPT_4\Chain_of_thought\tests\test_013.py", line 6, in test_typical_case
            self.assertEqual(count_Substrings('1234'), 2)
        AssertionError: 1 != 2
        
    FAILED: test_very_long_string
        Traceback (most recent call last):
          File "C:\Users\skaspers\OneDrive - Capgemini\Documents\Prompted Testsuite Analysis\datasets\GPT_4\Chain_of_thought\tests\test_013.py", line 37, in test_very_long_string
            self.assertEqual(count_Substrings('1' * 1000), 1000)
        AssertionError: 500500 != 1000
        

program_015 (source):
    def max_difference(test_list):
      temp = [abs(b - a) for a, b in test_list]
      res = max(temp)
      return (res)
program_015 (failed test code):
        def test_floating_point_numbers(self):
            self.assertEqual(max_difference([(2.5, 3.5), (3.1, 1.1)]), 1.0)
    
        def test_single_element_tuples(self):
            with self.assertRaises(ValueError):
                max_difference([(1,)])
    
        def test_max_min_integers(self):
            self.assertEqual(max_difference([(2147483647, -2147483648), (-2147483648, 2147483647)]), 4294967295)
    

        def test_mixed_positive_negative(self):
            self.assertEqual(max_difference([(-2, 5), (4, -4), (1, -1)]), 9)
    
        def test_zero_difference(self):
            self.assertEqual(max_difference([(7, 7), (0, 0), (-5, -5)]), 0)
    
        def test_large_numbers(self):
            self.assertEqual(max_difference([(1000000, 5000000), (100000, 500000)]), 4000000)
    
        def test_small_numbers(self):
            self.assertEqual(max_difference([(0.0001, 0.0005), (0.0002, 0.0008)]), 0.0006)
    
        def test_empty_list(self):
            with self.assertRaises(ValueError):
                max_difference([])
    
        def test_floating_point_numbers(self):
            self.assertEqual(max_difference([(2.5, 3.5), (3.1, 1.1)]), 1.0)
    
        def test_single_element_tuples(self):
            with self.assertRaises(ValueError):
                max_difference([(1,)])
    
        def test_max_min_integers(self):
            self.assertEqual(max_difference([(2147483647, -2147483648), (-2147483648, 2147483647)]), 4294967295)
    

        def test_negative_values(self):
            self.assertEqual(max_difference([(-5, -1), (-8, -2), (-4, -3)]), 7)
    
        def test_mixed_positive_negative(self):
            self.assertEqual(max_difference([(-2, 5), (4, -4), (1, -1)]), 9)
    
        def test_zero_difference(self):
            self.assertEqual(max_difference([(7, 7), (0, 0), (-5, -5)]), 0)
    
        def test_large_numbers(self):
            self.assertEqual(max_difference([(1000000, 5000000), (100000, 500000)]), 4000000)
    
        def test_small_numbers(self):
            self.assertEqual(max_difference([(0.0001, 0.0005), (0.0002, 0.0008)]), 0.0006)
    
        def test_empty_list(self):
            with self.assertRaises(ValueError):
                max_difference([])
    
        def test_floating_point_numbers(self):
            self.assertEqual(max_difference([(2.5, 3.5), (3.1, 1.1)]), 1.0)
    
        def test_single_element_tuples(self):
            with self.assertRaises(ValueError):
                max_difference([(1,)])
    
        def test_max_min_integers(self):
            self.assertEqual(max_difference([(2147483647, -2147483648), (-2147483648, 2147483647)]), 4294967295)
    

        def test_small_numbers(self):
            self.assertEqual(max_difference([(0.0001, 0.0005), (0.0002, 0.0008)]), 0.0006)
    
        def test_empty_list(self):
            with self.assertRaises(ValueError):
                max_difference([])
    
        def test_floating_point_numbers(self):
            self.assertEqual(max_difference([(2.5, 3.5), (3.1, 1.1)]), 1.0)
    
        def test_single_element_tuples(self):
            with self.assertRaises(ValueError):
                max_difference([(1,)])
    
        def test_max_min_integers(self):
            self.assertEqual(max_difference([(2147483647, -2147483648), (-2147483648, 2147483647)]), 4294967295)
    


program_015 (assert errors):
    FAILED: test_floating_point_numbers
        Traceback (most recent call last):
          File "C:\Users\skaspers\OneDrive - Capgemini\Documents\Prompted Testsuite Analysis\datasets\GPT_4\Chain_of_thought\tests\test_015.py", line 34, in test_floating_point_numbers
            self.assertEqual(max_difference([(2.5, 3.5), (3.1, 1.1)]), 1.0)
        AssertionError: 2.0 != 1.0
        
    FAILED: test_mixed_positive_negative
        Traceback (most recent call last):
          File "C:\Users\skaspers\OneDrive - Capgemini\Documents\Prompted Testsuite Analysis\datasets\GPT_4\Chain_of_thought\tests\test_015.py", line 18, in test_mixed_positive_negative
            self.assertEqual(max_difference([(-2, 5), (4, -4), (1, -1)]), 9)
        AssertionError: 8 != 9
        
    FAILED: test_negative_values
        Traceback (most recent call last):
          File "C:\Users\skaspers\OneDrive - Capgemini\Documents\Prompted Testsuite Analysis\datasets\GPT_4\Chain_of_thought\tests\test_015.py", line 15, in test_negative_values
            self.assertEqual(max_difference([(-5, -1), (-8, -2), (-4, -3)]), 7)
        AssertionError: 6 != 7
        
    FAILED: test_small_numbers
        Traceback (most recent call last):
          File "C:\Users\skaspers\OneDrive - Capgemini\Documents\Prompted Testsuite Analysis\datasets\GPT_4\Chain_of_thought\tests\test_015.py", line 27, in test_small_numbers
            self.assertEqual(max_difference([(0.0001, 0.0005), (0.0002, 0.0008)]), 0.0006)
        AssertionError: 0.0006000000000000001 != 0.0006
        

program_016 (source):
    def subject_marks(subjectmarks):
    #subject_marks = [('English', 88), ('Science', 90), ('Maths', 97), ('Social sciences', 82)])
     subjectmarks.sort(key = lambda x: x[1])
     return subjectmarks
program_016 (failed test code):
        def test_non_numeric_second_values(self):
            with self.assertRaises(TypeError):
                subject_marks([('English', 'A'), ('Maths', 'B'), ('Science', 'C')])
    
        def test_max_min_integers(self):
            self.assertEqual(subject_marks([('English', 2147483647), ('Maths', -2147483648), ('Science', 0)]), [('Maths', -2147483648), ('Science', 0), ('English', 2147483647)])
    


program_016 (assert errors):
    FAILED: test_non_numeric_second_values
        Traceback (most recent call last):
          File "C:\Users\skaspers\OneDrive - Capgemini\Documents\Prompted Testsuite Analysis\datasets\GPT_4\Chain_of_thought\tests\test_016.py", line 37, in test_non_numeric_second_values
            subject_marks([('English', 'A'), ('Maths', 'B'), ('Science', 'C')])
        AssertionError: TypeError not raised
        

program_019 (source):
    def bell_number(n):   
        bell = [[0 for i in range(n+1)] for j in range(n+1)] 
        bell[0][0] = 1
        for i in range(1, n+1): 
            bell[i][0] = bell[i-1][i-1]  
            for j in range(1, i+1): 
                bell[i][j] = bell[i-1][j-1] + bell[i][j-1]   
        return bell[n][0]
program_019 (failed test code):
        def test_negative_number(self):
            with self.assertRaises(ValueError):
                bell_number(-1)
    
        def test_boundary_n_1(self):
            self.assertEqual(bell_number(1), 1)
    
        def test_boundary_n_2(self):
            self.assertEqual(bell_number(2), 2)
    
        def test_floating_point_input(self):
            with self.assertRaises(TypeError):
                bell_number(2.5)
    
        def test_string_input(self):
            with self.assertRaises(TypeError):
                bell_number('10')
    
        def test_large_number_performance(self):
            self.assertTrue(bell_number(20) > 0)
    


program_019 (assert errors):
    FAILED: test_negative_number
        Traceback (most recent call last):
          File "C:\Users\skaspers\OneDrive - Capgemini\Documents\Prompted Testsuite Analysis\datasets\GPT_4\Chain_of_thought\tests\test_019.py", line 16, in test_negative_number
            bell_number(-1)
          File "C:\Users\skaspers\OneDrive - Capgemini\Documents\Prompted Testsuite Analysis\datasets\GPT_4\Chain_of_thought\programs\program_019.py", line 3, in bell_number
            bell[0][0] = 1
        IndexError: list index out of range
        

program_022 (source):
    def find_equal_tuple(Input):
      k = 0 if not Input else len(Input[0])
      flag = 1
      for tuple in Input:
        if len(tuple) != k:
          flag = 0
          break
      return flag
    def get_equal(Input):
      return find_equal_tuple(Input) == 1
program_022 (failed test code):
        def test_non_iterable_input(self):
            with self.assertRaises(TypeError):
                get_equal('not a list of tuples')
    
        def test_nested_tuples(self):
            self.assertTrue(get_equal([((1, 2),), ((3, 4),)]))
    


program_022 (assert errors):
    FAILED: test_non_iterable_input
        Traceback (most recent call last):
          File "C:\Users\skaspers\OneDrive - Capgemini\Documents\Prompted Testsuite Analysis\datasets\GPT_4\Chain_of_thought\tests\test_022.py", line 37, in test_non_iterable_input
            get_equal('not a list of tuples')
        AssertionError: TypeError not raised
        

program_024 (source):
    def dif_Square(n): 
        if (n % 4 != 2): 
            return True
        return False
program_024 (failed test code):
        def test_floating_point_number(self):
            with self.assertRaises(TypeError):
                dif_Square(2.5)
    
        def test_non_numeric_input(self):
            with self.assertRaises(TypeError):
                dif_Square('10')
    


program_024 (assert errors):
    FAILED: test_floating_point_number
        Traceback (most recent call last):
          File "C:\Users\skaspers\OneDrive - Capgemini\Documents\Prompted Testsuite Analysis\datasets\GPT_4\Chain_of_thought\tests\test_024.py", line 31, in test_floating_point_number
            dif_Square(2.5)
        AssertionError: TypeError not raised
        

program_027 (source):
    def is_Diff(n): 
        return (n % 11 == 0)
program_027 (failed test code):
        def test_floating_point_number(self):
            with self.assertRaises(TypeError):
                is_Diff(22.0)
    
        def test_non_numeric_input(self):
            with self.assertRaises(TypeError):
                is_Diff('22')
    
        def test_max_integer(self):
            self.assertTrue(is_Diff(9223372036854775807 % 11 == 0))
    


program_027 (assert errors):
    FAILED: test_floating_point_number
        Traceback (most recent call last):
          File "C:\Users\skaspers\OneDrive - Capgemini\Documents\Prompted Testsuite Analysis\datasets\GPT_4\Chain_of_thought\tests\test_027.py", line 28, in test_floating_point_number
            is_Diff(22.0)
        AssertionError: TypeError not raised
        

program_028 (source):
    def word_len(s): 
        s = s.split(' ')   
        for word in s:    
            if len(word)%2!=0: 
                return True  
            else:
              return False
program_028 (failed test code):
        def test_mixed_case_words(self):
            self.assertTrue(word_len('TestCase PassFail'))
    
        def test_whitespace_handling(self):
            self.assertTrue(word_len('  spaced out   words   '))  # 'out' has odd length
    

        def test_special_characters(self):
            self.assertTrue(word_len('hello! @home'))
    
        def test_string_with_numbers(self):
            self.assertTrue(word_len('123 4567'))
    
        def test_mixed_case_words(self):
            self.assertTrue(word_len('TestCase PassFail'))
    
        def test_whitespace_handling(self):
            self.assertTrue(word_len('  spaced out   words   '))  # 'out' has odd length
    

        def test_whitespace_handling(self):
            self.assertTrue(word_len('  spaced out   words   '))  # 'out' has odd length
    


program_028 (assert errors):
    FAILED: test_mixed_case_words
        Traceback (most recent call last):
          File "C:\Users\skaspers\OneDrive - Capgemini\Documents\Prompted Testsuite Analysis\datasets\GPT_4\Chain_of_thought\tests\test_028.py", line 30, in test_mixed_case_words
            self.assertTrue(word_len('TestCase PassFail'))
        AssertionError: False is not true
        
    FAILED: test_special_characters
        Traceback (most recent call last):
          File "C:\Users\skaspers\OneDrive - Capgemini\Documents\Prompted Testsuite Analysis\datasets\GPT_4\Chain_of_thought\tests\test_028.py", line 24, in test_special_characters
            self.assertTrue(word_len('hello! @home'))
        AssertionError: False is not true
        
    FAILED: test_whitespace_handling
        Traceback (most recent call last):
          File "C:\Users\skaspers\OneDrive - Capgemini\Documents\Prompted Testsuite Analysis\datasets\GPT_4\Chain_of_thought\tests\test_028.py", line 33, in test_whitespace_handling
            self.assertTrue(word_len('  spaced out   words   '))  # 'out' has odd length
        AssertionError: False is not true
        

program_029 (source):
    def tetrahedral_number(n): 
    	return (n * (n + 1) * (n + 2)) / 6
program_029 (failed test code):
        def test_floating_point_input(self):
            with self.assertRaises(TypeError):
                tetrahedral_number(5.5)
    
        def test_non_numeric_input(self):
            with self.assertRaises(TypeError):
                tetrahedral_number('10')
    
        def test_max_integer(self):
            self.assertTrue(tetrahedral_number(2147483647) > 0)  # Check that it returns a valid result
    

        def test_negative_number(self):
            with self.assertRaises(ValueError):
                tetrahedral_number(-3)
    
        def test_large_number(self):
            self.assertEqual(tetrahedral_number(1000), 167167000.0)  # 1000th tetrahedral number
    
        def test_floating_point_input(self):
            with self.assertRaises(TypeError):
                tetrahedral_number(5.5)
    
        def test_non_numeric_input(self):
            with self.assertRaises(TypeError):
                tetrahedral_number('10')
    
        def test_max_integer(self):
            self.assertTrue(tetrahedral_number(2147483647) > 0)  # Check that it returns a valid result
    


program_029 (assert errors):
    FAILED: test_floating_point_input
        Traceback (most recent call last):
          File "C:\Users\skaspers\OneDrive - Capgemini\Documents\Prompted Testsuite Analysis\datasets\GPT_4\Chain_of_thought\tests\test_029.py", line 20, in test_floating_point_input
            tetrahedral_number(5.5)
        AssertionError: TypeError not raised
        
    FAILED: test_negative_number
        Traceback (most recent call last):
          File "C:\Users\skaspers\OneDrive - Capgemini\Documents\Prompted Testsuite Analysis\datasets\GPT_4\Chain_of_thought\tests\test_029.py", line 13, in test_negative_number
            tetrahedral_number(-3)
        AssertionError: ValueError not raised
        

program_030 (source):
    import math
    def volume_sphere(r):
      volume=(4/3)*math.pi*r*r*r
      return volume
program_030 (failed test code):
        def test_large_radius(self):
            self.assertAlmostEqual(volume_sphere(1000), 4188790204.7863903)
    
        def test_small_radius(self):
            self.assertAlmostEqual(volume_sphere(0.001), 4.1887902047863905e-09)
    
        def test_max_float(self):
            self.assertTrue(volume_sphere(1.7976931348623157e+308) > 0)
    
        def test_non_numeric_input(self):
            with self.assertRaises(TypeError):
                volume_sphere('10')
    


program_030 (assert errors):
    FAILED: test_large_radius
        Traceback (most recent call last):
          File "C:\Users\skaspers\OneDrive - Capgemini\Documents\Prompted Testsuite Analysis\datasets\GPT_4\Chain_of_thought\tests\test_030.py", line 18, in test_large_radius
            self.assertAlmostEqual(volume_sphere(1000), 4188790204.7863903)
        AssertionError: 4188790204.786391 != 4188790204.7863903 within 7 places (4.76837158203125e-07 difference)
        

program_031 (source):
    def get_Char(strr):  
        summ = 0
        for i in range(len(strr)): 
            summ += (ord(strr[i]) - ord('a') + 1)  
        if (summ % 26 == 0): 
            return ord('z') 
        else: 
            summ = summ % 26
            return chr(ord('a') + summ - 1)
program_031 (failed test code):
        def test_all_characters_same(self):
            self.assertEqual(get_Char('aaa'), ord('c'))
    
        def test_max_ascii_characters(self):
            self.assertEqual(get_Char('xyz'), ord('u'))
    
        def test_min_ascii_characters(self):
            self.assertEqual(get_Char('abc'), ord('f'))
    
        def test_mixed_case_input(self):
            with self.assertRaises(ValueError):
                get_Char('AbC')
    
        def test_non_alphabetic_characters(self):
            with self.assertRaises(ValueError):
                get_Char('123')
    
        def test_long_string(self):
            self.assertEqual(get_Char('a' * 1000), ord('m'))
    
        def test_special_characters(self):
            with self.assertRaises(ValueError):
                get_Char('abc@!')
    

        def test_long_string(self):
            self.assertEqual(get_Char('a' * 1000), ord('m'))
    
        def test_special_characters(self):
            with self.assertRaises(ValueError):
                get_Char('abc@!')
    

        def test_max_ascii_characters(self):
            self.assertEqual(get_Char('xyz'), ord('u'))
    
        def test_min_ascii_characters(self):
            self.assertEqual(get_Char('abc'), ord('f'))
    
        def test_mixed_case_input(self):
            with self.assertRaises(ValueError):
                get_Char('AbC')
    
        def test_non_alphabetic_characters(self):
            with self.assertRaises(ValueError):
                get_Char('123')
    
        def test_long_string(self):
            self.assertEqual(get_Char('a' * 1000), ord('m'))
    
        def test_special_characters(self):
            with self.assertRaises(ValueError):
                get_Char('abc@!')
    

        def test_min_ascii_characters(self):
            self.assertEqual(get_Char('abc'), ord('f'))
    
        def test_mixed_case_input(self):
            with self.assertRaises(ValueError):
                get_Char('AbC')
    
        def test_non_alphabetic_characters(self):
            with self.assertRaises(ValueError):
                get_Char('123')
    
        def test_long_string(self):
            self.assertEqual(get_Char('a' * 1000), ord('m'))
    
        def test_special_characters(self):
            with self.assertRaises(ValueError):
                get_Char('abc@!')
    

        def test_mixed_case_input(self):
            with self.assertRaises(ValueError):
                get_Char('AbC')
    
        def test_non_alphabetic_characters(self):
            with self.assertRaises(ValueError):
                get_Char('123')
    
        def test_long_string(self):
            self.assertEqual(get_Char('a' * 1000), ord('m'))
    
        def test_special_characters(self):
            with self.assertRaises(ValueError):
                get_Char('abc@!')
    

        def test_non_alphabetic_characters(self):
            with self.assertRaises(ValueError):
                get_Char('123')
    
        def test_long_string(self):
            self.assertEqual(get_Char('a' * 1000), ord('m'))
    
        def test_special_characters(self):
            with self.assertRaises(ValueError):
                get_Char('abc@!')
    

        def test_single_character(self):
            self.assertEqual(get_Char('d'), ord('d'))
    
        def test_all_characters_same(self):
            self.assertEqual(get_Char('aaa'), ord('c'))
    
        def test_max_ascii_characters(self):
            self.assertEqual(get_Char('xyz'), ord('u'))
    
        def test_min_ascii_characters(self):
            self.assertEqual(get_Char('abc'), ord('f'))
    
        def test_mixed_case_input(self):
            with self.assertRaises(ValueError):
                get_Char('AbC')
    
        def test_non_alphabetic_characters(self):
            with self.assertRaises(ValueError):
                get_Char('123')
    
        def test_long_string(self):
            self.assertEqual(get_Char('a' * 1000), ord('m'))
    
        def test_special_characters(self):
            with self.assertRaises(ValueError):
                get_Char('abc@!')
    

        def test_special_characters(self):
            with self.assertRaises(ValueError):
                get_Char('abc@!')
    

        def test_typical_case(self):
            self.assertEqual(get_Char('abc'), ord('f'))
    
        def test_empty_string(self):
            self.assertEqual(get_Char(''), ord('z'))
    
        def test_single_character(self):
            self.assertEqual(get_Char('d'), ord('d'))
    
        def test_all_characters_same(self):
            self.assertEqual(get_Char('aaa'), ord('c'))
    
        def test_max_ascii_characters(self):
            self.assertEqual(get_Char('xyz'), ord('u'))
    
        def test_min_ascii_characters(self):
            self.assertEqual(get_Char('abc'), ord('f'))
    
        def test_mixed_case_input(self):
            with self.assertRaises(ValueError):
                get_Char('AbC')
    
        def test_non_alphabetic_characters(self):
            with self.assertRaises(ValueError):
                get_Char('123')
    
        def test_long_string(self):
            self.assertEqual(get_Char('a' * 1000), ord('m'))
    
        def test_special_characters(self):
            with self.assertRaises(ValueError):
                get_Char('abc@!')
    


program_031 (assert errors):
    FAILED: test_all_characters_same
        Traceback (most recent call last):
          File "C:\Users\skaspers\OneDrive - Capgemini\Documents\Prompted Testsuite Analysis\datasets\GPT_4\Chain_of_thought\tests\test_031.py", line 15, in test_all_characters_same
            self.assertEqual(get_Char('aaa'), ord('c'))
        AssertionError: 'c' != 99
        
    FAILED: test_long_string
        Traceback (most recent call last):
          File "C:\Users\skaspers\OneDrive - Capgemini\Documents\Prompted Testsuite Analysis\datasets\GPT_4\Chain_of_thought\tests\test_031.py", line 32, in test_long_string
            self.assertEqual(get_Char('a' * 1000), ord('m'))
        AssertionError: 'l' != 109
        
    FAILED: test_max_ascii_characters
        Traceback (most recent call last):
          File "C:\Users\skaspers\OneDrive - Capgemini\Documents\Prompted Testsuite Analysis\datasets\GPT_4\Chain_of_thought\tests\test_031.py", line 18, in test_max_ascii_characters
            self.assertEqual(get_Char('xyz'), ord('u'))
        AssertionError: 'w' != 117
        
    FAILED: test_min_ascii_characters
        Traceback (most recent call last):
          File "C:\Users\skaspers\OneDrive - Capgemini\Documents\Prompted Testsuite Analysis\datasets\GPT_4\Chain_of_thought\tests\test_031.py", line 21, in test_min_ascii_characters
            self.assertEqual(get_Char('abc'), ord('f'))
        AssertionError: 'f' != 102
        
    FAILED: test_mixed_case_input
        Traceback (most recent call last):
          File "C:\Users\skaspers\OneDrive - Capgemini\Documents\Prompted Testsuite Analysis\datasets\GPT_4\Chain_of_thought\tests\test_031.py", line 25, in test_mixed_case_input
            get_Char('AbC')
        AssertionError: ValueError not raised
        
    FAILED: test_non_alphabetic_characters
        Traceback (most recent call last):
          File "C:\Users\skaspers\OneDrive - Capgemini\Documents\Prompted Testsuite Analysis\datasets\GPT_4\Chain_of_thought\tests\test_031.py", line 29, in test_non_alphabetic_characters
            get_Char('123')
        AssertionError: ValueError not raised
        
    FAILED: test_single_character
        Traceback (most recent call last):
          File "C:\Users\skaspers\OneDrive - Capgemini\Documents\Prompted Testsuite Analysis\datasets\GPT_4\Chain_of_thought\tests\test_031.py", line 12, in test_single_character
            self.assertEqual(get_Char('d'), ord('d'))
        AssertionError: 'd' != 100
        
    FAILED: test_special_characters
        Traceback (most recent call last):
          File "C:\Users\skaspers\OneDrive - Capgemini\Documents\Prompted Testsuite Analysis\datasets\GPT_4\Chain_of_thought\tests\test_031.py", line 36, in test_special_characters
            get_Char('abc@!')
        AssertionError: ValueError not raised
        
    FAILED: test_typical_case
        Traceback (most recent call last):
          File "C:\Users\skaspers\OneDrive - Capgemini\Documents\Prompted Testsuite Analysis\datasets\GPT_4\Chain_of_thought\tests\test_031.py", line 6, in test_typical_case
            self.assertEqual(get_Char('abc'), ord('f'))
        AssertionError: 'f' != 102
        

program_032 (source):
    def sequence(n): 
    	if n == 1 or n == 2: 
    		return 1
    	else: 
    		return sequence(sequence(n-1)) + sequence(n-sequence(n-1))
program_032 (failed test code):
        def test_floating_point_n(self):
            with self.assertRaises(TypeError):
                sequence(5.5)
    
        def test_non_numeric_input(self):
            with self.assertRaises(TypeError):
                sequence('10')
    
        def test_performance_large_n(self):
            self.assertTrue(sequence(20) > 0)
    


program_032 (assert errors):
    FAILED: test_floating_point_n
        Traceback (most recent call last):
          File "C:\Users\skaspers\OneDrive - Capgemini\Documents\Prompted Testsuite Analysis\datasets\GPT_4\Chain_of_thought\tests\test_032.py", line 27, in test_floating_point_n
            sequence(5.5)
          File "C:\Users\skaspers\OneDrive - Capgemini\Documents\Prompted Testsuite Analysis\datasets\GPT_4\Chain_of_thought\programs\program_032.py", line 5, in sequence
            return sequence(sequence(n-1)) + sequence(n-sequence(n-1))
          File "C:\Users\skaspers\OneDrive - Capgemini\Documents\Prompted Testsuite Analysis\datasets\GPT_4\Chain_of_thought\programs\program_032.py", line 5, in sequence
            return sequence(sequence(n-1)) + sequence(n-sequence(n-1))
          File "C:\Users\skaspers\OneDrive - Capgemini\Documents\Prompted Testsuite Analysis\datasets\GPT_4\Chain_of_thought\programs\program_032.py", line 5, in sequence
            return sequence(sequence(n-1)) + sequence(n-sequence(n-1))
          [Previous line repeated 979 more times]
          File "C:\Users\skaspers\AppData\Local\Programs\Python\Python38\lib\site-packages\coverage\collector.py", line 253, in lock_data
            self.data_lock.acquire()
        RecursionError: maximum recursion depth exceeded while calling a Python object
        

program_034 (source):
    def centered_hexagonal_number(n):
      return 3 * n * (n - 1) + 1
program_034 (failed test code):
        def test_floating_point_input(self):
            with self.assertRaises(TypeError):
                centered_hexagonal_number(5.5)
    
        def test_non_numeric_input(self):
            with self.assertRaises(TypeError):
                centered_hexagonal_number('10')
    
        def test_max_integer(self):
            self.assertTrue(centered_hexagonal_number(2147483647) > 0)
    

        def test_negative_number(self):
            with self.assertRaises(ValueError):
                centered_hexagonal_number(-3)
    
        def test_large_number(self):
            self.assertEqual(centered_hexagonal_number(1000), 2997001)
    
        def test_floating_point_input(self):
            with self.assertRaises(TypeError):
                centered_hexagonal_number(5.5)
    
        def test_non_numeric_input(self):
            with self.assertRaises(TypeError):
                centered_hexagonal_number('10')
    
        def test_max_integer(self):
            self.assertTrue(centered_hexagonal_number(2147483647) > 0)
    


program_034 (assert errors):
    FAILED: test_floating_point_input
        Traceback (most recent call last):
          File "C:\Users\skaspers\OneDrive - Capgemini\Documents\Prompted Testsuite Analysis\datasets\GPT_4\Chain_of_thought\tests\test_034.py", line 20, in test_floating_point_input
            centered_hexagonal_number(5.5)
        AssertionError: TypeError not raised
        
    FAILED: test_negative_number
        Traceback (most recent call last):
          File "C:\Users\skaspers\OneDrive - Capgemini\Documents\Prompted Testsuite Analysis\datasets\GPT_4\Chain_of_thought\tests\test_034.py", line 13, in test_negative_number
            centered_hexagonal_number(-3)
        AssertionError: ValueError not raised
        

program_037 (source):
    def closest_num(N):
      return (N - 1)
program_037 (failed test code):
        def test_floating_point_input(self):
            with self.assertRaises(TypeError):
                closest_num(5.5)
    
        def test_non_numeric_input(self):
            with self.assertRaises(TypeError):
                closest_num('10')
    
        def test_max_integer(self):
            self.assertEqual(closest_num(2147483647), 2147483646)
    
        def test_min_integer(self):
            self.assertEqual(closest_num(-2147483648), -2147483649)
    


program_037 (assert errors):
    FAILED: test_floating_point_input
        Traceback (most recent call last):
          File "C:\Users\skaspers\OneDrive - Capgemini\Documents\Prompted Testsuite Analysis\datasets\GPT_4\Chain_of_thought\tests\test_037.py", line 22, in test_floating_point_input
            closest_num(5.5)
        AssertionError: TypeError not raised
        

program_040 (source):
    def is_undulating(n): 
    	n = str(n)
    	if (len(n) <= 2): 
    		return False
    	for i in range(2, len(n)): 
    		if (n[i - 2] != n[i]): 
    			return False
    	return True
program_040 (failed test code):
        def test_all_same_digits(self):
            self.assertFalse(is_undulating(11111))
    
        def test_alternating_start_different(self):
            self.assertTrue(is_undulating(2121))
    


program_040 (assert errors):
    FAILED: test_all_same_digits
        Traceback (most recent call last):
          File "C:\Users\skaspers\OneDrive - Capgemini\Documents\Prompted Testsuite Analysis\datasets\GPT_4\Chain_of_thought\tests\test_040.py", line 27, in test_all_same_digits
            self.assertFalse(is_undulating(11111))
        AssertionError: True is not false
        

program_041 (source):
    def power(a,b):
    	if b==0:
    		return 1
    	elif a==0:
    		return 0
    	elif b==1:
    		return a
    	else:
    		return a*power(a,b-1)
program_041 (failed test code):
        def test_boundary_values(self):
            self.assertEqual(power(2147483647, 1), 2147483647)
            self.assertEqual(power(1, 2147483647), 1)
    

        def test_negative_exponent(self):
            self.assertEqual(power(2, -2), None)
    
        def test_negative_base(self):
            self.assertEqual(power(-2, 3), -8)
    
        def test_fractional_base(self):
            self.assertEqual(power(0.5, 2), 0.25)
    
        def test_large_exponent(self):
            self.assertEqual(power(2, 20), 1048576)
    
        def test_non_integer_input(self):
            with self.assertRaises(TypeError):
                power('2', 3)
    
        def test_boundary_values(self):
            self.assertEqual(power(2147483647, 1), 2147483647)
            self.assertEqual(power(1, 2147483647), 1)
    


program_041 (assert errors):
    FAILED: test_boundary_values
        Traceback (most recent call last):
          File "C:\Users\skaspers\OneDrive - Capgemini\Documents\Prompted Testsuite Analysis\datasets\GPT_4\Chain_of_thought\tests\test_041.py", line 35, in test_boundary_values
            self.assertEqual(power(1, 2147483647), 1)
          File "C:\Users\skaspers\OneDrive - Capgemini\Documents\Prompted Testsuite Analysis\datasets\GPT_4\Chain_of_thought\programs\program_041.py", line 9, in power
            return a*power(a,b-1)
          File "C:\Users\skaspers\OneDrive - Capgemini\Documents\Prompted Testsuite Analysis\datasets\GPT_4\Chain_of_thought\programs\program_041.py", line 9, in power
            return a*power(a,b-1)
          File "C:\Users\skaspers\OneDrive - Capgemini\Documents\Prompted Testsuite Analysis\datasets\GPT_4\Chain_of_thought\programs\program_041.py", line 9, in power
            return a*power(a,b-1)
          [Previous line repeated 979 more times]
          File "C:\Users\skaspers\AppData\Local\Programs\Python\Python38\lib\site-packages\coverage\collector.py", line 253, in lock_data
            self.data_lock.acquire()
        RecursionError: maximum recursion depth exceeded while calling a Python object
        
    FAILED: test_negative_exponent
        Traceback (most recent call last):
          File "C:\Users\skaspers\OneDrive - Capgemini\Documents\Prompted Testsuite Analysis\datasets\GPT_4\Chain_of_thought\tests\test_041.py", line 18, in test_negative_exponent
            self.assertEqual(power(2, -2), None)
          File "C:\Users\skaspers\OneDrive - Capgemini\Documents\Prompted Testsuite Analysis\datasets\GPT_4\Chain_of_thought\programs\program_041.py", line 9, in power
            return a*power(a,b-1)
          File "C:\Users\skaspers\OneDrive - Capgemini\Documents\Prompted Testsuite Analysis\datasets\GPT_4\Chain_of_thought\programs\program_041.py", line 9, in power
            return a*power(a,b-1)
          File "C:\Users\skaspers\OneDrive - Capgemini\Documents\Prompted Testsuite Analysis\datasets\GPT_4\Chain_of_thought\programs\program_041.py", line 9, in power
            return a*power(a,b-1)
          [Previous line repeated 979 more times]
          File "C:\Users\skaspers\AppData\Local\Programs\Python\Python38\lib\site-packages\coverage\collector.py", line 253, in lock_data
            self.data_lock.acquire()
        RecursionError: maximum recursion depth exceeded while calling a Python object
        

program_042 (source):
    from operator import itemgetter 
    def index_minimum(test_list):
      res = min(test_list, key = itemgetter(1))[0]
      return (res)
program_042 (failed test code):
        def test_complex_objects_in_tuple(self):
            with self.assertRaises(TypeError):
                index_minimum([(1, [1, 2]), (2, [2, 3])])
    


program_042 (assert errors):
    FAILED: test_complex_objects_in_tuple
        Traceback (most recent call last):
          File "C:\Users\skaspers\OneDrive - Capgemini\Documents\Prompted Testsuite Analysis\datasets\GPT_4\Chain_of_thought\tests\test_042.py", line 33, in test_complex_objects_in_tuple
            index_minimum([(1, [1, 2]), (2, [2, 3])])
        AssertionError: TypeError not raised
        

program_043 (source):
    def Find_Min_Length(lst):  
        minLength = min(len(x) for x in lst )
        return minLength
program_043 (failed test code):
        def test_sublists_with_structures(self):
            self.assertEqual(Find_Min_Length([[1, 2], {'key': 'value'}, (1, 2, 3)]), 2)
    


program_043 (assert errors):
    FAILED: test_sublists_with_structures
        Traceback (most recent call last):
          File "C:\Users\skaspers\OneDrive - Capgemini\Documents\Prompted Testsuite Analysis\datasets\GPT_4\Chain_of_thought\tests\test_043.py", line 32, in test_sublists_with_structures
            self.assertEqual(Find_Min_Length([[1, 2], {'key': 'value'}, (1, 2, 3)]), 2)
        AssertionError: 1 != 2
        

program_044 (source):
    def divisor(n):
      for i in range(n):
        x = len([i for i in range(1,n+1) if not n % i])
      return x
program_044 (failed test code):
        def test_min_integer(self):
            with self.assertRaises(ValueError):
                divisor(-2147483648)
    
        def test_floating_point_input(self):
            with self.assertRaises(TypeError):
                divisor(12.5)
    
        def test_non_numeric_input(self):
            with self.assertRaises(TypeError):
                divisor('twelve')
    

        def test_negative_integer(self):
            self.assertEqual(divisor(-12), 6)
    
        def test_large_integer(self):
            self.assertEqual(divisor(10000), 25)
    
        def test_min_integer(self):
            with self.assertRaises(ValueError):
                divisor(-2147483648)
    
        def test_floating_point_input(self):
            with self.assertRaises(TypeError):
                divisor(12.5)
    
        def test_non_numeric_input(self):
            with self.assertRaises(TypeError):
                divisor('twelve')
    

        def test_zero_input(self):
            with self.assertRaises(ValueError):
                divisor(0)
    
        def test_negative_integer(self):
            self.assertEqual(divisor(-12), 6)
    
        def test_large_integer(self):
            self.assertEqual(divisor(10000), 25)
    
        def test_min_integer(self):
            with self.assertRaises(ValueError):
                divisor(-2147483648)
    
        def test_floating_point_input(self):
            with self.assertRaises(TypeError):
                divisor(12.5)
    
        def test_non_numeric_input(self):
            with self.assertRaises(TypeError):
                divisor('twelve')
    


program_044 (assert errors):
    FAILED: test_min_integer
        Traceback (most recent call last):
          File "C:\Users\skaspers\OneDrive - Capgemini\Documents\Prompted Testsuite Analysis\datasets\GPT_4\Chain_of_thought\tests\test_044.py", line 26, in test_min_integer
            divisor(-2147483648)
          File "C:\Users\skaspers\OneDrive - Capgemini\Documents\Prompted Testsuite Analysis\datasets\GPT_4\Chain_of_thought\programs\program_044.py", line 4, in divisor
            return x
        UnboundLocalError: local variable 'x' referenced before assignment
        
    FAILED: test_negative_integer
        Traceback (most recent call last):
          File "C:\Users\skaspers\OneDrive - Capgemini\Documents\Prompted Testsuite Analysis\datasets\GPT_4\Chain_of_thought\tests\test_044.py", line 19, in test_negative_integer
            self.assertEqual(divisor(-12), 6)
          File "C:\Users\skaspers\OneDrive - Capgemini\Documents\Prompted Testsuite Analysis\datasets\GPT_4\Chain_of_thought\programs\program_044.py", line 4, in divisor
            return x
        UnboundLocalError: local variable 'x' referenced before assignment
        
    FAILED: test_zero_input
        Traceback (most recent call last):
          File "C:\Users\skaspers\OneDrive - Capgemini\Documents\Prompted Testsuite Analysis\datasets\GPT_4\Chain_of_thought\tests\test_044.py", line 16, in test_zero_input
            divisor(0)
          File "C:\Users\skaspers\OneDrive - Capgemini\Documents\Prompted Testsuite Analysis\datasets\GPT_4\Chain_of_thought\programs\program_044.py", line 4, in divisor
            return x
        UnboundLocalError: local variable 'x' referenced before assignment
        

program_045 (source):
    def frequency_lists(list1):
        list1 = [item for sublist in list1 for item in sublist]
        dic_data = {}
        for num in list1:
            if num in dic_data.keys():
                dic_data[num] += 1
            else:
                key = num
                value = 1
                dic_data[key] = value
        return dic_data
program_045 (failed test code):
        def test_nested_lists(self):
            self.assertEqual(frequency_lists([[1, [2, 3]], [[4], 5]]), {1: 1, (2, 3): 1, ((4,), 5): 1})
    
        def test_large_list_of_lists(self):
            large_list = [[i for i in range(1000)] for _ in range(10)]
            self.assertEqual(frequency_lists(large_list)[999], 10)
    
        def test_special_characters(self):
            self.assertEqual(frequency_lists([['@', '#', '$'], ['@', '$']]), {'@': 2, '#': 1, '$': 2})
    
        def test_negative_numbers(self):
            self.assertEqual(frequency_lists([[1, -2, 3], [-2, -3], [3, -3, -2]]), {1: 1, -2: 3, 3: 2, -3: 2})
    


program_045 (assert errors):
    FAILED: test_nested_lists
        Traceback (most recent call last):
          File "C:\Users\skaspers\OneDrive - Capgemini\Documents\Prompted Testsuite Analysis\datasets\GPT_4\Chain_of_thought\tests\test_045.py", line 21, in test_nested_lists
            self.assertEqual(frequency_lists([[1, [2, 3]], [[4], 5]]), {1: 1, (2, 3): 1, ((4,), 5): 1})
          File "C:\Users\skaspers\OneDrive - Capgemini\Documents\Prompted Testsuite Analysis\datasets\GPT_4\Chain_of_thought\programs\program_045.py", line 5, in frequency_lists
            if num in dic_data.keys():
        TypeError: unhashable type: 'list'
        

program_046 (source):
    def multiply_num(numbers):  
        total = 1
        for x in numbers:
            total *= x  
        return total/len(numbers)
program_046 (failed test code):
        def test_floating_point_numbers(self):
            self.assertEqual(multiply_num([1.5, 2.5, 3.5]), 3.75)
    
        def test_large_numbers(self):
            self.assertEqual(multiply_num([100000, 100000]), 10000000000.0)
    
        def test_list_with_one(self):
            self.assertEqual(multiply_num([1, 1, 1, 1]), 1.0)
    
        def test_non_numeric_input(self):
            with self.assertRaises(TypeError):
                multiply_num(['1', 2, 3, 4])
    

        def test_large_numbers(self):
            self.assertEqual(multiply_num([100000, 100000]), 10000000000.0)
    
        def test_list_with_one(self):
            self.assertEqual(multiply_num([1, 1, 1, 1]), 1.0)
    
        def test_non_numeric_input(self):
            with self.assertRaises(TypeError):
                multiply_num(['1', 2, 3, 4])
    

        def test_list_with_negative_numbers(self):
            self.assertEqual(multiply_num([-1, 2, -3, 4]), 1.5)
    
        def test_mixed_numbers(self):
            self.assertEqual(multiply_num([-1, 2, 3, -4]), 1.5)
    
        def test_floating_point_numbers(self):
            self.assertEqual(multiply_num([1.5, 2.5, 3.5]), 3.75)
    
        def test_large_numbers(self):
            self.assertEqual(multiply_num([100000, 100000]), 10000000000.0)
    
        def test_list_with_one(self):
            self.assertEqual(multiply_num([1, 1, 1, 1]), 1.0)
    
        def test_non_numeric_input(self):
            with self.assertRaises(TypeError):
                multiply_num(['1', 2, 3, 4])
    

        def test_list_with_one(self):
            self.assertEqual(multiply_num([1, 1, 1, 1]), 1.0)
    
        def test_non_numeric_input(self):
            with self.assertRaises(TypeError):
                multiply_num(['1', 2, 3, 4])
    

        def test_mixed_numbers(self):
            self.assertEqual(multiply_num([-1, 2, 3, -4]), 1.5)
    
        def test_floating_point_numbers(self):
            self.assertEqual(multiply_num([1.5, 2.5, 3.5]), 3.75)
    
        def test_large_numbers(self):
            self.assertEqual(multiply_num([100000, 100000]), 10000000000.0)
    
        def test_list_with_one(self):
            self.assertEqual(multiply_num([1, 1, 1, 1]), 1.0)
    
        def test_non_numeric_input(self):
            with self.assertRaises(TypeError):
                multiply_num(['1', 2, 3, 4])
    


program_046 (assert errors):
    FAILED: test_floating_point_numbers
        Traceback (most recent call last):
          File "C:\Users\skaspers\OneDrive - Capgemini\Documents\Prompted Testsuite Analysis\datasets\GPT_4\Chain_of_thought\tests\test_046.py", line 25, in test_floating_point_numbers
            self.assertEqual(multiply_num([1.5, 2.5, 3.5]), 3.75)
        AssertionError: 4.375 != 3.75
        
    FAILED: test_large_numbers
        Traceback (most recent call last):
          File "C:\Users\skaspers\OneDrive - Capgemini\Documents\Prompted Testsuite Analysis\datasets\GPT_4\Chain_of_thought\tests\test_046.py", line 28, in test_large_numbers
            self.assertEqual(multiply_num([100000, 100000]), 10000000000.0)
        AssertionError: 5000000000.0 != 10000000000.0
        
    FAILED: test_list_with_negative_numbers
        Traceback (most recent call last):
          File "C:\Users\skaspers\OneDrive - Capgemini\Documents\Prompted Testsuite Analysis\datasets\GPT_4\Chain_of_thought\tests\test_046.py", line 19, in test_list_with_negative_numbers
            self.assertEqual(multiply_num([-1, 2, -3, 4]), 1.5)
        AssertionError: 6.0 != 1.5
        
    FAILED: test_list_with_one
        Traceback (most recent call last):
          File "C:\Users\skaspers\OneDrive - Capgemini\Documents\Prompted Testsuite Analysis\datasets\GPT_4\Chain_of_thought\tests\test_046.py", line 31, in test_list_with_one
            self.assertEqual(multiply_num([1, 1, 1, 1]), 1.0)
        AssertionError: 0.25 != 1.0
        
    FAILED: test_mixed_numbers
        Traceback (most recent call last):
          File "C:\Users\skaspers\OneDrive - Capgemini\Documents\Prompted Testsuite Analysis\datasets\GPT_4\Chain_of_thought\tests\test_046.py", line 22, in test_mixed_numbers
            self.assertEqual(multiply_num([-1, 2, 3, -4]), 1.5)
        AssertionError: 6.0 != 1.5
        

program_048 (source):
    import sys
    def next_smallest_palindrome(num):
        numstr = str(num)
        for i in range(num+1,sys.maxsize):
            if str(i) == str(i)[::-1]:
                return i
program_048 (failed test code):
        def test_boundary_condition(self):
            self.assertTrue(next_smallest_palindrome(sys.maxsize) > sys.maxsize)
    


program_048 (assert errors):
    FAILED: test_boundary_condition
        Traceback (most recent call last):
          File "C:\Users\skaspers\OneDrive - Capgemini\Documents\Prompted Testsuite Analysis\datasets\GPT_4\Chain_of_thought\tests\test_048.py", line 34, in test_boundary_condition
            self.assertTrue(next_smallest_palindrome(sys.maxsize) > sys.maxsize)
        TypeError: '>' not supported between instances of 'NoneType' and 'int'
        

program_049 (source):
    def kth_element(arr, k):
      n = len(arr)
      for i in range(n):
        for j in range(0, n-i-1):
          if arr[j] > arr[j+1]:
            arr[j], arr[j+1] == arr[j+1], arr[j]
      return arr[k-1]
program_049 (failed test code):
        def test_array_with_negatives(self):
            self.assertEqual(kth_element([4, -2, 3, -1], 2), -1)
    
        def test_empty_array(self):
            with self.assertRaises(IndexError):
                kth_element([], 1)
    
        def test_single_element_array(self):
            self.assertEqual(kth_element([10], 1), 10)
    
        def test_unsorted_array(self):
            self.assertEqual(kth_element([3, 1, 4, 2], 4), 4)
    
        def test_non_integer_k(self):
            with self.assertRaises(TypeError):
                kth_element([1, 2, 3], '2')
    

        def test_k_equals_length(self):
            self.assertEqual(kth_element([5, 3, 1], 3), 5)
    
        def test_k_larger_than_length(self):
            with self.assertRaises(IndexError):
                kth_element([5, 3, 1], 4)
    
        def test_array_with_duplicates(self):
            self.assertEqual(kth_element([4, 2, 4, 3], 3), 4)
    
        def test_array_with_negatives(self):
            self.assertEqual(kth_element([4, -2, 3, -1], 2), -1)
    
        def test_empty_array(self):
            with self.assertRaises(IndexError):
                kth_element([], 1)
    
        def test_single_element_array(self):
            self.assertEqual(kth_element([10], 1), 10)
    
        def test_unsorted_array(self):
            self.assertEqual(kth_element([3, 1, 4, 2], 4), 4)
    
        def test_non_integer_k(self):
            with self.assertRaises(TypeError):
                kth_element([1, 2, 3], '2')
    

        def test_k_equals_one(self):
            self.assertEqual(kth_element([5, 3, 1], 1), 1)
    
        def test_k_equals_length(self):
            self.assertEqual(kth_element([5, 3, 1], 3), 5)
    
        def test_k_larger_than_length(self):
            with self.assertRaises(IndexError):
                kth_element([5, 3, 1], 4)
    
        def test_array_with_duplicates(self):
            self.assertEqual(kth_element([4, 2, 4, 3], 3), 4)
    
        def test_array_with_negatives(self):
            self.assertEqual(kth_element([4, -2, 3, -1], 2), -1)
    
        def test_empty_array(self):
            with self.assertRaises(IndexError):
                kth_element([], 1)
    
        def test_single_element_array(self):
            self.assertEqual(kth_element([10], 1), 10)
    
        def test_unsorted_array(self):
            self.assertEqual(kth_element([3, 1, 4, 2], 4), 4)
    
        def test_non_integer_k(self):
            with self.assertRaises(TypeError):
                kth_element([1, 2, 3], '2')
    

        def test_typical_case(self):
            self.assertEqual(kth_element([3, 1, 2], 2), 2)
    
        def test_k_equals_one(self):
            self.assertEqual(kth_element([5, 3, 1], 1), 1)
    
        def test_k_equals_length(self):
            self.assertEqual(kth_element([5, 3, 1], 3), 5)
    
        def test_k_larger_than_length(self):
            with self.assertRaises(IndexError):
                kth_element([5, 3, 1], 4)
    
        def test_array_with_duplicates(self):
            self.assertEqual(kth_element([4, 2, 4, 3], 3), 4)
    
        def test_array_with_negatives(self):
            self.assertEqual(kth_element([4, -2, 3, -1], 2), -1)
    
        def test_empty_array(self):
            with self.assertRaises(IndexError):
                kth_element([], 1)
    
        def test_single_element_array(self):
            self.assertEqual(kth_element([10], 1), 10)
    
        def test_unsorted_array(self):
            self.assertEqual(kth_element([3, 1, 4, 2], 4), 4)
    
        def test_non_integer_k(self):
            with self.assertRaises(TypeError):
                kth_element([1, 2, 3], '2')
    

        def test_unsorted_array(self):
            self.assertEqual(kth_element([3, 1, 4, 2], 4), 4)
    
        def test_non_integer_k(self):
            with self.assertRaises(TypeError):
                kth_element([1, 2, 3], '2')
    


program_049 (assert errors):
    FAILED: test_array_with_negatives
        Traceback (most recent call last):
          File "C:\Users\skaspers\OneDrive - Capgemini\Documents\Prompted Testsuite Analysis\datasets\GPT_4\Chain_of_thought\tests\test_049.py", line 22, in test_array_with_negatives
            self.assertEqual(kth_element([4, -2, 3, -1], 2), -1)
        AssertionError: -2 != -1
        
    FAILED: test_k_equals_length
        Traceback (most recent call last):
          File "C:\Users\skaspers\OneDrive - Capgemini\Documents\Prompted Testsuite Analysis\datasets\GPT_4\Chain_of_thought\tests\test_049.py", line 12, in test_k_equals_length
            self.assertEqual(kth_element([5, 3, 1], 3), 5)
        AssertionError: 1 != 5
        
    FAILED: test_k_equals_one
        Traceback (most recent call last):
          File "C:\Users\skaspers\OneDrive - Capgemini\Documents\Prompted Testsuite Analysis\datasets\GPT_4\Chain_of_thought\tests\test_049.py", line 9, in test_k_equals_one
            self.assertEqual(kth_element([5, 3, 1], 1), 1)
        AssertionError: 5 != 1
        
    FAILED: test_typical_case
        Traceback (most recent call last):
          File "C:\Users\skaspers\OneDrive - Capgemini\Documents\Prompted Testsuite Analysis\datasets\GPT_4\Chain_of_thought\tests\test_049.py", line 6, in test_typical_case
            self.assertEqual(kth_element([3, 1, 2], 2), 2)
        AssertionError: 1 != 2
        
    FAILED: test_unsorted_array
        Traceback (most recent call last):
          File "C:\Users\skaspers\OneDrive - Capgemini\Documents\Prompted Testsuite Analysis\datasets\GPT_4\Chain_of_thought\tests\test_049.py", line 32, in test_unsorted_array
            self.assertEqual(kth_element([3, 1, 4, 2], 4), 4)
        AssertionError: 2 != 4
        

program_050 (source):
    def snake_to_camel(word):
            import re
            return ''.join(x.capitalize() or '_' for x in word.split('_'))
program_050 (failed test code):
        def test_consecutive_underscores(self):
            self.assertEqual(snake_to_camel('this__is__a__test'), 'ThisIsATest')
    
        def test_all_uppercase(self):
            self.assertEqual(snake_to_camel('THIS_IS_UPPERCASE'), 'ThisIsUppercase')
    
        def test_all_lowercase(self):
            self.assertEqual(snake_to_camel('this_is_lowercase'), 'ThisIsLowercase')
    
        def test_string_with_numbers(self):
            self.assertEqual(snake_to_camel('this_is_4_you'), 'ThisIs4You')
    
        def test_string_with_special_characters(self):
            self.assertEqual(snake_to_camel('this_is_a_test!'), 'ThisIsATest!')
    
        def test_mixed_case(self):
            self.assertEqual(snake_to_camel('this_IS_Mixed_Case'), 'ThisIsMixedCase')
    

        def test_empty_string(self):
            self.assertEqual(snake_to_camel(''), '')
    
        def test_leading_trailing_underscores(self):
            self.assertEqual(snake_to_camel('_leading_and_trailing_'), 'LeadingAndTrailing')
    
        def test_consecutive_underscores(self):
            self.assertEqual(snake_to_camel('this__is__a__test'), 'ThisIsATest')
    
        def test_all_uppercase(self):
            self.assertEqual(snake_to_camel('THIS_IS_UPPERCASE'), 'ThisIsUppercase')
    
        def test_all_lowercase(self):
            self.assertEqual(snake_to_camel('this_is_lowercase'), 'ThisIsLowercase')
    
        def test_string_with_numbers(self):
            self.assertEqual(snake_to_camel('this_is_4_you'), 'ThisIs4You')
    
        def test_string_with_special_characters(self):
            self.assertEqual(snake_to_camel('this_is_a_test!'), 'ThisIsATest!')
    
        def test_mixed_case(self):
            self.assertEqual(snake_to_camel('this_IS_Mixed_Case'), 'ThisIsMixedCase')
    

        def test_leading_trailing_underscores(self):
            self.assertEqual(snake_to_camel('_leading_and_trailing_'), 'LeadingAndTrailing')
    
        def test_consecutive_underscores(self):
            self.assertEqual(snake_to_camel('this__is__a__test'), 'ThisIsATest')
    
        def test_all_uppercase(self):
            self.assertEqual(snake_to_camel('THIS_IS_UPPERCASE'), 'ThisIsUppercase')
    
        def test_all_lowercase(self):
            self.assertEqual(snake_to_camel('this_is_lowercase'), 'ThisIsLowercase')
    
        def test_string_with_numbers(self):
            self.assertEqual(snake_to_camel('this_is_4_you'), 'ThisIs4You')
    
        def test_string_with_special_characters(self):
            self.assertEqual(snake_to_camel('this_is_a_test!'), 'ThisIsATest!')
    
        def test_mixed_case(self):
            self.assertEqual(snake_to_camel('this_IS_Mixed_Case'), 'ThisIsMixedCase')
    


program_050 (assert errors):
    FAILED: test_consecutive_underscores
        Traceback (most recent call last):
          File "C:\Users\skaspers\OneDrive - Capgemini\Documents\Prompted Testsuite Analysis\datasets\GPT_4\Chain_of_thought\tests\test_050.py", line 18, in test_consecutive_underscores
            self.assertEqual(snake_to_camel('this__is__a__test'), 'ThisIsATest')
        AssertionError: 'This_Is_A_Test' != 'ThisIsATest'
        - This_Is_A_Test
        ?     -  - -
        + ThisIsATest
        
        
    FAILED: test_empty_string
        Traceback (most recent call last):
          File "C:\Users\skaspers\OneDrive - Capgemini\Documents\Prompted Testsuite Analysis\datasets\GPT_4\Chain_of_thought\tests\test_050.py", line 12, in test_empty_string
            self.assertEqual(snake_to_camel(''), '')
        AssertionError: '_' != ''
        - _
        + 
        
        
    FAILED: test_leading_trailing_underscores
        Traceback (most recent call last):
          File "C:\Users\skaspers\OneDrive - Capgemini\Documents\Prompted Testsuite Analysis\datasets\GPT_4\Chain_of_thought\tests\test_050.py", line 15, in test_leading_trailing_underscores
            self.assertEqual(snake_to_camel('_leading_and_trailing_'), 'LeadingAndTrailing')
        AssertionError: '_LeadingAndTrailing_' != 'LeadingAndTrailing'
        - _LeadingAndTrailing_
        ? -                  -
        + LeadingAndTrailing
        
        

program_051 (source):
    def eulerian_num(n, m): 
    	if (m >= n or n == 0): 
    		return 0 
    	if (m == 0): 
    		return 1 
    	return ((n - m) * eulerian_num(n - 1, m - 1) +(m + 1) * eulerian_num(n - 1, m))
program_051 (failed test code):
        def test_large_inputs(self):
            self.assertEqual(eulerian_num(10, 5), 42525)
    
        def test_non_integer_inputs(self):
            with self.assertRaises(TypeError):
                eulerian_num(4.5, 2)
            with self.assertRaises(TypeError):
                eulerian_num('4', 2)
    

        def test_m_equals_n_minus_one(self):
            self.assertEqual(eulerian_num(5, 4), 16)
    
        def test_m_greater_or_equal_to_n(self):
            self.assertEqual(eulerian_num(4, 4), 0)
            self.assertEqual(eulerian_num(4, 5), 0)
    
        def test_n_equals_zero(self):
            self.assertEqual(eulerian_num(0, 0), 0)
            self.assertEqual(eulerian_num(0, 1), 0)
    
        def test_negative_inputs(self):
            self.assertEqual(eulerian_num(-4, 2), 0)
            self.assertEqual(eulerian_num(4, -2), 0)
    
        def test_large_inputs(self):
            self.assertEqual(eulerian_num(10, 5), 42525)
    
        def test_non_integer_inputs(self):
            with self.assertRaises(TypeError):
                eulerian_num(4.5, 2)
            with self.assertRaises(TypeError):
                eulerian_num('4', 2)
    

        def test_non_integer_inputs(self):
            with self.assertRaises(TypeError):
                eulerian_num(4.5, 2)
            with self.assertRaises(TypeError):
                eulerian_num('4', 2)
    


program_051 (assert errors):
    FAILED: test_large_inputs
        Traceback (most recent call last):
          File "C:\Users\skaspers\OneDrive - Capgemini\Documents\Prompted Testsuite Analysis\datasets\GPT_4\Chain_of_thought\tests\test_051.py", line 27, in test_large_inputs
            self.assertEqual(eulerian_num(10, 5), 42525)
        AssertionError: 1310354 != 42525
        
    FAILED: test_m_equals_n_minus_one
        Traceback (most recent call last):
          File "C:\Users\skaspers\OneDrive - Capgemini\Documents\Prompted Testsuite Analysis\datasets\GPT_4\Chain_of_thought\tests\test_051.py", line 12, in test_m_equals_n_minus_one
            self.assertEqual(eulerian_num(5, 4), 16)
        AssertionError: 1 != 16
        
    FAILED: test_non_integer_inputs
        Traceback (most recent call last):
          File "C:\Users\skaspers\OneDrive - Capgemini\Documents\Prompted Testsuite Analysis\datasets\GPT_4\Chain_of_thought\tests\test_051.py", line 31, in test_non_integer_inputs
            eulerian_num(4.5, 2)
        AssertionError: TypeError not raised
        

program_053 (source):
    def count(lst):   
        return sum(lst)
program_053 (failed test code):
        def test_mixed_data_types(self):
            self.assertEqual(count([True, False, 1, 'True']), 1)
    
        def test_duplicates(self):
            self.assertEqual(count([True, True, False, True, False]), 3)
    
        def test_nested_lists(self):
            self.assertEqual(count([[True, False], [True], False]), 0)
    
        def test_large_list(self):
            self.assertEqual(count([True] * 10000 + [False] * 10000), 10000)
    

        def test_nested_lists(self):
            self.assertEqual(count([[True, False], [True], False]), 0)
    
        def test_large_list(self):
            self.assertEqual(count([True] * 10000 + [False] * 10000), 10000)
    

        def test_non_boolean_values(self):
            self.assertEqual(count([1, 0, 'True', 'False']), 0)
    
        def test_single_true(self):
            self.assertEqual(count([True]), 1)
    
        def test_mixed_data_types(self):
            self.assertEqual(count([True, False, 1, 'True']), 1)
    
        def test_duplicates(self):
            self.assertEqual(count([True, True, False, True, False]), 3)
    
        def test_nested_lists(self):
            self.assertEqual(count([[True, False], [True], False]), 0)
    
        def test_large_list(self):
            self.assertEqual(count([True] * 10000 + [False] * 10000), 10000)
    


program_053 (assert errors):
    FAILED: test_mixed_data_types
        Traceback (most recent call last):
          File "C:\Users\skaspers\OneDrive - Capgemini\Documents\Prompted Testsuite Analysis\datasets\GPT_4\Chain_of_thought\tests\test_053.py", line 24, in test_mixed_data_types
            self.assertEqual(count([True, False, 1, 'True']), 1)
          File "C:\Users\skaspers\OneDrive - Capgemini\Documents\Prompted Testsuite Analysis\datasets\GPT_4\Chain_of_thought\programs\program_053.py", line 2, in count
            return sum(lst)
        TypeError: unsupported operand type(s) for +: 'int' and 'str'
        
    FAILED: test_nested_lists
        Traceback (most recent call last):
          File "C:\Users\skaspers\OneDrive - Capgemini\Documents\Prompted Testsuite Analysis\datasets\GPT_4\Chain_of_thought\tests\test_053.py", line 30, in test_nested_lists
            self.assertEqual(count([[True, False], [True], False]), 0)
          File "C:\Users\skaspers\OneDrive - Capgemini\Documents\Prompted Testsuite Analysis\datasets\GPT_4\Chain_of_thought\programs\program_053.py", line 2, in count
            return sum(lst)
        TypeError: unsupported operand type(s) for +: 'int' and 'list'
        
    FAILED: test_non_boolean_values
        Traceback (most recent call last):
          File "C:\Users\skaspers\OneDrive - Capgemini\Documents\Prompted Testsuite Analysis\datasets\GPT_4\Chain_of_thought\tests\test_053.py", line 18, in test_non_boolean_values
            self.assertEqual(count([1, 0, 'True', 'False']), 0)
          File "C:\Users\skaspers\OneDrive - Capgemini\Documents\Prompted Testsuite Analysis\datasets\GPT_4\Chain_of_thought\programs\program_053.py", line 2, in count
            return sum(lst)
        TypeError: unsupported operand type(s) for +: 'int' and 'str'
        

program_054 (source):
    def add_lists(test_list, test_tup):
      res = tuple(list(test_tup) + test_list)
      return (res)
program_054 (failed test code):
        def test_invalid_inputs(self):
            with self.assertRaises(TypeError):
                add_lists('string', (1, 2))
            with self.assertRaises(TypeError):
                add_lists([1, 2], 'string')
    


program_054 (assert errors):
    FAILED: test_invalid_inputs
        Traceback (most recent call last):
          File "C:\Users\skaspers\OneDrive - Capgemini\Documents\Prompted Testsuite Analysis\datasets\GPT_4\Chain_of_thought\tests\test_054.py", line 38, in test_invalid_inputs
            add_lists([1, 2], 'string')
        AssertionError: TypeError not raised
        

program_056 (source):
    def odd_Equivalent(s,n): 
        count=0
        for i in range(0,n): 
            if (s[i] == '1'): 
                count = count + 1
        return count
program_056 (failed test code):
        def test_n_less_than_length(self):
            self.assertEqual(odd_Equivalent('1101', 2), 1)
    

        def test_non_binary_string(self):
            with self.assertRaises(ValueError):
                odd_Equivalent('1102', 4)
    
        def test_n_equals_zero(self):
            self.assertEqual(odd_Equivalent('1101', 0), 0)
    
        def test_n_less_than_length(self):
            self.assertEqual(odd_Equivalent('1101', 2), 1)
    

        def test_n_greater_than_length(self):
            self.assertEqual(odd_Equivalent('1101', 6), 3)
    
        def test_empty_string(self):
            self.assertEqual(odd_Equivalent('', 0), 0)
    
        def test_non_binary_string(self):
            with self.assertRaises(ValueError):
                odd_Equivalent('1102', 4)
    
        def test_n_equals_zero(self):
            self.assertEqual(odd_Equivalent('1101', 0), 0)
    
        def test_n_less_than_length(self):
            self.assertEqual(odd_Equivalent('1101', 2), 1)
    


program_056 (assert errors):
    FAILED: test_n_less_than_length
        Traceback (most recent call last):
          File "C:\Users\skaspers\OneDrive - Capgemini\Documents\Prompted Testsuite Analysis\datasets\GPT_4\Chain_of_thought\tests\test_056.py", line 35, in test_n_less_than_length
            self.assertEqual(odd_Equivalent('1101', 2), 1)
        AssertionError: 2 != 1
        
    FAILED: test_non_binary_string
        Traceback (most recent call last):
          File "C:\Users\skaspers\OneDrive - Capgemini\Documents\Prompted Testsuite Analysis\datasets\GPT_4\Chain_of_thought\tests\test_056.py", line 29, in test_non_binary_string
            odd_Equivalent('1102', 4)
        AssertionError: ValueError not raised
        
    FAILED: test_n_greater_than_length
        Traceback (most recent call last):
          File "C:\Users\skaspers\OneDrive - Capgemini\Documents\Prompted Testsuite Analysis\datasets\GPT_4\Chain_of_thought\tests\test_056.py", line 22, in test_n_greater_than_length
            self.assertEqual(odd_Equivalent('1101', 6), 3)
          File "C:\Users\skaspers\OneDrive - Capgemini\Documents\Prompted Testsuite Analysis\datasets\GPT_4\Chain_of_thought\programs\program_056.py", line 4, in odd_Equivalent
            if (s[i] == '1'):
        IndexError: string index out of range
        

program_057 (source):
    def common_in_nested_lists(nestedlist):
        result = list(set.intersection(*map(set, nestedlist)))
        return result
program_057 (failed test code):
        def test_empty_nested_list(self):
            self.assertEqual(common_in_nested_lists([]), [])
    
        def test_one_empty_list(self):
            self.assertEqual(common_in_nested_lists([[1, 2, 3], [], [2, 3, 4]]), [])
    
        def test_all_empty_lists(self):
            self.assertEqual(common_in_nested_lists([[], [], []]), [])
    
        def test_lists_with_duplicates(self):
            self.assertEqual(common_in_nested_lists([[1, 2, 2, 3], [2, 2, 4, 5], [2, 3, 6]]), [2])
    
        def test_lists_with_different_data_types(self):
            self.assertEqual(common_in_nested_lists([[1, 'a', 3.5], ['a', 2, 3.5], [3.5, 'a', 4]]), ['a', 3.5])
    
        def test_lists_with_special_characters(self):
            self.assertEqual(common_in_nested_lists([['@', '#', '$'], ['$', '%', '&'], ['$', '!', '@']]), ['$'])
    
        def test_large_nested_lists(self):
            large_list = [[i for i in range(1000)] for _ in range(3)]
            self.assertEqual(common_in_nested_lists(large_list), list(range(1000)))
    


program_057 (assert errors):
    FAILED: test_empty_nested_list
        Traceback (most recent call last):
          File "C:\Users\skaspers\OneDrive - Capgemini\Documents\Prompted Testsuite Analysis\datasets\GPT_4\Chain_of_thought\tests\test_057.py", line 15, in test_empty_nested_list
            self.assertEqual(common_in_nested_lists([]), [])
          File "C:\Users\skaspers\OneDrive - Capgemini\Documents\Prompted Testsuite Analysis\datasets\GPT_4\Chain_of_thought\programs\program_057.py", line 2, in common_in_nested_lists
            result = list(set.intersection(*map(set, nestedlist)))
        TypeError: descriptor 'intersection' of 'set' object needs an argument
        

program_058 (source):
    def check_integer(text):
     text = text.strip()
     if len(text) < 1:
        return None
     else:
         if all(text[i] in "0123456789" for i in range(len(text))):
              return True
         elif (text[0] in "+-") and \
             all(text[i] in "0123456789" for i in range(1,len(text))):
             return True
         else:
            return False
program_058 (failed test code):
        def test_only_sign(self):
            self.assertFalse(check_integer('+'))
            self.assertFalse(check_integer('-'))
    
        def test_mixed_digits_and_letters(self):
            self.assertFalse(check_integer('12a34'))
    
        def test_decimal_point(self):
            self.assertFalse(check_integer('123.45'))
    
        def test_multiple_signs(self):
            self.assertFalse(check_integer('++12345'))
            self.assertFalse(check_integer('--12345'))
    
        def test_large_integer(self):
            self.assertTrue(check_integer('12345678901234567890'))
    


program_058 (assert errors):
    FAILED: test_only_sign
        Traceback (most recent call last):
          File "C:\Users\skaspers\OneDrive - Capgemini\Documents\Prompted Testsuite Analysis\datasets\GPT_4\Chain_of_thought\tests\test_058.py", line 23, in test_only_sign
            self.assertFalse(check_integer('+'))
        AssertionError: True is not false
        

program_059 (source):
    def empty_dit(list1):
     empty_dit=all(not d for d in list1)
     return empty_dit
program_059 (failed test code):
        def test_no_dictionaries(self):
            self.assertTrue(empty_dit(['string', 123, []]))
    
        def test_nested_dictionaries(self):
            self.assertFalse(empty_dit([{'a': {'b': {}}}, {}]))
    
        def test_single_dictionary(self):
            self.assertTrue(empty_dit([{}]))
            self.assertFalse(empty_dit([{'a': 1}]))
    
        def test_duplicate_dictionaries(self):
            self.assertTrue(empty_dit([{}, {}, {}]))
            self.assertFalse(empty_dit([{}, {'a': 1}, {'a': 1}]))
    
        def test_large_list_of_dictionaries(self):
            self.assertTrue(empty_dit([{} for _ in range(10000)]))
            self.assertFalse(empty_dit([{} for _ in range(9999)] + [{'a': 1}]))
    
        def test_none_in_list(self):
            self.assertTrue(empty_dit([{}, None, {}]))
            self.assertFalse(empty_dit([{}, None, {'a': 1}]))
    


program_059 (assert errors):
    FAILED: test_no_dictionaries
        Traceback (most recent call last):
          File "C:\Users\skaspers\OneDrive - Capgemini\Documents\Prompted Testsuite Analysis\datasets\GPT_4\Chain_of_thought\tests\test_059.py", line 18, in test_no_dictionaries
            self.assertTrue(empty_dit(['string', 123, []]))
        AssertionError: False is not true
        

program_060 (source):
    def tuple_to_int(nums):
        result = int(''.join(map(str,nums)))
        return result
program_060 (failed test code):
        def test_negative_integers(self):
            with self.assertRaises(ValueError):
                tuple_to_int((-1, 2, 3))
    


program_060 (assert errors):
    FAILED: test_negative_integers
        Traceback (most recent call last):
          File "C:\Users\skaspers\OneDrive - Capgemini\Documents\Prompted Testsuite Analysis\datasets\GPT_4\Chain_of_thought\tests\test_060.py", line 36, in test_negative_integers
            tuple_to_int((-1, 2, 3))
        AssertionError: ValueError not raised
        

program_061 (source):
    def list_to_float(test_list):
      res = []
      for tup in test_list:
        temp = []
        for ele in tup:
          if ele.isalpha():
            temp.append(ele)
          else:
            temp.append(float(ele))
        res.append((temp[0],temp[1])) 
      return res
program_061 (failed test code):
        def test_non_convertible_elements(self):
            with self.assertRaises(ValueError):
                list_to_float([['a', 'b'], ['c', 'd']])
    
        def test_nested_lists(self):
            with self.assertRaises(IndexError):
                list_to_float([['1', ['2', '3']], ['4', '5']])
    
        def test_integers_and_floats(self):
            self.assertEqual(list_to_float([['10', '20'], ['30.5', '40.2']]), [(10.0, 20.0), (30.5, 40.2)])
    
        def test_special_characters(self):
            with self.assertRaises(ValueError):
                list_to_float([['1@', '2#'], ['3$', '4%']])
    
        def test_negative_numbers(self):
            self.assertEqual(list_to_float([['-1', '-2'], ['-3.5', '-4.2']]), [(-1.0, -2.0), (-3.5, -4.2)])
    
        def test_strings_that_look_like_numbers(self):
            with self.assertRaises(ValueError):
                list_to_float([['123abc', '456def'], ['789ghi', '012jkl']])
    
        def test_very_large_numbers(self):
            self.assertEqual(list_to_float([['1e10', '2e20'], ['3e30', '4e40']]), [(1e10, 2e20), (3e30, 4e40)])
    

        def test_nested_lists(self):
            with self.assertRaises(IndexError):
                list_to_float([['1', ['2', '3']], ['4', '5']])
    
        def test_integers_and_floats(self):
            self.assertEqual(list_to_float([['10', '20'], ['30.5', '40.2']]), [(10.0, 20.0), (30.5, 40.2)])
    
        def test_special_characters(self):
            with self.assertRaises(ValueError):
                list_to_float([['1@', '2#'], ['3$', '4%']])
    
        def test_negative_numbers(self):
            self.assertEqual(list_to_float([['-1', '-2'], ['-3.5', '-4.2']]), [(-1.0, -2.0), (-3.5, -4.2)])
    
        def test_strings_that_look_like_numbers(self):
            with self.assertRaises(ValueError):
                list_to_float([['123abc', '456def'], ['789ghi', '012jkl']])
    
        def test_very_large_numbers(self):
            self.assertEqual(list_to_float([['1e10', '2e20'], ['3e30', '4e40']]), [(1e10, 2e20), (3e30, 4e40)])
    


program_061 (assert errors):
    FAILED: test_non_convertible_elements
        Traceback (most recent call last):
          File "C:\Users\skaspers\OneDrive - Capgemini\Documents\Prompted Testsuite Analysis\datasets\GPT_4\Chain_of_thought\tests\test_061.py", line 16, in test_non_convertible_elements
            list_to_float([['a', 'b'], ['c', 'd']])
        AssertionError: ValueError not raised
        
    FAILED: test_nested_lists
        Traceback (most recent call last):
          File "C:\Users\skaspers\OneDrive - Capgemini\Documents\Prompted Testsuite Analysis\datasets\GPT_4\Chain_of_thought\tests\test_061.py", line 20, in test_nested_lists
            list_to_float([['1', ['2', '3']], ['4', '5']])
          File "C:\Users\skaspers\OneDrive - Capgemini\Documents\Prompted Testsuite Analysis\datasets\GPT_4\Chain_of_thought\programs\program_061.py", line 6, in list_to_float
            if ele.isalpha():
        AttributeError: 'list' object has no attribute 'isalpha'
        

program_062 (source):
    def string_to_list(string): 
        lst = list(string.split(" ")) 
        return lst
program_062 (failed test code):
        def test_very_long_string(self):
            long_string = 'word ' * 1000
            self.assertEqual(string_to_list(long_string), ['word'] * 1000)
    


program_062 (assert errors):
    FAILED: test_very_long_string
        Traceback (most recent call last):
          File "C:\Users\skaspers\OneDrive - Capgemini\Documents\Prompted Testsuite Analysis\datasets\GPT_4\Chain_of_thought\tests\test_062.py", line 34, in test_very_long_string
            self.assertEqual(string_to_list(long_string), ['word'] * 1000)
        AssertionError: Lists differ: ['wor[7936 chars]d', 'word', 'word', 'word', 'word', 'word', 'word', 'word', ''] != ['wor[7936 chars]d', 'word', 'word', 'word', 'word', 'word', 'word', 'word']
        
        First list contains 1 additional elements.
        First extra element 1000:
        ''
        
        Diff is 11042 characters long. Set self.maxDiff to None to see it.
        

program_066 (source):
    import cmath
    def angle_complex(a,b):
      cn=complex(a,b)
      angle=cmath.phase(a+b)
      return angle
program_066 (failed test code):
        def test_both_parts_negative(self):
            self.assertAlmostEqual(angle_complex(-1, -1), cmath.phase(complex(-1, -1)))
    
        def test_on_axes(self):
            self.assertAlmostEqual(angle_complex(1, 0), 0)
            self.assertAlmostEqual(angle_complex(0, 1), cmath.pi / 2)
            self.assertAlmostEqual(angle_complex(-1, 0), cmath.pi)
            self.assertAlmostEqual(angle_complex(0, -1), -cmath.pi / 2)
    
        def test_very_large_values(self):
            self.assertAlmostEqual(angle_complex(1e10, 1e10), cmath.phase(complex(1e10, 1e10)))
    
        def test_floating_point_precision(self):
            self.assertAlmostEqual(angle_complex(1e-10, 1e-10), cmath.phase(complex(1e-10, 1e-10)))
    

        def test_floating_point_precision(self):
            self.assertAlmostEqual(angle_complex(1e-10, 1e-10), cmath.phase(complex(1e-10, 1e-10)))
    

        def test_negative_imaginary_part(self):
            self.assertAlmostEqual(angle_complex(1, -1), cmath.phase(complex(1, -1)))
    
        def test_both_parts_negative(self):
            self.assertAlmostEqual(angle_complex(-1, -1), cmath.phase(complex(-1, -1)))
    
        def test_on_axes(self):
            self.assertAlmostEqual(angle_complex(1, 0), 0)
            self.assertAlmostEqual(angle_complex(0, 1), cmath.pi / 2)
            self.assertAlmostEqual(angle_complex(-1, 0), cmath.pi)
            self.assertAlmostEqual(angle_complex(0, -1), -cmath.pi / 2)
    
        def test_very_large_values(self):
            self.assertAlmostEqual(angle_complex(1e10, 1e10), cmath.phase(complex(1e10, 1e10)))
    
        def test_floating_point_precision(self):
            self.assertAlmostEqual(angle_complex(1e-10, 1e-10), cmath.phase(complex(1e-10, 1e-10)))
    

        def test_negative_real_part(self):
            self.assertAlmostEqual(angle_complex(-1, 1), cmath.phase(complex(-1, 1)))
    
        def test_negative_imaginary_part(self):
            self.assertAlmostEqual(angle_complex(1, -1), cmath.phase(complex(1, -1)))
    
        def test_both_parts_negative(self):
            self.assertAlmostEqual(angle_complex(-1, -1), cmath.phase(complex(-1, -1)))
    
        def test_on_axes(self):
            self.assertAlmostEqual(angle_complex(1, 0), 0)
            self.assertAlmostEqual(angle_complex(0, 1), cmath.pi / 2)
            self.assertAlmostEqual(angle_complex(-1, 0), cmath.pi)
            self.assertAlmostEqual(angle_complex(0, -1), -cmath.pi / 2)
    
        def test_very_large_values(self):
            self.assertAlmostEqual(angle_complex(1e10, 1e10), cmath.phase(complex(1e10, 1e10)))
    
        def test_floating_point_precision(self):
            self.assertAlmostEqual(angle_complex(1e-10, 1e-10), cmath.phase(complex(1e-10, 1e-10)))
    

        def test_on_axes(self):
            self.assertAlmostEqual(angle_complex(1, 0), 0)
            self.assertAlmostEqual(angle_complex(0, 1), cmath.pi / 2)
            self.assertAlmostEqual(angle_complex(-1, 0), cmath.pi)
            self.assertAlmostEqual(angle_complex(0, -1), -cmath.pi / 2)
    
        def test_very_large_values(self):
            self.assertAlmostEqual(angle_complex(1e10, 1e10), cmath.phase(complex(1e10, 1e10)))
    
        def test_floating_point_precision(self):
            self.assertAlmostEqual(angle_complex(1e-10, 1e-10), cmath.phase(complex(1e-10, 1e-10)))
    

        def test_real_part_zero(self):
            self.assertAlmostEqual(angle_complex(0, 1), cmath.phase(complex(0, 1)))
    
        def test_imaginary_part_zero(self):
            self.assertAlmostEqual(angle_complex(1, 0), cmath.phase(complex(1, 0)))
    
        def test_both_parts_zero(self):
            self.assertAlmostEqual(angle_complex(0, 0), cmath.phase(complex(0, 0)))
    
        def test_negative_real_part(self):
            self.assertAlmostEqual(angle_complex(-1, 1), cmath.phase(complex(-1, 1)))
    
        def test_negative_imaginary_part(self):
            self.assertAlmostEqual(angle_complex(1, -1), cmath.phase(complex(1, -1)))
    
        def test_both_parts_negative(self):
            self.assertAlmostEqual(angle_complex(-1, -1), cmath.phase(complex(-1, -1)))
    
        def test_on_axes(self):
            self.assertAlmostEqual(angle_complex(1, 0), 0)
            self.assertAlmostEqual(angle_complex(0, 1), cmath.pi / 2)
            self.assertAlmostEqual(angle_complex(-1, 0), cmath.pi)
            self.assertAlmostEqual(angle_complex(0, -1), -cmath.pi / 2)
    
        def test_very_large_values(self):
            self.assertAlmostEqual(angle_complex(1e10, 1e10), cmath.phase(complex(1e10, 1e10)))
    
        def test_floating_point_precision(self):
            self.assertAlmostEqual(angle_complex(1e-10, 1e-10), cmath.phase(complex(1e-10, 1e-10)))
    

        def test_typical_case(self):
            self.assertAlmostEqual(angle_complex(1, 1), cmath.phase(complex(1, 1)))
    
        def test_real_part_zero(self):
            self.assertAlmostEqual(angle_complex(0, 1), cmath.phase(complex(0, 1)))
    
        def test_imaginary_part_zero(self):
            self.assertAlmostEqual(angle_complex(1, 0), cmath.phase(complex(1, 0)))
    
        def test_both_parts_zero(self):
            self.assertAlmostEqual(angle_complex(0, 0), cmath.phase(complex(0, 0)))
    
        def test_negative_real_part(self):
            self.assertAlmostEqual(angle_complex(-1, 1), cmath.phase(complex(-1, 1)))
    
        def test_negative_imaginary_part(self):
            self.assertAlmostEqual(angle_complex(1, -1), cmath.phase(complex(1, -1)))
    
        def test_both_parts_negative(self):
            self.assertAlmostEqual(angle_complex(-1, -1), cmath.phase(complex(-1, -1)))
    
        def test_on_axes(self):
            self.assertAlmostEqual(angle_complex(1, 0), 0)
            self.assertAlmostEqual(angle_complex(0, 1), cmath.pi / 2)
            self.assertAlmostEqual(angle_complex(-1, 0), cmath.pi)
            self.assertAlmostEqual(angle_complex(0, -1), -cmath.pi / 2)
    
        def test_very_large_values(self):
            self.assertAlmostEqual(angle_complex(1e10, 1e10), cmath.phase(complex(1e10, 1e10)))
    
        def test_floating_point_precision(self):
            self.assertAlmostEqual(angle_complex(1e-10, 1e-10), cmath.phase(complex(1e-10, 1e-10)))
    

        def test_very_large_values(self):
            self.assertAlmostEqual(angle_complex(1e10, 1e10), cmath.phase(complex(1e10, 1e10)))
    
        def test_floating_point_precision(self):
            self.assertAlmostEqual(angle_complex(1e-10, 1e-10), cmath.phase(complex(1e-10, 1e-10)))
    


program_066 (assert errors):
    FAILED: test_both_parts_negative
        Traceback (most recent call last):
          File "C:\Users\skaspers\OneDrive - Capgemini\Documents\Prompted Testsuite Analysis\datasets\GPT_4\Chain_of_thought\tests\test_066.py", line 24, in test_both_parts_negative
            self.assertAlmostEqual(angle_complex(-1, -1), cmath.phase(complex(-1, -1)))
        AssertionError: 3.141592653589793 != -2.356194490192345 within 7 places (5.497787143782138 difference)
        
    FAILED: test_floating_point_precision
        Traceback (most recent call last):
          File "C:\Users\skaspers\OneDrive - Capgemini\Documents\Prompted Testsuite Analysis\datasets\GPT_4\Chain_of_thought\tests\test_066.py", line 36, in test_floating_point_precision
            self.assertAlmostEqual(angle_complex(1e-10, 1e-10), cmath.phase(complex(1e-10, 1e-10)))
        AssertionError: 0.0 != 0.7853981633974483 within 7 places (0.7853981633974483 difference)
        
    FAILED: test_negative_imaginary_part
        Traceback (most recent call last):
          File "C:\Users\skaspers\OneDrive - Capgemini\Documents\Prompted Testsuite Analysis\datasets\GPT_4\Chain_of_thought\tests\test_066.py", line 21, in test_negative_imaginary_part
            self.assertAlmostEqual(angle_complex(1, -1), cmath.phase(complex(1, -1)))
        AssertionError: 0.0 != -0.7853981633974483 within 7 places (0.7853981633974483 difference)
        
    FAILED: test_negative_real_part
        Traceback (most recent call last):
          File "C:\Users\skaspers\OneDrive - Capgemini\Documents\Prompted Testsuite Analysis\datasets\GPT_4\Chain_of_thought\tests\test_066.py", line 18, in test_negative_real_part
            self.assertAlmostEqual(angle_complex(-1, 1), cmath.phase(complex(-1, 1)))
        AssertionError: 0.0 != 2.356194490192345 within 7 places (2.356194490192345 difference)
        
    FAILED: test_on_axes
        Traceback (most recent call last):
          File "C:\Users\skaspers\OneDrive - Capgemini\Documents\Prompted Testsuite Analysis\datasets\GPT_4\Chain_of_thought\tests\test_066.py", line 28, in test_on_axes
            self.assertAlmostEqual(angle_complex(0, 1), cmath.pi / 2)
        AssertionError: 0.0 != 1.5707963267948966 within 7 places (1.5707963267948966 difference)
        
    FAILED: test_real_part_zero
        Traceback (most recent call last):
          File "C:\Users\skaspers\OneDrive - Capgemini\Documents\Prompted Testsuite Analysis\datasets\GPT_4\Chain_of_thought\tests\test_066.py", line 9, in test_real_part_zero
            self.assertAlmostEqual(angle_complex(0, 1), cmath.phase(complex(0, 1)))
        AssertionError: 0.0 != 1.5707963267948966 within 7 places (1.5707963267948966 difference)
        
    FAILED: test_typical_case
        Traceback (most recent call last):
          File "C:\Users\skaspers\OneDrive - Capgemini\Documents\Prompted Testsuite Analysis\datasets\GPT_4\Chain_of_thought\tests\test_066.py", line 6, in test_typical_case
            self.assertAlmostEqual(angle_complex(1, 1), cmath.phase(complex(1, 1)))
        AssertionError: 0.0 != 0.7853981633974483 within 7 places (0.7853981633974483 difference)
        
    FAILED: test_very_large_values
        Traceback (most recent call last):
          File "C:\Users\skaspers\OneDrive - Capgemini\Documents\Prompted Testsuite Analysis\datasets\GPT_4\Chain_of_thought\tests\test_066.py", line 33, in test_very_large_values
            self.assertAlmostEqual(angle_complex(1e10, 1e10), cmath.phase(complex(1e10, 1e10)))
        AssertionError: 0.0 != 0.7853981633974483 within 7 places (0.7853981633974483 difference)
        

program_068 (source):
    def sum(a,b): 
        sum = 0
        for i in range (1,min(a,b)): 
            if (a % i == 0 and b % i == 0): 
                sum += i 
        return sum
program_068 (failed test code):
        def test_both_numbers_are_one(self):
            self.assertEqual(sum(1, 1), 1)  # Common divisor: 1
    
        def test_very_large_numbers(self):
            self.assertEqual(sum(1000000, 500000), 500001)  # Common divisors include 1, 2, 4, ... up to 500000
    
        def test_negative_numbers(self):
            self.assertEqual(sum(-12, -18), 6)  # Common divisors: 1, 2, 3, 6 (ignoring negative sign)
    
        def test_zero_as_number(self):
            self.assertEqual(sum(0, 5), 0)  # No common divisors with 0
    

        def test_multiple_case(self):
            self.assertEqual(sum(10, 5), 3)  # Common divisors: 1, 5
    
        def test_same_numbers(self):
            self.assertEqual(sum(15, 15), 9)  # Common divisors: 1, 3, 5, 15
    
        def test_no_common_divisors(self):
            self.assertEqual(sum(8, 9), 1)  # Common divisor: 1
    
        def test_one_number_is_one(self):
            self.assertEqual(sum(1, 10), 1)  # Common divisor: 1
    
        def test_both_numbers_are_one(self):
            self.assertEqual(sum(1, 1), 1)  # Common divisor: 1
    
        def test_very_large_numbers(self):
            self.assertEqual(sum(1000000, 500000), 500001)  # Common divisors include 1, 2, 4, ... up to 500000
    
        def test_negative_numbers(self):
            self.assertEqual(sum(-12, -18), 6)  # Common divisors: 1, 2, 3, 6 (ignoring negative sign)
    
        def test_zero_as_number(self):
            self.assertEqual(sum(0, 5), 0)  # No common divisors with 0
    

        def test_negative_numbers(self):
            self.assertEqual(sum(-12, -18), 6)  # Common divisors: 1, 2, 3, 6 (ignoring negative sign)
    
        def test_zero_as_number(self):
            self.assertEqual(sum(0, 5), 0)  # No common divisors with 0
    

        def test_one_number_is_one(self):
            self.assertEqual(sum(1, 10), 1)  # Common divisor: 1
    
        def test_both_numbers_are_one(self):
            self.assertEqual(sum(1, 1), 1)  # Common divisor: 1
    
        def test_very_large_numbers(self):
            self.assertEqual(sum(1000000, 500000), 500001)  # Common divisors include 1, 2, 4, ... up to 500000
    
        def test_negative_numbers(self):
            self.assertEqual(sum(-12, -18), 6)  # Common divisors: 1, 2, 3, 6 (ignoring negative sign)
    
        def test_zero_as_number(self):
            self.assertEqual(sum(0, 5), 0)  # No common divisors with 0
    

        def test_typical_case(self):
            self.assertEqual(sum(12, 18), 6)  # Common divisors: 1, 2, 3, 6
    
        def test_prime_numbers(self):
            self.assertEqual(sum(13, 17), 1)  # Common divisor: 1
    
        def test_multiple_case(self):
            self.assertEqual(sum(10, 5), 3)  # Common divisors: 1, 5
    
        def test_same_numbers(self):
            self.assertEqual(sum(15, 15), 9)  # Common divisors: 1, 3, 5, 15
    
        def test_no_common_divisors(self):
            self.assertEqual(sum(8, 9), 1)  # Common divisor: 1
    
        def test_one_number_is_one(self):
            self.assertEqual(sum(1, 10), 1)  # Common divisor: 1
    
        def test_both_numbers_are_one(self):
            self.assertEqual(sum(1, 1), 1)  # Common divisor: 1
    
        def test_very_large_numbers(self):
            self.assertEqual(sum(1000000, 500000), 500001)  # Common divisors include 1, 2, 4, ... up to 500000
    
        def test_negative_numbers(self):
            self.assertEqual(sum(-12, -18), 6)  # Common divisors: 1, 2, 3, 6 (ignoring negative sign)
    
        def test_zero_as_number(self):
            self.assertEqual(sum(0, 5), 0)  # No common divisors with 0
    

        def test_very_large_numbers(self):
            self.assertEqual(sum(1000000, 500000), 500001)  # Common divisors include 1, 2, 4, ... up to 500000
    
        def test_negative_numbers(self):
            self.assertEqual(sum(-12, -18), 6)  # Common divisors: 1, 2, 3, 6 (ignoring negative sign)
    
        def test_zero_as_number(self):
            self.assertEqual(sum(0, 5), 0)  # No common divisors with 0
    


program_068 (assert errors):
    FAILED: test_both_numbers_are_one
        Traceback (most recent call last):
          File "C:\Users\skaspers\OneDrive - Capgemini\Documents\Prompted Testsuite Analysis\datasets\GPT_4\Chain_of_thought\tests\test_068.py", line 24, in test_both_numbers_are_one
            self.assertEqual(sum(1, 1), 1)  # Common divisor: 1
        AssertionError: 0 != 1
        
    FAILED: test_multiple_case
        Traceback (most recent call last):
          File "C:\Users\skaspers\OneDrive - Capgemini\Documents\Prompted Testsuite Analysis\datasets\GPT_4\Chain_of_thought\tests\test_068.py", line 12, in test_multiple_case
            self.assertEqual(sum(10, 5), 3)  # Common divisors: 1, 5
        AssertionError: 1 != 3
        
    FAILED: test_negative_numbers
        Traceback (most recent call last):
          File "C:\Users\skaspers\OneDrive - Capgemini\Documents\Prompted Testsuite Analysis\datasets\GPT_4\Chain_of_thought\tests\test_068.py", line 30, in test_negative_numbers
            self.assertEqual(sum(-12, -18), 6)  # Common divisors: 1, 2, 3, 6 (ignoring negative sign)
        AssertionError: 0 != 6
        
    FAILED: test_one_number_is_one
        Traceback (most recent call last):
          File "C:\Users\skaspers\OneDrive - Capgemini\Documents\Prompted Testsuite Analysis\datasets\GPT_4\Chain_of_thought\tests\test_068.py", line 21, in test_one_number_is_one
            self.assertEqual(sum(1, 10), 1)  # Common divisor: 1
        AssertionError: 0 != 1
        
    FAILED: test_typical_case
        Traceback (most recent call last):
          File "C:\Users\skaspers\OneDrive - Capgemini\Documents\Prompted Testsuite Analysis\datasets\GPT_4\Chain_of_thought\tests\test_068.py", line 6, in test_typical_case
            self.assertEqual(sum(12, 18), 6)  # Common divisors: 1, 2, 3, 6
        AssertionError: 12 != 6
        
    FAILED: test_very_large_numbers
        Traceback (most recent call last):
          File "C:\Users\skaspers\OneDrive - Capgemini\Documents\Prompted Testsuite Analysis\datasets\GPT_4\Chain_of_thought\tests\test_068.py", line 27, in test_very_large_numbers
            self.assertEqual(sum(1000000, 500000), 500001)  # Common divisors include 1, 2, 4, ... up to 500000
        AssertionError: 730453 != 500001
        

program_069 (source):
    def multiply_int(x, y):
        if y < 0:
            return -multiply_int(x, -y)
        elif y == 0:
            return 0
        elif y == 1:
            return x
        else:
            return x + multiply_int(x, y - 1)
program_069 (failed test code):
        def test_large_numbers(self):
            self.assertEqual(multiply_int(10000, 10000), 100000000)
    
        def test_one_as_multiplier(self):
            self.assertEqual(multiply_int(1, 9999), 9999)
            self.assertEqual(multiply_int(9999, 1), 9999)
    
        def test_negative_one(self):
            self.assertEqual(multiply_int(-1, 9999), -9999)
            self.assertEqual(multiply_int(9999, -1), -9999)
    
        def test_mixed_sign_combination(self):
            self.assertEqual(multiply_int(-10, 3), -30)
            self.assertEqual(multiply_int(10, -3), -30)
    

        def test_negative_one(self):
            self.assertEqual(multiply_int(-1, 9999), -9999)
            self.assertEqual(multiply_int(9999, -1), -9999)
    
        def test_mixed_sign_combination(self):
            self.assertEqual(multiply_int(-10, 3), -30)
            self.assertEqual(multiply_int(10, -3), -30)
    

        def test_one_as_multiplier(self):
            self.assertEqual(multiply_int(1, 9999), 9999)
            self.assertEqual(multiply_int(9999, 1), 9999)
    
        def test_negative_one(self):
            self.assertEqual(multiply_int(-1, 9999), -9999)
            self.assertEqual(multiply_int(9999, -1), -9999)
    
        def test_mixed_sign_combination(self):
            self.assertEqual(multiply_int(-10, 3), -30)
            self.assertEqual(multiply_int(10, -3), -30)
    


program_069 (assert errors):
    FAILED: test_large_numbers
        Traceback (most recent call last):
          File "C:\Users\skaspers\OneDrive - Capgemini\Documents\Prompted Testsuite Analysis\datasets\GPT_4\Chain_of_thought\tests\test_069.py", line 24, in test_large_numbers
            self.assertEqual(multiply_int(10000, 10000), 100000000)
          File "C:\Users\skaspers\OneDrive - Capgemini\Documents\Prompted Testsuite Analysis\datasets\GPT_4\Chain_of_thought\programs\program_069.py", line 9, in multiply_int
            return x + multiply_int(x, y - 1)
          File "C:\Users\skaspers\OneDrive - Capgemini\Documents\Prompted Testsuite Analysis\datasets\GPT_4\Chain_of_thought\programs\program_069.py", line 9, in multiply_int
            return x + multiply_int(x, y - 1)
          File "C:\Users\skaspers\OneDrive - Capgemini\Documents\Prompted Testsuite Analysis\datasets\GPT_4\Chain_of_thought\programs\program_069.py", line 9, in multiply_int
            return x + multiply_int(x, y - 1)
          [Previous line repeated 979 more times]
          File "C:\Users\skaspers\AppData\Local\Programs\Python\Python38\lib\site-packages\coverage\collector.py", line 253, in lock_data
            self.data_lock.acquire()
        RecursionError: maximum recursion depth exceeded while calling a Python object
        
    FAILED: test_negative_one
        Traceback (most recent call last):
          File "C:\Users\skaspers\OneDrive - Capgemini\Documents\Prompted Testsuite Analysis\datasets\GPT_4\Chain_of_thought\tests\test_069.py", line 31, in test_negative_one
            self.assertEqual(multiply_int(-1, 9999), -9999)
          File "C:\Users\skaspers\OneDrive - Capgemini\Documents\Prompted Testsuite Analysis\datasets\GPT_4\Chain_of_thought\programs\program_069.py", line 9, in multiply_int
            return x + multiply_int(x, y - 1)
          File "C:\Users\skaspers\OneDrive - Capgemini\Documents\Prompted Testsuite Analysis\datasets\GPT_4\Chain_of_thought\programs\program_069.py", line 9, in multiply_int
            return x + multiply_int(x, y - 1)
          File "C:\Users\skaspers\OneDrive - Capgemini\Documents\Prompted Testsuite Analysis\datasets\GPT_4\Chain_of_thought\programs\program_069.py", line 9, in multiply_int
            return x + multiply_int(x, y - 1)
          [Previous line repeated 979 more times]
          File "C:\Users\skaspers\AppData\Local\Programs\Python\Python38\lib\site-packages\coverage\collector.py", line 253, in lock_data
            self.data_lock.acquire()
        RecursionError: maximum recursion depth exceeded while calling a Python object
        
    FAILED: test_one_as_multiplier
        Traceback (most recent call last):
          File "C:\Users\skaspers\OneDrive - Capgemini\Documents\Prompted Testsuite Analysis\datasets\GPT_4\Chain_of_thought\tests\test_069.py", line 27, in test_one_as_multiplier
            self.assertEqual(multiply_int(1, 9999), 9999)
          File "C:\Users\skaspers\OneDrive - Capgemini\Documents\Prompted Testsuite Analysis\datasets\GPT_4\Chain_of_thought\programs\program_069.py", line 9, in multiply_int
            return x + multiply_int(x, y - 1)
          File "C:\Users\skaspers\OneDrive - Capgemini\Documents\Prompted Testsuite Analysis\datasets\GPT_4\Chain_of_thought\programs\program_069.py", line 9, in multiply_int
            return x + multiply_int(x, y - 1)
          File "C:\Users\skaspers\OneDrive - Capgemini\Documents\Prompted Testsuite Analysis\datasets\GPT_4\Chain_of_thought\programs\program_069.py", line 9, in multiply_int
            return x + multiply_int(x, y - 1)
          [Previous line repeated 979 more times]
          File "C:\Users\skaspers\AppData\Local\Programs\Python\Python38\lib\site-packages\coverage\collector.py", line 253, in lock_data
            self.data_lock.acquire()
        RecursionError: maximum recursion depth exceeded while calling a Python object
        

program_071 (source):
    def magic_square_test(my_matrix):
        iSize = len(my_matrix[0])
        sum_list = []
        sum_list.extend([sum (lines) for lines in my_matrix])   
        for col in range(iSize):
            sum_list.append(sum(row[col] for row in my_matrix))
        result1 = 0
        for i in range(0,iSize):
            result1 +=my_matrix[i][i]
        sum_list.append(result1)      
        result2 = 0
        for i in range(iSize-1,-1,-1):
            result2 +=my_matrix[i][i]
        sum_list.append(result2)
        if len(set(sum_list))>1:
            return False
        return True
program_071 (failed test code):
        def test_all_elements_same(self):
            matrix = [[2, 2, 2], [2, 2, 2], [2, 2, 2]]
            self.assertFalse(magic_square_test(matrix))
    

        def test_non_square_matrix(self):
            matrix = [[8, 1], [3, 5], [4, 9]]
            with self.assertRaises(IndexError):
                magic_square_test(matrix)
    
        def test_matrix_with_negative_numbers(self):
            matrix = [[-8, -1, -6], [-3, -5, -7], [-4, -9, -2]]
            self.assertTrue(magic_square_test(matrix))
    
        def test_large_magic_square(self):
            matrix = [[16, 3, 2, 13], [5, 10, 11, 8], [9, 6, 7, 12], [4, 15, 14, 1]]
            self.assertTrue(magic_square_test(matrix))
    
        def test_matrix_with_floats(self):
            matrix = [[8.0, 1.0, 6.0], [3.0, 5.0, 7.0], [4.0, 9.0, 2.0]]
            self.assertTrue(magic_square_test(matrix))
    
        def test_symmetric_but_non_magic(self):
            matrix = [[2, 7, 6], [9, 5, 1], [4, 3, 8]]
            self.assertFalse(magic_square_test(matrix))
    
        def test_all_elements_same(self):
            matrix = [[2, 2, 2], [2, 2, 2], [2, 2, 2]]
            self.assertFalse(magic_square_test(matrix))
    

        def test_symmetric_but_non_magic(self):
            matrix = [[2, 7, 6], [9, 5, 1], [4, 3, 8]]
            self.assertFalse(magic_square_test(matrix))
    
        def test_all_elements_same(self):
            matrix = [[2, 2, 2], [2, 2, 2], [2, 2, 2]]
            self.assertFalse(magic_square_test(matrix))
    


program_071 (assert errors):
    FAILED: test_all_elements_same
        Traceback (most recent call last):
          File "C:\Users\skaspers\OneDrive - Capgemini\Documents\Prompted Testsuite Analysis\datasets\GPT_4\Chain_of_thought\tests\test_071.py", line 44, in test_all_elements_same
            self.assertFalse(magic_square_test(matrix))
        AssertionError: True is not false
        
    FAILED: test_non_square_matrix
        Traceback (most recent call last):
          File "C:\Users\skaspers\OneDrive - Capgemini\Documents\Prompted Testsuite Analysis\datasets\GPT_4\Chain_of_thought\tests\test_071.py", line 24, in test_non_square_matrix
            magic_square_test(matrix)
        AssertionError: IndexError not raised
        
    FAILED: test_symmetric_but_non_magic
        Traceback (most recent call last):
          File "C:\Users\skaspers\OneDrive - Capgemini\Documents\Prompted Testsuite Analysis\datasets\GPT_4\Chain_of_thought\tests\test_071.py", line 40, in test_symmetric_but_non_magic
            self.assertFalse(magic_square_test(matrix))
        AssertionError: True is not false
        

program_073 (source):
    def reverse_vowels(str1):
    	vowels = ""
    	for char in str1:
    		if char in "aeiouAEIOU":
    			vowels += char
    	result_string = ""
    	for char in str1:
    		if char in "aeiouAEIOU":
    			result_string += vowels[-1]
    			vowels = vowels[:-1]
    		else:
    			result_string += char
    	return result_string
program_073 (failed test code):
        def test_consecutive_vowels(self):
            self.assertEqual(reverse_vowels('see you'), 'soe yee')
    
        def test_digits_and_special_characters(self):
            self.assertEqual(reverse_vowels('h3ll0 w0rld!'), 'h3ll0 w0rld!')
    
        def test_empty_string(self):
            self.assertEqual(reverse_vowels(''), '')
    
        def test_very_long_string(self):
            long_string = 'a' * 10000 + 'e' * 10000
            reversed_string = 'e' * 10000 + 'a' * 10000
            self.assertEqual(reverse_vowels(long_string), reversed_string)
    

        def test_mixed_case_vowels(self):
            self.assertEqual(reverse_vowels('HeLlO WoRlD'), 'HoLlE WeRlD')
    
        def test_single_vowel(self):
            self.assertEqual(reverse_vowels('a'), 'a')
    
        def test_spaces_and_punctuation(self):
            self.assertEqual(reverse_vowels('hello, world!'), 'holle, werld!')
    
        def test_consecutive_vowels(self):
            self.assertEqual(reverse_vowels('see you'), 'soe yee')
    
        def test_digits_and_special_characters(self):
            self.assertEqual(reverse_vowels('h3ll0 w0rld!'), 'h3ll0 w0rld!')
    
        def test_empty_string(self):
            self.assertEqual(reverse_vowels(''), '')
    
        def test_very_long_string(self):
            long_string = 'a' * 10000 + 'e' * 10000
            reversed_string = 'e' * 10000 + 'a' * 10000
            self.assertEqual(reverse_vowels(long_string), reversed_string)
    

        def test_spaces_and_punctuation(self):
            self.assertEqual(reverse_vowels('hello, world!'), 'holle, werld!')
    
        def test_consecutive_vowels(self):
            self.assertEqual(reverse_vowels('see you'), 'soe yee')
    
        def test_digits_and_special_characters(self):
            self.assertEqual(reverse_vowels('h3ll0 w0rld!'), 'h3ll0 w0rld!')
    
        def test_empty_string(self):
            self.assertEqual(reverse_vowels(''), '')
    
        def test_very_long_string(self):
            long_string = 'a' * 10000 + 'e' * 10000
            reversed_string = 'e' * 10000 + 'a' * 10000
            self.assertEqual(reverse_vowels(long_string), reversed_string)
    


program_073 (assert errors):
    FAILED: test_consecutive_vowels
        Traceback (most recent call last):
          File "C:\Users\skaspers\OneDrive - Capgemini\Documents\Prompted Testsuite Analysis\datasets\GPT_4\Chain_of_thought\tests\test_073.py", line 24, in test_consecutive_vowels
            self.assertEqual(reverse_vowels('see you'), 'soe yee')
        AssertionError: 'suo yee' != 'soe yee'
        - suo yee
        ?  -
        + soe yee
        ?   +
        
        
    FAILED: test_mixed_case_vowels
        Traceback (most recent call last):
          File "C:\Users\skaspers\OneDrive - Capgemini\Documents\Prompted Testsuite Analysis\datasets\GPT_4\Chain_of_thought\tests\test_073.py", line 15, in test_mixed_case_vowels
            self.assertEqual(reverse_vowels('HeLlO WoRlD'), 'HoLlE WeRlD')
        AssertionError: 'HoLlO WeRlD' != 'HoLlE WeRlD'
        - HoLlO WeRlD
        ?     ^
        + HoLlE WeRlD
        ?     ^
        
        
    FAILED: test_spaces_and_punctuation
        Traceback (most recent call last):
          File "C:\Users\skaspers\OneDrive - Capgemini\Documents\Prompted Testsuite Analysis\datasets\GPT_4\Chain_of_thought\tests\test_073.py", line 21, in test_spaces_and_punctuation
            self.assertEqual(reverse_vowels('hello, world!'), 'holle, werld!')
        AssertionError: 'hollo, werld!' != 'holle, werld!'
        - hollo, werld!
        ?     ^
        + holle, werld!
        ?     ^
        
        

program_076 (source):
    def hexagonal_num(n): 
    	return n*(2*n - 1)
program_076 (failed test code):
        def test_floating_point_n(self):
            with self.assertRaises(TypeError):
                hexagonal_num(2.5)
    
        def test_string_input(self):
            with self.assertRaises(TypeError):
                hexagonal_num('5')
    
        def test_n_equals_2(self):
            self.assertEqual(hexagonal_num(2), 6)
    
        def test_maximum_n(self):
            self.assertEqual(hexagonal_num(1000000), 1999999000000)
    
        def test_non_integer_input(self):
            with self.assertRaises(TypeError):
                hexagonal_num(4.0)
    

        def test_negative_n(self):
            with self.assertRaises(ValueError):
                hexagonal_num(-3)
    
        def test_large_n(self):
            self.assertEqual(hexagonal_num(100000), 19999900000)
    
        def test_floating_point_n(self):
            with self.assertRaises(TypeError):
                hexagonal_num(2.5)
    
        def test_string_input(self):
            with self.assertRaises(TypeError):
                hexagonal_num('5')
    
        def test_n_equals_2(self):
            self.assertEqual(hexagonal_num(2), 6)
    
        def test_maximum_n(self):
            self.assertEqual(hexagonal_num(1000000), 1999999000000)
    
        def test_non_integer_input(self):
            with self.assertRaises(TypeError):
                hexagonal_num(4.0)
    

        def test_non_integer_input(self):
            with self.assertRaises(TypeError):
                hexagonal_num(4.0)
    


program_076 (assert errors):
    FAILED: test_floating_point_n
        Traceback (most recent call last):
          File "C:\Users\skaspers\OneDrive - Capgemini\Documents\Prompted Testsuite Analysis\datasets\GPT_4\Chain_of_thought\tests\test_076.py", line 23, in test_floating_point_n
            hexagonal_num(2.5)
        AssertionError: TypeError not raised
        
    FAILED: test_negative_n
        Traceback (most recent call last):
          File "C:\Users\skaspers\OneDrive - Capgemini\Documents\Prompted Testsuite Analysis\datasets\GPT_4\Chain_of_thought\tests\test_076.py", line 16, in test_negative_n
            hexagonal_num(-3)
        AssertionError: ValueError not raised
        
    FAILED: test_non_integer_input
        Traceback (most recent call last):
          File "C:\Users\skaspers\OneDrive - Capgemini\Documents\Prompted Testsuite Analysis\datasets\GPT_4\Chain_of_thought\tests\test_076.py", line 37, in test_non_integer_input
            hexagonal_num(4.0)
        AssertionError: TypeError not raised
        

program_077 (source):
    from array import array
    def zero_count(nums):
        n = len(nums)
        n1 = 0
        for x in nums:
            if x == 0:
                n1 += 1
            else:
              None
        return n1/(n-n1)
program_077 (failed test code):
        def test_floating_point_numbers(self):
            with self.assertRaises(TypeError):
                zero_count([0, 1.5, 0, 2.5])
    
        def test_equal_zeros_non_zeros(self):
            self.assertEqual(zero_count([0, 1, 0, 2]), 1.0)
    

        def test_negative_numbers(self):
            self.assertEqual(zero_count([0, -1, 0, -2, 0, -3]), 1.5)
    
        def test_floating_point_numbers(self):
            with self.assertRaises(TypeError):
                zero_count([0, 1.5, 0, 2.5])
    
        def test_equal_zeros_non_zeros(self):
            self.assertEqual(zero_count([0, 1, 0, 2]), 1.0)
    

        def test_typical_case(self):
            self.assertEqual(zero_count([0, 1, 0, 2, 0, 3]), 1.5)
    
        def test_all_zeros(self):
            with self.assertRaises(ZeroDivisionError):
                zero_count([0, 0, 0])
    
        def test_no_zeros(self):
            self.assertEqual(zero_count([1, 2, 3, 4]), 0)
    
        def test_empty_list(self):
            with self.assertRaises(ZeroDivisionError):
                zero_count([])
    
        def test_single_zero(self):
            with self.assertRaises(ZeroDivisionError):
                zero_count([0])
    
        def test_single_non_zero(self):
            self.assertEqual(zero_count([1]), 0)
    
        def test_large_list(self):
            large_list = [0] * 1000 + [1] * 1000
            self.assertEqual(zero_count(large_list), 1.0)
    
        def test_negative_numbers(self):
            self.assertEqual(zero_count([0, -1, 0, -2, 0, -3]), 1.5)
    
        def test_floating_point_numbers(self):
            with self.assertRaises(TypeError):
                zero_count([0, 1.5, 0, 2.5])
    
        def test_equal_zeros_non_zeros(self):
            self.assertEqual(zero_count([0, 1, 0, 2]), 1.0)
    


program_077 (assert errors):
    FAILED: test_floating_point_numbers
        Traceback (most recent call last):
          File "C:\Users\skaspers\OneDrive - Capgemini\Documents\Prompted Testsuite Analysis\datasets\GPT_4\Chain_of_thought\tests\test_077.py", line 35, in test_floating_point_numbers
            zero_count([0, 1.5, 0, 2.5])
        AssertionError: TypeError not raised
        
    FAILED: test_negative_numbers
        Traceback (most recent call last):
          File "C:\Users\skaspers\OneDrive - Capgemini\Documents\Prompted Testsuite Analysis\datasets\GPT_4\Chain_of_thought\tests\test_077.py", line 31, in test_negative_numbers
            self.assertEqual(zero_count([0, -1, 0, -2, 0, -3]), 1.5)
        AssertionError: 1.0 != 1.5
        
    FAILED: test_typical_case
        Traceback (most recent call last):
          File "C:\Users\skaspers\OneDrive - Capgemini\Documents\Prompted Testsuite Analysis\datasets\GPT_4\Chain_of_thought\tests\test_077.py", line 6, in test_typical_case
            self.assertEqual(zero_count([0, 1, 0, 2, 0, 3]), 1.5)
        AssertionError: 1.0 != 1.5
        

program_078 (source):
    def is_Sum_Of_Powers_Of_Two(n): 
        if (n % 2 == 1): 
            return False
        else: 
            return True
program_078 (failed test code):
        def test_large_number(self):
            self.assertEqual(is_Sum_Of_Powers_Of_Two(2**20 + 2**10 + 1), True)
    
        def test_negative_number(self):
            self.assertEqual(is_Sum_Of_Powers_Of_Two(-5), False)
    
        def test_zero_as_input(self):
            self.assertEqual(is_Sum_Of_Powers_Of_Two(0), False)
    
        def test_prime_number(self):
            self.assertEqual(is_Sum_Of_Powers_Of_Two(7), False)
    
        def test_perfect_power_of_two(self):
            self.assertEqual(is_Sum_Of_Powers_Of_Two(16), True)
    

        def test_valid_sum_of_powers_of_two(self):
            self.assertEqual(is_Sum_Of_Powers_Of_Two(3), True)
    
        def test_odd_number_not_representable(self):
            self.assertEqual(is_Sum_Of_Powers_Of_Two(5), False)
    
        def test_even_number_representable(self):
            self.assertEqual(is_Sum_Of_Powers_Of_Two(6), True)
    
        def test_even_number_not_representable(self):
            self.assertEqual(is_Sum_Of_Powers_Of_Two(10), True)
    
        def test_edge_case_n_equals_1(self):
            self.assertEqual(is_Sum_Of_Powers_Of_Two(1), False)
    
        def test_large_number(self):
            self.assertEqual(is_Sum_Of_Powers_Of_Two(2**20 + 2**10 + 1), True)
    
        def test_negative_number(self):
            self.assertEqual(is_Sum_Of_Powers_Of_Two(-5), False)
    
        def test_zero_as_input(self):
            self.assertEqual(is_Sum_Of_Powers_Of_Two(0), False)
    
        def test_prime_number(self):
            self.assertEqual(is_Sum_Of_Powers_Of_Two(7), False)
    
        def test_perfect_power_of_two(self):
            self.assertEqual(is_Sum_Of_Powers_Of_Two(16), True)
    

        def test_zero_as_input(self):
            self.assertEqual(is_Sum_Of_Powers_Of_Two(0), False)
    
        def test_prime_number(self):
            self.assertEqual(is_Sum_Of_Powers_Of_Two(7), False)
    
        def test_perfect_power_of_two(self):
            self.assertEqual(is_Sum_Of_Powers_Of_Two(16), True)
    


program_078 (assert errors):
    FAILED: test_large_number
        Traceback (most recent call last):
          File "C:\Users\skaspers\OneDrive - Capgemini\Documents\Prompted Testsuite Analysis\datasets\GPT_4\Chain_of_thought\tests\test_078.py", line 21, in test_large_number
            self.assertEqual(is_Sum_Of_Powers_Of_Two(2**20 + 2**10 + 1), True)
        AssertionError: False != True
        
    FAILED: test_valid_sum_of_powers_of_two
        Traceback (most recent call last):
          File "C:\Users\skaspers\OneDrive - Capgemini\Documents\Prompted Testsuite Analysis\datasets\GPT_4\Chain_of_thought\tests\test_078.py", line 6, in test_valid_sum_of_powers_of_two
            self.assertEqual(is_Sum_Of_Powers_Of_Two(3), True)
        AssertionError: False != True
        
    FAILED: test_zero_as_input
        Traceback (most recent call last):
          File "C:\Users\skaspers\OneDrive - Capgemini\Documents\Prompted Testsuite Analysis\datasets\GPT_4\Chain_of_thought\tests\test_078.py", line 27, in test_zero_as_input
            self.assertEqual(is_Sum_Of_Powers_Of_Two(0), False)
        AssertionError: True != False
        

program_079 (source):
    def circle_circumference(r):
      perimeter=2*3.1415*r
      return perimeter
program_079 (failed test code):
        def test_negative_radius(self):
            with self.assertRaises(ValueError):
                circle_circumference(-5)
    
        def test_floating_point_radius(self):
            self.assertAlmostEqual(circle_circumference(2.5), 15.7075)
    
        def test_very_small_floating_point_radius(self):
            self.assertAlmostEqual(circle_circumference(1e-10), 6.283e-10)
    
        def test_very_large_floating_point_radius(self):
            self.assertAlmostEqual(circle_circumference(1e10), 6.283e10)
    
        def test_string_input(self):
            with self.assertRaises(TypeError):
                circle_circumference('10')
    
        def test_radius_none(self):
            with self.assertRaises(TypeError):
                circle_circumference(None)
    


program_079 (assert errors):
    FAILED: test_negative_radius
        Traceback (most recent call last):
          File "C:\Users\skaspers\OneDrive - Capgemini\Documents\Prompted Testsuite Analysis\datasets\GPT_4\Chain_of_thought\tests\test_079.py", line 19, in test_negative_radius
            circle_circumference(-5)
        AssertionError: ValueError not raised
        

program_083 (source):
    def find_lists(Input): 
    	if isinstance(Input, list): 
    		return 1
    	else: 
    		return len(Input)
program_083 (failed test code):
        def test_mixed_data_types(self):
            self.assertEqual(find_lists(([], 'string', 3, [1, 2], None)), 2)
    
        def test_list_as_input(self):
            self.assertEqual(find_lists([1, 2, 3]), 1)
    
        def test_tuple_with_none(self):
            self.assertEqual(find_lists((None, [1, 2, 3])), 1)
    
        def test_repeated_lists(self):
            lst = [1, 2, 3]
            self.assertEqual(find_lists((lst, lst, lst)), 3)
    

        def test_no_lists(self):
            self.assertEqual(find_lists((1, 2, 'string')), 0)
    
        def test_all_lists(self):
            self.assertEqual(find_lists(([], [], [])), 3)
    
        def test_nested_lists(self):
            self.assertEqual(find_lists(([], [1, [2, 3]], [[4, 5], 6])), 3)
    
        def test_single_element_tuple(self):
            self.assertEqual(find_lists(([1, 2, 3],)), 1)
    
        def test_empty_tuple(self):
            self.assertEqual(find_lists(()), 0)
    
        def test_mixed_data_types(self):
            self.assertEqual(find_lists(([], 'string', 3, [1, 2], None)), 2)
    
        def test_list_as_input(self):
            self.assertEqual(find_lists([1, 2, 3]), 1)
    
        def test_tuple_with_none(self):
            self.assertEqual(find_lists((None, [1, 2, 3])), 1)
    
        def test_repeated_lists(self):
            lst = [1, 2, 3]
            self.assertEqual(find_lists((lst, lst, lst)), 3)
    

        def test_tuple_with_none(self):
            self.assertEqual(find_lists((None, [1, 2, 3])), 1)
    
        def test_repeated_lists(self):
            lst = [1, 2, 3]
            self.assertEqual(find_lists((lst, lst, lst)), 3)
    


program_083 (assert errors):
    FAILED: test_mixed_data_types
        Traceback (most recent call last):
          File "C:\Users\skaspers\OneDrive - Capgemini\Documents\Prompted Testsuite Analysis\datasets\GPT_4\Chain_of_thought\tests\test_083.py", line 24, in test_mixed_data_types
            self.assertEqual(find_lists(([], 'string', 3, [1, 2], None)), 2)
        AssertionError: 5 != 2
        
    FAILED: test_no_lists
        Traceback (most recent call last):
          File "C:\Users\skaspers\OneDrive - Capgemini\Documents\Prompted Testsuite Analysis\datasets\GPT_4\Chain_of_thought\tests\test_083.py", line 9, in test_no_lists
            self.assertEqual(find_lists((1, 2, 'string')), 0)
        AssertionError: 3 != 0
        
    FAILED: test_tuple_with_none
        Traceback (most recent call last):
          File "C:\Users\skaspers\OneDrive - Capgemini\Documents\Prompted Testsuite Analysis\datasets\GPT_4\Chain_of_thought\tests\test_083.py", line 30, in test_tuple_with_none
            self.assertEqual(find_lists((None, [1, 2, 3])), 1)
        AssertionError: 2 != 1
        

program_085 (source):
    def find_solution(a, b, n):
    	i = 0
    	while i * a <= n:
    		if (n - (i * a)) % b == 0: 
    			return (i, (n - (i * a)) // b)
    		i = i + 1
    	return None
program_085 (failed test code):
        def test_a_equals_b(self):
            self.assertEqual(find_solution(5, 5, 10), (2, 0))
    
        def test_a_greater_than_n(self):
            self.assertEqual(find_solution(10, 2, 5), None)
    
        def test_b_greater_than_n(self):
            self.assertEqual(find_solution(2, 10, 5), None)
    
        def test_floating_point_inputs(self):
            self.assertEqual(find_solution(3.5, 5, 11), None)
    

        def test_large_values(self):
            self.assertEqual(find_solution(1000000, 500000, 1500000000), (1000, 1000))
    
        def test_negative_a(self):
            self.assertEqual(find_solution(-3, 5, 11), (-2, 1))
    
        def test_negative_b(self):
            self.assertEqual(find_solution(3, -5, 11), (2, -1))
    
        def test_a_equals_b(self):
            self.assertEqual(find_solution(5, 5, 10), (2, 0))
    
        def test_a_greater_than_n(self):
            self.assertEqual(find_solution(10, 2, 5), None)
    
        def test_b_greater_than_n(self):
            self.assertEqual(find_solution(2, 10, 5), None)
    
        def test_floating_point_inputs(self):
            self.assertEqual(find_solution(3.5, 5, 11), None)
    

        def test_negative_a(self):
            self.assertEqual(find_solution(-3, 5, 11), (-2, 1))
    
        def test_negative_b(self):
            self.assertEqual(find_solution(3, -5, 11), (2, -1))
    
        def test_a_equals_b(self):
            self.assertEqual(find_solution(5, 5, 10), (2, 0))
    
        def test_a_greater_than_n(self):
            self.assertEqual(find_solution(10, 2, 5), None)
    
        def test_b_greater_than_n(self):
            self.assertEqual(find_solution(2, 10, 5), None)
    
        def test_floating_point_inputs(self):
            self.assertEqual(find_solution(3.5, 5, 11), None)
    

        def test_b_zero(self):
            self.assertEqual(find_solution(4, 0, 8), (2, 0))
    
        def test_n_zero(self):
            self.assertEqual(find_solution(3, 5, 0), (0, 0))
    
        def test_negative_n(self):
            self.assertEqual(find_solution(3, 5, -11), None)
    
        def test_large_values(self):
            self.assertEqual(find_solution(1000000, 500000, 1500000000), (1000, 1000))
    
        def test_negative_a(self):
            self.assertEqual(find_solution(-3, 5, 11), (-2, 1))
    
        def test_negative_b(self):
            self.assertEqual(find_solution(3, -5, 11), (2, -1))
    
        def test_a_equals_b(self):
            self.assertEqual(find_solution(5, 5, 10), (2, 0))
    
        def test_a_greater_than_n(self):
            self.assertEqual(find_solution(10, 2, 5), None)
    
        def test_b_greater_than_n(self):
            self.assertEqual(find_solution(2, 10, 5), None)
    
        def test_floating_point_inputs(self):
            self.assertEqual(find_solution(3.5, 5, 11), None)
    


program_085 (assert errors):
    FAILED: test_a_equals_b
        Traceback (most recent call last):
          File "C:\Users\skaspers\OneDrive - Capgemini\Documents\Prompted Testsuite Analysis\datasets\GPT_4\Chain_of_thought\tests\test_085.py", line 33, in test_a_equals_b
            self.assertEqual(find_solution(5, 5, 10), (2, 0))
        AssertionError: Tuples differ: (0, 2) != (2, 0)
        
        First differing element 0:
        0
        2
        
        - (0, 2)
        + (2, 0)
        
    FAILED: test_large_values
        Traceback (most recent call last):
          File "C:\Users\skaspers\OneDrive - Capgemini\Documents\Prompted Testsuite Analysis\datasets\GPT_4\Chain_of_thought\tests\test_085.py", line 24, in test_large_values
            self.assertEqual(find_solution(1000000, 500000, 1500000000), (1000, 1000))
        AssertionError: Tuples differ: (0, 3000) != (1000, 1000)
        
        First differing element 0:
        0
        1000
        
        - (0, 3000)
        ?     ^
        
        + (1000, 1000)
        ?  +++   ^
        
        
    FAILED: test_negative_a
        Traceback (most recent call last):
          File "C:\Users\skaspers\OneDrive - Capgemini\Documents\Prompted Testsuite Analysis\datasets\GPT_4\Chain_of_thought\tests\test_085.py", line 27, in test_negative_a
            self.assertEqual(find_solution(-3, 5, 11), (-2, 1))
        AssertionError: Tuples differ: (3, 4) != (-2, 1)
        
        First differing element 0:
        3
        -2
        
        - (3, 4)
        + (-2, 1)
        
    FAILED: test_b_zero
        Traceback (most recent call last):
          File "C:\Users\skaspers\OneDrive - Capgemini\Documents\Prompted Testsuite Analysis\datasets\GPT_4\Chain_of_thought\tests\test_085.py", line 15, in test_b_zero
            self.assertEqual(find_solution(4, 0, 8), (2, 0))
          File "C:\Users\skaspers\OneDrive - Capgemini\Documents\Prompted Testsuite Analysis\datasets\GPT_4\Chain_of_thought\programs\program_085.py", line 4, in find_solution
            if (n - (i * a)) % b == 0:
        ZeroDivisionError: integer division or modulo by zero
        

program_086 (source):
    def remove_elements(list1, list2):
        result = [x for x in list1 if x not in list2]
        return result
program_086 (failed test code):
        def test_different_data_types(self):
            self.assertEqual(remove_elements([1, '2', 3.0], ['2', 3]), [1, 3.0])
    
        def test_large_lists(self):
            list1 = list(range(10000))
            list2 = list(range(5000, 15000))
            expected = list(range(5000))
            self.assertEqual(remove_elements(list1, list2), expected)
    
        def test_sublist_relationship(self):
            self.assertEqual(remove_elements([1, 2], [1, 2, 3, 4]), [])
    


program_086 (assert errors):
    FAILED: test_different_data_types
        Traceback (most recent call last):
          File "C:\Users\skaspers\OneDrive - Capgemini\Documents\Prompted Testsuite Analysis\datasets\GPT_4\Chain_of_thought\tests\test_086.py", line 27, in test_different_data_types
            self.assertEqual(remove_elements([1, '2', 3.0], ['2', 3]), [1, 3.0])
        AssertionError: Lists differ: [1] != [1, 3.0]
        
        Second list contains 1 additional elements.
        First extra element 1:
        3.0
        
        - [1]
        + [1, 3.0]
        

program_087 (source):
    def sum_series(n):
      if n < 1:
        return 0
      else:
        return n + sum_series(n - 2)
program_087 (failed test code):
        def test_floating_point_n(self):
            with self.assertRaises(TypeError):
                sum_series(7.5)
    
        def test_non_integer_n(self):
            with self.assertRaises(TypeError):
                sum_series('10')
    
        def test_n_equals_3(self):
            self.assertEqual(sum_series(3), 4)
    


program_087 (assert errors):
    FAILED: test_floating_point_n
        Traceback (most recent call last):
          File "C:\Users\skaspers\OneDrive - Capgemini\Documents\Prompted Testsuite Analysis\datasets\GPT_4\Chain_of_thought\tests\test_087.py", line 28, in test_floating_point_n
            sum_series(7.5)
        AssertionError: TypeError not raised
        

program_088 (source):
    from math import tan, pi
    def area_polygon(s, l):
      area = s * (l ** 2) / (4 * tan(pi / s))
      return area
program_088 (failed test code):
        def test_floating_point_inputs(self):
            self.assertAlmostEqual(area_polygon(6.5, 10.5), 284.3015, places=4)
    
        def test_very_small_side_length(self):
            self.assertAlmostEqual(area_polygon(6, 0.001), 0.0000002598, places=10)
    
        def test_string_input_for_sides(self):
            with self.assertRaises(TypeError):
                area_polygon('6', 10)
    
        def test_non_integer_sides(self):
            with self.assertRaises(ValueError):
                area_polygon(3.5, 10)
    

        def test_large_number_of_sides(self):
            self.assertAlmostEqual(area_polygon(1000, 10), 79577.2087, places=4)
    
        def test_zero_side_length(self):
            self.assertEqual(area_polygon(6, 0), 0)
    
        def test_negative_side_length(self):
            with self.assertRaises(ValueError):
                area_polygon(6, -10)
    
        def test_negative_number_of_sides(self):
            with self.assertRaises(ValueError):
                area_polygon(-6, 10)
    
        def test_floating_point_inputs(self):
            self.assertAlmostEqual(area_polygon(6.5, 10.5), 284.3015, places=4)
    
        def test_very_small_side_length(self):
            self.assertAlmostEqual(area_polygon(6, 0.001), 0.0000002598, places=10)
    
        def test_string_input_for_sides(self):
            with self.assertRaises(TypeError):
                area_polygon('6', 10)
    
        def test_non_integer_sides(self):
            with self.assertRaises(ValueError):
                area_polygon(3.5, 10)
    

        def test_negative_number_of_sides(self):
            with self.assertRaises(ValueError):
                area_polygon(-6, 10)
    
        def test_floating_point_inputs(self):
            self.assertAlmostEqual(area_polygon(6.5, 10.5), 284.3015, places=4)
    
        def test_very_small_side_length(self):
            self.assertAlmostEqual(area_polygon(6, 0.001), 0.0000002598, places=10)
    
        def test_string_input_for_sides(self):
            with self.assertRaises(TypeError):
                area_polygon('6', 10)
    
        def test_non_integer_sides(self):
            with self.assertRaises(ValueError):
                area_polygon(3.5, 10)
    

        def test_negative_side_length(self):
            with self.assertRaises(ValueError):
                area_polygon(6, -10)
    
        def test_negative_number_of_sides(self):
            with self.assertRaises(ValueError):
                area_polygon(-6, 10)
    
        def test_floating_point_inputs(self):
            self.assertAlmostEqual(area_polygon(6.5, 10.5), 284.3015, places=4)
    
        def test_very_small_side_length(self):
            self.assertAlmostEqual(area_polygon(6, 0.001), 0.0000002598, places=10)
    
        def test_string_input_for_sides(self):
            with self.assertRaises(TypeError):
                area_polygon('6', 10)
    
        def test_non_integer_sides(self):
            with self.assertRaises(ValueError):
                area_polygon(3.5, 10)
    

        def test_non_integer_sides(self):
            with self.assertRaises(ValueError):
                area_polygon(3.5, 10)
    

        def test_very_small_side_length(self):
            self.assertAlmostEqual(area_polygon(6, 0.001), 0.0000002598, places=10)
    
        def test_string_input_for_sides(self):
            with self.assertRaises(TypeError):
                area_polygon('6', 10)
    
        def test_non_integer_sides(self):
            with self.assertRaises(ValueError):
                area_polygon(3.5, 10)
    


program_088 (assert errors):
    FAILED: test_floating_point_inputs
        Traceback (most recent call last):
          File "C:\Users\skaspers\OneDrive - Capgemini\Documents\Prompted Testsuite Analysis\datasets\GPT_4\Chain_of_thought\tests\test_088.py", line 26, in test_floating_point_inputs
            self.assertAlmostEqual(area_polygon(6.5, 10.5), 284.3015, places=4)
        AssertionError: 341.3537147250156 != 284.3015 within 4 places (57.05221472501563 difference)
        
    FAILED: test_large_number_of_sides
        Traceback (most recent call last):
          File "C:\Users\skaspers\OneDrive - Capgemini\Documents\Prompted Testsuite Analysis\datasets\GPT_4\Chain_of_thought\tests\test_088.py", line 12, in test_large_number_of_sides
            self.assertAlmostEqual(area_polygon(1000, 10), 79577.2087, places=4)
        AssertionError: 7957720.974638761 != 79577.2087 within 4 places (7878143.765938761 difference)
        
    FAILED: test_negative_number_of_sides
        Traceback (most recent call last):
          File "C:\Users\skaspers\OneDrive - Capgemini\Documents\Prompted Testsuite Analysis\datasets\GPT_4\Chain_of_thought\tests\test_088.py", line 23, in test_negative_number_of_sides
            area_polygon(-6, 10)
        AssertionError: ValueError not raised
        
    FAILED: test_negative_side_length
        Traceback (most recent call last):
          File "C:\Users\skaspers\OneDrive - Capgemini\Documents\Prompted Testsuite Analysis\datasets\GPT_4\Chain_of_thought\tests\test_088.py", line 19, in test_negative_side_length
            area_polygon(6, -10)
        AssertionError: ValueError not raised
        
    FAILED: test_non_integer_sides
        Traceback (most recent call last):
          File "C:\Users\skaspers\OneDrive - Capgemini\Documents\Prompted Testsuite Analysis\datasets\GPT_4\Chain_of_thought\tests\test_088.py", line 37, in test_non_integer_sides
            area_polygon(3.5, 10)
        AssertionError: ValueError not raised
        
    FAILED: test_very_small_side_length
        Traceback (most recent call last):
          File "C:\Users\skaspers\OneDrive - Capgemini\Documents\Prompted Testsuite Analysis\datasets\GPT_4\Chain_of_thought\tests\test_088.py", line 29, in test_very_small_side_length
            self.assertAlmostEqual(area_polygon(6, 0.001), 0.0000002598, places=10)
        AssertionError: 2.598076211353316e-06 != 2.598e-07 within 10 places (2.338276211353316e-06 difference)
        

program_089 (source):
    import math 
    def div_sum(n): 
      total = 1
      i = 2
    
      while i * i <= n:
        if (n % i == 0):
          total = (total + i + math.floor(n / i))
        i += 1
    
      return total
    
    def are_equivalent(num1, num2): 
        return div_sum(num1) == div_sum(num2);
program_089 (failed test code):
        def test_prime_numbers(self):
            self.assertFalse(are_equivalent(7, 11))
    
        def test_one_as_input(self):
            self.assertFalse(are_equivalent(1, 6))
    
        def test_same_numbers(self):
            self.assertTrue(are_equivalent(12, 12))
    
        def test_zero_as_input(self):
            self.assertFalse(are_equivalent(0, 6))
    
        def test_negative_numbers(self):
            self.assertFalse(are_equivalent(-6, 6))
    
        def test_small_composite_numbers(self):
            self.assertFalse(are_equivalent(4, 6))
    
        def test_large_numbers(self):
            self.assertFalse(are_equivalent(1000000, 999999))
    
        def test_perfect_numbers(self):
            self.assertTrue(are_equivalent(28, 28))
    

        def test_typical_case(self):
            self.assertTrue(are_equivalent(6, 28))
    
        def test_different_sums(self):
            self.assertFalse(are_equivalent(6, 12))
    
        def test_prime_numbers(self):
            self.assertFalse(are_equivalent(7, 11))
    
        def test_one_as_input(self):
            self.assertFalse(are_equivalent(1, 6))
    
        def test_same_numbers(self):
            self.assertTrue(are_equivalent(12, 12))
    
        def test_zero_as_input(self):
            self.assertFalse(are_equivalent(0, 6))
    
        def test_negative_numbers(self):
            self.assertFalse(are_equivalent(-6, 6))
    
        def test_small_composite_numbers(self):
            self.assertFalse(are_equivalent(4, 6))
    
        def test_large_numbers(self):
            self.assertFalse(are_equivalent(1000000, 999999))
    
        def test_perfect_numbers(self):
            self.assertTrue(are_equivalent(28, 28))
    


program_089 (assert errors):
    FAILED: test_prime_numbers
        Traceback (most recent call last):
          File "C:\Users\skaspers\OneDrive - Capgemini\Documents\Prompted Testsuite Analysis\datasets\GPT_4\Chain_of_thought\tests\test_089.py", line 12, in test_prime_numbers
            self.assertFalse(are_equivalent(7, 11))
        AssertionError: True is not false
        
    FAILED: test_typical_case
        Traceback (most recent call last):
          File "C:\Users\skaspers\OneDrive - Capgemini\Documents\Prompted Testsuite Analysis\datasets\GPT_4\Chain_of_thought\tests\test_089.py", line 6, in test_typical_case
            self.assertTrue(are_equivalent(6, 28))
        AssertionError: False is not true
        

program_090 (source):
    def count_char_position(str1): 
        count_chars = 0
        for i in range(len(str1)):
            if ((i == ord(str1[i]) - ord('A')) or 
                (i == ord(str1[i]) - ord('a'))): 
                count_chars += 1
        return count_chars
program_090 (failed test code):
        def test_long_string(self):
            long_string = 'abcdefghijklmnopqrstuvwxyz' * 1000
            self.assertEqual(count_char_position(long_string), 26000)
    
        def test_repeated_chars(self):
            self.assertEqual(count_char_position('aaa'), 1)
    


program_090 (assert errors):
    FAILED: test_long_string
        Traceback (most recent call last):
          File "C:\Users\skaspers\OneDrive - Capgemini\Documents\Prompted Testsuite Analysis\datasets\GPT_4\Chain_of_thought\tests\test_090.py", line 31, in test_long_string
            self.assertEqual(count_char_position(long_string), 26000)
        AssertionError: 26 != 26000
        

program_091 (source):
    def find_even_pair(A): 
      count = 0
      for i in range(0, len(A)): 
        for j in range(i+1, len(A)): 
            if ((A[i] ^ A[j]) % 2 == 0): 
              count += 1
    
      return count
program_091 (failed test code):
        def test_duplicate_numbers(self):
            self.assertEqual(find_even_pair([1, 2, 2, 1]), 4)
    
        def test_negative_numbers(self):
            self.assertEqual(find_even_pair([-2, -4, -3, -1]), 3)
    
        def test_large_list(self):
            large_list = list(range(1000))
            self.assertEqual(find_even_pair(large_list), 124750)
    
        def test_list_with_zero(self):
            self.assertEqual(find_even_pair([0, 1, 2, 3]), 2)
    

        def test_large_list(self):
            large_list = list(range(1000))
            self.assertEqual(find_even_pair(large_list), 124750)
    
        def test_list_with_zero(self):
            self.assertEqual(find_even_pair([0, 1, 2, 3]), 2)
    

        def test_mixed_even_odd_numbers(self):
            self.assertEqual(find_even_pair([2, 3, 4, 5, 6]), 3)
    
        def test_duplicate_numbers(self):
            self.assertEqual(find_even_pair([1, 2, 2, 1]), 4)
    
        def test_negative_numbers(self):
            self.assertEqual(find_even_pair([-2, -4, -3, -1]), 3)
    
        def test_large_list(self):
            large_list = list(range(1000))
            self.assertEqual(find_even_pair(large_list), 124750)
    
        def test_list_with_zero(self):
            self.assertEqual(find_even_pair([0, 1, 2, 3]), 2)
    

        def test_negative_numbers(self):
            self.assertEqual(find_even_pair([-2, -4, -3, -1]), 3)
    
        def test_large_list(self):
            large_list = list(range(1000))
            self.assertEqual(find_even_pair(large_list), 124750)
    
        def test_list_with_zero(self):
            self.assertEqual(find_even_pair([0, 1, 2, 3]), 2)
    


program_091 (assert errors):
    FAILED: test_duplicate_numbers
        Traceback (most recent call last):
          File "C:\Users\skaspers\OneDrive - Capgemini\Documents\Prompted Testsuite Analysis\datasets\GPT_4\Chain_of_thought\tests\test_091.py", line 24, in test_duplicate_numbers
            self.assertEqual(find_even_pair([1, 2, 2, 1]), 4)
        AssertionError: 2 != 4
        
    FAILED: test_large_list
        Traceback (most recent call last):
          File "C:\Users\skaspers\OneDrive - Capgemini\Documents\Prompted Testsuite Analysis\datasets\GPT_4\Chain_of_thought\tests\test_091.py", line 31, in test_large_list
            self.assertEqual(find_even_pair(large_list), 124750)
        AssertionError: 249500 != 124750
        
    FAILED: test_mixed_even_odd_numbers
        Traceback (most recent call last):
          File "C:\Users\skaspers\OneDrive - Capgemini\Documents\Prompted Testsuite Analysis\datasets\GPT_4\Chain_of_thought\tests\test_091.py", line 21, in test_mixed_even_odd_numbers
            self.assertEqual(find_even_pair([2, 3, 4, 5, 6]), 3)
        AssertionError: 4 != 3
        
    FAILED: test_negative_numbers
        Traceback (most recent call last):
          File "C:\Users\skaspers\OneDrive - Capgemini\Documents\Prompted Testsuite Analysis\datasets\GPT_4\Chain_of_thought\tests\test_091.py", line 27, in test_negative_numbers
            self.assertEqual(find_even_pair([-2, -4, -3, -1]), 3)
        AssertionError: 2 != 3
        

program_092 (source):
    def next_power_of_2(n): 
      if n and not n & (n - 1):
        return n
    
      count = 0
      while n != 0: 
        n >>= 1
        count += 1
    
      return 1 << count;
program_092 (failed test code):
        def test_negative_input(self):
            self.fail("Negative input not supported by implementation; test would hang.") #    with self.assertRaises(ValueError):
            #        next_power_of_2(-5)
    
        def test_large_input(self):
            self.assertEqual(next_power_of_2(123456789), 134217728)
    
        def test_one_less_than_power_of_2(self):
            self.assertEqual(next_power_of_2(15), 16)
    
        def test_one_more_than_power_of_2(self):
            self.assertEqual(next_power_of_2(17), 32)
    
        def test_floating_point_input(self):
            with self.assertRaises(TypeError):
                next_power_of_2(15.5)
    
        def test_max_integer(self):
            self.assertEqual(next_power_of_2(2**31 - 1), 2**31)
    


program_092 (assert errors):
    FAILED: test_negative_input
        Traceback (most recent call last):
          File "C:\Users\skaspers\OneDrive - Capgemini\Documents\Prompted Testsuite Analysis\datasets\GPT_4\Chain_of_thought\tests\test_092.py", line 18, in test_negative_input
            self.fail("Negative input not supported by implementation; test would hang.") #    with self.assertRaises(ValueError):
        AssertionError: Negative input not supported by implementation; test would hang.
        

program_094 (source):
    def sum_range_list(list1, m, n):                                                                                                                                                                                                
        sum_range = 0                                                                                                                                                                                                         
        for i in range(m, n+1, 1):                                                                                                                                                                                        
            sum_range += list1[i]                                                                                                                                                                                                  
        return sum_range
program_094 (failed test code):
        def test_m_greater_than_n(self):
            with self.assertRaises(ValueError):
                sum_range_list([10, 20, 30], 3, 1)
    
        def test_negative_indices(self):
            self.assertEqual(sum_range_list([1, 2, 3, 4, 5], -3, -1), 12)
    
        def test_out_of_bounds_indices(self):
            with self.assertRaises(IndexError):
                sum_range_list([10, 20, 30], 1, 5)
    
        def test_non_integer_elements(self):
            self.assertEqual(sum_range_list([1.5, 2.5, 3.5], 0, 2), 7.5)
    
        def test_large_list_and_range(self):
            large_list = list(range(1000))
            self.assertEqual(sum_range_list(large_list, 100, 900), sum(range(100, 901)))
    


program_094 (assert errors):
    FAILED: test_m_greater_than_n
        Traceback (most recent call last):
          File "C:\Users\skaspers\OneDrive - Capgemini\Documents\Prompted Testsuite Analysis\datasets\GPT_4\Chain_of_thought\tests\test_094.py", line 23, in test_m_greater_than_n
            sum_range_list([10, 20, 30], 3, 1)
        AssertionError: ValueError not raised
        

program_095 (source):
    import math
    def perimeter_pentagon(a):
      perimeter=(5*a)
      return perimeter
program_095 (failed test code):
        def test_list_input(self):
            with self.assertRaises(TypeError):
                perimeter_pentagon([5])
    
        def test_mixed_data_type(self):
            with self.assertRaises(TypeError):
                perimeter_pentagon({5})
    

        def test_negative_length(self):
            with self.assertRaises(ValueError):
                perimeter_pentagon(-5)
    
        def test_floating_point_length(self):
            self.assertEqual(perimeter_pentagon(5.5), 27.5)
    
        def test_very_small_length(self):
            self.assertEqual(perimeter_pentagon(0.0001), 0.0005)
    
        def test_very_large_length(self):
            self.assertEqual(perimeter_pentagon(1e6), 5e6)
    
        def test_string_input(self):
            with self.assertRaises(TypeError):
                perimeter_pentagon('5')
    
        def test_none_input(self):
            with self.assertRaises(TypeError):
                perimeter_pentagon(None)
    
        def test_list_input(self):
            with self.assertRaises(TypeError):
                perimeter_pentagon([5])
    
        def test_mixed_data_type(self):
            with self.assertRaises(TypeError):
                perimeter_pentagon({5})
    

        def test_string_input(self):
            with self.assertRaises(TypeError):
                perimeter_pentagon('5')
    
        def test_none_input(self):
            with self.assertRaises(TypeError):
                perimeter_pentagon(None)
    
        def test_list_input(self):
            with self.assertRaises(TypeError):
                perimeter_pentagon([5])
    
        def test_mixed_data_type(self):
            with self.assertRaises(TypeError):
                perimeter_pentagon({5})
    


program_095 (assert errors):
    FAILED: test_list_input
        Traceback (most recent call last):
          File "C:\Users\skaspers\OneDrive - Capgemini\Documents\Prompted Testsuite Analysis\datasets\GPT_4\Chain_of_thought\tests\test_095.py", line 34, in test_list_input
            perimeter_pentagon([5])
        AssertionError: TypeError not raised
        
    FAILED: test_negative_length
        Traceback (most recent call last):
          File "C:\Users\skaspers\OneDrive - Capgemini\Documents\Prompted Testsuite Analysis\datasets\GPT_4\Chain_of_thought\tests\test_095.py", line 13, in test_negative_length
            perimeter_pentagon(-5)
        AssertionError: ValueError not raised
        
    FAILED: test_string_input
        Traceback (most recent call last):
          File "C:\Users\skaspers\OneDrive - Capgemini\Documents\Prompted Testsuite Analysis\datasets\GPT_4\Chain_of_thought\tests\test_095.py", line 26, in test_string_input
            perimeter_pentagon('5')
        AssertionError: TypeError not raised
        

program_099 (source):
    def count_Set_Bits(n): 
        count = 0
        while (n): 
            count += n & 1
            n >>= 1
        return count
program_099 (failed test code):
        def test_all_bits_set(self):
            self.fail("Negative input not supported by implementation; test would hang.") #    self.assertEqual(count_Set_Bits(-1), 32)
    
        def test_negative_number(self):
            self.fail("Negative input not supported by implementation; test would hang.") #    self.assertEqual(count_Set_Bits(-5), 31)
    
        def test_max_integer(self):
            max_int = (2 ** 31) - 1
            self.assertEqual(count_Set_Bits(max_int), 31)
    
        def test_min_integer(self):
            self.fail("Negative input not supported by implementation; test would hang.") #    min_int = -(2 ** 31)
            #    self.assertEqual(count_Set_Bits(min_int), 1)
    
        def test_large_number(self):
            large_number = 2 ** 100
            self.assertEqual(count_Set_Bits(large_number), 1)
    
        def test_small_numbers(self):
            self.assertEqual(count_Set_Bits(1), 1)
            self.assertEqual(count_Set_Bits(2), 1)
            self.assertEqual(count_Set_Bits(3), 2)
    
        def test_floating_point_input(self):
            with self.assertRaises(TypeError):
                count_Set_Bits(3.5)
    

        def test_min_integer(self):
            self.fail("Negative input not supported by implementation; test would hang.") #    min_int = -(2 ** 31)
            #    self.assertEqual(count_Set_Bits(min_int), 1)
    
        def test_large_number(self):
            large_number = 2 ** 100
            self.assertEqual(count_Set_Bits(large_number), 1)
    
        def test_small_numbers(self):
            self.assertEqual(count_Set_Bits(1), 1)
            self.assertEqual(count_Set_Bits(2), 1)
            self.assertEqual(count_Set_Bits(3), 2)
    
        def test_floating_point_input(self):
            with self.assertRaises(TypeError):
                count_Set_Bits(3.5)
    

        def test_negative_number(self):
            self.fail("Negative input not supported by implementation; test would hang.") #    self.assertEqual(count_Set_Bits(-5), 31)
    
        def test_max_integer(self):
            max_int = (2 ** 31) - 1
            self.assertEqual(count_Set_Bits(max_int), 31)
    
        def test_min_integer(self):
            self.fail("Negative input not supported by implementation; test would hang.") #    min_int = -(2 ** 31)
            #    self.assertEqual(count_Set_Bits(min_int), 1)
    
        def test_large_number(self):
            large_number = 2 ** 100
            self.assertEqual(count_Set_Bits(large_number), 1)
    
        def test_small_numbers(self):
            self.assertEqual(count_Set_Bits(1), 1)
            self.assertEqual(count_Set_Bits(2), 1)
            self.assertEqual(count_Set_Bits(3), 2)
    
        def test_floating_point_input(self):
            with self.assertRaises(TypeError):
                count_Set_Bits(3.5)
    


program_099 (assert errors):
    FAILED: test_all_bits_set
        Traceback (most recent call last):
          File "C:\Users\skaspers\OneDrive - Capgemini\Documents\Prompted Testsuite Analysis\datasets\GPT_4\Chain_of_thought\tests\test_099.py", line 15, in test_all_bits_set
            self.fail("Negative input not supported by implementation; test would hang.") #    self.assertEqual(count_Set_Bits(-1), 32)
        AssertionError: Negative input not supported by implementation; test would hang.
        
    FAILED: test_min_integer
        Traceback (most recent call last):
          File "C:\Users\skaspers\OneDrive - Capgemini\Documents\Prompted Testsuite Analysis\datasets\GPT_4\Chain_of_thought\tests\test_099.py", line 25, in test_min_integer
            self.fail("Negative input not supported by implementation; test would hang.") #    min_int = -(2 ** 31)
        AssertionError: Negative input not supported by implementation; test would hang.
        
    FAILED: test_negative_number
        Traceback (most recent call last):
          File "C:\Users\skaspers\OneDrive - Capgemini\Documents\Prompted Testsuite Analysis\datasets\GPT_4\Chain_of_thought\tests\test_099.py", line 18, in test_negative_number
            self.fail("Negative input not supported by implementation; test would hang.") #    self.assertEqual(count_Set_Bits(-5), 31)
        AssertionError: Negative input not supported by implementation; test would hang.
        

program_100 (source):
    def odd_values_string(str):
      result = "" 
      for i in range(len(str)):
        if i % 2 == 0:
          result = result + str[i]
      return result
program_100 (failed test code):
        def test_even_indices(self):
            self.assertEqual(odd_values_string('aceg'), 'aceg')
    
        def test_odd_indices(self):
            self.assertEqual(odd_values_string('bdfh'), 'bdh')
    
        def test_empty_string(self):
            self.assertEqual(odd_values_string(''), '')
    
        def test_special_characters(self):
            self.assertEqual(odd_values_string('a!b@c#d$'), 'a@#$')
    
        def test_mixed_case(self):
            self.assertEqual(odd_values_string('AbCdEf'), 'ACE')
    
        def test_string_with_numbers(self):
            self.assertEqual(odd_values_string('a1b2c3d4'), 'abcd')
    
        def test_very_long_string(self):
            long_string = 'a' * 1000 + 'b' * 1000
            self.assertEqual(odd_values_string(long_string), 'a' * 1000)
    

        def test_odd_indices(self):
            self.assertEqual(odd_values_string('bdfh'), 'bdh')
    
        def test_empty_string(self):
            self.assertEqual(odd_values_string(''), '')
    
        def test_special_characters(self):
            self.assertEqual(odd_values_string('a!b@c#d$'), 'a@#$')
    
        def test_mixed_case(self):
            self.assertEqual(odd_values_string('AbCdEf'), 'ACE')
    
        def test_string_with_numbers(self):
            self.assertEqual(odd_values_string('a1b2c3d4'), 'abcd')
    
        def test_very_long_string(self):
            long_string = 'a' * 1000 + 'b' * 1000
            self.assertEqual(odd_values_string(long_string), 'a' * 1000)
    

        def test_special_characters(self):
            self.assertEqual(odd_values_string('a!b@c#d$'), 'a@#$')
    
        def test_mixed_case(self):
            self.assertEqual(odd_values_string('AbCdEf'), 'ACE')
    
        def test_string_with_numbers(self):
            self.assertEqual(odd_values_string('a1b2c3d4'), 'abcd')
    
        def test_very_long_string(self):
            long_string = 'a' * 1000 + 'b' * 1000
            self.assertEqual(odd_values_string(long_string), 'a' * 1000)
    

        def test_very_long_string(self):
            long_string = 'a' * 1000 + 'b' * 1000
            self.assertEqual(odd_values_string(long_string), 'a' * 1000)
    


program_100 (assert errors):
    FAILED: test_even_indices
        Traceback (most recent call last):
          File "C:\Users\skaspers\OneDrive - Capgemini\Documents\Prompted Testsuite Analysis\datasets\GPT_4\Chain_of_thought\tests\test_100.py", line 15, in test_even_indices
            self.assertEqual(odd_values_string('aceg'), 'aceg')
        AssertionError: 'ae' != 'aceg'
        - ae
        + aceg
        ?  + +
        
        
    FAILED: test_odd_indices
        Traceback (most recent call last):
          File "C:\Users\skaspers\OneDrive - Capgemini\Documents\Prompted Testsuite Analysis\datasets\GPT_4\Chain_of_thought\tests\test_100.py", line 18, in test_odd_indices
            self.assertEqual(odd_values_string('bdfh'), 'bdh')
        AssertionError: 'bf' != 'bdh'
        - bf
        + bdh
        
        
    FAILED: test_special_characters
        Traceback (most recent call last):
          File "C:\Users\skaspers\OneDrive - Capgemini\Documents\Prompted Testsuite Analysis\datasets\GPT_4\Chain_of_thought\tests\test_100.py", line 24, in test_special_characters
            self.assertEqual(odd_values_string('a!b@c#d$'), 'a@#$')
        AssertionError: 'abcd' != 'a@#$'
        - abcd
        + a@#$
        
        
    FAILED: test_very_long_string
        Traceback (most recent call last):
          File "C:\Users\skaspers\OneDrive - Capgemini\Documents\Prompted Testsuite Analysis\datasets\GPT_4\Chain_of_thought\tests\test_100.py", line 34, in test_very_long_string
            self.assertEqual(odd_values_string(long_string), 'a' * 1000)
        AssertionError: 'aaaa[491 chars]aaaaabbbbbbbbbbbbbbbbbbbbbbbbbbbbbbbbbbbbbbbbb[455 chars]bbbb' != 'aaaa[491 chars]aaaaaaaaaaaaaaaaaaaaaaaaaaaaaaaaaaaaaaaaaaaaaa[455 chars]aaaa'
        Diff is 2007 characters long. Set self.maxDiff to None to see it.
        

